[2.702s] Invoking command in '/home/samir/Documents/learning/ros2_ws/build/examples_rclpy_minimal_client': PYTHONPATH=/home/samir/Documents/learning/ros2_ws/build/examples_rclpy_minimal_client/prefix_override:/home/samir/Documents/learning/ros2_ws/install/examples_rclpy_minimal_client/lib/python3.10/site-packages:${PYTHONPATH} /usr/bin/python3 setup.py develop --uninstall --editable --build-directory /home/samir/Documents/learning/ros2_ws/build/examples_rclpy_minimal_client/build
[2.911s] running develop
[2.911s] /usr/lib/python3/dist-packages/setuptools/command/easy_install.py:158: EasyInstallDeprecationWarning: easy_install command is deprecated. Use build and pip and other standards-based tools.
[2.911s]   warnings.warn(
[2.912s] /usr/lib/python3/dist-packages/setuptools/command/install.py:34: SetuptoolsDeprecationWarning: setup.py install is deprecated. Use build and pip and other standards-based tools.
[2.912s]   warnings.warn(
[3.049s] Removing /home/samir/Documents/learning/ros2_ws/install/examples_rclpy_minimal_client/lib/python3.10/site-packages/examples-rclpy-minimal-client.egg-link (link to .)
[3.086s] Invoked command in '/home/samir/Documents/learning/ros2_ws/build/examples_rclpy_minimal_client' returned '0': PYTHONPATH=/home/samir/Documents/learning/ros2_ws/build/examples_rclpy_minimal_client/prefix_override:/home/samir/Documents/learning/ros2_ws/install/examples_rclpy_minimal_client/lib/python3.10/site-packages:${PYTHONPATH} /usr/bin/python3 setup.py develop --uninstall --editable --build-directory /home/samir/Documents/learning/ros2_ws/build/examples_rclpy_minimal_client/build
[3.088s] Invoking command in '/home/samir/Documents/learning/ros2_ws/src/examples/rclpy/services/minimal_client': PYTHONPATH=/home/samir/Documents/learning/ros2_ws/build/examples_rclpy_minimal_client/prefix_override:/home/samir/Documents/learning/ros2_ws/install/examples_rclpy_minimal_client/lib/python3.10/site-packages:${PYTHONPATH} /usr/bin/python3 setup.py egg_info --egg-base ../../../../../build/examples_rclpy_minimal_client build --build-base /home/samir/Documents/learning/ros2_ws/build/examples_rclpy_minimal_client/build install --record /home/samir/Documents/learning/ros2_ws/build/examples_rclpy_minimal_client/install.log --single-version-externally-managed
[3.311s] running egg_info
[3.313s] writing ../../../../../build/examples_rclpy_minimal_client/examples_rclpy_minimal_client.egg-info/PKG-INFO
[3.313s] writing dependency_links to ../../../../../build/examples_rclpy_minimal_client/examples_rclpy_minimal_client.egg-info/dependency_links.txt
[3.313s] writing entry points to ../../../../../build/examples_rclpy_minimal_client/examples_rclpy_minimal_client.egg-info/entry_points.txt
[3.313s] writing requirements to ../../../../../build/examples_rclpy_minimal_client/examples_rclpy_minimal_client.egg-info/requires.txt
[3.314s] writing top-level names to ../../../../../build/examples_rclpy_minimal_client/examples_rclpy_minimal_client.egg-info/top_level.txt
[3.316s] reading manifest file '../../../../../build/examples_rclpy_minimal_client/examples_rclpy_minimal_client.egg-info/SOURCES.txt'
[3.317s] writing manifest file '../../../../../build/examples_rclpy_minimal_client/examples_rclpy_minimal_client.egg-info/SOURCES.txt'
[3.317s] running build
[3.317s] running build_py
[3.318s] creating /home/samir/Documents/learning/ros2_ws/build/examples_rclpy_minimal_client/build
[3.318s] creating /home/samir/Documents/learning/ros2_ws/build/examples_rclpy_minimal_client/build/lib
[3.318s] creating /home/samir/Documents/learning/ros2_ws/build/examples_rclpy_minimal_client/build/lib/examples_rclpy_minimal_client
[3.318s] copying examples_rclpy_minimal_client/client_async_member_function.py -> /home/samir/Documents/learning/ros2_ws/build/examples_rclpy_minimal_client/build/lib/examples_rclpy_minimal_client
[3.318s] copying examples_rclpy_minimal_client/client_async_callback.py -> /home/samir/Documents/learning/ros2_ws/build/examples_rclpy_minimal_client/build/lib/examples_rclpy_minimal_client
[3.318s] copying examples_rclpy_minimal_client/client_async.py -> /home/samir/Documents/learning/ros2_ws/build/examples_rclpy_minimal_client/build/lib/examples_rclpy_minimal_client
[3.318s] copying examples_rclpy_minimal_client/__init__.py -> /home/samir/Documents/learning/ros2_ws/build/examples_rclpy_minimal_client/build/lib/examples_rclpy_minimal_client
[3.318s] copying examples_rclpy_minimal_client/client.py -> /home/samir/Documents/learning/ros2_ws/build/examples_rclpy_minimal_client/build/lib/examples_rclpy_minimal_client
[3.319s] running install
[3.319s] /usr/lib/python3/dist-packages/setuptools/command/install.py:34: SetuptoolsDeprecationWarning: setup.py install is deprecated. Use build and pip and other standards-based tools.
[3.319s]   warnings.warn(
[3.319s] running install_lib
[3.319s] creating /home/samir/Documents/learning/ros2_ws/install/examples_rclpy_minimal_client/lib/python3.10/site-packages/examples_rclpy_minimal_client
[3.319s] copying /home/samir/Documents/learning/ros2_ws/build/examples_rclpy_minimal_client/build/lib/examples_rclpy_minimal_client/client_async_member_function.py -> /home/samir/Documents/learning/ros2_ws/install/examples_rclpy_minimal_client/lib/python3.10/site-packages/examples_rclpy_minimal_client
[3.320s] copying /home/samir/Documents/learning/ros2_ws/build/examples_rclpy_minimal_client/build/lib/examples_rclpy_minimal_client/client_async_callback.py -> /home/samir/Documents/learning/ros2_ws/install/examples_rclpy_minimal_client/lib/python3.10/site-packages/examples_rclpy_minimal_client
[3.320s] copying /home/samir/Documents/learning/ros2_ws/build/examples_rclpy_minimal_client/build/lib/examples_rclpy_minimal_client/client_async.py -> /home/samir/Documents/learning/ros2_ws/install/examples_rclpy_minimal_client/lib/python3.10/site-packages/examples_rclpy_minimal_client
[3.320s] copying /home/samir/Documents/learning/ros2_ws/build/examples_rclpy_minimal_client/build/lib/examples_rclpy_minimal_client/__init__.py -> /home/samir/Documents/learning/ros2_ws/install/examples_rclpy_minimal_client/lib/python3.10/site-packages/examples_rclpy_minimal_client
[3.320s] copying /home/samir/Documents/learning/ros2_ws/build/examples_rclpy_minimal_client/build/lib/examples_rclpy_minimal_client/client.py -> /home/samir/Documents/learning/ros2_ws/install/examples_rclpy_minimal_client/lib/python3.10/site-packages/examples_rclpy_minimal_client
[3.320s] byte-compiling /home/samir/Documents/learning/ros2_ws/install/examples_rclpy_minimal_client/lib/python3.10/site-packages/examples_rclpy_minimal_client/client_async_member_function.py to client_async_member_function.cpython-310.pyc
[3.321s] byte-compiling /home/samir/Documents/learning/ros2_ws/install/examples_rclpy_minimal_client/lib/python3.10/site-packages/examples_rclpy_minimal_client/client_async_callback.py to client_async_callback.cpython-310.pyc
[3.321s] byte-compiling /home/samir/Documents/learning/ros2_ws/install/examples_rclpy_minimal_client/lib/python3.10/site-packages/examples_rclpy_minimal_client/client_async.py to client_async.cpython-310.pyc
[3.322s] byte-compiling /home/samir/Documents/learning/ros2_ws/install/examples_rclpy_minimal_client/lib/python3.10/site-packages/examples_rclpy_minimal_client/__init__.py to __init__.cpython-310.pyc
[3.322s] byte-compiling /home/samir/Documents/learning/ros2_ws/install/examples_rclpy_minimal_client/lib/python3.10/site-packages/examples_rclpy_minimal_client/client.py to client.cpython-310.pyc
[3.322s] running install_data
[3.323s] running install_egg_info
[3.325s] Copying ../../../../../build/examples_rclpy_minimal_client/examples_rclpy_minimal_client.egg-info to /home/samir/Documents/learning/ros2_ws/install/examples_rclpy_minimal_client/lib/python3.10/site-packages/examples_rclpy_minimal_client-0.15.1-py3.10.egg-info
[3.326s] running install_scripts
[3.348s] Installing client script to /home/samir/Documents/learning/ros2_ws/install/examples_rclpy_minimal_client/lib/examples_rclpy_minimal_client
[3.348s] Installing client_async script to /home/samir/Documents/learning/ros2_ws/install/examples_rclpy_minimal_client/lib/examples_rclpy_minimal_client
[3.348s] Installing client_async_callback script to /home/samir/Documents/learning/ros2_ws/install/examples_rclpy_minimal_client/lib/examples_rclpy_minimal_client
[3.348s] Installing client_async_member_function script to /home/samir/Documents/learning/ros2_ws/install/examples_rclpy_minimal_client/lib/examples_rclpy_minimal_client
[3.348s] writing list of installed files to '/home/samir/Documents/learning/ros2_ws/build/examples_rclpy_minimal_client/install.log'
[3.501s] Invoked command in '/home/samir/Documents/learning/ros2_ws/src/examples/rclpy/services/minimal_client' returned '0': PYTHONPATH=/home/samir/Documents/learning/ros2_ws/build/examples_rclpy_minimal_client/prefix_override:/home/samir/Documents/learning/ros2_ws/install/examples_rclpy_minimal_client/lib/python3.10/site-packages:${PYTHONPATH} /usr/bin/python3 setup.py egg_info --egg-base ../../../../../build/examples_rclpy_minimal_client build --build-base /home/samir/Documents/learning/ros2_ws/build/examples_rclpy_minimal_client/build install --record /home/samir/Documents/learning/ros2_ws/build/examples_rclpy_minimal_client/install.log --single-version-externally-managed
