[2.262s] Invoking command in '/home/samir/Documents/learning/ros2_ws/build/examples_rclpy_executors': PYTHONPATH=/home/samir/Documents/learning/ros2_ws/build/examples_rclpy_executors/prefix_override:/home/samir/Documents/learning/ros2_ws/install/examples_rclpy_executors/lib/python3.10/site-packages:${PYTHONPATH} /usr/bin/python3 setup.py develop --uninstall --editable --build-directory /home/samir/Documents/learning/ros2_ws/build/examples_rclpy_executors/build
[2.565s] /usr/lib/python3/dist-packages/setuptools/command/easy_install.py:158: EasyInstallDeprecationWarning: easy_install command is deprecated. Use build and pip and other standards-based tools.
[2.565s]   warnings.warn(
[2.566s] /usr/lib/python3/dist-packages/setuptools/command/install.py:34: SetuptoolsDeprecationWarning: setup.py install is deprecated. Use build and pip and other standards-based tools.
[2.566s]   warnings.warn(
[2.577s] running develop
[2.627s] Removing /home/samir/Documents/learning/ros2_ws/install/examples_rclpy_executors/lib/python3.10/site-packages/examples-rclpy-executors.egg-link (link to .)
[3.286s] Invoked command in '/home/samir/Documents/learning/ros2_ws/build/examples_rclpy_executors' returned '0': PYTHONPATH=/home/samir/Documents/learning/ros2_ws/build/examples_rclpy_executors/prefix_override:/home/samir/Documents/learning/ros2_ws/install/examples_rclpy_executors/lib/python3.10/site-packages:${PYTHONPATH} /usr/bin/python3 setup.py develop --uninstall --editable --build-directory /home/samir/Documents/learning/ros2_ws/build/examples_rclpy_executors/build
[3.286s] Invoking command in '/home/samir/Documents/learning/ros2_ws/src/examples/rclpy/executors': PYTHONPATH=/home/samir/Documents/learning/ros2_ws/build/examples_rclpy_executors/prefix_override:/home/samir/Documents/learning/ros2_ws/install/examples_rclpy_executors/lib/python3.10/site-packages:${PYTHONPATH} /usr/bin/python3 setup.py egg_info --egg-base ../../../../build/examples_rclpy_executors build --build-base /home/samir/Documents/learning/ros2_ws/build/examples_rclpy_executors/build install --record /home/samir/Documents/learning/ros2_ws/build/examples_rclpy_executors/install.log --single-version-externally-managed
[3.482s] running egg_info
[3.483s] writing ../../../../build/examples_rclpy_executors/examples_rclpy_executors.egg-info/PKG-INFO
[3.483s] writing dependency_links to ../../../../build/examples_rclpy_executors/examples_rclpy_executors.egg-info/dependency_links.txt
[3.483s] writing entry points to ../../../../build/examples_rclpy_executors/examples_rclpy_executors.egg-info/entry_points.txt
[3.483s] writing requirements to ../../../../build/examples_rclpy_executors/examples_rclpy_executors.egg-info/requires.txt
[3.483s] writing top-level names to ../../../../build/examples_rclpy_executors/examples_rclpy_executors.egg-info/top_level.txt
[3.485s] reading manifest file '../../../../build/examples_rclpy_executors/examples_rclpy_executors.egg-info/SOURCES.txt'
[3.486s] writing manifest file '../../../../build/examples_rclpy_executors/examples_rclpy_executors.egg-info/SOURCES.txt'
[3.486s] running build
[3.486s] running build_py
[3.486s] creating /home/samir/Documents/learning/ros2_ws/build/examples_rclpy_executors/build
[3.486s] creating /home/samir/Documents/learning/ros2_ws/build/examples_rclpy_executors/build/lib
[3.486s] creating /home/samir/Documents/learning/ros2_ws/build/examples_rclpy_executors/build/lib/examples_rclpy_executors
[3.487s] copying examples_rclpy_executors/listener.py -> /home/samir/Documents/learning/ros2_ws/build/examples_rclpy_executors/build/lib/examples_rclpy_executors
[3.487s] copying examples_rclpy_executors/custom_callback_group.py -> /home/samir/Documents/learning/ros2_ws/build/examples_rclpy_executors/build/lib/examples_rclpy_executors
[3.487s] copying examples_rclpy_executors/custom_executor.py -> /home/samir/Documents/learning/ros2_ws/build/examples_rclpy_executors/build/lib/examples_rclpy_executors
[3.487s] copying examples_rclpy_executors/__init__.py -> /home/samir/Documents/learning/ros2_ws/build/examples_rclpy_executors/build/lib/examples_rclpy_executors
[3.487s] copying examples_rclpy_executors/talker.py -> /home/samir/Documents/learning/ros2_ws/build/examples_rclpy_executors/build/lib/examples_rclpy_executors
[3.487s] copying examples_rclpy_executors/composed.py -> /home/samir/Documents/learning/ros2_ws/build/examples_rclpy_executors/build/lib/examples_rclpy_executors
[3.487s] copying examples_rclpy_executors/callback_group.py -> /home/samir/Documents/learning/ros2_ws/build/examples_rclpy_executors/build/lib/examples_rclpy_executors
[3.487s] running install
[3.487s] /usr/lib/python3/dist-packages/setuptools/command/install.py:34: SetuptoolsDeprecationWarning: setup.py install is deprecated. Use build and pip and other standards-based tools.
[3.487s]   warnings.warn(
[3.487s] running install_lib
[3.488s] creating /home/samir/Documents/learning/ros2_ws/install/examples_rclpy_executors/lib/python3.10/site-packages/examples_rclpy_executors
[3.488s] copying /home/samir/Documents/learning/ros2_ws/build/examples_rclpy_executors/build/lib/examples_rclpy_executors/listener.py -> /home/samir/Documents/learning/ros2_ws/install/examples_rclpy_executors/lib/python3.10/site-packages/examples_rclpy_executors
[3.488s] copying /home/samir/Documents/learning/ros2_ws/build/examples_rclpy_executors/build/lib/examples_rclpy_executors/custom_callback_group.py -> /home/samir/Documents/learning/ros2_ws/install/examples_rclpy_executors/lib/python3.10/site-packages/examples_rclpy_executors
[3.488s] copying /home/samir/Documents/learning/ros2_ws/build/examples_rclpy_executors/build/lib/examples_rclpy_executors/custom_executor.py -> /home/samir/Documents/learning/ros2_ws/install/examples_rclpy_executors/lib/python3.10/site-packages/examples_rclpy_executors
[3.488s] copying /home/samir/Documents/learning/ros2_ws/build/examples_rclpy_executors/build/lib/examples_rclpy_executors/__init__.py -> /home/samir/Documents/learning/ros2_ws/install/examples_rclpy_executors/lib/python3.10/site-packages/examples_rclpy_executors
[3.488s] copying /home/samir/Documents/learning/ros2_ws/build/examples_rclpy_executors/build/lib/examples_rclpy_executors/talker.py -> /home/samir/Documents/learning/ros2_ws/install/examples_rclpy_executors/lib/python3.10/site-packages/examples_rclpy_executors
[3.488s] copying /home/samir/Documents/learning/ros2_ws/build/examples_rclpy_executors/build/lib/examples_rclpy_executors/composed.py -> /home/samir/Documents/learning/ros2_ws/install/examples_rclpy_executors/lib/python3.10/site-packages/examples_rclpy_executors
[3.488s] copying /home/samir/Documents/learning/ros2_ws/build/examples_rclpy_executors/build/lib/examples_rclpy_executors/callback_group.py -> /home/samir/Documents/learning/ros2_ws/install/examples_rclpy_executors/lib/python3.10/site-packages/examples_rclpy_executors
[3.488s] byte-compiling /home/samir/Documents/learning/ros2_ws/install/examples_rclpy_executors/lib/python3.10/site-packages/examples_rclpy_executors/listener.py to listener.cpython-310.pyc
[3.489s] byte-compiling /home/samir/Documents/learning/ros2_ws/install/examples_rclpy_executors/lib/python3.10/site-packages/examples_rclpy_executors/custom_callback_group.py to custom_callback_group.cpython-310.pyc
[3.489s] byte-compiling /home/samir/Documents/learning/ros2_ws/install/examples_rclpy_executors/lib/python3.10/site-packages/examples_rclpy_executors/custom_executor.py to custom_executor.cpython-310.pyc
[3.490s] byte-compiling /home/samir/Documents/learning/ros2_ws/install/examples_rclpy_executors/lib/python3.10/site-packages/examples_rclpy_executors/__init__.py to __init__.cpython-310.pyc
[3.490s] byte-compiling /home/samir/Documents/learning/ros2_ws/install/examples_rclpy_executors/lib/python3.10/site-packages/examples_rclpy_executors/talker.py to talker.cpython-310.pyc
[3.490s] byte-compiling /home/samir/Documents/learning/ros2_ws/install/examples_rclpy_executors/lib/python3.10/site-packages/examples_rclpy_executors/composed.py to composed.cpython-310.pyc
[3.490s] byte-compiling /home/samir/Documents/learning/ros2_ws/install/examples_rclpy_executors/lib/python3.10/site-packages/examples_rclpy_executors/callback_group.py to callback_group.cpython-310.pyc
[3.491s] running install_data
[3.491s] running install_egg_info
[3.492s] Copying ../../../../build/examples_rclpy_executors/examples_rclpy_executors.egg-info to /home/samir/Documents/learning/ros2_ws/install/examples_rclpy_executors/lib/python3.10/site-packages/examples_rclpy_executors-0.15.1-py3.10.egg-info
[3.494s] running install_scripts
[3.510s] Installing callback_group script to /home/samir/Documents/learning/ros2_ws/install/examples_rclpy_executors/lib/examples_rclpy_executors
[3.510s] Installing composed script to /home/samir/Documents/learning/ros2_ws/install/examples_rclpy_executors/lib/examples_rclpy_executors
[3.510s] Installing custom_callback_group script to /home/samir/Documents/learning/ros2_ws/install/examples_rclpy_executors/lib/examples_rclpy_executors
[3.511s] Installing custom_executor script to /home/samir/Documents/learning/ros2_ws/install/examples_rclpy_executors/lib/examples_rclpy_executors
[3.511s] Installing listener script to /home/samir/Documents/learning/ros2_ws/install/examples_rclpy_executors/lib/examples_rclpy_executors
[3.511s] Installing talker script to /home/samir/Documents/learning/ros2_ws/install/examples_rclpy_executors/lib/examples_rclpy_executors
[3.511s] writing list of installed files to '/home/samir/Documents/learning/ros2_ws/build/examples_rclpy_executors/install.log'
[5.052s] Invoked command in '/home/samir/Documents/learning/ros2_ws/src/examples/rclpy/executors' returned '0': PYTHONPATH=/home/samir/Documents/learning/ros2_ws/build/examples_rclpy_executors/prefix_override:/home/samir/Documents/learning/ros2_ws/install/examples_rclpy_executors/lib/python3.10/site-packages:${PYTHONPATH} /usr/bin/python3 setup.py egg_info --egg-base ../../../../build/examples_rclpy_executors build --build-base /home/samir/Documents/learning/ros2_ws/build/examples_rclpy_executors/build install --record /home/samir/Documents/learning/ros2_ws/build/examples_rclpy_executors/install.log --single-version-externally-managed
