[  1%] [34m[1mGenerating C code for ROS interfaces[0m
[  2%] [34m[1mGenerating C++ code for ROS interfaces[0m
[  2%] Built target ament_cmake_python_copy_turtlesim
running egg_info
creating turtlesim.egg-info
writing turtlesim.egg-info/PKG-INFO
writing dependency_links to turtlesim.egg-info/dependency_links.txt
writing top-level names to turtlesim.egg-info/top_level.txt
writing manifest file 'turtlesim.egg-info/SOURCES.txt'
reading manifest file 'turtlesim.egg-info/SOURCES.txt'
writing manifest file 'turtlesim.egg-info/SOURCES.txt'
[  2%] Built target ament_cmake_python_build_turtlesim_egg
[  3%] [32mBuilding C object CMakeFiles/turtlesim__rosidl_generator_c.dir/rosidl_generator_c/turtlesim/action/detail/rotate_absolute__functions.c.o[0m
[  5%] [32mBuilding C object CMakeFiles/turtlesim__rosidl_generator_c.dir/rosidl_generator_c/turtlesim/msg/detail/pose__functions.c.o[0m
[  5%] [32mBuilding C object CMakeFiles/turtlesim__rosidl_generator_c.dir/rosidl_generator_c/turtlesim/msg/detail/color__functions.c.o[0m
[  6%] [32mBuilding C object CMakeFiles/turtlesim__rosidl_generator_c.dir/rosidl_generator_c/turtlesim/srv/detail/set_pen__functions.c.o[0m
[  7%] [32mBuilding C object CMakeFiles/turtlesim__rosidl_generator_c.dir/rosidl_generator_c/turtlesim/srv/detail/spawn__functions.c.o[0m
[  8%] [32mBuilding C object CMakeFiles/turtlesim__rosidl_generator_c.dir/rosidl_generator_c/turtlesim/srv/detail/teleport_absolute__functions.c.o[0m
[  9%] [32mBuilding C object CMakeFiles/turtlesim__rosidl_generator_c.dir/rosidl_generator_c/turtlesim/srv/detail/teleport_relative__functions.c.o[0m
[ 10%] [32mBuilding C object CMakeFiles/turtlesim__rosidl_generator_c.dir/rosidl_generator_c/turtlesim/srv/detail/kill__functions.c.o[0m
[ 10%] Built target turtlesim__cpp
[ 11%] [34m[1mGenerating C++ type support dispatch for ROS interfaces[0m
[ 12%] [34m[1mGenerating C++ introspection for ROS interfaces[0m
[ 13%] [34m[1mGenerating C++ type support for eProsima Fast-RTPS[0m
[ 14%] [32m[1mLinking C shared library libturtlesim__rosidl_generator_c.so[0m
[ 14%] Built target turtlesim__rosidl_generator_c
[ 15%] [34m[1mGenerating C type support dispatch for ROS interfaces[0m
[ 17%] [34m[1mGenerating C introspection for ROS interfaces[0m
[ 17%] [34m[1mGenerating C type support for eProsima Fast-RTPS[0m
[ 19%] [32mBuilding CXX object CMakeFiles/turtlesim__rosidl_typesupport_c.dir/rosidl_typesupport_c/turtlesim/msg/color__type_support.cpp.o[0m
[ 19%] [32mBuilding CXX object CMakeFiles/turtlesim__rosidl_typesupport_c.dir/rosidl_typesupport_c/turtlesim/action/rotate_absolute__type_support.cpp.o[0m
[ 20%] [32mBuilding CXX object CMakeFiles/turtlesim__rosidl_typesupport_c.dir/rosidl_typesupport_c/turtlesim/msg/pose__type_support.cpp.o[0m
[ 21%] [32mBuilding CXX object CMakeFiles/turtlesim__rosidl_typesupport_c.dir/rosidl_typesupport_c/turtlesim/srv/kill__type_support.cpp.o[0m
[ 22%] [32mBuilding CXX object CMakeFiles/turtlesim__rosidl_typesupport_c.dir/rosidl_typesupport_c/turtlesim/srv/set_pen__type_support.cpp.o[0m
[ 23%] [32mBuilding CXX object CMakeFiles/turtlesim__rosidl_typesupport_c.dir/rosidl_typesupport_c/turtlesim/srv/teleport_absolute__type_support.cpp.o[0m
[ 25%] [32mBuilding CXX object CMakeFiles/turtlesim__rosidl_typesupport_c.dir/rosidl_typesupport_c/turtlesim/srv/spawn__type_support.cpp.o[0m
[ 25%] [32mBuilding CXX object CMakeFiles/turtlesim__rosidl_typesupport_c.dir/rosidl_typesupport_c/turtlesim/srv/teleport_relative__type_support.cpp.o[0m
[ 27%] [32mBuilding CXX object CMakeFiles/turtlesim__rosidl_typesupport_introspection_cpp.dir/rosidl_typesupport_introspection_cpp/turtlesim/msg/detail/color__type_support.cpp.o[0m
[ 27%] [32mBuilding CXX object CMakeFiles/turtlesim__rosidl_typesupport_introspection_cpp.dir/rosidl_typesupport_introspection_cpp/turtlesim/action/detail/rotate_absolute__type_support.cpp.o[0m
[ 29%] [32mBuilding CXX object CMakeFiles/turtlesim__rosidl_typesupport_introspection_cpp.dir/rosidl_typesupport_introspection_cpp/turtlesim/srv/detail/kill__type_support.cpp.o[0m
[ 30%] [32mBuilding CXX object CMakeFiles/turtlesim__rosidl_typesupport_introspection_cpp.dir/rosidl_typesupport_introspection_cpp/turtlesim/srv/detail/set_pen__type_support.cpp.o[0m
[ 29%] [32mBuilding CXX object CMakeFiles/turtlesim__rosidl_typesupport_introspection_cpp.dir/rosidl_typesupport_introspection_cpp/turtlesim/msg/detail/pose__type_support.cpp.o[0m
[ 31%] [32mBuilding CXX object CMakeFiles/turtlesim__rosidl_typesupport_introspection_cpp.dir/rosidl_typesupport_introspection_cpp/turtlesim/srv/detail/spawn__type_support.cpp.o[0m
[ 32%] [32mBuilding CXX object CMakeFiles/turtlesim__rosidl_typesupport_introspection_cpp.dir/rosidl_typesupport_introspection_cpp/turtlesim/srv/detail/teleport_absolute__type_support.cpp.o[0m
[ 33%] [32mBuilding CXX object CMakeFiles/turtlesim__rosidl_typesupport_introspection_cpp.dir/rosidl_typesupport_introspection_cpp/turtlesim/srv/detail/teleport_relative__type_support.cpp.o[0m
[ 34%] [32mBuilding CXX object CMakeFiles/turtlesim__rosidl_typesupport_cpp.dir/rosidl_typesupport_cpp/turtlesim/action/rotate_absolute__type_support.cpp.o[0m
[ 35%] [32mBuilding CXX object CMakeFiles/turtlesim__rosidl_typesupport_cpp.dir/rosidl_typesupport_cpp/turtlesim/msg/color__type_support.cpp.o[0m
[ 36%] [32mBuilding CXX object CMakeFiles/turtlesim__rosidl_typesupport_cpp.dir/rosidl_typesupport_cpp/turtlesim/msg/pose__type_support.cpp.o[0m
[ 37%] [32m[1mLinking CXX shared library libturtlesim__rosidl_typesupport_c.so[0m
[ 38%] [32mBuilding CXX object CMakeFiles/turtlesim__rosidl_typesupport_cpp.dir/rosidl_typesupport_cpp/turtlesim/srv/kill__type_support.cpp.o[0m
[ 38%] Built target turtlesim__rosidl_typesupport_c
[ 39%] [32mBuilding CXX object CMakeFiles/turtlesim__rosidl_typesupport_cpp.dir/rosidl_typesupport_cpp/turtlesim/srv/set_pen__type_support.cpp.o[0m
[ 40%] [32mBuilding CXX object CMakeFiles/turtlesim__rosidl_typesupport_cpp.dir/rosidl_typesupport_cpp/turtlesim/srv/spawn__type_support.cpp.o[0m
[ 41%] [32mBuilding CXX object CMakeFiles/turtlesim__rosidl_typesupport_fastrtps_c.dir/rosidl_typesupport_fastrtps_c/turtlesim/action/detail/rotate_absolute__type_support_c.cpp.o[0m
[ 42%] [32mBuilding CXX object CMakeFiles/turtlesim__rosidl_typesupport_cpp.dir/rosidl_typesupport_cpp/turtlesim/srv/teleport_absolute__type_support.cpp.o[0m
[ 43%] [32mBuilding CXX object CMakeFiles/turtlesim__rosidl_typesupport_fastrtps_c.dir/rosidl_typesupport_fastrtps_c/turtlesim/msg/detail/color__type_support_c.cpp.o[0m
[ 44%] [32mBuilding CXX object CMakeFiles/turtlesim__rosidl_typesupport_cpp.dir/rosidl_typesupport_cpp/turtlesim/srv/teleport_relative__type_support.cpp.o[0m
[ 45%] [32mBuilding CXX object CMakeFiles/turtlesim__rosidl_typesupport_fastrtps_c.dir/rosidl_typesupport_fastrtps_c/turtlesim/msg/detail/pose__type_support_c.cpp.o[0m
[ 46%] [32mBuilding CXX object CMakeFiles/turtlesim__rosidl_typesupport_fastrtps_c.dir/rosidl_typesupport_fastrtps_c/turtlesim/srv/detail/set_pen__type_support_c.cpp.o[0m
[ 47%] [32mBuilding CXX object CMakeFiles/turtlesim__rosidl_typesupport_fastrtps_c.dir/rosidl_typesupport_fastrtps_c/turtlesim/srv/detail/kill__type_support_c.cpp.o[0m
[ 48%] [32mBuilding CXX object CMakeFiles/turtlesim__rosidl_typesupport_fastrtps_c.dir/rosidl_typesupport_fastrtps_c/turtlesim/srv/detail/spawn__type_support_c.cpp.o[0m
[ 49%] [32mBuilding CXX object CMakeFiles/turtlesim__rosidl_typesupport_fastrtps_c.dir/rosidl_typesupport_fastrtps_c/turtlesim/srv/detail/teleport_absolute__type_support_c.cpp.o[0m
[ 50%] [32mBuilding CXX object CMakeFiles/turtlesim__rosidl_typesupport_fastrtps_cpp.dir/rosidl_typesupport_fastrtps_cpp/turtlesim/action/detail/dds_fastrtps/rotate_absolute__type_support.cpp.o[0m
[ 51%] [32mBuilding CXX object CMakeFiles/turtlesim__rosidl_typesupport_fastrtps_cpp.dir/rosidl_typesupport_fastrtps_cpp/turtlesim/msg/detail/dds_fastrtps/color__type_support.cpp.o[0m
[ 53%] [32mBuilding C object CMakeFiles/turtlesim__rosidl_typesupport_introspection_c.dir/rosidl_typesupport_introspection_c/turtlesim/action/detail/rotate_absolute__type_support.c.o[0m
[ 53%] [32mBuilding CXX object CMakeFiles/turtlesim__rosidl_typesupport_fastrtps_cpp.dir/rosidl_typesupport_fastrtps_cpp/turtlesim/msg/detail/dds_fastrtps/pose__type_support.cpp.o[0m
[ 54%] [32mBuilding C object CMakeFiles/turtlesim__rosidl_typesupport_introspection_c.dir/rosidl_typesupport_introspection_c/turtlesim/msg/detail/color__type_support.c.o[0m
[ 55%] [32mBuilding C object CMakeFiles/turtlesim__rosidl_typesupport_introspection_c.dir/rosidl_typesupport_introspection_c/turtlesim/msg/detail/pose__type_support.c.o[0m
[ 56%] [32mBuilding C object CMakeFiles/turtlesim__rosidl_typesupport_introspection_c.dir/rosidl_typesupport_introspection_c/turtlesim/srv/detail/kill__type_support.c.o[0m
[ 57%] [32mBuilding CXX object CMakeFiles/turtlesim__rosidl_typesupport_fastrtps_cpp.dir/rosidl_typesupport_fastrtps_cpp/turtlesim/srv/detail/dds_fastrtps/kill__type_support.cpp.o[0m
[ 58%] [32mBuilding C object CMakeFiles/turtlesim__rosidl_typesupport_introspection_c.dir/rosidl_typesupport_introspection_c/turtlesim/srv/detail/spawn__type_support.c.o[0m
[ 59%] [32mBuilding C object CMakeFiles/turtlesim__rosidl_typesupport_introspection_c.dir/rosidl_typesupport_introspection_c/turtlesim/srv/detail/set_pen__type_support.c.o[0m
[ 60%] [32m[1mLinking CXX shared library libturtlesim__rosidl_typesupport_introspection_cpp.so[0m
[ 61%] [32mBuilding C object CMakeFiles/turtlesim__rosidl_typesupport_introspection_c.dir/rosidl_typesupport_introspection_c/turtlesim/srv/detail/teleport_absolute__type_support.c.o[0m
[ 63%] [32mBuilding CXX object CMakeFiles/turtlesim__rosidl_typesupport_fastrtps_cpp.dir/rosidl_typesupport_fastrtps_cpp/turtlesim/srv/detail/dds_fastrtps/set_pen__type_support.cpp.o[0m
[ 64%] [32mBuilding C object CMakeFiles/turtlesim__rosidl_typesupport_introspection_c.dir/rosidl_typesupport_introspection_c/turtlesim/srv/detail/teleport_relative__type_support.c.o[0m
[ 63%] [32m[1mLinking CXX shared library libturtlesim__rosidl_typesupport_cpp.so[0m
[ 65%] [32m[1mLinking C shared library libturtlesim__rosidl_typesupport_introspection_c.so[0m
[ 66%] [32mBuilding CXX object CMakeFiles/turtlesim__rosidl_typesupport_fastrtps_c.dir/rosidl_typesupport_fastrtps_c/turtlesim/srv/detail/teleport_relative__type_support_c.cpp.o[0m
[ 67%] [32mBuilding CXX object CMakeFiles/turtlesim__rosidl_typesupport_fastrtps_cpp.dir/rosidl_typesupport_fastrtps_cpp/turtlesim/srv/detail/dds_fastrtps/spawn__type_support.cpp.o[0m
[ 68%] [32mBuilding CXX object CMakeFiles/turtlesim__rosidl_typesupport_fastrtps_cpp.dir/rosidl_typesupport_fastrtps_cpp/turtlesim/srv/detail/dds_fastrtps/teleport_absolute__type_support.cpp.o[0m
[ 68%] Built target turtlesim__rosidl_typesupport_cpp
[ 68%] Built target turtlesim__rosidl_typesupport_introspection_c
[ 69%] [34m[1mGenerating include/turtlesim/moc_turtle_frame.cpp[0m
[ 70%] [32mBuilding CXX object CMakeFiles/turtlesim__rosidl_typesupport_fastrtps_cpp.dir/rosidl_typesupport_fastrtps_cpp/turtlesim/srv/detail/dds_fastrtps/teleport_relative__type_support.cpp.o[0m
[ 71%] [32mBuilding CXX object CMakeFiles/turtle_teleop_key.dir/tutorials/teleop_turtle_key.cpp.o[0m
[ 71%] Built target turtlesim__rosidl_typesupport_introspection_cpp
[ 72%] [32mBuilding CXX object CMakeFiles/draw_square.dir/tutorials/draw_square.cpp.o[0m
[ 73%] [32mBuilding CXX object CMakeFiles/mimic.dir/tutorials/mimic.cpp.o[0m
[ 74%] [32mBuilding CXX object CMakeFiles/turtlesim_node.dir/src/turtlesim.cpp.o[0m
[ 75%] [32mBuilding CXX object CMakeFiles/turtlesim_node.dir/src/turtle.cpp.o[0m
[ 76%] [32mBuilding CXX object CMakeFiles/turtlesim_node.dir/src/turtle_frame.cpp.o[0m
[ 77%] [32mBuilding CXX object CMakeFiles/turtlesim_node.dir/include/turtlesim/moc_turtle_frame.cpp.o[0m
[ 78%] [32m[1mLinking CXX shared library libturtlesim__rosidl_typesupport_fastrtps_c.so[0m
[ 79%] [32m[1mLinking CXX shared library libturtlesim__rosidl_typesupport_fastrtps_cpp.so[0m
[ 79%] Built target turtlesim__rosidl_typesupport_fastrtps_c
[ 79%] Built target turtlesim__rosidl_typesupport_fastrtps_cpp
[ 79%] Built target turtlesim
[ 80%] [34m[1mGenerating Python code for ROS interfaces[0m
[ 80%] Built target turtlesim__py
[ 83%] [32mBuilding C object CMakeFiles/turtlesim__rosidl_generator_py.dir/rosidl_generator_py/turtlesim/msg/_pose_s.c.o[0m
[ 83%] [32mBuilding C object CMakeFiles/turtlesim__rosidl_generator_py.dir/rosidl_generator_py/turtlesim/action/_rotate_absolute_s.c.o[0m
[ 85%] [32mBuilding C object CMakeFiles/turtlesim__rosidl_generator_py.dir/rosidl_generator_py/turtlesim/srv/_set_pen_s.c.o[0m
[ 85%] [32mBuilding C object CMakeFiles/turtlesim__rosidl_generator_py.dir/rosidl_generator_py/turtlesim/srv/_kill_s.c.o[0m
[ 85%] [32mBuilding C object CMakeFiles/turtlesim__rosidl_generator_py.dir/rosidl_generator_py/turtlesim/msg/_color_s.c.o[0m
[ 87%] [32mBuilding C object CMakeFiles/turtlesim__rosidl_generator_py.dir/rosidl_generator_py/turtlesim/srv/_spawn_s.c.o[0m
[ 87%] [32mBuilding C object CMakeFiles/turtlesim__rosidl_generator_py.dir/rosidl_generator_py/turtlesim/srv/_teleport_absolute_s.c.o[0m
[ 88%] [32mBuilding C object CMakeFiles/turtlesim__rosidl_generator_py.dir/rosidl_generator_py/turtlesim/srv/_teleport_relative_s.c.o[0m
[ 89%] [32m[1mLinking C shared library rosidl_generator_py/turtlesim/libturtlesim__rosidl_generator_py.so[0m
[ 89%] Built target turtlesim__rosidl_generator_py
[ 92%] [32mBuilding C object CMakeFiles/turtlesim__rosidl_typesupport_fastrtps_c__pyext.dir/rosidl_generator_py/turtlesim/_turtlesim_s.ep.rosidl_typesupport_fastrtps_c.c.o[0m
[ 92%] [32mBuilding C object CMakeFiles/turtlesim__rosidl_typesupport_c__pyext.dir/rosidl_generator_py/turtlesim/_turtlesim_s.ep.rosidl_typesupport_c.c.o[0m
[ 92%] [32mBuilding C object CMakeFiles/turtlesim__rosidl_typesupport_introspection_c__pyext.dir/rosidl_generator_py/turtlesim/_turtlesim_s.ep.rosidl_typesupport_introspection_c.c.o[0m
[ 93%] [32m[1mLinking C shared library rosidl_generator_py/turtlesim/turtlesim_s__rosidl_typesupport_c.cpython-310-x86_64-linux-gnu.so[0m
[ 95%] [32m[1mLinking C shared library rosidl_generator_py/turtlesim/turtlesim_s__rosidl_typesupport_introspection_c.cpython-310-x86_64-linux-gnu.so[0m
[ 95%] [32m[1mLinking C shared library rosidl_generator_py/turtlesim/turtlesim_s__rosidl_typesupport_fastrtps_c.cpython-310-x86_64-linux-gnu.so[0m
[ 95%] Built target turtlesim__rosidl_typesupport_c__pyext
[ 95%] Built target turtlesim__rosidl_typesupport_introspection_c__pyext
[ 95%] Built target turtlesim__rosidl_typesupport_fastrtps_c__pyext
[ 96%] [32m[1mLinking CXX executable turtle_teleop_key[0m
[ 96%] Built target turtle_teleop_key
[ 97%] [32m[1mLinking CXX executable mimic[0m
[ 97%] Built target mimic
[ 98%] [32m[1mLinking CXX executable draw_square[0m
[ 98%] Built target draw_square
[100%] [32m[1mLinking CXX executable turtlesim_node[0m
[100%] Built target turtlesim_node
-- Install configuration: ""
-- Installing: /home/samir/Documents/learning/ros2_ws/install/turtlesim/share/ament_index/resource_index/rosidl_interfaces/turtlesim
-- Installing: /home/samir/Documents/learning/ros2_ws/install/turtlesim/include/turtlesim/turtlesim
-- Installing: /home/samir/Documents/learning/ros2_ws/install/turtlesim/include/turtlesim/turtlesim/srv
-- Installing: /home/samir/Documents/learning/ros2_ws/install/turtlesim/include/turtlesim/turtlesim/srv/set_pen.h
-- Installing: /home/samir/Documents/learning/ros2_ws/install/turtlesim/include/turtlesim/turtlesim/srv/teleport_relative.h
-- Installing: /home/samir/Documents/learning/ros2_ws/install/turtlesim/include/turtlesim/turtlesim/srv/spawn.h
-- Installing: /home/samir/Documents/learning/ros2_ws/install/turtlesim/include/turtlesim/turtlesim/srv/kill.h
-- Installing: /home/samir/Documents/learning/ros2_ws/install/turtlesim/include/turtlesim/turtlesim/srv/detail
-- Installing: /home/samir/Documents/learning/ros2_ws/install/turtlesim/include/turtlesim/turtlesim/srv/detail/teleport_absolute__functions.c
-- Installing: /home/samir/Documents/learning/ros2_ws/install/turtlesim/include/turtlesim/turtlesim/srv/detail/teleport_relative__functions.c
-- Installing: /home/samir/Documents/learning/ros2_ws/install/turtlesim/include/turtlesim/turtlesim/srv/detail/kill__functions.h
-- Installing: /home/samir/Documents/learning/ros2_ws/install/turtlesim/include/turtlesim/turtlesim/srv/detail/spawn__struct.h
-- Installing: /home/samir/Documents/learning/ros2_ws/install/turtlesim/include/turtlesim/turtlesim/srv/detail/spawn__type_support.h
-- Installing: /home/samir/Documents/learning/ros2_ws/install/turtlesim/include/turtlesim/turtlesim/srv/detail/spawn__functions.c
-- Installing: /home/samir/Documents/learning/ros2_ws/install/turtlesim/include/turtlesim/turtlesim/srv/detail/set_pen__functions.h
-- Installing: /home/samir/Documents/learning/ros2_ws/install/turtlesim/include/turtlesim/turtlesim/srv/detail/teleport_absolute__functions.h
-- Installing: /home/samir/Documents/learning/ros2_ws/install/turtlesim/include/turtlesim/turtlesim/srv/detail/kill__functions.c
-- Installing: /home/samir/Documents/learning/ros2_ws/install/turtlesim/include/turtlesim/turtlesim/srv/detail/spawn__functions.h
-- Installing: /home/samir/Documents/learning/ros2_ws/install/turtlesim/include/turtlesim/turtlesim/srv/detail/set_pen__struct.h
-- Installing: /home/samir/Documents/learning/ros2_ws/install/turtlesim/include/turtlesim/turtlesim/srv/detail/set_pen__type_support.h
-- Installing: /home/samir/Documents/learning/ros2_ws/install/turtlesim/include/turtlesim/turtlesim/srv/detail/teleport_relative__type_support.h
-- Installing: /home/samir/Documents/learning/ros2_ws/install/turtlesim/include/turtlesim/turtlesim/srv/detail/teleport_absolute__struct.h
-- Installing: /home/samir/Documents/learning/ros2_ws/install/turtlesim/include/turtlesim/turtlesim/srv/detail/kill__struct.h
-- Installing: /home/samir/Documents/learning/ros2_ws/install/turtlesim/include/turtlesim/turtlesim/srv/detail/teleport_relative__struct.h
-- Installing: /home/samir/Documents/learning/ros2_ws/install/turtlesim/include/turtlesim/turtlesim/srv/detail/teleport_absolute__type_support.h
-- Installing: /home/samir/Documents/learning/ros2_ws/install/turtlesim/include/turtlesim/turtlesim/srv/detail/teleport_relative__functions.h
-- Installing: /home/samir/Documents/learning/ros2_ws/install/turtlesim/include/turtlesim/turtlesim/srv/detail/set_pen__functions.c
-- Installing: /home/samir/Documents/learning/ros2_ws/install/turtlesim/include/turtlesim/turtlesim/srv/detail/kill__type_support.h
-- Installing: /home/samir/Documents/learning/ros2_ws/install/turtlesim/include/turtlesim/turtlesim/srv/teleport_absolute.h
-- Installing: /home/samir/Documents/learning/ros2_ws/install/turtlesim/include/turtlesim/turtlesim/action
-- Installing: /home/samir/Documents/learning/ros2_ws/install/turtlesim/include/turtlesim/turtlesim/action/detail
-- Installing: /home/samir/Documents/learning/ros2_ws/install/turtlesim/include/turtlesim/turtlesim/action/detail/rotate_absolute__functions.c
-- Installing: /home/samir/Documents/learning/ros2_ws/install/turtlesim/include/turtlesim/turtlesim/action/detail/rotate_absolute__struct.h
-- Installing: /home/samir/Documents/learning/ros2_ws/install/turtlesim/include/turtlesim/turtlesim/action/detail/rotate_absolute__functions.h
-- Installing: /home/samir/Documents/learning/ros2_ws/install/turtlesim/include/turtlesim/turtlesim/action/detail/rotate_absolute__type_support.h
-- Installing: /home/samir/Documents/learning/ros2_ws/install/turtlesim/include/turtlesim/turtlesim/action/rotate_absolute.h
-- Installing: /home/samir/Documents/learning/ros2_ws/install/turtlesim/include/turtlesim/turtlesim/msg
-- Installing: /home/samir/Documents/learning/ros2_ws/install/turtlesim/include/turtlesim/turtlesim/msg/rosidl_generator_c__visibility_control.h
-- Installing: /home/samir/Documents/learning/ros2_ws/install/turtlesim/include/turtlesim/turtlesim/msg/pose.h
-- Installing: /home/samir/Documents/learning/ros2_ws/install/turtlesim/include/turtlesim/turtlesim/msg/color.h
-- Installing: /home/samir/Documents/learning/ros2_ws/install/turtlesim/include/turtlesim/turtlesim/msg/detail
-- Installing: /home/samir/Documents/learning/ros2_ws/install/turtlesim/include/turtlesim/turtlesim/msg/detail/color__type_support.h
-- Installing: /home/samir/Documents/learning/ros2_ws/install/turtlesim/include/turtlesim/turtlesim/msg/detail/pose__functions.c
-- Installing: /home/samir/Documents/learning/ros2_ws/install/turtlesim/include/turtlesim/turtlesim/msg/detail/color__struct.h
-- Installing: /home/samir/Documents/learning/ros2_ws/install/turtlesim/include/turtlesim/turtlesim/msg/detail/color__functions.h
-- Installing: /home/samir/Documents/learning/ros2_ws/install/turtlesim/include/turtlesim/turtlesim/msg/detail/pose__struct.h
-- Installing: /home/samir/Documents/learning/ros2_ws/install/turtlesim/include/turtlesim/turtlesim/msg/detail/color__functions.c
-- Installing: /home/samir/Documents/learning/ros2_ws/install/turtlesim/include/turtlesim/turtlesim/msg/detail/pose__type_support.h
-- Installing: /home/samir/Documents/learning/ros2_ws/install/turtlesim/include/turtlesim/turtlesim/msg/detail/pose__functions.h
-- Installing: /home/samir/Documents/learning/ros2_ws/install/turtlesim/share/turtlesim/environment/library_path.sh
-- Installing: /home/samir/Documents/learning/ros2_ws/install/turtlesim/share/turtlesim/environment/library_path.dsv
-- Installing: /home/samir/Documents/learning/ros2_ws/install/turtlesim/lib/libturtlesim__rosidl_generator_c.so
-- Set runtime path of "/home/samir/Documents/learning/ros2_ws/install/turtlesim/lib/libturtlesim__rosidl_generator_c.so" to ""
-- Up-to-date: /home/samir/Documents/learning/ros2_ws/install/turtlesim/include/turtlesim/turtlesim
-- Up-to-date: /home/samir/Documents/learning/ros2_ws/install/turtlesim/include/turtlesim/turtlesim/srv
-- Up-to-date: /home/samir/Documents/learning/ros2_ws/install/turtlesim/include/turtlesim/turtlesim/srv/detail
-- Installing: /home/samir/Documents/learning/ros2_ws/install/turtlesim/include/turtlesim/turtlesim/srv/detail/set_pen__rosidl_typesupport_fastrtps_c.h
-- Installing: /home/samir/Documents/learning/ros2_ws/install/turtlesim/include/turtlesim/turtlesim/srv/detail/kill__rosidl_typesupport_fastrtps_c.h
-- Installing: /home/samir/Documents/learning/ros2_ws/install/turtlesim/include/turtlesim/turtlesim/srv/detail/teleport_absolute__rosidl_typesupport_fastrtps_c.h
-- Installing: /home/samir/Documents/learning/ros2_ws/install/turtlesim/include/turtlesim/turtlesim/srv/detail/spawn__rosidl_typesupport_fastrtps_c.h
-- Installing: /home/samir/Documents/learning/ros2_ws/install/turtlesim/include/turtlesim/turtlesim/srv/detail/teleport_relative__rosidl_typesupport_fastrtps_c.h
-- Up-to-date: /home/samir/Documents/learning/ros2_ws/install/turtlesim/include/turtlesim/turtlesim/action
-- Up-to-date: /home/samir/Documents/learning/ros2_ws/install/turtlesim/include/turtlesim/turtlesim/action/detail
-- Installing: /home/samir/Documents/learning/ros2_ws/install/turtlesim/include/turtlesim/turtlesim/action/detail/rotate_absolute__rosidl_typesupport_fastrtps_c.h
-- Up-to-date: /home/samir/Documents/learning/ros2_ws/install/turtlesim/include/turtlesim/turtlesim/msg
-- Installing: /home/samir/Documents/learning/ros2_ws/install/turtlesim/include/turtlesim/turtlesim/msg/rosidl_typesupport_fastrtps_c__visibility_control.h
-- Up-to-date: /home/samir/Documents/learning/ros2_ws/install/turtlesim/include/turtlesim/turtlesim/msg/detail
-- Installing: /home/samir/Documents/learning/ros2_ws/install/turtlesim/include/turtlesim/turtlesim/msg/detail/color__rosidl_typesupport_fastrtps_c.h
-- Installing: /home/samir/Documents/learning/ros2_ws/install/turtlesim/include/turtlesim/turtlesim/msg/detail/pose__rosidl_typesupport_fastrtps_c.h
-- Installing: /home/samir/Documents/learning/ros2_ws/install/turtlesim/lib/libturtlesim__rosidl_typesupport_fastrtps_c.so
-- Set runtime path of "/home/samir/Documents/learning/ros2_ws/install/turtlesim/lib/libturtlesim__rosidl_typesupport_fastrtps_c.so" to ""
-- Up-to-date: /home/samir/Documents/learning/ros2_ws/install/turtlesim/include/turtlesim/turtlesim
-- Up-to-date: /home/samir/Documents/learning/ros2_ws/install/turtlesim/include/turtlesim/turtlesim/srv
-- Installing: /home/samir/Documents/learning/ros2_ws/install/turtlesim/include/turtlesim/turtlesim/srv/teleport_absolute.hpp
-- Installing: /home/samir/Documents/learning/ros2_ws/install/turtlesim/include/turtlesim/turtlesim/srv/set_pen.hpp
-- Installing: /home/samir/Documents/learning/ros2_ws/install/turtlesim/include/turtlesim/turtlesim/srv/kill.hpp
-- Installing: /home/samir/Documents/learning/ros2_ws/install/turtlesim/include/turtlesim/turtlesim/srv/spawn.hpp
-- Up-to-date: /home/samir/Documents/learning/ros2_ws/install/turtlesim/include/turtlesim/turtlesim/srv/detail
-- Installing: /home/samir/Documents/learning/ros2_ws/install/turtlesim/include/turtlesim/turtlesim/srv/detail/teleport_relative__builder.hpp
-- Installing: /home/samir/Documents/learning/ros2_ws/install/turtlesim/include/turtlesim/turtlesim/srv/detail/teleport_absolute__struct.hpp
-- Installing: /home/samir/Documents/learning/ros2_ws/install/turtlesim/include/turtlesim/turtlesim/srv/detail/set_pen__struct.hpp
-- Installing: /home/samir/Documents/learning/ros2_ws/install/turtlesim/include/turtlesim/turtlesim/srv/detail/spawn__struct.hpp
-- Installing: /home/samir/Documents/learning/ros2_ws/install/turtlesim/include/turtlesim/turtlesim/srv/detail/spawn__traits.hpp
-- Installing: /home/samir/Documents/learning/ros2_ws/install/turtlesim/include/turtlesim/turtlesim/srv/detail/teleport_relative__traits.hpp
-- Installing: /home/samir/Documents/learning/ros2_ws/install/turtlesim/include/turtlesim/turtlesim/srv/detail/kill__builder.hpp
-- Installing: /home/samir/Documents/learning/ros2_ws/install/turtlesim/include/turtlesim/turtlesim/srv/detail/set_pen__builder.hpp
-- Installing: /home/samir/Documents/learning/ros2_ws/install/turtlesim/include/turtlesim/turtlesim/srv/detail/teleport_relative__struct.hpp
-- Installing: /home/samir/Documents/learning/ros2_ws/install/turtlesim/include/turtlesim/turtlesim/srv/detail/spawn__builder.hpp
-- Installing: /home/samir/Documents/learning/ros2_ws/install/turtlesim/include/turtlesim/turtlesim/srv/detail/teleport_absolute__builder.hpp
-- Installing: /home/samir/Documents/learning/ros2_ws/install/turtlesim/include/turtlesim/turtlesim/srv/detail/kill__traits.hpp
-- Installing: /home/samir/Documents/learning/ros2_ws/install/turtlesim/include/turtlesim/turtlesim/srv/detail/teleport_absolute__traits.hpp
-- Installing: /home/samir/Documents/learning/ros2_ws/install/turtlesim/include/turtlesim/turtlesim/srv/detail/kill__struct.hpp
-- Installing: /home/samir/Documents/learning/ros2_ws/install/turtlesim/include/turtlesim/turtlesim/srv/detail/set_pen__traits.hpp
-- Installing: /home/samir/Documents/learning/ros2_ws/install/turtlesim/include/turtlesim/turtlesim/srv/teleport_relative.hpp
-- Up-to-date: /home/samir/Documents/learning/ros2_ws/install/turtlesim/include/turtlesim/turtlesim/action
-- Installing: /home/samir/Documents/learning/ros2_ws/install/turtlesim/include/turtlesim/turtlesim/action/rotate_absolute.hpp
-- Up-to-date: /home/samir/Documents/learning/ros2_ws/install/turtlesim/include/turtlesim/turtlesim/action/detail
-- Installing: /home/samir/Documents/learning/ros2_ws/install/turtlesim/include/turtlesim/turtlesim/action/detail/rotate_absolute__builder.hpp
-- Installing: /home/samir/Documents/learning/ros2_ws/install/turtlesim/include/turtlesim/turtlesim/action/detail/rotate_absolute__traits.hpp
-- Installing: /home/samir/Documents/learning/ros2_ws/install/turtlesim/include/turtlesim/turtlesim/action/detail/rotate_absolute__struct.hpp
-- Up-to-date: /home/samir/Documents/learning/ros2_ws/install/turtlesim/include/turtlesim/turtlesim/msg
-- Installing: /home/samir/Documents/learning/ros2_ws/install/turtlesim/include/turtlesim/turtlesim/msg/color.hpp
-- Installing: /home/samir/Documents/learning/ros2_ws/install/turtlesim/include/turtlesim/turtlesim/msg/pose.hpp
-- Up-to-date: /home/samir/Documents/learning/ros2_ws/install/turtlesim/include/turtlesim/turtlesim/msg/detail
-- Installing: /home/samir/Documents/learning/ros2_ws/install/turtlesim/include/turtlesim/turtlesim/msg/detail/color__builder.hpp
-- Installing: /home/samir/Documents/learning/ros2_ws/install/turtlesim/include/turtlesim/turtlesim/msg/detail/color__struct.hpp
-- Installing: /home/samir/Documents/learning/ros2_ws/install/turtlesim/include/turtlesim/turtlesim/msg/detail/pose__builder.hpp
-- Installing: /home/samir/Documents/learning/ros2_ws/install/turtlesim/include/turtlesim/turtlesim/msg/detail/pose__traits.hpp
-- Installing: /home/samir/Documents/learning/ros2_ws/install/turtlesim/include/turtlesim/turtlesim/msg/detail/pose__struct.hpp
-- Installing: /home/samir/Documents/learning/ros2_ws/install/turtlesim/include/turtlesim/turtlesim/msg/detail/color__traits.hpp
-- Up-to-date: /home/samir/Documents/learning/ros2_ws/install/turtlesim/include/turtlesim/turtlesim
-- Up-to-date: /home/samir/Documents/learning/ros2_ws/install/turtlesim/include/turtlesim/turtlesim/srv
-- Up-to-date: /home/samir/Documents/learning/ros2_ws/install/turtlesim/include/turtlesim/turtlesim/srv/detail
-- Installing: /home/samir/Documents/learning/ros2_ws/install/turtlesim/include/turtlesim/turtlesim/srv/detail/set_pen__rosidl_typesupport_fastrtps_cpp.hpp
-- Installing: /home/samir/Documents/learning/ros2_ws/install/turtlesim/include/turtlesim/turtlesim/srv/detail/teleport_relative__rosidl_typesupport_fastrtps_cpp.hpp
-- Installing: /home/samir/Documents/learning/ros2_ws/install/turtlesim/include/turtlesim/turtlesim/srv/detail/dds_fastrtps
-- Installing: /home/samir/Documents/learning/ros2_ws/install/turtlesim/include/turtlesim/turtlesim/srv/detail/teleport_absolute__rosidl_typesupport_fastrtps_cpp.hpp
-- Installing: /home/samir/Documents/learning/ros2_ws/install/turtlesim/include/turtlesim/turtlesim/srv/detail/kill__rosidl_typesupport_fastrtps_cpp.hpp
-- Installing: /home/samir/Documents/learning/ros2_ws/install/turtlesim/include/turtlesim/turtlesim/srv/detail/spawn__rosidl_typesupport_fastrtps_cpp.hpp
-- Up-to-date: /home/samir/Documents/learning/ros2_ws/install/turtlesim/include/turtlesim/turtlesim/action
-- Up-to-date: /home/samir/Documents/learning/ros2_ws/install/turtlesim/include/turtlesim/turtlesim/action/detail
-- Installing: /home/samir/Documents/learning/ros2_ws/install/turtlesim/include/turtlesim/turtlesim/action/detail/rotate_absolute__rosidl_typesupport_fastrtps_cpp.hpp
-- Installing: /home/samir/Documents/learning/ros2_ws/install/turtlesim/include/turtlesim/turtlesim/action/detail/dds_fastrtps
-- Up-to-date: /home/samir/Documents/learning/ros2_ws/install/turtlesim/include/turtlesim/turtlesim/msg
-- Up-to-date: /home/samir/Documents/learning/ros2_ws/install/turtlesim/include/turtlesim/turtlesim/msg/detail
-- Installing: /home/samir/Documents/learning/ros2_ws/install/turtlesim/include/turtlesim/turtlesim/msg/detail/dds_fastrtps
-- Installing: /home/samir/Documents/learning/ros2_ws/install/turtlesim/include/turtlesim/turtlesim/msg/detail/color__rosidl_typesupport_fastrtps_cpp.hpp
-- Installing: /home/samir/Documents/learning/ros2_ws/install/turtlesim/include/turtlesim/turtlesim/msg/detail/pose__rosidl_typesupport_fastrtps_cpp.hpp
-- Installing: /home/samir/Documents/learning/ros2_ws/install/turtlesim/include/turtlesim/turtlesim/msg/rosidl_typesupport_fastrtps_cpp__visibility_control.h
-- Installing: /home/samir/Documents/learning/ros2_ws/install/turtlesim/lib/libturtlesim__rosidl_typesupport_fastrtps_cpp.so
-- Set runtime path of "/home/samir/Documents/learning/ros2_ws/install/turtlesim/lib/libturtlesim__rosidl_typesupport_fastrtps_cpp.so" to ""
-- Up-to-date: /home/samir/Documents/learning/ros2_ws/install/turtlesim/include/turtlesim/turtlesim
-- Up-to-date: /home/samir/Documents/learning/ros2_ws/install/turtlesim/include/turtlesim/turtlesim/srv
-- Up-to-date: /home/samir/Documents/learning/ros2_ws/install/turtlesim/include/turtlesim/turtlesim/srv/detail
-- Installing: /home/samir/Documents/learning/ros2_ws/install/turtlesim/include/turtlesim/turtlesim/srv/detail/set_pen__type_support.c
-- Installing: /home/samir/Documents/learning/ros2_ws/install/turtlesim/include/turtlesim/turtlesim/srv/detail/teleport_absolute__rosidl_typesupport_introspection_c.h
-- Installing: /home/samir/Documents/learning/ros2_ws/install/turtlesim/include/turtlesim/turtlesim/srv/detail/spawn__rosidl_typesupport_introspection_c.h
-- Installing: /home/samir/Documents/learning/ros2_ws/install/turtlesim/include/turtlesim/turtlesim/srv/detail/teleport_relative__rosidl_typesupport_introspection_c.h
-- Installing: /home/samir/Documents/learning/ros2_ws/install/turtlesim/include/turtlesim/turtlesim/srv/detail/kill__type_support.c
-- Installing: /home/samir/Documents/learning/ros2_ws/install/turtlesim/include/turtlesim/turtlesim/srv/detail/teleport_relative__type_support.c
-- Installing: /home/samir/Documents/learning/ros2_ws/install/turtlesim/include/turtlesim/turtlesim/srv/detail/set_pen__rosidl_typesupport_introspection_c.h
-- Installing: /home/samir/Documents/learning/ros2_ws/install/turtlesim/include/turtlesim/turtlesim/srv/detail/spawn__type_support.c
-- Installing: /home/samir/Documents/learning/ros2_ws/install/turtlesim/include/turtlesim/turtlesim/srv/detail/teleport_absolute__type_support.c
-- Installing: /home/samir/Documents/learning/ros2_ws/install/turtlesim/include/turtlesim/turtlesim/srv/detail/kill__rosidl_typesupport_introspection_c.h
-- Up-to-date: /home/samir/Documents/learning/ros2_ws/install/turtlesim/include/turtlesim/turtlesim/action
-- Up-to-date: /home/samir/Documents/learning/ros2_ws/install/turtlesim/include/turtlesim/turtlesim/action/detail
-- Installing: /home/samir/Documents/learning/ros2_ws/install/turtlesim/include/turtlesim/turtlesim/action/detail/rotate_absolute__rosidl_typesupport_introspection_c.h
-- Installing: /home/samir/Documents/learning/ros2_ws/install/turtlesim/include/turtlesim/turtlesim/action/detail/rotate_absolute__type_support.c
-- Up-to-date: /home/samir/Documents/learning/ros2_ws/install/turtlesim/include/turtlesim/turtlesim/msg
-- Installing: /home/samir/Documents/learning/ros2_ws/install/turtlesim/include/turtlesim/turtlesim/msg/rosidl_typesupport_introspection_c__visibility_control.h
-- Up-to-date: /home/samir/Documents/learning/ros2_ws/install/turtlesim/include/turtlesim/turtlesim/msg/detail
-- Installing: /home/samir/Documents/learning/ros2_ws/install/turtlesim/include/turtlesim/turtlesim/msg/detail/color__type_support.c
-- Installing: /home/samir/Documents/learning/ros2_ws/install/turtlesim/include/turtlesim/turtlesim/msg/detail/color__rosidl_typesupport_introspection_c.h
-- Installing: /home/samir/Documents/learning/ros2_ws/install/turtlesim/include/turtlesim/turtlesim/msg/detail/pose__rosidl_typesupport_introspection_c.h
-- Installing: /home/samir/Documents/learning/ros2_ws/install/turtlesim/include/turtlesim/turtlesim/msg/detail/pose__type_support.c
-- Installing: /home/samir/Documents/learning/ros2_ws/install/turtlesim/lib/libturtlesim__rosidl_typesupport_introspection_c.so
-- Set runtime path of "/home/samir/Documents/learning/ros2_ws/install/turtlesim/lib/libturtlesim__rosidl_typesupport_introspection_c.so" to ""
-- Installing: /home/samir/Documents/learning/ros2_ws/install/turtlesim/lib/libturtlesim__rosidl_typesupport_c.so
-- Set runtime path of "/home/samir/Documents/learning/ros2_ws/install/turtlesim/lib/libturtlesim__rosidl_typesupport_c.so" to ""
-- Up-to-date: /home/samir/Documents/learning/ros2_ws/install/turtlesim/include/turtlesim/turtlesim
-- Up-to-date: /home/samir/Documents/learning/ros2_ws/install/turtlesim/include/turtlesim/turtlesim/srv
-- Up-to-date: /home/samir/Documents/learning/ros2_ws/install/turtlesim/include/turtlesim/turtlesim/srv/detail
-- Installing: /home/samir/Documents/learning/ros2_ws/install/turtlesim/include/turtlesim/turtlesim/srv/detail/teleport_absolute__type_support.cpp
-- Installing: /home/samir/Documents/learning/ros2_ws/install/turtlesim/include/turtlesim/turtlesim/srv/detail/kill__type_support.cpp
-- Installing: /home/samir/Documents/learning/ros2_ws/install/turtlesim/include/turtlesim/turtlesim/srv/detail/set_pen__type_support.cpp
-- Installing: /home/samir/Documents/learning/ros2_ws/install/turtlesim/include/turtlesim/turtlesim/srv/detail/spawn__rosidl_typesupport_introspection_cpp.hpp
-- Installing: /home/samir/Documents/learning/ros2_ws/install/turtlesim/include/turtlesim/turtlesim/srv/detail/set_pen__rosidl_typesupport_introspection_cpp.hpp
-- Installing: /home/samir/Documents/learning/ros2_ws/install/turtlesim/include/turtlesim/turtlesim/srv/detail/kill__rosidl_typesupport_introspection_cpp.hpp
-- Installing: /home/samir/Documents/learning/ros2_ws/install/turtlesim/include/turtlesim/turtlesim/srv/detail/spawn__type_support.cpp
-- Installing: /home/samir/Documents/learning/ros2_ws/install/turtlesim/include/turtlesim/turtlesim/srv/detail/teleport_relative__type_support.cpp
-- Installing: /home/samir/Documents/learning/ros2_ws/install/turtlesim/include/turtlesim/turtlesim/srv/detail/teleport_absolute__rosidl_typesupport_introspection_cpp.hpp
-- Installing: /home/samir/Documents/learning/ros2_ws/install/turtlesim/include/turtlesim/turtlesim/srv/detail/teleport_relative__rosidl_typesupport_introspection_cpp.hpp
-- Up-to-date: /home/samir/Documents/learning/ros2_ws/install/turtlesim/include/turtlesim/turtlesim/action
-- Up-to-date: /home/samir/Documents/learning/ros2_ws/install/turtlesim/include/turtlesim/turtlesim/action/detail
-- Installing: /home/samir/Documents/learning/ros2_ws/install/turtlesim/include/turtlesim/turtlesim/action/detail/rotate_absolute__rosidl_typesupport_introspection_cpp.hpp
-- Installing: /home/samir/Documents/learning/ros2_ws/install/turtlesim/include/turtlesim/turtlesim/action/detail/rotate_absolute__type_support.cpp
-- Up-to-date: /home/samir/Documents/learning/ros2_ws/install/turtlesim/include/turtlesim/turtlesim/msg
-- Up-to-date: /home/samir/Documents/learning/ros2_ws/install/turtlesim/include/turtlesim/turtlesim/msg/detail
-- Installing: /home/samir/Documents/learning/ros2_ws/install/turtlesim/include/turtlesim/turtlesim/msg/detail/pose__rosidl_typesupport_introspection_cpp.hpp
-- Installing: /home/samir/Documents/learning/ros2_ws/install/turtlesim/include/turtlesim/turtlesim/msg/detail/color__rosidl_typesupport_introspection_cpp.hpp
-- Installing: /home/samir/Documents/learning/ros2_ws/install/turtlesim/include/turtlesim/turtlesim/msg/detail/color__type_support.cpp
-- Installing: /home/samir/Documents/learning/ros2_ws/install/turtlesim/include/turtlesim/turtlesim/msg/detail/pose__type_support.cpp
-- Installing: /home/samir/Documents/learning/ros2_ws/install/turtlesim/lib/libturtlesim__rosidl_typesupport_introspection_cpp.so
-- Set runtime path of "/home/samir/Documents/learning/ros2_ws/install/turtlesim/lib/libturtlesim__rosidl_typesupport_introspection_cpp.so" to ""
-- Installing: /home/samir/Documents/learning/ros2_ws/install/turtlesim/lib/libturtlesim__rosidl_typesupport_cpp.so
-- Set runtime path of "/home/samir/Documents/learning/ros2_ws/install/turtlesim/lib/libturtlesim__rosidl_typesupport_cpp.so" to ""
-- Installing: /home/samir/Documents/learning/ros2_ws/install/turtlesim/share/turtlesim/environment/pythonpath.sh
-- Installing: /home/samir/Documents/learning/ros2_ws/install/turtlesim/share/turtlesim/environment/pythonpath.dsv
-- Installing: /home/samir/Documents/learning/ros2_ws/install/turtlesim/local/lib/python3.10/dist-packages/turtlesim-1.4.2-py3.10.egg-info
-- Installing: /home/samir/Documents/learning/ros2_ws/install/turtlesim/local/lib/python3.10/dist-packages/turtlesim-1.4.2-py3.10.egg-info/PKG-INFO
-- Installing: /home/samir/Documents/learning/ros2_ws/install/turtlesim/local/lib/python3.10/dist-packages/turtlesim-1.4.2-py3.10.egg-info/top_level.txt
-- Installing: /home/samir/Documents/learning/ros2_ws/install/turtlesim/local/lib/python3.10/dist-packages/turtlesim-1.4.2-py3.10.egg-info/dependency_links.txt
-- Installing: /home/samir/Documents/learning/ros2_ws/install/turtlesim/local/lib/python3.10/dist-packages/turtlesim-1.4.2-py3.10.egg-info/SOURCES.txt
-- Installing: /home/samir/Documents/learning/ros2_ws/install/turtlesim/local/lib/python3.10/dist-packages/turtlesim
-- Installing: /home/samir/Documents/learning/ros2_ws/install/turtlesim/local/lib/python3.10/dist-packages/turtlesim/_turtlesim_s.ep.rosidl_typesupport_c.c
-- Installing: /home/samir/Documents/learning/ros2_ws/install/turtlesim/local/lib/python3.10/dist-packages/turtlesim/__init__.py
-- Installing: /home/samir/Documents/learning/ros2_ws/install/turtlesim/local/lib/python3.10/dist-packages/turtlesim/srv
-- Installing: /home/samir/Documents/learning/ros2_ws/install/turtlesim/local/lib/python3.10/dist-packages/turtlesim/srv/_set_pen_s.c
-- Installing: /home/samir/Documents/learning/ros2_ws/install/turtlesim/local/lib/python3.10/dist-packages/turtlesim/srv/_teleport_absolute_s.c
-- Installing: /home/samir/Documents/learning/ros2_ws/install/turtlesim/local/lib/python3.10/dist-packages/turtlesim/srv/_set_pen.py
-- Installing: /home/samir/Documents/learning/ros2_ws/install/turtlesim/local/lib/python3.10/dist-packages/turtlesim/srv/_spawn_s.c
-- Installing: /home/samir/Documents/learning/ros2_ws/install/turtlesim/local/lib/python3.10/dist-packages/turtlesim/srv/__init__.py
-- Installing: /home/samir/Documents/learning/ros2_ws/install/turtlesim/local/lib/python3.10/dist-packages/turtlesim/srv/_teleport_absolute.py
-- Installing: /home/samir/Documents/learning/ros2_ws/install/turtlesim/local/lib/python3.10/dist-packages/turtlesim/srv/_kill.py
-- Installing: /home/samir/Documents/learning/ros2_ws/install/turtlesim/local/lib/python3.10/dist-packages/turtlesim/srv/_kill_s.c
-- Installing: /home/samir/Documents/learning/ros2_ws/install/turtlesim/local/lib/python3.10/dist-packages/turtlesim/srv/_teleport_relative_s.c
-- Installing: /home/samir/Documents/learning/ros2_ws/install/turtlesim/local/lib/python3.10/dist-packages/turtlesim/srv/_spawn.py
-- Installing: /home/samir/Documents/learning/ros2_ws/install/turtlesim/local/lib/python3.10/dist-packages/turtlesim/srv/_teleport_relative.py
-- Installing: /home/samir/Documents/learning/ros2_ws/install/turtlesim/local/lib/python3.10/dist-packages/turtlesim/turtlesim_s__rosidl_typesupport_fastrtps_c.cpython-310-x86_64-linux-gnu.so
-- Installing: /home/samir/Documents/learning/ros2_ws/install/turtlesim/local/lib/python3.10/dist-packages/turtlesim/_turtlesim_s.ep.rosidl_typesupport_fastrtps_c.c
-- Installing: /home/samir/Documents/learning/ros2_ws/install/turtlesim/local/lib/python3.10/dist-packages/turtlesim/libturtlesim__rosidl_generator_py.so
-- Installing: /home/samir/Documents/learning/ros2_ws/install/turtlesim/local/lib/python3.10/dist-packages/turtlesim/turtlesim_s__rosidl_typesupport_c.cpython-310-x86_64-linux-gnu.so
-- Installing: /home/samir/Documents/learning/ros2_ws/install/turtlesim/local/lib/python3.10/dist-packages/turtlesim/_turtlesim_s.ep.rosidl_typesupport_introspection_c.c
-- Installing: /home/samir/Documents/learning/ros2_ws/install/turtlesim/local/lib/python3.10/dist-packages/turtlesim/action
-- Installing: /home/samir/Documents/learning/ros2_ws/install/turtlesim/local/lib/python3.10/dist-packages/turtlesim/action/_rotate_absolute.py
-- Installing: /home/samir/Documents/learning/ros2_ws/install/turtlesim/local/lib/python3.10/dist-packages/turtlesim/action/__init__.py
-- Installing: /home/samir/Documents/learning/ros2_ws/install/turtlesim/local/lib/python3.10/dist-packages/turtlesim/action/_rotate_absolute_s.c
-- Installing: /home/samir/Documents/learning/ros2_ws/install/turtlesim/local/lib/python3.10/dist-packages/turtlesim/msg
-- Installing: /home/samir/Documents/learning/ros2_ws/install/turtlesim/local/lib/python3.10/dist-packages/turtlesim/msg/_color.py
-- Installing: /home/samir/Documents/learning/ros2_ws/install/turtlesim/local/lib/python3.10/dist-packages/turtlesim/msg/_color_s.c
-- Installing: /home/samir/Documents/learning/ros2_ws/install/turtlesim/local/lib/python3.10/dist-packages/turtlesim/msg/__init__.py
-- Installing: /home/samir/Documents/learning/ros2_ws/install/turtlesim/local/lib/python3.10/dist-packages/turtlesim/msg/_pose.py
-- Installing: /home/samir/Documents/learning/ros2_ws/install/turtlesim/local/lib/python3.10/dist-packages/turtlesim/msg/_pose_s.c
-- Installing: /home/samir/Documents/learning/ros2_ws/install/turtlesim/local/lib/python3.10/dist-packages/turtlesim/turtlesim_s__rosidl_typesupport_introspection_c.cpython-310-x86_64-linux-gnu.so
Listing '/home/samir/Documents/learning/ros2_ws/install/turtlesim/local/lib/python3.10/dist-packages/turtlesim'...
Compiling '/home/samir/Documents/learning/ros2_ws/install/turtlesim/local/lib/python3.10/dist-packages/turtlesim/__init__.py'...
Listing '/home/samir/Documents/learning/ros2_ws/install/turtlesim/local/lib/python3.10/dist-packages/turtlesim/action'...
Compiling '/home/samir/Documents/learning/ros2_ws/install/turtlesim/local/lib/python3.10/dist-packages/turtlesim/action/__init__.py'...
Compiling '/home/samir/Documents/learning/ros2_ws/install/turtlesim/local/lib/python3.10/dist-packages/turtlesim/action/_rotate_absolute.py'...
Listing '/home/samir/Documents/learning/ros2_ws/install/turtlesim/local/lib/python3.10/dist-packages/turtlesim/msg'...
Compiling '/home/samir/Documents/learning/ros2_ws/install/turtlesim/local/lib/python3.10/dist-packages/turtlesim/msg/__init__.py'...
Compiling '/home/samir/Documents/learning/ros2_ws/install/turtlesim/local/lib/python3.10/dist-packages/turtlesim/msg/_color.py'...
Compiling '/home/samir/Documents/learning/ros2_ws/install/turtlesim/local/lib/python3.10/dist-packages/turtlesim/msg/_pose.py'...
Listing '/home/samir/Documents/learning/ros2_ws/install/turtlesim/local/lib/python3.10/dist-packages/turtlesim/srv'...
Compiling '/home/samir/Documents/learning/ros2_ws/install/turtlesim/local/lib/python3.10/dist-packages/turtlesim/srv/__init__.py'...
Compiling '/home/samir/Documents/learning/ros2_ws/install/turtlesim/local/lib/python3.10/dist-packages/turtlesim/srv/_kill.py'...
Compiling '/home/samir/Documents/learning/ros2_ws/install/turtlesim/local/lib/python3.10/dist-packages/turtlesim/srv/_set_pen.py'...
Compiling '/home/samir/Documents/learning/ros2_ws/install/turtlesim/local/lib/python3.10/dist-packages/turtlesim/srv/_spawn.py'...
Compiling '/home/samir/Documents/learning/ros2_ws/install/turtlesim/local/lib/python3.10/dist-packages/turtlesim/srv/_teleport_absolute.py'...
Compiling '/home/samir/Documents/learning/ros2_ws/install/turtlesim/local/lib/python3.10/dist-packages/turtlesim/srv/_teleport_relative.py'...
-- Installing: /home/samir/Documents/learning/ros2_ws/install/turtlesim/local/lib/python3.10/dist-packages/turtlesim/turtlesim_s__rosidl_typesupport_fastrtps_c.cpython-310-x86_64-linux-gnu.so
-- Set runtime path of "/home/samir/Documents/learning/ros2_ws/install/turtlesim/local/lib/python3.10/dist-packages/turtlesim/turtlesim_s__rosidl_typesupport_fastrtps_c.cpython-310-x86_64-linux-gnu.so" to ""
-- Installing: /home/samir/Documents/learning/ros2_ws/install/turtlesim/local/lib/python3.10/dist-packages/turtlesim/turtlesim_s__rosidl_typesupport_introspection_c.cpython-310-x86_64-linux-gnu.so
-- Set runtime path of "/home/samir/Documents/learning/ros2_ws/install/turtlesim/local/lib/python3.10/dist-packages/turtlesim/turtlesim_s__rosidl_typesupport_introspection_c.cpython-310-x86_64-linux-gnu.so" to ""
-- Installing: /home/samir/Documents/learning/ros2_ws/install/turtlesim/local/lib/python3.10/dist-packages/turtlesim/turtlesim_s__rosidl_typesupport_c.cpython-310-x86_64-linux-gnu.so
-- Set runtime path of "/home/samir/Documents/learning/ros2_ws/install/turtlesim/local/lib/python3.10/dist-packages/turtlesim/turtlesim_s__rosidl_typesupport_c.cpython-310-x86_64-linux-gnu.so" to ""
-- Installing: /home/samir/Documents/learning/ros2_ws/install/turtlesim/lib/libturtlesim__rosidl_generator_py.so
-- Set runtime path of "/home/samir/Documents/learning/ros2_ws/install/turtlesim/lib/libturtlesim__rosidl_generator_py.so" to ""
-- Installing: /home/samir/Documents/learning/ros2_ws/install/turtlesim/share/turtlesim/action/RotateAbsolute.idl
-- Installing: /home/samir/Documents/learning/ros2_ws/install/turtlesim/share/turtlesim/msg/Color.idl
-- Installing: /home/samir/Documents/learning/ros2_ws/install/turtlesim/share/turtlesim/msg/Pose.idl
-- Installing: /home/samir/Documents/learning/ros2_ws/install/turtlesim/share/turtlesim/srv/Kill.idl
-- Installing: /home/samir/Documents/learning/ros2_ws/install/turtlesim/share/turtlesim/srv/SetPen.idl
-- Installing: /home/samir/Documents/learning/ros2_ws/install/turtlesim/share/turtlesim/srv/Spawn.idl
-- Installing: /home/samir/Documents/learning/ros2_ws/install/turtlesim/share/turtlesim/srv/TeleportAbsolute.idl
-- Installing: /home/samir/Documents/learning/ros2_ws/install/turtlesim/share/turtlesim/srv/TeleportRelative.idl
-- Installing: /home/samir/Documents/learning/ros2_ws/install/turtlesim/share/turtlesim/action/RotateAbsolute.action
-- Installing: /home/samir/Documents/learning/ros2_ws/install/turtlesim/share/turtlesim/msg/Color.msg
-- Installing: /home/samir/Documents/learning/ros2_ws/install/turtlesim/share/turtlesim/msg/Pose.msg
-- Installing: /home/samir/Documents/learning/ros2_ws/install/turtlesim/share/turtlesim/srv/Kill.srv
-- Installing: /home/samir/Documents/learning/ros2_ws/install/turtlesim/share/turtlesim/srv/Kill_Request.msg
-- Installing: /home/samir/Documents/learning/ros2_ws/install/turtlesim/share/turtlesim/srv/Kill_Response.msg
-- Installing: /home/samir/Documents/learning/ros2_ws/install/turtlesim/share/turtlesim/srv/SetPen.srv
-- Installing: /home/samir/Documents/learning/ros2_ws/install/turtlesim/share/turtlesim/srv/SetPen_Request.msg
-- Installing: /home/samir/Documents/learning/ros2_ws/install/turtlesim/share/turtlesim/srv/SetPen_Response.msg
-- Installing: /home/samir/Documents/learning/ros2_ws/install/turtlesim/share/turtlesim/srv/Spawn.srv
-- Installing: /home/samir/Documents/learning/ros2_ws/install/turtlesim/share/turtlesim/srv/Spawn_Request.msg
-- Installing: /home/samir/Documents/learning/ros2_ws/install/turtlesim/share/turtlesim/srv/Spawn_Response.msg
-- Installing: /home/samir/Documents/learning/ros2_ws/install/turtlesim/share/turtlesim/srv/TeleportAbsolute.srv
-- Installing: /home/samir/Documents/learning/ros2_ws/install/turtlesim/share/turtlesim/srv/TeleportAbsolute_Request.msg
-- Installing: /home/samir/Documents/learning/ros2_ws/install/turtlesim/share/turtlesim/srv/TeleportAbsolute_Response.msg
-- Installing: /home/samir/Documents/learning/ros2_ws/install/turtlesim/share/turtlesim/srv/TeleportRelative.srv
-- Installing: /home/samir/Documents/learning/ros2_ws/install/turtlesim/share/turtlesim/srv/TeleportRelative_Request.msg
-- Installing: /home/samir/Documents/learning/ros2_ws/install/turtlesim/share/turtlesim/srv/TeleportRelative_Response.msg
-- Installing: /home/samir/Documents/learning/ros2_ws/install/turtlesim/lib/turtlesim/turtlesim_node
-- Set runtime path of "/home/samir/Documents/learning/ros2_ws/install/turtlesim/lib/turtlesim/turtlesim_node" to ""
-- Installing: /home/samir/Documents/learning/ros2_ws/install/turtlesim/lib/turtlesim/turtle_teleop_key
-- Set runtime path of "/home/samir/Documents/learning/ros2_ws/install/turtlesim/lib/turtlesim/turtle_teleop_key" to ""
-- Installing: /home/samir/Documents/learning/ros2_ws/install/turtlesim/lib/turtlesim/draw_square
-- Set runtime path of "/home/samir/Documents/learning/ros2_ws/install/turtlesim/lib/turtlesim/draw_square" to ""
-- Installing: /home/samir/Documents/learning/ros2_ws/install/turtlesim/lib/turtlesim/mimic
-- Set runtime path of "/home/samir/Documents/learning/ros2_ws/install/turtlesim/lib/turtlesim/mimic" to ""
-- Installing: /home/samir/Documents/learning/ros2_ws/install/turtlesim/share/turtlesim/images
-- Installing: /home/samir/Documents/learning/ros2_ws/install/turtlesim/share/turtlesim/images/rolling.png
-- Installing: /home/samir/Documents/learning/ros2_ws/install/turtlesim/share/turtlesim/images/humble.png
-- Installing: /home/samir/Documents/learning/ros2_ws/install/turtlesim/share/turtlesim/images/crystal.png
-- Installing: /home/samir/Documents/learning/ros2_ws/install/turtlesim/share/turtlesim/images/galactic.png
-- Installing: /home/samir/Documents/learning/ros2_ws/install/turtlesim/share/turtlesim/images/ardent.png
-- Installing: /home/samir/Documents/learning/ros2_ws/install/turtlesim/share/turtlesim/images/dashing.png
-- Installing: /home/samir/Documents/learning/ros2_ws/install/turtlesim/share/turtlesim/images/bouncy.png
-- Installing: /home/samir/Documents/learning/ros2_ws/install/turtlesim/share/turtlesim/images/eloquent.png
-- Installing: /home/samir/Documents/learning/ros2_ws/install/turtlesim/share/turtlesim/images/foxy.png
-- Installing: /home/samir/Documents/learning/ros2_ws/install/turtlesim/share/turtlesim/launch
-- Installing: /home/samir/Documents/learning/ros2_ws/install/turtlesim/share/turtlesim/launch/multisim.launch.py
-- Installing: /home/samir/Documents/learning/ros2_ws/install/turtlesim/share/ament_index/resource_index/package_run_dependencies/turtlesim
-- Installing: /home/samir/Documents/learning/ros2_ws/install/turtlesim/share/ament_index/resource_index/parent_prefix_path/turtlesim
-- Installing: /home/samir/Documents/learning/ros2_ws/install/turtlesim/share/turtlesim/environment/ament_prefix_path.sh
-- Installing: /home/samir/Documents/learning/ros2_ws/install/turtlesim/share/turtlesim/environment/ament_prefix_path.dsv
-- Installing: /home/samir/Documents/learning/ros2_ws/install/turtlesim/share/turtlesim/environment/path.sh
-- Installing: /home/samir/Documents/learning/ros2_ws/install/turtlesim/share/turtlesim/environment/path.dsv
-- Installing: /home/samir/Documents/learning/ros2_ws/install/turtlesim/share/turtlesim/local_setup.bash
-- Installing: /home/samir/Documents/learning/ros2_ws/install/turtlesim/share/turtlesim/local_setup.sh
-- Installing: /home/samir/Documents/learning/ros2_ws/install/turtlesim/share/turtlesim/local_setup.zsh
-- Installing: /home/samir/Documents/learning/ros2_ws/install/turtlesim/share/turtlesim/local_setup.dsv
-- Installing: /home/samir/Documents/learning/ros2_ws/install/turtlesim/share/turtlesim/package.dsv
-- Installing: /home/samir/Documents/learning/ros2_ws/install/turtlesim/share/ament_index/resource_index/packages/turtlesim
-- Installing: /home/samir/Documents/learning/ros2_ws/install/turtlesim/share/turtlesim/cmake/export_turtlesim__rosidl_generator_cExport.cmake
-- Installing: /home/samir/Documents/learning/ros2_ws/install/turtlesim/share/turtlesim/cmake/export_turtlesim__rosidl_generator_cExport-noconfig.cmake
-- Installing: /home/samir/Documents/learning/ros2_ws/install/turtlesim/share/turtlesim/cmake/export_turtlesim__rosidl_typesupport_fastrtps_cExport.cmake
-- Installing: /home/samir/Documents/learning/ros2_ws/install/turtlesim/share/turtlesim/cmake/export_turtlesim__rosidl_typesupport_fastrtps_cExport-noconfig.cmake
-- Installing: /home/samir/Documents/learning/ros2_ws/install/turtlesim/share/turtlesim/cmake/export_turtlesim__rosidl_generator_cppExport.cmake
-- Installing: /home/samir/Documents/learning/ros2_ws/install/turtlesim/share/turtlesim/cmake/export_turtlesim__rosidl_typesupport_fastrtps_cppExport.cmake
-- Installing: /home/samir/Documents/learning/ros2_ws/install/turtlesim/share/turtlesim/cmake/export_turtlesim__rosidl_typesupport_fastrtps_cppExport-noconfig.cmake
-- Installing: /home/samir/Documents/learning/ros2_ws/install/turtlesim/share/turtlesim/cmake/turtlesim__rosidl_typesupport_introspection_cExport.cmake
-- Installing: /home/samir/Documents/learning/ros2_ws/install/turtlesim/share/turtlesim/cmake/turtlesim__rosidl_typesupport_introspection_cExport-noconfig.cmake
-- Installing: /home/samir/Documents/learning/ros2_ws/install/turtlesim/share/turtlesim/cmake/turtlesim__rosidl_typesupport_cExport.cmake
-- Installing: /home/samir/Documents/learning/ros2_ws/install/turtlesim/share/turtlesim/cmake/turtlesim__rosidl_typesupport_cExport-noconfig.cmake
-- Installing: /home/samir/Documents/learning/ros2_ws/install/turtlesim/share/turtlesim/cmake/turtlesim__rosidl_typesupport_introspection_cppExport.cmake
-- Installing: /home/samir/Documents/learning/ros2_ws/install/turtlesim/share/turtlesim/cmake/turtlesim__rosidl_typesupport_introspection_cppExport-noconfig.cmake
-- Installing: /home/samir/Documents/learning/ros2_ws/install/turtlesim/share/turtlesim/cmake/turtlesim__rosidl_typesupport_cppExport.cmake
-- Installing: /home/samir/Documents/learning/ros2_ws/install/turtlesim/share/turtlesim/cmake/turtlesim__rosidl_typesupport_cppExport-noconfig.cmake
-- Installing: /home/samir/Documents/learning/ros2_ws/install/turtlesim/share/turtlesim/cmake/export_turtlesim__rosidl_generator_pyExport.cmake
-- Installing: /home/samir/Documents/learning/ros2_ws/install/turtlesim/share/turtlesim/cmake/export_turtlesim__rosidl_generator_pyExport-noconfig.cmake
-- Installing: /home/samir/Documents/learning/ros2_ws/install/turtlesim/share/turtlesim/cmake/rosidl_cmake-extras.cmake
-- Installing: /home/samir/Documents/learning/ros2_ws/install/turtlesim/share/turtlesim/cmake/ament_cmake_export_dependencies-extras.cmake
-- Installing: /home/samir/Documents/learning/ros2_ws/install/turtlesim/share/turtlesim/cmake/ament_cmake_export_include_directories-extras.cmake
-- Installing: /home/samir/Documents/learning/ros2_ws/install/turtlesim/share/turtlesim/cmake/ament_cmake_export_libraries-extras.cmake
-- Installing: /home/samir/Documents/learning/ros2_ws/install/turtlesim/share/turtlesim/cmake/ament_cmake_export_targets-extras.cmake
-- Installing: /home/samir/Documents/learning/ros2_ws/install/turtlesim/share/turtlesim/cmake/rosidl_cmake_export_typesupport_targets-extras.cmake
-- Installing: /home/samir/Documents/learning/ros2_ws/install/turtlesim/share/turtlesim/cmake/rosidl_cmake_export_typesupport_libraries-extras.cmake
-- Installing: /home/samir/Documents/learning/ros2_ws/install/turtlesim/share/turtlesim/cmake/turtlesimConfig.cmake
-- Installing: /home/samir/Documents/learning/ros2_ws/install/turtlesim/share/turtlesim/cmake/turtlesimConfig-version.cmake
-- Installing: /home/samir/Documents/learning/ros2_ws/install/turtlesim/share/turtlesim/package.xml
