[2.950s] Invoking command in '/home/samir/Documents/learning/ros2_ws/src/examples/rclpy/topics/minimal_publisher': PYTHONPATH=/home/samir/Documents/learning/ros2_ws/build/examples_rclpy_minimal_publisher/prefix_override:/home/samir/Documents/learning/ros2_ws/install/examples_rclpy_minimal_publisher/lib/python3.10/site-packages:${PYTHONPATH} /usr/bin/python3 setup.py egg_info --egg-base ../../../../../build/examples_rclpy_minimal_publisher build --build-base /home/samir/Documents/learning/ros2_ws/build/examples_rclpy_minimal_publisher/build install --record /home/samir/Documents/learning/ros2_ws/build/examples_rclpy_minimal_publisher/install.log --single-version-externally-managed
[3.241s] running egg_info
[3.242s] writing ../../../../../build/examples_rclpy_minimal_publisher/examples_rclpy_minimal_publisher.egg-info/PKG-INFO
[3.242s] writing dependency_links to ../../../../../build/examples_rclpy_minimal_publisher/examples_rclpy_minimal_publisher.egg-info/dependency_links.txt
[3.242s] writing entry points to ../../../../../build/examples_rclpy_minimal_publisher/examples_rclpy_minimal_publisher.egg-info/entry_points.txt
[3.242s] writing requirements to ../../../../../build/examples_rclpy_minimal_publisher/examples_rclpy_minimal_publisher.egg-info/requires.txt
[3.242s] writing top-level names to ../../../../../build/examples_rclpy_minimal_publisher/examples_rclpy_minimal_publisher.egg-info/top_level.txt
[3.245s] reading manifest file '../../../../../build/examples_rclpy_minimal_publisher/examples_rclpy_minimal_publisher.egg-info/SOURCES.txt'
[3.247s] writing manifest file '../../../../../build/examples_rclpy_minimal_publisher/examples_rclpy_minimal_publisher.egg-info/SOURCES.txt'
[3.247s] running build
[3.247s] running build_py
[3.247s] running install
[3.247s] /usr/lib/python3/dist-packages/setuptools/command/install.py:34: SetuptoolsDeprecationWarning: setup.py install is deprecated. Use build and pip and other standards-based tools.
[3.248s]   warnings.warn(
[3.248s] running install_lib
[3.249s] running install_data
[3.250s] running install_egg_info
[3.252s] removing '/home/samir/Documents/learning/ros2_ws/install/examples_rclpy_minimal_publisher/lib/python3.10/site-packages/examples_rclpy_minimal_publisher-0.15.1-py3.10.egg-info' (and everything under it)
[3.252s] Copying ../../../../../build/examples_rclpy_minimal_publisher/examples_rclpy_minimal_publisher.egg-info to /home/samir/Documents/learning/ros2_ws/install/examples_rclpy_minimal_publisher/lib/python3.10/site-packages/examples_rclpy_minimal_publisher-0.15.1-py3.10.egg-info
[3.253s] running install_scripts
[3.276s] Installing publisher_local_function script to /home/samir/Documents/learning/ros2_ws/install/examples_rclpy_minimal_publisher/lib/examples_rclpy_minimal_publisher
[3.276s] Installing publisher_member_function script to /home/samir/Documents/learning/ros2_ws/install/examples_rclpy_minimal_publisher/lib/examples_rclpy_minimal_publisher
[3.276s] Installing publisher_old_school script to /home/samir/Documents/learning/ros2_ws/install/examples_rclpy_minimal_publisher/lib/examples_rclpy_minimal_publisher
[3.276s] writing list of installed files to '/home/samir/Documents/learning/ros2_ws/build/examples_rclpy_minimal_publisher/install.log'
[3.518s] Invoked command in '/home/samir/Documents/learning/ros2_ws/src/examples/rclpy/topics/minimal_publisher' returned '0': PYTHONPATH=/home/samir/Documents/learning/ros2_ws/build/examples_rclpy_minimal_publisher/prefix_override:/home/samir/Documents/learning/ros2_ws/install/examples_rclpy_minimal_publisher/lib/python3.10/site-packages:${PYTHONPATH} /usr/bin/python3 setup.py egg_info --egg-base ../../../../../build/examples_rclpy_minimal_publisher build --build-base /home/samir/Documents/learning/ros2_ws/build/examples_rclpy_minimal_publisher/build install --record /home/samir/Documents/learning/ros2_ws/build/examples_rclpy_minimal_publisher/install.log --single-version-externally-managed
