[2.272s] Invoking command in '/home/samir/Documents/learning/ros2_ws/src/examples/rclpy/topics/minimal_publisher': PYTHONPATH=/home/samir/Documents/learning/ros2_ws/build/examples_rclpy_minimal_publisher/prefix_override:/home/samir/Documents/learning/ros2_ws/install/examples_rclpy_minimal_publisher/lib/python3.10/site-packages:${PYTHONPATH} /usr/bin/python3 setup.py egg_info --egg-base ../../../../../build/examples_rclpy_minimal_publisher build --build-base /home/samir/Documents/learning/ros2_ws/build/examples_rclpy_minimal_publisher/build install --record /home/samir/Documents/learning/ros2_ws/build/examples_rclpy_minimal_publisher/install.log --single-version-externally-managed
[2.474s] running egg_info
[2.474s] writing ../../../../../build/examples_rclpy_minimal_publisher/examples_rclpy_minimal_publisher.egg-info/PKG-INFO
[2.474s] writing dependency_links to ../../../../../build/examples_rclpy_minimal_publisher/examples_rclpy_minimal_publisher.egg-info/dependency_links.txt
[2.474s] writing entry points to ../../../../../build/examples_rclpy_minimal_publisher/examples_rclpy_minimal_publisher.egg-info/entry_points.txt
[2.475s] writing requirements to ../../../../../build/examples_rclpy_minimal_publisher/examples_rclpy_minimal_publisher.egg-info/requires.txt
[2.475s] writing top-level names to ../../../../../build/examples_rclpy_minimal_publisher/examples_rclpy_minimal_publisher.egg-info/top_level.txt
[2.477s] reading manifest file '../../../../../build/examples_rclpy_minimal_publisher/examples_rclpy_minimal_publisher.egg-info/SOURCES.txt'
[2.478s] writing manifest file '../../../../../build/examples_rclpy_minimal_publisher/examples_rclpy_minimal_publisher.egg-info/SOURCES.txt'
[2.478s] running build
[2.478s] running build_py
[2.479s] running install
[2.479s] /usr/lib/python3/dist-packages/setuptools/command/install.py:34: SetuptoolsDeprecationWarning: setup.py install is deprecated. Use build and pip and other standards-based tools.
[2.479s]   warnings.warn(
[2.479s] running install_lib
[2.480s] running install_data
[2.481s] running install_egg_info
[2.482s] removing '/home/samir/Documents/learning/ros2_ws/install/examples_rclpy_minimal_publisher/lib/python3.10/site-packages/examples_rclpy_minimal_publisher-0.15.1-py3.10.egg-info' (and everything under it)
[2.483s] Copying ../../../../../build/examples_rclpy_minimal_publisher/examples_rclpy_minimal_publisher.egg-info to /home/samir/Documents/learning/ros2_ws/install/examples_rclpy_minimal_publisher/lib/python3.10/site-packages/examples_rclpy_minimal_publisher-0.15.1-py3.10.egg-info
[2.483s] running install_scripts
[2.503s] Installing publisher_local_function script to /home/samir/Documents/learning/ros2_ws/install/examples_rclpy_minimal_publisher/lib/examples_rclpy_minimal_publisher
[2.503s] Installing publisher_member_function script to /home/samir/Documents/learning/ros2_ws/install/examples_rclpy_minimal_publisher/lib/examples_rclpy_minimal_publisher
[2.503s] Installing publisher_old_school script to /home/samir/Documents/learning/ros2_ws/install/examples_rclpy_minimal_publisher/lib/examples_rclpy_minimal_publisher
[2.504s] writing list of installed files to '/home/samir/Documents/learning/ros2_ws/build/examples_rclpy_minimal_publisher/install.log'
[2.576s] Invoked command in '/home/samir/Documents/learning/ros2_ws/src/examples/rclpy/topics/minimal_publisher' returned '0': PYTHONPATH=/home/samir/Documents/learning/ros2_ws/build/examples_rclpy_minimal_publisher/prefix_override:/home/samir/Documents/learning/ros2_ws/install/examples_rclpy_minimal_publisher/lib/python3.10/site-packages:${PYTHONPATH} /usr/bin/python3 setup.py egg_info --egg-base ../../../../../build/examples_rclpy_minimal_publisher build --build-base /home/samir/Documents/learning/ros2_ws/build/examples_rclpy_minimal_publisher/build install --record /home/samir/Documents/learning/ros2_ws/build/examples_rclpy_minimal_publisher/install.log --single-version-externally-managed
