[0.044s] Invoking command in '/home/samir/Documents/learning/ros2_ws/build/cpp_srvcli': AMENT_PREFIX_PATH=/home/samir/Documents/learning/ros2_ws/install/tutorial_interfaces:${AMENT_PREFIX_PATH} CMAKE_PREFIX_PATH=/home/samir/Documents/learning/ros2_ws/install/tutorial_interfaces:/opt/ros/humble LD_LIBRARY_PATH=/home/samir/Documents/learning/ros2_ws/install/tutorial_interfaces/lib:${LD_LIBRARY_PATH} PYTHONPATH=/home/samir/Documents/learning/ros2_ws/install/tutorial_interfaces/local/lib/python3.10/dist-packages:${PYTHONPATH} /home/samir/.local/bin/cmake --build /home/samir/Documents/learning/ros2_ws/build/cpp_srvcli -- -j16 -l16
[0.073s] -- Found ament_cmake: 1.3.5 (/opt/ros/humble/share/ament_cmake/cmake)
[0.223s] -- Found rclcpp: 16.0.6 (/opt/ros/humble/share/rclcpp/cmake)
[0.254s] -- Found rosidl_generator_c: 3.1.5 (/opt/ros/humble/share/rosidl_generator_c/cmake)
[0.256s] -- Found rosidl_adapter: 3.1.5 (/opt/ros/humble/share/rosidl_adapter/cmake)
[0.263s] -- Found rosidl_generator_cpp: 3.1.5 (/opt/ros/humble/share/rosidl_generator_cpp/cmake)
[0.275s] -- Using all available rosidl_typesupport_c: rosidl_typesupport_fastrtps_c;rosidl_typesupport_introspection_c
[0.292s] -- Using all available rosidl_typesupport_cpp: rosidl_typesupport_fastrtps_cpp;rosidl_typesupport_introspection_cpp
[0.354s] -- Found rmw_implementation_cmake: 6.1.1 (/opt/ros/humble/share/rmw_implementation_cmake/cmake)
[0.355s] -- Found rmw_fastrtps_cpp: 6.2.4 (/opt/ros/humble/share/rmw_fastrtps_cpp/cmake)
[0.469s] -- Using RMW implementation 'rmw_fastrtps_cpp' as default
[0.632s] -- Found example_interfaces: 0.9.3 (/opt/ros/humble/share/example_interfaces/cmake)
[0.771s] -- Found tutorial_interfaces: 0.0.0 (/home/samir/Documents/learning/ros2_ws/install/tutorial_interfaces/share/tutorial_interfaces/cmake)
[0.892s] -- Found ament_lint_auto: 0.12.8 (/opt/ros/humble/share/ament_lint_auto/cmake)
[0.943s] -- Added test 'cppcheck' to perform static code analysis on C / C++ code
[0.943s] -- Configured cppcheck include dirs: 
[0.943s] -- Configured cppcheck exclude dirs and/or files: 
[0.944s] -- Added test 'lint_cmake' to check CMake code style
[0.944s] -- Added test 'uncrustify' to check C / C++ code style
[0.944s] -- Configured uncrustify additional arguments: 
[0.944s] -- Added test 'xmllint' to check XML markup files
[0.945s] -- Configuring done (0.9s)
[0.962s] -- Generating done (0.0s)
[0.964s] -- Build files have been written to: /home/samir/Documents/learning/ros2_ws/build/cpp_srvcli
[0.978s] [ 12%] [32mBuilding CXX object CMakeFiles/server_custom.dir/src/add_three_ints_server.cpp.o[0m
[0.979s] [ 25%] [32mBuilding CXX object CMakeFiles/client_custom.dir/src/add_three_ints_client.cpp.o[0m
[0.989s] [ 75%] Built target client
[0.989s] [ 75%] Built target server
[3.257s] [ 87%] [32m[1mLinking CXX executable server_custom[0m
[3.350s] [ 87%] Built target server_custom
[3.407s] [100%] [32m[1mLinking CXX executable client_custom[0m
[3.511s] [100%] Built target client_custom
[3.518s] Invoked command in '/home/samir/Documents/learning/ros2_ws/build/cpp_srvcli' returned '0': AMENT_PREFIX_PATH=/home/samir/Documents/learning/ros2_ws/install/tutorial_interfaces:${AMENT_PREFIX_PATH} CMAKE_PREFIX_PATH=/home/samir/Documents/learning/ros2_ws/install/tutorial_interfaces:/opt/ros/humble LD_LIBRARY_PATH=/home/samir/Documents/learning/ros2_ws/install/tutorial_interfaces/lib:${LD_LIBRARY_PATH} PYTHONPATH=/home/samir/Documents/learning/ros2_ws/install/tutorial_interfaces/local/lib/python3.10/dist-packages:${PYTHONPATH} /home/samir/.local/bin/cmake --build /home/samir/Documents/learning/ros2_ws/build/cpp_srvcli -- -j16 -l16
[3.574s] Invoking command in '/home/samir/Documents/learning/ros2_ws/build/cpp_srvcli': AMENT_PREFIX_PATH=/home/samir/Documents/learning/ros2_ws/install/tutorial_interfaces:${AMENT_PREFIX_PATH} CMAKE_PREFIX_PATH=/home/samir/Documents/learning/ros2_ws/install/tutorial_interfaces:/opt/ros/humble LD_LIBRARY_PATH=/home/samir/Documents/learning/ros2_ws/install/tutorial_interfaces/lib:${LD_LIBRARY_PATH} PYTHONPATH=/home/samir/Documents/learning/ros2_ws/install/tutorial_interfaces/local/lib/python3.10/dist-packages:${PYTHONPATH} /home/samir/.local/bin/cmake --install /home/samir/Documents/learning/ros2_ws/build/cpp_srvcli
[3.592s] -- Install configuration: ""
[3.592s] -- Up-to-date: /home/samir/Documents/learning/ros2_ws/install/cpp_srvcli/lib/cpp_srvcli/server
[3.592s] -- Up-to-date: /home/samir/Documents/learning/ros2_ws/install/cpp_srvcli/lib/cpp_srvcli/client
[3.592s] -- Installing: /home/samir/Documents/learning/ros2_ws/install/cpp_srvcli/lib/cpp_srvcli/server_custom
[3.593s] -- Set runtime path of "/home/samir/Documents/learning/ros2_ws/install/cpp_srvcli/lib/cpp_srvcli/server_custom" to ""
[3.593s] -- Installing: /home/samir/Documents/learning/ros2_ws/install/cpp_srvcli/lib/cpp_srvcli/client_custom
[3.593s] -- Set runtime path of "/home/samir/Documents/learning/ros2_ws/install/cpp_srvcli/lib/cpp_srvcli/client_custom" to ""
[3.594s] -- Installing: /home/samir/Documents/learning/ros2_ws/install/cpp_srvcli/share/ament_index/resource_index/package_run_dependencies/cpp_srvcli
[3.594s] -- Installing: /home/samir/Documents/learning/ros2_ws/install/cpp_srvcli/share/ament_index/resource_index/parent_prefix_path/cpp_srvcli
[3.594s] -- Up-to-date: /home/samir/Documents/learning/ros2_ws/install/cpp_srvcli/share/cpp_srvcli/environment/ament_prefix_path.sh
[3.594s] -- Installing: /home/samir/Documents/learning/ros2_ws/install/cpp_srvcli/share/cpp_srvcli/environment/ament_prefix_path.dsv
[3.594s] -- Up-to-date: /home/samir/Documents/learning/ros2_ws/install/cpp_srvcli/share/cpp_srvcli/environment/path.sh
[3.594s] -- Installing: /home/samir/Documents/learning/ros2_ws/install/cpp_srvcli/share/cpp_srvcli/environment/path.dsv
[3.594s] -- Up-to-date: /home/samir/Documents/learning/ros2_ws/install/cpp_srvcli/share/cpp_srvcli/local_setup.bash
[3.594s] -- Up-to-date: /home/samir/Documents/learning/ros2_ws/install/cpp_srvcli/share/cpp_srvcli/local_setup.sh
[3.594s] -- Up-to-date: /home/samir/Documents/learning/ros2_ws/install/cpp_srvcli/share/cpp_srvcli/local_setup.zsh
[3.594s] -- Installing: /home/samir/Documents/learning/ros2_ws/install/cpp_srvcli/share/cpp_srvcli/local_setup.dsv
[3.594s] -- Installing: /home/samir/Documents/learning/ros2_ws/install/cpp_srvcli/share/cpp_srvcli/package.dsv
[3.594s] -- Up-to-date: /home/samir/Documents/learning/ros2_ws/install/cpp_srvcli/share/ament_index/resource_index/packages/cpp_srvcli
[3.594s] -- Up-to-date: /home/samir/Documents/learning/ros2_ws/install/cpp_srvcli/share/cpp_srvcli/cmake/cpp_srvcliConfig.cmake
[3.595s] -- Up-to-date: /home/samir/Documents/learning/ros2_ws/install/cpp_srvcli/share/cpp_srvcli/cmake/cpp_srvcliConfig-version.cmake
[3.595s] -- Installing: /home/samir/Documents/learning/ros2_ws/install/cpp_srvcli/share/cpp_srvcli/package.xml
[3.598s] Invoked command in '/home/samir/Documents/learning/ros2_ws/build/cpp_srvcli' returned '0': AMENT_PREFIX_PATH=/home/samir/Documents/learning/ros2_ws/install/tutorial_interfaces:${AMENT_PREFIX_PATH} CMAKE_PREFIX_PATH=/home/samir/Documents/learning/ros2_ws/install/tutorial_interfaces:/opt/ros/humble LD_LIBRARY_PATH=/home/samir/Documents/learning/ros2_ws/install/tutorial_interfaces/lib:${LD_LIBRARY_PATH} PYTHONPATH=/home/samir/Documents/learning/ros2_ws/install/tutorial_interfaces/local/lib/python3.10/dist-packages:${PYTHONPATH} /home/samir/.local/bin/cmake --install /home/samir/Documents/learning/ros2_ws/build/cpp_srvcli
