[0.654s] Invoking command in '/home/samir/Documents/learning/ros2_ws/build/examples_rclcpp_cbg_executor': CMAKE_PREFIX_PATH=/opt/ros/humble /home/samir/.local/bin/cmake /home/samir/Documents/learning/ros2_ws/src/examples/rclcpp/executors/cbg_executor -DAMENT_CMAKE_SYMLINK_INSTALL=1 -DCMAKE_INSTALL_PREFIX=/home/samir/Documents/learning/ros2_ws/install/examples_rclcpp_cbg_executor
[2.048s] -- The C compiler identification is GNU 11.4.0
[2.049s] -- The CXX compiler identification is GNU 11.4.0
[2.049s] -- Detecting C compiler ABI info
[2.049s] -- Detecting C compiler ABI info - done
[2.049s] -- Check for working C compiler: /usr/bin/cc - skipped
[2.049s] -- Detecting C compile features
[2.049s] -- Detecting C compile features - done
[2.049s] -- Detecting CXX compiler ABI info
[2.049s] -- Detecting CXX compiler ABI info - done
[2.049s] -- Check for working CXX compiler: /usr/bin/c++ - skipped
[2.049s] -- Detecting CXX compile features
[2.049s] -- Detecting CXX compile features - done
[2.049s] -- Found ament_cmake: 1.3.5 (/opt/ros/humble/share/ament_cmake/cmake)
[2.049s] -- Found Python3: /usr/bin/python3.10 (found version "3.10.12") found components: Interpreter 
[2.049s] -- Override CMake install command with custom implementation using symlinks instead of copying resources
[2.049s] -- Found rclcpp: 16.0.5 (/opt/ros/humble/share/rclcpp/cmake)
[2.049s] -- Found rosidl_generator_c: 3.1.5 (/opt/ros/humble/share/rosidl_generator_c/cmake)
[2.050s] -- Found rosidl_adapter: 3.1.5 (/opt/ros/humble/share/rosidl_adapter/cmake)
[2.050s] -- Found rosidl_generator_cpp: 3.1.5 (/opt/ros/humble/share/rosidl_generator_cpp/cmake)
[2.050s] -- Using all available rosidl_typesupport_c: rosidl_typesupport_fastrtps_c;rosidl_typesupport_introspection_c
[2.050s] -- Using all available rosidl_typesupport_cpp: rosidl_typesupport_fastrtps_cpp;rosidl_typesupport_introspection_cpp
[2.050s] -- Found rmw_implementation_cmake: 6.1.1 (/opt/ros/humble/share/rmw_implementation_cmake/cmake)
[2.050s] -- Found rmw_fastrtps_cpp: 6.2.3 (/opt/ros/humble/share/rmw_fastrtps_cpp/cmake)
[2.064s] -- Found OpenSSL: /usr/lib/x86_64-linux-gnu/libcrypto.so (found version "3.0.2")  
[2.100s] -- Found FastRTPS: /opt/ros/humble/include  
[2.174s] -- Using RMW implementation 'rmw_fastrtps_cpp' as default
[2.187s] -- Performing Test CMAKE_HAVE_LIBC_PTHREAD
[2.263s] -- Performing Test CMAKE_HAVE_LIBC_PTHREAD - Success
[2.265s] -- Found Threads: TRUE  
[2.580s] -- Found ament_lint_auto: 0.12.7 (/opt/ros/humble/share/ament_lint_auto/cmake)
[2.715s] -- Added test 'copyright' to check source files copyright and LICENSE
[2.715s] -- Added test 'cppcheck' to perform static code analysis on C / C++ code
[2.716s] -- Configured cppcheck include dirs: /home/samir/Documents/learning/ros2_ws/src/examples/rclcpp/executors/cbg_executor/include
[2.716s] -- Configured cppcheck exclude dirs and/or files: 
[2.724s] -- Added test 'cpplint' to check C / C++ code against the Google style
[2.724s] -- Configured cpplint exclude dirs and/or files: 
[2.724s] -- Added test 'lint_cmake' to check CMake code style
[2.725s] -- Added test 'uncrustify' to check C / C++ code style
[2.725s] -- Configured uncrustify additional arguments: 
[2.725s] -- Added test 'xmllint' to check XML markup files
[2.729s] -- Configuring done (2.0s)
[2.749s] -- Generating done (0.0s)
[2.753s] -- Build files have been written to: /home/samir/Documents/learning/ros2_ws/build/examples_rclcpp_cbg_executor
[2.773s] Invoked command in '/home/samir/Documents/learning/ros2_ws/build/examples_rclcpp_cbg_executor' returned '0': CMAKE_PREFIX_PATH=/opt/ros/humble /home/samir/.local/bin/cmake /home/samir/Documents/learning/ros2_ws/src/examples/rclcpp/executors/cbg_executor -DAMENT_CMAKE_SYMLINK_INSTALL=1 -DCMAKE_INSTALL_PREFIX=/home/samir/Documents/learning/ros2_ws/install/examples_rclcpp_cbg_executor
[2.776s] Invoking command in '/home/samir/Documents/learning/ros2_ws/build/examples_rclcpp_cbg_executor': CMAKE_PREFIX_PATH=/opt/ros/humble /home/samir/.local/bin/cmake --build /home/samir/Documents/learning/ros2_ws/build/examples_rclcpp_cbg_executor -- -j16 -l16
[3.095s] [ 10%] [32mBuilding CXX object CMakeFiles/ping.dir/src/ping.cpp.o[0m
[3.095s] [ 20%] [32mBuilding CXX object CMakeFiles/pong.dir/src/pong.cpp.o[0m
[3.095s] [ 30%] [32mBuilding CXX object CMakeFiles/ping_pong.dir/src/ping_pong.cpp.o[0m
[3.095s] [ 40%] [32mBuilding CXX object CMakeFiles/ping.dir/src/examples_rclcpp_cbg_executor/ping_node.cpp.o[0m
[3.095s] [ 50%] [32mBuilding CXX object CMakeFiles/ping_pong.dir/src/examples_rclcpp_cbg_executor/pong_node.cpp.o[0m
[3.095s] [ 60%] [32mBuilding CXX object CMakeFiles/pong.dir/src/examples_rclcpp_cbg_executor/pong_node.cpp.o[0m
[3.096s] [ 70%] [32mBuilding CXX object CMakeFiles/ping_pong.dir/src/examples_rclcpp_cbg_executor/ping_node.cpp.o[0m
[23.614s] [ 80%] [32m[1mLinking CXX executable pong[0m
[24.772s] [ 80%] Built target pong
[30.354s] [ 90%] [32m[1mLinking CXX executable ping_pong[0m
[31.111s] [100%] [32m[1mLinking CXX executable ping[0m
[31.510s] [100%] Built target ping_pong
[31.809s] [100%] Built target ping
[31.828s] Invoked command in '/home/samir/Documents/learning/ros2_ws/build/examples_rclcpp_cbg_executor' returned '0': CMAKE_PREFIX_PATH=/opt/ros/humble /home/samir/.local/bin/cmake --build /home/samir/Documents/learning/ros2_ws/build/examples_rclcpp_cbg_executor -- -j16 -l16
[31.905s] Invoking command in '/home/samir/Documents/learning/ros2_ws/build/examples_rclcpp_cbg_executor': CMAKE_PREFIX_PATH=/opt/ros/humble /home/samir/.local/bin/cmake --install /home/samir/Documents/learning/ros2_ws/build/examples_rclcpp_cbg_executor
[31.935s] -- Install configuration: ""
[31.936s] -- Execute custom install script
[31.936s] -- Symlinking: /home/samir/Documents/learning/ros2_ws/install/examples_rclcpp_cbg_executor/lib/examples_rclcpp_cbg_executor/ping
[31.942s] -- Symlinking: /home/samir/Documents/learning/ros2_ws/install/examples_rclcpp_cbg_executor/lib/examples_rclcpp_cbg_executor/pong
[31.946s] -- Symlinking: /home/samir/Documents/learning/ros2_ws/install/examples_rclcpp_cbg_executor/lib/examples_rclcpp_cbg_executor/ping_pong
[31.951s] -- Symlinking: /home/samir/Documents/learning/ros2_ws/install/examples_rclcpp_cbg_executor/include/examples_rclcpp_cbg_executor/ping_node.hpp
[31.957s] -- Symlinking: /home/samir/Documents/learning/ros2_ws/install/examples_rclcpp_cbg_executor/include/examples_rclcpp_cbg_executor/pong_node.hpp
[31.961s] -- Symlinking: /home/samir/Documents/learning/ros2_ws/install/examples_rclcpp_cbg_executor/share/ament_index/resource_index/package_run_dependencies/examples_rclcpp_cbg_executor
[31.965s] -- Symlinking: /home/samir/Documents/learning/ros2_ws/install/examples_rclcpp_cbg_executor/share/ament_index/resource_index/parent_prefix_path/examples_rclcpp_cbg_executor
[31.969s] -- Symlinking: /home/samir/Documents/learning/ros2_ws/install/examples_rclcpp_cbg_executor/share/examples_rclcpp_cbg_executor/environment/ament_prefix_path.sh
[31.975s] -- Symlinking: /home/samir/Documents/learning/ros2_ws/install/examples_rclcpp_cbg_executor/share/examples_rclcpp_cbg_executor/environment/ament_prefix_path.dsv
[31.981s] -- Symlinking: /home/samir/Documents/learning/ros2_ws/install/examples_rclcpp_cbg_executor/share/examples_rclcpp_cbg_executor/environment/path.sh
[31.986s] -- Symlinking: /home/samir/Documents/learning/ros2_ws/install/examples_rclcpp_cbg_executor/share/examples_rclcpp_cbg_executor/environment/path.dsv
[31.991s] -- Symlinking: /home/samir/Documents/learning/ros2_ws/install/examples_rclcpp_cbg_executor/share/examples_rclcpp_cbg_executor/local_setup.bash
[31.995s] -- Symlinking: /home/samir/Documents/learning/ros2_ws/install/examples_rclcpp_cbg_executor/share/examples_rclcpp_cbg_executor/local_setup.sh
[31.999s] -- Symlinking: /home/samir/Documents/learning/ros2_ws/install/examples_rclcpp_cbg_executor/share/examples_rclcpp_cbg_executor/local_setup.zsh
[32.002s] -- Symlinking: /home/samir/Documents/learning/ros2_ws/install/examples_rclcpp_cbg_executor/share/examples_rclcpp_cbg_executor/local_setup.dsv
[32.007s] -- Symlinking: /home/samir/Documents/learning/ros2_ws/install/examples_rclcpp_cbg_executor/share/examples_rclcpp_cbg_executor/package.dsv
[32.011s] -- Symlinking: /home/samir/Documents/learning/ros2_ws/install/examples_rclcpp_cbg_executor/share/ament_index/resource_index/packages/examples_rclcpp_cbg_executor
[32.016s] -- Symlinking: /home/samir/Documents/learning/ros2_ws/install/examples_rclcpp_cbg_executor/share/examples_rclcpp_cbg_executor/cmake/ament_cmake_export_dependencies-extras.cmake
[32.019s] -- Symlinking: /home/samir/Documents/learning/ros2_ws/install/examples_rclcpp_cbg_executor/share/examples_rclcpp_cbg_executor/cmake/examples_rclcpp_cbg_executorConfig.cmake
[32.024s] -- Symlinking: /home/samir/Documents/learning/ros2_ws/install/examples_rclcpp_cbg_executor/share/examples_rclcpp_cbg_executor/cmake/examples_rclcpp_cbg_executorConfig-version.cmake
[32.030s] -- Symlinking: /home/samir/Documents/learning/ros2_ws/install/examples_rclcpp_cbg_executor/share/examples_rclcpp_cbg_executor/package.xml
[32.100s] Invoked command in '/home/samir/Documents/learning/ros2_ws/build/examples_rclcpp_cbg_executor' returned '0': CMAKE_PREFIX_PATH=/opt/ros/humble /home/samir/.local/bin/cmake --install /home/samir/Documents/learning/ros2_ws/build/examples_rclcpp_cbg_executor
