[0.627s] Invoking command in '/home/samir/Documents/learning/ros2_ws/build/cpp_srvcli': CMAKE_PREFIX_PATH=/opt/ros/humble /home/samir/.local/bin/cmake --build /home/samir/Documents/learning/ros2_ws/build/cpp_srvcli -- -j16 -l16
[1.154s] [ 50%] Built target client
[1.155s] [100%] Built target server
[1.177s] Invoked command in '/home/samir/Documents/learning/ros2_ws/build/cpp_srvcli' returned '0': CMAKE_PREFIX_PATH=/opt/ros/humble /home/samir/.local/bin/cmake --build /home/samir/Documents/learning/ros2_ws/build/cpp_srvcli -- -j16 -l16
[1.257s] Invoking command in '/home/samir/Documents/learning/ros2_ws/build/cpp_srvcli': CMAKE_PREFIX_PATH=/opt/ros/humble /home/samir/.local/bin/cmake --install /home/samir/Documents/learning/ros2_ws/build/cpp_srvcli
[1.285s] -- Install configuration: ""
[1.285s] -- Up-to-date: /home/samir/Documents/learning/ros2_ws/install/cpp_srvcli/lib/cpp_srvcli/server
[1.286s] -- Up-to-date: /home/samir/Documents/learning/ros2_ws/install/cpp_srvcli/lib/cpp_srvcli/client
[1.286s] -- Up-to-date: /home/samir/Documents/learning/ros2_ws/install/cpp_srvcli/share/ament_index/resource_index/package_run_dependencies/cpp_srvcli
[1.286s] -- Up-to-date: /home/samir/Documents/learning/ros2_ws/install/cpp_srvcli/share/ament_index/resource_index/parent_prefix_path/cpp_srvcli
[1.286s] -- Up-to-date: /home/samir/Documents/learning/ros2_ws/install/cpp_srvcli/share/cpp_srvcli/environment/ament_prefix_path.sh
[1.286s] -- Up-to-date: /home/samir/Documents/learning/ros2_ws/install/cpp_srvcli/share/cpp_srvcli/environment/ament_prefix_path.dsv
[1.286s] -- Up-to-date: /home/samir/Documents/learning/ros2_ws/install/cpp_srvcli/share/cpp_srvcli/environment/path.sh
[1.286s] -- Up-to-date: /home/samir/Documents/learning/ros2_ws/install/cpp_srvcli/share/cpp_srvcli/environment/path.dsv
[1.286s] -- Up-to-date: /home/samir/Documents/learning/ros2_ws/install/cpp_srvcli/share/cpp_srvcli/local_setup.bash
[1.286s] -- Up-to-date: /home/samir/Documents/learning/ros2_ws/install/cpp_srvcli/share/cpp_srvcli/local_setup.sh
[1.286s] -- Up-to-date: /home/samir/Documents/learning/ros2_ws/install/cpp_srvcli/share/cpp_srvcli/local_setup.zsh
[1.286s] -- Up-to-date: /home/samir/Documents/learning/ros2_ws/install/cpp_srvcli/share/cpp_srvcli/local_setup.dsv
[1.286s] -- Installing: /home/samir/Documents/learning/ros2_ws/install/cpp_srvcli/share/cpp_srvcli/package.dsv
[1.287s] -- Up-to-date: /home/samir/Documents/learning/ros2_ws/install/cpp_srvcli/share/ament_index/resource_index/packages/cpp_srvcli
[1.297s] -- Up-to-date: /home/samir/Documents/learning/ros2_ws/install/cpp_srvcli/share/cpp_srvcli/cmake/cpp_srvcliConfig.cmake
[1.299s] -- Up-to-date: /home/samir/Documents/learning/ros2_ws/install/cpp_srvcli/share/cpp_srvcli/cmake/cpp_srvcliConfig-version.cmake
[1.301s] -- Up-to-date: /home/samir/Documents/learning/ros2_ws/install/cpp_srvcli/share/cpp_srvcli/package.xml
[1.331s] Invoked command in '/home/samir/Documents/learning/ros2_ws/build/cpp_srvcli' returned '0': CMAKE_PREFIX_PATH=/opt/ros/humble /home/samir/.local/bin/cmake --install /home/samir/Documents/learning/ros2_ws/build/cpp_srvcli
