[2.543s] Invoking command in '/home/samir/Documents/learning/ros2_ws/src/examples/rclpy/topics/minimal_publisher': PYTHONPATH=/home/samir/Documents/learning/ros2_ws/build/examples_rclpy_minimal_publisher/prefix_override:/home/samir/Documents/learning/ros2_ws/install/examples_rclpy_minimal_publisher/lib/python3.10/site-packages:${PYTHONPATH} /usr/bin/python3 setup.py egg_info --egg-base ../../../../../build/examples_rclpy_minimal_publisher build --build-base /home/samir/Documents/learning/ros2_ws/build/examples_rclpy_minimal_publisher/build install --record /home/samir/Documents/learning/ros2_ws/build/examples_rclpy_minimal_publisher/install.log --single-version-externally-managed
[2.793s] running egg_info
[2.794s] writing ../../../../../build/examples_rclpy_minimal_publisher/examples_rclpy_minimal_publisher.egg-info/PKG-INFO
[2.794s] writing dependency_links to ../../../../../build/examples_rclpy_minimal_publisher/examples_rclpy_minimal_publisher.egg-info/dependency_links.txt
[2.794s] writing entry points to ../../../../../build/examples_rclpy_minimal_publisher/examples_rclpy_minimal_publisher.egg-info/entry_points.txt
[2.794s] writing requirements to ../../../../../build/examples_rclpy_minimal_publisher/examples_rclpy_minimal_publisher.egg-info/requires.txt
[2.795s] writing top-level names to ../../../../../build/examples_rclpy_minimal_publisher/examples_rclpy_minimal_publisher.egg-info/top_level.txt
[2.798s] reading manifest file '../../../../../build/examples_rclpy_minimal_publisher/examples_rclpy_minimal_publisher.egg-info/SOURCES.txt'
[2.799s] writing manifest file '../../../../../build/examples_rclpy_minimal_publisher/examples_rclpy_minimal_publisher.egg-info/SOURCES.txt'
[2.799s] running build
[2.799s] running build_py
[2.800s] running install
[2.800s] /usr/lib/python3/dist-packages/setuptools/command/install.py:34: SetuptoolsDeprecationWarning: setup.py install is deprecated. Use build and pip and other standards-based tools.
[2.800s]   warnings.warn(
[2.800s] running install_lib
[2.802s] running install_data
[2.802s] running install_egg_info
[2.804s] removing '/home/samir/Documents/learning/ros2_ws/install/examples_rclpy_minimal_publisher/lib/python3.10/site-packages/examples_rclpy_minimal_publisher-0.15.1-py3.10.egg-info' (and everything under it)
[2.805s] Copying ../../../../../build/examples_rclpy_minimal_publisher/examples_rclpy_minimal_publisher.egg-info to /home/samir/Documents/learning/ros2_ws/install/examples_rclpy_minimal_publisher/lib/python3.10/site-packages/examples_rclpy_minimal_publisher-0.15.1-py3.10.egg-info
[2.809s] running install_scripts
[2.843s] Installing publisher_local_function script to /home/samir/Documents/learning/ros2_ws/install/examples_rclpy_minimal_publisher/lib/examples_rclpy_minimal_publisher
[2.843s] Installing publisher_member_function script to /home/samir/Documents/learning/ros2_ws/install/examples_rclpy_minimal_publisher/lib/examples_rclpy_minimal_publisher
[2.843s] Installing publisher_old_school script to /home/samir/Documents/learning/ros2_ws/install/examples_rclpy_minimal_publisher/lib/examples_rclpy_minimal_publisher
[2.844s] writing list of installed files to '/home/samir/Documents/learning/ros2_ws/build/examples_rclpy_minimal_publisher/install.log'
[2.981s] Invoked command in '/home/samir/Documents/learning/ros2_ws/src/examples/rclpy/topics/minimal_publisher' returned '0': PYTHONPATH=/home/samir/Documents/learning/ros2_ws/build/examples_rclpy_minimal_publisher/prefix_override:/home/samir/Documents/learning/ros2_ws/install/examples_rclpy_minimal_publisher/lib/python3.10/site-packages:${PYTHONPATH} /usr/bin/python3 setup.py egg_info --egg-base ../../../../../build/examples_rclpy_minimal_publisher build --build-base /home/samir/Documents/learning/ros2_ws/build/examples_rclpy_minimal_publisher/build install --record /home/samir/Documents/learning/ros2_ws/build/examples_rclpy_minimal_publisher/install.log --single-version-externally-managed
