[0.651s] Invoking command in '/home/samir/Documents/learning/ros2_ws/build/examples_rclcpp_async_client': CMAKE_PREFIX_PATH=/opt/ros/humble /home/samir/.local/bin/cmake /home/samir/Documents/learning/ros2_ws/src/examples/rclcpp/services/async_client -DCMAKE_INSTALL_PREFIX=/home/samir/Documents/learning/ros2_ws/install/examples_rclcpp_async_client
[1.643s] -- Found ament_cmake: 1.3.5 (/opt/ros/humble/share/ament_cmake/cmake)
[1.643s] -- Override CMake install command with custom implementation using symlinks instead of copying resources
[1.643s] -- Found example_interfaces: 0.9.3 (/opt/ros/humble/share/example_interfaces/cmake)
[1.644s] -- Found rosidl_generator_c: 3.1.5 (/opt/ros/humble/share/rosidl_generator_c/cmake)
[1.644s] -- Found rosidl_adapter: 3.1.5 (/opt/ros/humble/share/rosidl_adapter/cmake)
[1.644s] -- Found rosidl_generator_cpp: 3.1.5 (/opt/ros/humble/share/rosidl_generator_cpp/cmake)
[1.644s] -- Using all available rosidl_typesupport_c: rosidl_typesupport_fastrtps_c;rosidl_typesupport_introspection_c
[1.644s] -- Using all available rosidl_typesupport_cpp: rosidl_typesupport_fastrtps_cpp;rosidl_typesupport_introspection_cpp
[1.644s] -- Found rclcpp: 16.0.6 (/opt/ros/humble/share/rclcpp/cmake)
[1.645s] -- Found rmw_implementation_cmake: 6.1.1 (/opt/ros/humble/share/rmw_implementation_cmake/cmake)
[1.645s] -- Found rmw_fastrtps_cpp: 6.2.4 (/opt/ros/humble/share/rmw_fastrtps_cpp/cmake)
[1.645s] -- Using RMW implementation 'rmw_fastrtps_cpp' as default
[1.730s] -- Found ament_lint_auto: 0.12.8 (/opt/ros/humble/share/ament_lint_auto/cmake)
[1.791s] -- Added test 'copyright' to check source files copyright and LICENSE
[1.792s] -- Added test 'cppcheck' to perform static code analysis on C / C++ code
[1.792s] -- Configured cppcheck include dirs: 
[1.792s] -- Configured cppcheck exclude dirs and/or files: 
[1.793s] -- Added test 'cpplint' to check C / C++ code against the Google style
[1.793s] -- Configured cpplint exclude dirs and/or files: 
[1.793s] -- Added test 'lint_cmake' to check CMake code style
[1.793s] -- Added test 'uncrustify' to check C / C++ code style
[1.793s] -- Configured uncrustify additional arguments: 
[1.794s] -- Added test 'xmllint' to check XML markup files
[1.795s] -- Configuring done (1.1s)
[1.804s] -- Generating done (0.0s)
[1.806s] -- Build files have been written to: /home/samir/Documents/learning/ros2_ws/build/examples_rclcpp_async_client
[1.954s] Invoked command in '/home/samir/Documents/learning/ros2_ws/build/examples_rclcpp_async_client' returned '0': CMAKE_PREFIX_PATH=/opt/ros/humble /home/samir/.local/bin/cmake /home/samir/Documents/learning/ros2_ws/src/examples/rclcpp/services/async_client -DCMAKE_INSTALL_PREFIX=/home/samir/Documents/learning/ros2_ws/install/examples_rclcpp_async_client
[1.954s] Invoking command in '/home/samir/Documents/learning/ros2_ws/build/examples_rclcpp_async_client': CMAKE_PREFIX_PATH=/opt/ros/humble /home/samir/.local/bin/cmake --build /home/samir/Documents/learning/ros2_ws/build/examples_rclcpp_async_client -- -j16 -l16
[2.010s] [100%] Built target client_main
[2.023s] Invoked command in '/home/samir/Documents/learning/ros2_ws/build/examples_rclcpp_async_client' returned '0': CMAKE_PREFIX_PATH=/opt/ros/humble /home/samir/.local/bin/cmake --build /home/samir/Documents/learning/ros2_ws/build/examples_rclcpp_async_client -- -j16 -l16
[2.182s] Invoking command in '/home/samir/Documents/learning/ros2_ws/build/examples_rclcpp_async_client': CMAKE_PREFIX_PATH=/opt/ros/humble /home/samir/.local/bin/cmake --install /home/samir/Documents/learning/ros2_ws/build/examples_rclcpp_async_client
[2.213s] -- Install configuration: ""
[2.213s] -- Execute custom install script
[2.213s] -- Up-to-date symlink: /home/samir/Documents/learning/ros2_ws/install/examples_rclcpp_async_client/lib/examples_rclcpp_async_client/client_main
[2.213s] -- Up-to-date symlink: /home/samir/Documents/learning/ros2_ws/install/examples_rclcpp_async_client/share/ament_index/resource_index/package_run_dependencies/examples_rclcpp_async_client
[2.213s] -- Up-to-date symlink: /home/samir/Documents/learning/ros2_ws/install/examples_rclcpp_async_client/share/ament_index/resource_index/parent_prefix_path/examples_rclcpp_async_client
[2.213s] -- Up-to-date symlink: /home/samir/Documents/learning/ros2_ws/install/examples_rclcpp_async_client/share/examples_rclcpp_async_client/environment/ament_prefix_path.sh
[2.214s] -- Up-to-date symlink: /home/samir/Documents/learning/ros2_ws/install/examples_rclcpp_async_client/share/examples_rclcpp_async_client/environment/ament_prefix_path.dsv
[2.214s] -- Up-to-date symlink: /home/samir/Documents/learning/ros2_ws/install/examples_rclcpp_async_client/share/examples_rclcpp_async_client/environment/path.sh
[2.214s] -- Up-to-date symlink: /home/samir/Documents/learning/ros2_ws/install/examples_rclcpp_async_client/share/examples_rclcpp_async_client/environment/path.dsv
[2.214s] -- Up-to-date symlink: /home/samir/Documents/learning/ros2_ws/install/examples_rclcpp_async_client/share/examples_rclcpp_async_client/local_setup.bash
[2.214s] -- Up-to-date symlink: /home/samir/Documents/learning/ros2_ws/install/examples_rclcpp_async_client/share/examples_rclcpp_async_client/local_setup.sh
[2.214s] -- Up-to-date symlink: /home/samir/Documents/learning/ros2_ws/install/examples_rclcpp_async_client/share/examples_rclcpp_async_client/local_setup.zsh
[2.214s] -- Up-to-date symlink: /home/samir/Documents/learning/ros2_ws/install/examples_rclcpp_async_client/share/examples_rclcpp_async_client/local_setup.dsv
[2.214s] -- Symlinking: /home/samir/Documents/learning/ros2_ws/install/examples_rclcpp_async_client/share/examples_rclcpp_async_client/package.dsv
[2.218s] -- Up-to-date symlink: /home/samir/Documents/learning/ros2_ws/install/examples_rclcpp_async_client/share/ament_index/resource_index/packages/examples_rclcpp_async_client
[2.219s] -- Up-to-date symlink: /home/samir/Documents/learning/ros2_ws/install/examples_rclcpp_async_client/share/examples_rclcpp_async_client/cmake/examples_rclcpp_async_clientConfig.cmake
[2.219s] -- Up-to-date symlink: /home/samir/Documents/learning/ros2_ws/install/examples_rclcpp_async_client/share/examples_rclcpp_async_client/cmake/examples_rclcpp_async_clientConfig-version.cmake
[2.219s] -- Up-to-date symlink: /home/samir/Documents/learning/ros2_ws/install/examples_rclcpp_async_client/share/examples_rclcpp_async_client/package.xml
[2.333s] Invoked command in '/home/samir/Documents/learning/ros2_ws/build/examples_rclcpp_async_client' returned '0': CMAKE_PREFIX_PATH=/opt/ros/humble /home/samir/.local/bin/cmake --install /home/samir/Documents/learning/ros2_ws/build/examples_rclcpp_async_client
