[0.674s] Invoking command in '/home/samir/Documents/learning/ros2_ws/build/tutorial_interfaces': CMAKE_PREFIX_PATH=/opt/ros/humble /home/samir/.local/bin/cmake --build /home/samir/Documents/learning/ros2_ws/build/tutorial_interfaces -- -j16 -l16
[1.457s] [  2%] Built target tutorial_interfaces__cpp
[1.458s] [  2%] Built target ament_cmake_python_copy_tutorial_interfaces
[1.458s] [ 21%] Built target tutorial_interfaces__rosidl_typesupport_cpp
[1.459s] [ 23%] Built target tutorial_interfaces__rosidl_generator_c
[1.459s] [ 34%] Built target tutorial_interfaces__rosidl_typesupport_fastrtps_cpp
[1.459s] [ 44%] Built target tutorial_interfaces__rosidl_typesupport_introspection_cpp
[1.459s] [ 55%] Built target tutorial_interfaces__rosidl_typesupport_fastrtps_c
[1.460s] [ 65%] Built target tutorial_interfaces__rosidl_typesupport_c
[1.460s] [ 76%] Built target tutorial_interfaces__rosidl_typesupport_introspection_c
[1.461s] [ 76%] Built target tutorial_interfaces
[1.461s] [ 78%] Built target tutorial_interfaces__py
[1.461s] [ 87%] Built target tutorial_interfaces__rosidl_generator_py
[1.462s] [ 95%] Built target tutorial_interfaces__rosidl_typesupport_fastrtps_c__pyext
[1.462s] [ 95%] Built target tutorial_interfaces__rosidl_typesupport_introspection_c__pyext
[1.462s] [100%] Built target tutorial_interfaces__rosidl_typesupport_c__pyext
[1.463s] running egg_info
[1.463s] writing tutorial_interfaces.egg-info/PKG-INFO
[1.463s] writing dependency_links to tutorial_interfaces.egg-info/dependency_links.txt
[1.464s] writing top-level names to tutorial_interfaces.egg-info/top_level.txt
[1.464s] reading manifest file 'tutorial_interfaces.egg-info/SOURCES.txt'
[1.464s] writing manifest file 'tutorial_interfaces.egg-info/SOURCES.txt'
[1.465s] [100%] Built target ament_cmake_python_build_tutorial_interfaces_egg
[1.483s] Invoked command in '/home/samir/Documents/learning/ros2_ws/build/tutorial_interfaces' returned '0': CMAKE_PREFIX_PATH=/opt/ros/humble /home/samir/.local/bin/cmake --build /home/samir/Documents/learning/ros2_ws/build/tutorial_interfaces -- -j16 -l16
[2.237s] Invoking command in '/home/samir/Documents/learning/ros2_ws/build/tutorial_interfaces': CMAKE_PREFIX_PATH=/opt/ros/humble /home/samir/.local/bin/cmake --install /home/samir/Documents/learning/ros2_ws/build/tutorial_interfaces
[2.257s] -- Install configuration: ""
[2.257s] -- Up-to-date: /home/samir/Documents/learning/ros2_ws/install/tutorial_interfaces/share/ament_index/resource_index/rosidl_interfaces/tutorial_interfaces
[2.257s] -- Up-to-date: /home/samir/Documents/learning/ros2_ws/install/tutorial_interfaces/include/tutorial_interfaces/tutorial_interfaces
[2.258s] -- Up-to-date: /home/samir/Documents/learning/ros2_ws/install/tutorial_interfaces/include/tutorial_interfaces/tutorial_interfaces/srv
[2.258s] -- Up-to-date: /home/samir/Documents/learning/ros2_ws/install/tutorial_interfaces/include/tutorial_interfaces/tutorial_interfaces/srv/detail
[2.259s] -- Up-to-date: /home/samir/Documents/learning/ros2_ws/install/tutorial_interfaces/include/tutorial_interfaces/tutorial_interfaces/srv/detail/add_three_ints__functions.h
[2.259s] -- Up-to-date: /home/samir/Documents/learning/ros2_ws/install/tutorial_interfaces/include/tutorial_interfaces/tutorial_interfaces/srv/detail/add_three_ints__functions.c
[2.259s] -- Up-to-date: /home/samir/Documents/learning/ros2_ws/install/tutorial_interfaces/include/tutorial_interfaces/tutorial_interfaces/srv/detail/add_three_ints__type_support.h
[2.259s] -- Up-to-date: /home/samir/Documents/learning/ros2_ws/install/tutorial_interfaces/include/tutorial_interfaces/tutorial_interfaces/srv/detail/add_three_ints__struct.h
[2.260s] -- Up-to-date: /home/samir/Documents/learning/ros2_ws/install/tutorial_interfaces/include/tutorial_interfaces/tutorial_interfaces/srv/add_three_ints.h
[2.260s] -- Up-to-date: /home/samir/Documents/learning/ros2_ws/install/tutorial_interfaces/include/tutorial_interfaces/tutorial_interfaces/msg
[2.260s] -- Up-to-date: /home/samir/Documents/learning/ros2_ws/install/tutorial_interfaces/include/tutorial_interfaces/tutorial_interfaces/msg/rosidl_generator_c__visibility_control.h
[2.261s] -- Up-to-date: /home/samir/Documents/learning/ros2_ws/install/tutorial_interfaces/include/tutorial_interfaces/tutorial_interfaces/msg/num.h
[2.261s] -- Up-to-date: /home/samir/Documents/learning/ros2_ws/install/tutorial_interfaces/include/tutorial_interfaces/tutorial_interfaces/msg/detail
[2.261s] -- Up-to-date: /home/samir/Documents/learning/ros2_ws/install/tutorial_interfaces/include/tutorial_interfaces/tutorial_interfaces/msg/detail/num__functions.h
[2.262s] -- Up-to-date: /home/samir/Documents/learning/ros2_ws/install/tutorial_interfaces/include/tutorial_interfaces/tutorial_interfaces/msg/detail/sphere__struct.h
[2.262s] -- Up-to-date: /home/samir/Documents/learning/ros2_ws/install/tutorial_interfaces/include/tutorial_interfaces/tutorial_interfaces/msg/detail/sphere__functions.c
[2.262s] -- Up-to-date: /home/samir/Documents/learning/ros2_ws/install/tutorial_interfaces/include/tutorial_interfaces/tutorial_interfaces/msg/detail/num__struct.h
[2.262s] -- Up-to-date: /home/samir/Documents/learning/ros2_ws/install/tutorial_interfaces/include/tutorial_interfaces/tutorial_interfaces/msg/detail/sphere__type_support.h
[2.262s] -- Up-to-date: /home/samir/Documents/learning/ros2_ws/install/tutorial_interfaces/include/tutorial_interfaces/tutorial_interfaces/msg/detail/num__type_support.h
[2.263s] -- Up-to-date: /home/samir/Documents/learning/ros2_ws/install/tutorial_interfaces/include/tutorial_interfaces/tutorial_interfaces/msg/detail/sphere__functions.h
[2.263s] -- Up-to-date: /home/samir/Documents/learning/ros2_ws/install/tutorial_interfaces/include/tutorial_interfaces/tutorial_interfaces/msg/detail/num__functions.c
[2.263s] -- Up-to-date: /home/samir/Documents/learning/ros2_ws/install/tutorial_interfaces/include/tutorial_interfaces/tutorial_interfaces/msg/sphere.h
[2.263s] -- Up-to-date: /home/samir/Documents/learning/ros2_ws/install/tutorial_interfaces/share/tutorial_interfaces/environment/library_path.sh
[2.263s] -- Up-to-date: /home/samir/Documents/learning/ros2_ws/install/tutorial_interfaces/share/tutorial_interfaces/environment/library_path.dsv
[2.264s] -- Up-to-date: /home/samir/Documents/learning/ros2_ws/install/tutorial_interfaces/lib/libtutorial_interfaces__rosidl_generator_c.so
[2.264s] -- Up-to-date: /home/samir/Documents/learning/ros2_ws/install/tutorial_interfaces/include/tutorial_interfaces/tutorial_interfaces
[2.264s] -- Up-to-date: /home/samir/Documents/learning/ros2_ws/install/tutorial_interfaces/include/tutorial_interfaces/tutorial_interfaces/srv
[2.264s] -- Up-to-date: /home/samir/Documents/learning/ros2_ws/install/tutorial_interfaces/include/tutorial_interfaces/tutorial_interfaces/srv/detail
[2.264s] -- Up-to-date: /home/samir/Documents/learning/ros2_ws/install/tutorial_interfaces/include/tutorial_interfaces/tutorial_interfaces/srv/detail/add_three_ints__rosidl_typesupport_fastrtps_c.h
[2.264s] -- Up-to-date: /home/samir/Documents/learning/ros2_ws/install/tutorial_interfaces/include/tutorial_interfaces/tutorial_interfaces/msg
[2.264s] -- Up-to-date: /home/samir/Documents/learning/ros2_ws/install/tutorial_interfaces/include/tutorial_interfaces/tutorial_interfaces/msg/rosidl_typesupport_fastrtps_c__visibility_control.h
[2.265s] -- Up-to-date: /home/samir/Documents/learning/ros2_ws/install/tutorial_interfaces/include/tutorial_interfaces/tutorial_interfaces/msg/detail
[2.265s] -- Up-to-date: /home/samir/Documents/learning/ros2_ws/install/tutorial_interfaces/include/tutorial_interfaces/tutorial_interfaces/msg/detail/sphere__rosidl_typesupport_fastrtps_c.h
[2.265s] -- Up-to-date: /home/samir/Documents/learning/ros2_ws/install/tutorial_interfaces/include/tutorial_interfaces/tutorial_interfaces/msg/detail/num__rosidl_typesupport_fastrtps_c.h
[2.265s] -- Up-to-date: /home/samir/Documents/learning/ros2_ws/install/tutorial_interfaces/lib/libtutorial_interfaces__rosidl_typesupport_fastrtps_c.so
[2.265s] -- Up-to-date: /home/samir/Documents/learning/ros2_ws/install/tutorial_interfaces/include/tutorial_interfaces/tutorial_interfaces
[2.265s] -- Up-to-date: /home/samir/Documents/learning/ros2_ws/install/tutorial_interfaces/include/tutorial_interfaces/tutorial_interfaces/srv
[2.266s] -- Up-to-date: /home/samir/Documents/learning/ros2_ws/install/tutorial_interfaces/include/tutorial_interfaces/tutorial_interfaces/srv/detail
[2.266s] -- Up-to-date: /home/samir/Documents/learning/ros2_ws/install/tutorial_interfaces/include/tutorial_interfaces/tutorial_interfaces/srv/detail/add_three_ints__traits.hpp
[2.266s] -- Up-to-date: /home/samir/Documents/learning/ros2_ws/install/tutorial_interfaces/include/tutorial_interfaces/tutorial_interfaces/srv/detail/add_three_ints__struct.hpp
[2.266s] -- Up-to-date: /home/samir/Documents/learning/ros2_ws/install/tutorial_interfaces/include/tutorial_interfaces/tutorial_interfaces/srv/detail/add_three_ints__builder.hpp
[2.266s] -- Up-to-date: /home/samir/Documents/learning/ros2_ws/install/tutorial_interfaces/include/tutorial_interfaces/tutorial_interfaces/srv/add_three_ints.hpp
[2.266s] -- Up-to-date: /home/samir/Documents/learning/ros2_ws/install/tutorial_interfaces/include/tutorial_interfaces/tutorial_interfaces/msg
[2.266s] -- Up-to-date: /home/samir/Documents/learning/ros2_ws/install/tutorial_interfaces/include/tutorial_interfaces/tutorial_interfaces/msg/detail
[2.267s] -- Up-to-date: /home/samir/Documents/learning/ros2_ws/install/tutorial_interfaces/include/tutorial_interfaces/tutorial_interfaces/msg/detail/sphere__builder.hpp
[2.267s] -- Up-to-date: /home/samir/Documents/learning/ros2_ws/install/tutorial_interfaces/include/tutorial_interfaces/tutorial_interfaces/msg/detail/sphere__struct.hpp
[2.267s] -- Up-to-date: /home/samir/Documents/learning/ros2_ws/install/tutorial_interfaces/include/tutorial_interfaces/tutorial_interfaces/msg/detail/num__struct.hpp
[2.267s] -- Up-to-date: /home/samir/Documents/learning/ros2_ws/install/tutorial_interfaces/include/tutorial_interfaces/tutorial_interfaces/msg/detail/sphere__traits.hpp
[2.267s] -- Up-to-date: /home/samir/Documents/learning/ros2_ws/install/tutorial_interfaces/include/tutorial_interfaces/tutorial_interfaces/msg/detail/num__builder.hpp
[2.268s] -- Up-to-date: /home/samir/Documents/learning/ros2_ws/install/tutorial_interfaces/include/tutorial_interfaces/tutorial_interfaces/msg/detail/num__traits.hpp
[2.268s] -- Up-to-date: /home/samir/Documents/learning/ros2_ws/install/tutorial_interfaces/include/tutorial_interfaces/tutorial_interfaces/msg/sphere.hpp
[2.268s] -- Up-to-date: /home/samir/Documents/learning/ros2_ws/install/tutorial_interfaces/include/tutorial_interfaces/tutorial_interfaces/msg/num.hpp
[2.268s] -- Up-to-date: /home/samir/Documents/learning/ros2_ws/install/tutorial_interfaces/include/tutorial_interfaces/tutorial_interfaces
[2.269s] -- Up-to-date: /home/samir/Documents/learning/ros2_ws/install/tutorial_interfaces/include/tutorial_interfaces/tutorial_interfaces/srv
[2.269s] -- Up-to-date: /home/samir/Documents/learning/ros2_ws/install/tutorial_interfaces/include/tutorial_interfaces/tutorial_interfaces/srv/detail
[2.269s] -- Up-to-date: /home/samir/Documents/learning/ros2_ws/install/tutorial_interfaces/include/tutorial_interfaces/tutorial_interfaces/srv/detail/add_three_ints__rosidl_typesupport_fastrtps_cpp.hpp
[2.269s] -- Up-to-date: /home/samir/Documents/learning/ros2_ws/install/tutorial_interfaces/include/tutorial_interfaces/tutorial_interfaces/srv/detail/dds_fastrtps
[2.269s] -- Up-to-date: /home/samir/Documents/learning/ros2_ws/install/tutorial_interfaces/include/tutorial_interfaces/tutorial_interfaces/msg
[2.269s] -- Up-to-date: /home/samir/Documents/learning/ros2_ws/install/tutorial_interfaces/include/tutorial_interfaces/tutorial_interfaces/msg/detail
[2.270s] -- Up-to-date: /home/samir/Documents/learning/ros2_ws/install/tutorial_interfaces/include/tutorial_interfaces/tutorial_interfaces/msg/detail/sphere__rosidl_typesupport_fastrtps_cpp.hpp
[2.270s] -- Up-to-date: /home/samir/Documents/learning/ros2_ws/install/tutorial_interfaces/include/tutorial_interfaces/tutorial_interfaces/msg/detail/dds_fastrtps
[2.270s] -- Up-to-date: /home/samir/Documents/learning/ros2_ws/install/tutorial_interfaces/include/tutorial_interfaces/tutorial_interfaces/msg/detail/num__rosidl_typesupport_fastrtps_cpp.hpp
[2.270s] -- Up-to-date: /home/samir/Documents/learning/ros2_ws/install/tutorial_interfaces/include/tutorial_interfaces/tutorial_interfaces/msg/rosidl_typesupport_fastrtps_cpp__visibility_control.h
[2.271s] -- Up-to-date: /home/samir/Documents/learning/ros2_ws/install/tutorial_interfaces/lib/libtutorial_interfaces__rosidl_typesupport_fastrtps_cpp.so
[2.271s] -- Up-to-date: /home/samir/Documents/learning/ros2_ws/install/tutorial_interfaces/include/tutorial_interfaces/tutorial_interfaces
[2.271s] -- Up-to-date: /home/samir/Documents/learning/ros2_ws/install/tutorial_interfaces/include/tutorial_interfaces/tutorial_interfaces/srv
[2.271s] -- Up-to-date: /home/samir/Documents/learning/ros2_ws/install/tutorial_interfaces/include/tutorial_interfaces/tutorial_interfaces/srv/detail
[2.271s] -- Up-to-date: /home/samir/Documents/learning/ros2_ws/install/tutorial_interfaces/include/tutorial_interfaces/tutorial_interfaces/srv/detail/add_three_ints__rosidl_typesupport_introspection_c.h
[2.272s] -- Up-to-date: /home/samir/Documents/learning/ros2_ws/install/tutorial_interfaces/include/tutorial_interfaces/tutorial_interfaces/srv/detail/add_three_ints__type_support.c
[2.272s] -- Up-to-date: /home/samir/Documents/learning/ros2_ws/install/tutorial_interfaces/include/tutorial_interfaces/tutorial_interfaces/msg
[2.272s] -- Up-to-date: /home/samir/Documents/learning/ros2_ws/install/tutorial_interfaces/include/tutorial_interfaces/tutorial_interfaces/msg/rosidl_typesupport_introspection_c__visibility_control.h
[2.272s] -- Up-to-date: /home/samir/Documents/learning/ros2_ws/install/tutorial_interfaces/include/tutorial_interfaces/tutorial_interfaces/msg/detail
[2.272s] -- Up-to-date: /home/samir/Documents/learning/ros2_ws/install/tutorial_interfaces/include/tutorial_interfaces/tutorial_interfaces/msg/detail/sphere__rosidl_typesupport_introspection_c.h
[2.272s] -- Up-to-date: /home/samir/Documents/learning/ros2_ws/install/tutorial_interfaces/include/tutorial_interfaces/tutorial_interfaces/msg/detail/sphere__type_support.c
[2.273s] -- Up-to-date: /home/samir/Documents/learning/ros2_ws/install/tutorial_interfaces/include/tutorial_interfaces/tutorial_interfaces/msg/detail/num__type_support.c
[2.273s] -- Up-to-date: /home/samir/Documents/learning/ros2_ws/install/tutorial_interfaces/include/tutorial_interfaces/tutorial_interfaces/msg/detail/num__rosidl_typesupport_introspection_c.h
[2.273s] -- Up-to-date: /home/samir/Documents/learning/ros2_ws/install/tutorial_interfaces/lib/libtutorial_interfaces__rosidl_typesupport_introspection_c.so
[2.273s] -- Up-to-date: /home/samir/Documents/learning/ros2_ws/install/tutorial_interfaces/lib/libtutorial_interfaces__rosidl_typesupport_c.so
[2.273s] -- Up-to-date: /home/samir/Documents/learning/ros2_ws/install/tutorial_interfaces/include/tutorial_interfaces/tutorial_interfaces
[2.274s] -- Up-to-date: /home/samir/Documents/learning/ros2_ws/install/tutorial_interfaces/include/tutorial_interfaces/tutorial_interfaces/srv
[2.274s] -- Up-to-date: /home/samir/Documents/learning/ros2_ws/install/tutorial_interfaces/include/tutorial_interfaces/tutorial_interfaces/srv/detail
[2.275s] -- Up-to-date: /home/samir/Documents/learning/ros2_ws/install/tutorial_interfaces/include/tutorial_interfaces/tutorial_interfaces/srv/detail/add_three_ints__rosidl_typesupport_introspection_cpp.hpp
[2.275s] -- Up-to-date: /home/samir/Documents/learning/ros2_ws/install/tutorial_interfaces/include/tutorial_interfaces/tutorial_interfaces/srv/detail/add_three_ints__type_support.cpp
[2.275s] -- Up-to-date: /home/samir/Documents/learning/ros2_ws/install/tutorial_interfaces/include/tutorial_interfaces/tutorial_interfaces/msg
[2.275s] -- Up-to-date: /home/samir/Documents/learning/ros2_ws/install/tutorial_interfaces/include/tutorial_interfaces/tutorial_interfaces/msg/detail
[2.275s] -- Up-to-date: /home/samir/Documents/learning/ros2_ws/install/tutorial_interfaces/include/tutorial_interfaces/tutorial_interfaces/msg/detail/num__type_support.cpp
[2.276s] -- Up-to-date: /home/samir/Documents/learning/ros2_ws/install/tutorial_interfaces/include/tutorial_interfaces/tutorial_interfaces/msg/detail/sphere__type_support.cpp
[2.276s] -- Up-to-date: /home/samir/Documents/learning/ros2_ws/install/tutorial_interfaces/include/tutorial_interfaces/tutorial_interfaces/msg/detail/sphere__rosidl_typesupport_introspection_cpp.hpp
[2.276s] -- Up-to-date: /home/samir/Documents/learning/ros2_ws/install/tutorial_interfaces/include/tutorial_interfaces/tutorial_interfaces/msg/detail/num__rosidl_typesupport_introspection_cpp.hpp
[2.276s] -- Up-to-date: /home/samir/Documents/learning/ros2_ws/install/tutorial_interfaces/lib/libtutorial_interfaces__rosidl_typesupport_introspection_cpp.so
[2.277s] -- Up-to-date: /home/samir/Documents/learning/ros2_ws/install/tutorial_interfaces/lib/libtutorial_interfaces__rosidl_typesupport_cpp.so
[2.277s] -- Up-to-date: /home/samir/Documents/learning/ros2_ws/install/tutorial_interfaces/share/tutorial_interfaces/environment/pythonpath.sh
[2.277s] -- Up-to-date: /home/samir/Documents/learning/ros2_ws/install/tutorial_interfaces/share/tutorial_interfaces/environment/pythonpath.dsv
[2.279s] -- Up-to-date: /home/samir/Documents/learning/ros2_ws/install/tutorial_interfaces/local/lib/python3.10/dist-packages/tutorial_interfaces-0.0.0-py3.10.egg-info
[2.279s] -- Installing: /home/samir/Documents/learning/ros2_ws/install/tutorial_interfaces/local/lib/python3.10/dist-packages/tutorial_interfaces-0.0.0-py3.10.egg-info/PKG-INFO
[2.279s] -- Installing: /home/samir/Documents/learning/ros2_ws/install/tutorial_interfaces/local/lib/python3.10/dist-packages/tutorial_interfaces-0.0.0-py3.10.egg-info/top_level.txt
[2.279s] -- Installing: /home/samir/Documents/learning/ros2_ws/install/tutorial_interfaces/local/lib/python3.10/dist-packages/tutorial_interfaces-0.0.0-py3.10.egg-info/dependency_links.txt
[2.279s] -- Installing: /home/samir/Documents/learning/ros2_ws/install/tutorial_interfaces/local/lib/python3.10/dist-packages/tutorial_interfaces-0.0.0-py3.10.egg-info/SOURCES.txt
[2.279s] -- Up-to-date: /home/samir/Documents/learning/ros2_ws/install/tutorial_interfaces/local/lib/python3.10/dist-packages/tutorial_interfaces
[2.279s] -- Up-to-date: /home/samir/Documents/learning/ros2_ws/install/tutorial_interfaces/local/lib/python3.10/dist-packages/tutorial_interfaces/_tutorial_interfaces_s.ep.rosidl_typesupport_fastrtps_c.c
[2.279s] -- Up-to-date: /home/samir/Documents/learning/ros2_ws/install/tutorial_interfaces/local/lib/python3.10/dist-packages/tutorial_interfaces/_tutorial_interfaces_s.ep.rosidl_typesupport_c.c
[2.280s] -- Up-to-date: /home/samir/Documents/learning/ros2_ws/install/tutorial_interfaces/local/lib/python3.10/dist-packages/tutorial_interfaces/tutorial_interfaces_s__rosidl_typesupport_introspection_c.cpython-310-x86_64-linux-gnu.so
[2.280s] -- Up-to-date: /home/samir/Documents/learning/ros2_ws/install/tutorial_interfaces/local/lib/python3.10/dist-packages/tutorial_interfaces/__init__.py
[2.280s] -- Up-to-date: /home/samir/Documents/learning/ros2_ws/install/tutorial_interfaces/local/lib/python3.10/dist-packages/tutorial_interfaces/srv
[2.280s] -- Up-to-date: /home/samir/Documents/learning/ros2_ws/install/tutorial_interfaces/local/lib/python3.10/dist-packages/tutorial_interfaces/srv/__init__.py
[2.280s] -- Up-to-date: /home/samir/Documents/learning/ros2_ws/install/tutorial_interfaces/local/lib/python3.10/dist-packages/tutorial_interfaces/srv/_add_three_ints_s.c
[2.280s] -- Up-to-date: /home/samir/Documents/learning/ros2_ws/install/tutorial_interfaces/local/lib/python3.10/dist-packages/tutorial_interfaces/srv/_add_three_ints.py
[2.280s] -- Up-to-date: /home/samir/Documents/learning/ros2_ws/install/tutorial_interfaces/local/lib/python3.10/dist-packages/tutorial_interfaces/libtutorial_interfaces__rosidl_generator_py.so
[2.280s] -- Up-to-date: /home/samir/Documents/learning/ros2_ws/install/tutorial_interfaces/local/lib/python3.10/dist-packages/tutorial_interfaces/_tutorial_interfaces_s.ep.rosidl_typesupport_introspection_c.c
[2.280s] -- Up-to-date: /home/samir/Documents/learning/ros2_ws/install/tutorial_interfaces/local/lib/python3.10/dist-packages/tutorial_interfaces/tutorial_interfaces_s__rosidl_typesupport_c.cpython-310-x86_64-linux-gnu.so
[2.280s] -- Up-to-date: /home/samir/Documents/learning/ros2_ws/install/tutorial_interfaces/local/lib/python3.10/dist-packages/tutorial_interfaces/tutorial_interfaces_s__rosidl_typesupport_fastrtps_c.cpython-310-x86_64-linux-gnu.so
[2.280s] -- Up-to-date: /home/samir/Documents/learning/ros2_ws/install/tutorial_interfaces/local/lib/python3.10/dist-packages/tutorial_interfaces/msg
[2.281s] -- Up-to-date: /home/samir/Documents/learning/ros2_ws/install/tutorial_interfaces/local/lib/python3.10/dist-packages/tutorial_interfaces/msg/_sphere.py
[2.281s] -- Up-to-date: /home/samir/Documents/learning/ros2_ws/install/tutorial_interfaces/local/lib/python3.10/dist-packages/tutorial_interfaces/msg/__init__.py
[2.281s] -- Up-to-date: /home/samir/Documents/learning/ros2_ws/install/tutorial_interfaces/local/lib/python3.10/dist-packages/tutorial_interfaces/msg/_num_s.c
[2.281s] -- Up-to-date: /home/samir/Documents/learning/ros2_ws/install/tutorial_interfaces/local/lib/python3.10/dist-packages/tutorial_interfaces/msg/_num.py
[2.281s] -- Up-to-date: /home/samir/Documents/learning/ros2_ws/install/tutorial_interfaces/local/lib/python3.10/dist-packages/tutorial_interfaces/msg/_sphere_s.c
[2.284s] Listing '/home/samir/Documents/learning/ros2_ws/install/tutorial_interfaces/local/lib/python3.10/dist-packages/tutorial_interfaces'...
[2.284s] Listing '/home/samir/Documents/learning/ros2_ws/install/tutorial_interfaces/local/lib/python3.10/dist-packages/tutorial_interfaces/msg'...
[2.284s] Listing '/home/samir/Documents/learning/ros2_ws/install/tutorial_interfaces/local/lib/python3.10/dist-packages/tutorial_interfaces/srv'...
[2.287s] -- Up-to-date: /home/samir/Documents/learning/ros2_ws/install/tutorial_interfaces/local/lib/python3.10/dist-packages/tutorial_interfaces/tutorial_interfaces_s__rosidl_typesupport_fastrtps_c.cpython-310-x86_64-linux-gnu.so
[2.287s] -- Up-to-date: /home/samir/Documents/learning/ros2_ws/install/tutorial_interfaces/local/lib/python3.10/dist-packages/tutorial_interfaces/tutorial_interfaces_s__rosidl_typesupport_introspection_c.cpython-310-x86_64-linux-gnu.so
[2.287s] -- Up-to-date: /home/samir/Documents/learning/ros2_ws/install/tutorial_interfaces/local/lib/python3.10/dist-packages/tutorial_interfaces/tutorial_interfaces_s__rosidl_typesupport_c.cpython-310-x86_64-linux-gnu.so
[2.288s] -- Up-to-date: /home/samir/Documents/learning/ros2_ws/install/tutorial_interfaces/lib/libtutorial_interfaces__rosidl_generator_py.so
[2.288s] -- Up-to-date: /home/samir/Documents/learning/ros2_ws/install/tutorial_interfaces/share/tutorial_interfaces/msg/Num.idl
[2.288s] -- Up-to-date: /home/samir/Documents/learning/ros2_ws/install/tutorial_interfaces/share/tutorial_interfaces/msg/Sphere.idl
[2.288s] -- Up-to-date: /home/samir/Documents/learning/ros2_ws/install/tutorial_interfaces/share/tutorial_interfaces/srv/AddThreeInts.idl
[2.288s] -- Up-to-date: /home/samir/Documents/learning/ros2_ws/install/tutorial_interfaces/share/tutorial_interfaces/msg/Num.msg
[2.288s] -- Up-to-date: /home/samir/Documents/learning/ros2_ws/install/tutorial_interfaces/share/tutorial_interfaces/msg/Sphere.msg
[2.289s] -- Up-to-date: /home/samir/Documents/learning/ros2_ws/install/tutorial_interfaces/share/tutorial_interfaces/srv/AddThreeInts.srv
[2.289s] -- Up-to-date: /home/samir/Documents/learning/ros2_ws/install/tutorial_interfaces/share/tutorial_interfaces/srv/AddThreeInts_Request.msg
[2.289s] -- Up-to-date: /home/samir/Documents/learning/ros2_ws/install/tutorial_interfaces/share/tutorial_interfaces/srv/AddThreeInts_Response.msg
[2.289s] -- Up-to-date: /home/samir/Documents/learning/ros2_ws/install/tutorial_interfaces/share/ament_index/resource_index/package_run_dependencies/tutorial_interfaces
[2.290s] -- Up-to-date: /home/samir/Documents/learning/ros2_ws/install/tutorial_interfaces/share/ament_index/resource_index/parent_prefix_path/tutorial_interfaces
[2.290s] -- Up-to-date: /home/samir/Documents/learning/ros2_ws/install/tutorial_interfaces/share/tutorial_interfaces/environment/ament_prefix_path.sh
[2.290s] -- Up-to-date: /home/samir/Documents/learning/ros2_ws/install/tutorial_interfaces/share/tutorial_interfaces/environment/ament_prefix_path.dsv
[2.290s] -- Up-to-date: /home/samir/Documents/learning/ros2_ws/install/tutorial_interfaces/share/tutorial_interfaces/environment/path.sh
[2.290s] -- Up-to-date: /home/samir/Documents/learning/ros2_ws/install/tutorial_interfaces/share/tutorial_interfaces/environment/path.dsv
[2.291s] -- Up-to-date: /home/samir/Documents/learning/ros2_ws/install/tutorial_interfaces/share/tutorial_interfaces/local_setup.bash
[2.291s] -- Up-to-date: /home/samir/Documents/learning/ros2_ws/install/tutorial_interfaces/share/tutorial_interfaces/local_setup.sh
[2.291s] -- Up-to-date: /home/samir/Documents/learning/ros2_ws/install/tutorial_interfaces/share/tutorial_interfaces/local_setup.zsh
[2.291s] -- Up-to-date: /home/samir/Documents/learning/ros2_ws/install/tutorial_interfaces/share/tutorial_interfaces/local_setup.dsv
[2.291s] -- Installing: /home/samir/Documents/learning/ros2_ws/install/tutorial_interfaces/share/tutorial_interfaces/package.dsv
[2.292s] -- Up-to-date: /home/samir/Documents/learning/ros2_ws/install/tutorial_interfaces/share/ament_index/resource_index/packages/tutorial_interfaces
[2.292s] -- Up-to-date: /home/samir/Documents/learning/ros2_ws/install/tutorial_interfaces/share/tutorial_interfaces/cmake/export_tutorial_interfaces__rosidl_generator_cExport.cmake
[2.292s] -- Up-to-date: /home/samir/Documents/learning/ros2_ws/install/tutorial_interfaces/share/tutorial_interfaces/cmake/export_tutorial_interfaces__rosidl_generator_cExport-noconfig.cmake
[2.292s] -- Up-to-date: /home/samir/Documents/learning/ros2_ws/install/tutorial_interfaces/share/tutorial_interfaces/cmake/export_tutorial_interfaces__rosidl_typesupport_fastrtps_cExport.cmake
[2.293s] -- Up-to-date: /home/samir/Documents/learning/ros2_ws/install/tutorial_interfaces/share/tutorial_interfaces/cmake/export_tutorial_interfaces__rosidl_typesupport_fastrtps_cExport-noconfig.cmake
[2.293s] -- Up-to-date: /home/samir/Documents/learning/ros2_ws/install/tutorial_interfaces/share/tutorial_interfaces/cmake/export_tutorial_interfaces__rosidl_generator_cppExport.cmake
[2.293s] -- Up-to-date: /home/samir/Documents/learning/ros2_ws/install/tutorial_interfaces/share/tutorial_interfaces/cmake/export_tutorial_interfaces__rosidl_typesupport_fastrtps_cppExport.cmake
[2.293s] -- Up-to-date: /home/samir/Documents/learning/ros2_ws/install/tutorial_interfaces/share/tutorial_interfaces/cmake/export_tutorial_interfaces__rosidl_typesupport_fastrtps_cppExport-noconfig.cmake
[2.293s] -- Up-to-date: /home/samir/Documents/learning/ros2_ws/install/tutorial_interfaces/share/tutorial_interfaces/cmake/tutorial_interfaces__rosidl_typesupport_introspection_cExport.cmake
[2.294s] -- Up-to-date: /home/samir/Documents/learning/ros2_ws/install/tutorial_interfaces/share/tutorial_interfaces/cmake/tutorial_interfaces__rosidl_typesupport_introspection_cExport-noconfig.cmake
[2.294s] -- Up-to-date: /home/samir/Documents/learning/ros2_ws/install/tutorial_interfaces/share/tutorial_interfaces/cmake/tutorial_interfaces__rosidl_typesupport_cExport.cmake
[2.294s] -- Up-to-date: /home/samir/Documents/learning/ros2_ws/install/tutorial_interfaces/share/tutorial_interfaces/cmake/tutorial_interfaces__rosidl_typesupport_cExport-noconfig.cmake
[2.294s] -- Up-to-date: /home/samir/Documents/learning/ros2_ws/install/tutorial_interfaces/share/tutorial_interfaces/cmake/tutorial_interfaces__rosidl_typesupport_introspection_cppExport.cmake
[2.294s] -- Up-to-date: /home/samir/Documents/learning/ros2_ws/install/tutorial_interfaces/share/tutorial_interfaces/cmake/tutorial_interfaces__rosidl_typesupport_introspection_cppExport-noconfig.cmake
[2.295s] -- Up-to-date: /home/samir/Documents/learning/ros2_ws/install/tutorial_interfaces/share/tutorial_interfaces/cmake/tutorial_interfaces__rosidl_typesupport_cppExport.cmake
[2.295s] -- Up-to-date: /home/samir/Documents/learning/ros2_ws/install/tutorial_interfaces/share/tutorial_interfaces/cmake/tutorial_interfaces__rosidl_typesupport_cppExport-noconfig.cmake
[2.295s] -- Up-to-date: /home/samir/Documents/learning/ros2_ws/install/tutorial_interfaces/share/tutorial_interfaces/cmake/export_tutorial_interfaces__rosidl_generator_pyExport.cmake
[2.295s] -- Up-to-date: /home/samir/Documents/learning/ros2_ws/install/tutorial_interfaces/share/tutorial_interfaces/cmake/export_tutorial_interfaces__rosidl_generator_pyExport-noconfig.cmake
[2.295s] -- Up-to-date: /home/samir/Documents/learning/ros2_ws/install/tutorial_interfaces/share/tutorial_interfaces/cmake/rosidl_cmake-extras.cmake
[2.295s] -- Up-to-date: /home/samir/Documents/learning/ros2_ws/install/tutorial_interfaces/share/tutorial_interfaces/cmake/ament_cmake_export_dependencies-extras.cmake
[2.296s] -- Up-to-date: /home/samir/Documents/learning/ros2_ws/install/tutorial_interfaces/share/tutorial_interfaces/cmake/ament_cmake_export_include_directories-extras.cmake
[2.296s] -- Up-to-date: /home/samir/Documents/learning/ros2_ws/install/tutorial_interfaces/share/tutorial_interfaces/cmake/ament_cmake_export_libraries-extras.cmake
[2.296s] -- Up-to-date: /home/samir/Documents/learning/ros2_ws/install/tutorial_interfaces/share/tutorial_interfaces/cmake/ament_cmake_export_targets-extras.cmake
[2.296s] -- Up-to-date: /home/samir/Documents/learning/ros2_ws/install/tutorial_interfaces/share/tutorial_interfaces/cmake/rosidl_cmake_export_typesupport_targets-extras.cmake
[2.296s] -- Up-to-date: /home/samir/Documents/learning/ros2_ws/install/tutorial_interfaces/share/tutorial_interfaces/cmake/rosidl_cmake_export_typesupport_libraries-extras.cmake
[2.296s] -- Up-to-date: /home/samir/Documents/learning/ros2_ws/install/tutorial_interfaces/share/tutorial_interfaces/cmake/tutorial_interfacesConfig.cmake
[2.296s] -- Up-to-date: /home/samir/Documents/learning/ros2_ws/install/tutorial_interfaces/share/tutorial_interfaces/cmake/tutorial_interfacesConfig-version.cmake
[2.297s] -- Up-to-date: /home/samir/Documents/learning/ros2_ws/install/tutorial_interfaces/share/tutorial_interfaces/package.xml
[3.029s] Invoked command in '/home/samir/Documents/learning/ros2_ws/build/tutorial_interfaces' returned '0': CMAKE_PREFIX_PATH=/opt/ros/humble /home/samir/.local/bin/cmake --install /home/samir/Documents/learning/ros2_ws/build/tutorial_interfaces
