[2.838s] Invoking command in '/home/samir/Documents/learning/ros2_ws/src/examples/rclpy/topics/pointcloud_publisher': PYTHONPATH=/home/samir/Documents/learning/ros2_ws/build/examples_rclpy_pointcloud_publisher/prefix_override:/home/samir/Documents/learning/ros2_ws/install/examples_rclpy_pointcloud_publisher/lib/python3.10/site-packages:${PYTHONPATH} /usr/bin/python3 setup.py egg_info --egg-base ../../../../../build/examples_rclpy_pointcloud_publisher build --build-base /home/samir/Documents/learning/ros2_ws/build/examples_rclpy_pointcloud_publisher/build install --record /home/samir/Documents/learning/ros2_ws/build/examples_rclpy_pointcloud_publisher/install.log --single-version-externally-managed
[3.123s] running egg_info
[3.124s] writing ../../../../../build/examples_rclpy_pointcloud_publisher/examples_rclpy_pointcloud_publisher.egg-info/PKG-INFO
[3.124s] writing dependency_links to ../../../../../build/examples_rclpy_pointcloud_publisher/examples_rclpy_pointcloud_publisher.egg-info/dependency_links.txt
[3.125s] writing entry points to ../../../../../build/examples_rclpy_pointcloud_publisher/examples_rclpy_pointcloud_publisher.egg-info/entry_points.txt
[3.125s] writing requirements to ../../../../../build/examples_rclpy_pointcloud_publisher/examples_rclpy_pointcloud_publisher.egg-info/requires.txt
[3.125s] writing top-level names to ../../../../../build/examples_rclpy_pointcloud_publisher/examples_rclpy_pointcloud_publisher.egg-info/top_level.txt
[3.128s] reading manifest file '../../../../../build/examples_rclpy_pointcloud_publisher/examples_rclpy_pointcloud_publisher.egg-info/SOURCES.txt'
[3.129s] writing manifest file '../../../../../build/examples_rclpy_pointcloud_publisher/examples_rclpy_pointcloud_publisher.egg-info/SOURCES.txt'
[3.130s] running build
[3.130s] running build_py
[3.130s] running install
[3.131s] /usr/lib/python3/dist-packages/setuptools/command/install.py:34: SetuptoolsDeprecationWarning: setup.py install is deprecated. Use build and pip and other standards-based tools.
[3.131s]   warnings.warn(
[3.131s] running install_lib
[3.132s] running install_data
[3.133s] running install_egg_info
[3.135s] removing '/home/samir/Documents/learning/ros2_ws/install/examples_rclpy_pointcloud_publisher/lib/python3.10/site-packages/examples_rclpy_pointcloud_publisher-0.15.1-py3.10.egg-info' (and everything under it)
[3.135s] Copying ../../../../../build/examples_rclpy_pointcloud_publisher/examples_rclpy_pointcloud_publisher.egg-info to /home/samir/Documents/learning/ros2_ws/install/examples_rclpy_pointcloud_publisher/lib/python3.10/site-packages/examples_rclpy_pointcloud_publisher-0.15.1-py3.10.egg-info
[3.136s] running install_scripts
[3.161s] Installing pointcloud_publisher script to /home/samir/Documents/learning/ros2_ws/install/examples_rclpy_pointcloud_publisher/lib/examples_rclpy_pointcloud_publisher
[3.161s] writing list of installed files to '/home/samir/Documents/learning/ros2_ws/build/examples_rclpy_pointcloud_publisher/install.log'
[3.411s] Invoked command in '/home/samir/Documents/learning/ros2_ws/src/examples/rclpy/topics/pointcloud_publisher' returned '0': PYTHONPATH=/home/samir/Documents/learning/ros2_ws/build/examples_rclpy_pointcloud_publisher/prefix_override:/home/samir/Documents/learning/ros2_ws/install/examples_rclpy_pointcloud_publisher/lib/python3.10/site-packages:${PYTHONPATH} /usr/bin/python3 setup.py egg_info --egg-base ../../../../../build/examples_rclpy_pointcloud_publisher build --build-base /home/samir/Documents/learning/ros2_ws/build/examples_rclpy_pointcloud_publisher/build install --record /home/samir/Documents/learning/ros2_ws/build/examples_rclpy_pointcloud_publisher/install.log --single-version-externally-managed
