[0.672s] Invoking command in '/home/samir/Documents/learning/ros2_ws/build/tutorial_interfaces': CMAKE_PREFIX_PATH=/opt/ros/humble /home/samir/.local/bin/cmake --build /home/samir/Documents/learning/ros2_ws/build/tutorial_interfaces -- -j16 -l16
[1.453s] [  2%] Built target tutorial_interfaces__cpp
[1.453s] [ 12%] Built target tutorial_interfaces__rosidl_generator_c
[1.453s] [ 12%] Built target ament_cmake_python_copy_tutorial_interfaces
[1.454s] [ 23%] Built target tutorial_interfaces__rosidl_typesupport_cpp
[1.454s] [ 34%] Built target tutorial_interfaces__rosidl_typesupport_fastrtps_cpp
[1.454s] [ 44%] Built target tutorial_interfaces__rosidl_typesupport_introspection_c
[1.455s] [ 55%] Built target tutorial_interfaces__rosidl_typesupport_c
[1.455s] [ 65%] Built target tutorial_interfaces__rosidl_typesupport_introspection_cpp
[1.456s] [ 76%] Built target tutorial_interfaces__rosidl_typesupport_fastrtps_c
[1.456s] [ 76%] Built target tutorial_interfaces
[1.456s] [ 78%] Built target tutorial_interfaces__py
[1.457s] [ 87%] Built target tutorial_interfaces__rosidl_generator_py
[1.457s] [100%] Built target tutorial_interfaces__rosidl_typesupport_fastrtps_c__pyext
[1.457s] [100%] Built target tutorial_interfaces__rosidl_typesupport_c__pyext
[1.458s] [100%] Built target tutorial_interfaces__rosidl_typesupport_introspection_c__pyext
[1.458s] running egg_info
[1.458s] writing tutorial_interfaces.egg-info/PKG-INFO
[1.458s] writing dependency_links to tutorial_interfaces.egg-info/dependency_links.txt
[1.459s] writing top-level names to tutorial_interfaces.egg-info/top_level.txt
[1.459s] reading manifest file 'tutorial_interfaces.egg-info/SOURCES.txt'
[1.459s] writing manifest file 'tutorial_interfaces.egg-info/SOURCES.txt'
[1.460s] [100%] Built target ament_cmake_python_build_tutorial_interfaces_egg
[1.482s] Invoked command in '/home/samir/Documents/learning/ros2_ws/build/tutorial_interfaces' returned '0': CMAKE_PREFIX_PATH=/opt/ros/humble /home/samir/.local/bin/cmake --build /home/samir/Documents/learning/ros2_ws/build/tutorial_interfaces -- -j16 -l16
[2.250s] Invoking command in '/home/samir/Documents/learning/ros2_ws/build/tutorial_interfaces': CMAKE_PREFIX_PATH=/opt/ros/humble /home/samir/.local/bin/cmake --install /home/samir/Documents/learning/ros2_ws/build/tutorial_interfaces
[2.270s] -- Install configuration: ""
[2.270s] -- Up-to-date: /home/samir/Documents/learning/ros2_ws/install/tutorial_interfaces/share/ament_index/resource_index/rosidl_interfaces/tutorial_interfaces
[2.271s] -- Up-to-date: /home/samir/Documents/learning/ros2_ws/install/tutorial_interfaces/include/tutorial_interfaces/tutorial_interfaces
[2.271s] -- Up-to-date: /home/samir/Documents/learning/ros2_ws/install/tutorial_interfaces/include/tutorial_interfaces/tutorial_interfaces/srv
[2.271s] -- Up-to-date: /home/samir/Documents/learning/ros2_ws/install/tutorial_interfaces/include/tutorial_interfaces/tutorial_interfaces/srv/detail
[2.271s] -- Up-to-date: /home/samir/Documents/learning/ros2_ws/install/tutorial_interfaces/include/tutorial_interfaces/tutorial_interfaces/srv/detail/add_three_ints__functions.h
[2.271s] -- Up-to-date: /home/samir/Documents/learning/ros2_ws/install/tutorial_interfaces/include/tutorial_interfaces/tutorial_interfaces/srv/detail/add_three_ints__functions.c
[2.271s] -- Up-to-date: /home/samir/Documents/learning/ros2_ws/install/tutorial_interfaces/include/tutorial_interfaces/tutorial_interfaces/srv/detail/add_three_ints__type_support.h
[2.272s] -- Up-to-date: /home/samir/Documents/learning/ros2_ws/install/tutorial_interfaces/include/tutorial_interfaces/tutorial_interfaces/srv/detail/add_three_ints__struct.h
[2.272s] -- Up-to-date: /home/samir/Documents/learning/ros2_ws/install/tutorial_interfaces/include/tutorial_interfaces/tutorial_interfaces/srv/add_three_ints.h
[2.272s] -- Up-to-date: /home/samir/Documents/learning/ros2_ws/install/tutorial_interfaces/include/tutorial_interfaces/tutorial_interfaces/msg
[2.273s] -- Up-to-date: /home/samir/Documents/learning/ros2_ws/install/tutorial_interfaces/include/tutorial_interfaces/tutorial_interfaces/msg/rosidl_generator_c__visibility_control.h
[2.273s] -- Up-to-date: /home/samir/Documents/learning/ros2_ws/install/tutorial_interfaces/include/tutorial_interfaces/tutorial_interfaces/msg/num.h
[2.273s] -- Up-to-date: /home/samir/Documents/learning/ros2_ws/install/tutorial_interfaces/include/tutorial_interfaces/tutorial_interfaces/msg/detail
[2.273s] -- Up-to-date: /home/samir/Documents/learning/ros2_ws/install/tutorial_interfaces/include/tutorial_interfaces/tutorial_interfaces/msg/detail/num__functions.h
[2.273s] -- Up-to-date: /home/samir/Documents/learning/ros2_ws/install/tutorial_interfaces/include/tutorial_interfaces/tutorial_interfaces/msg/detail/sphere__struct.h
[2.274s] -- Up-to-date: /home/samir/Documents/learning/ros2_ws/install/tutorial_interfaces/include/tutorial_interfaces/tutorial_interfaces/msg/detail/sphere__functions.c
[2.274s] -- Up-to-date: /home/samir/Documents/learning/ros2_ws/install/tutorial_interfaces/include/tutorial_interfaces/tutorial_interfaces/msg/detail/num__struct.h
[2.274s] -- Up-to-date: /home/samir/Documents/learning/ros2_ws/install/tutorial_interfaces/include/tutorial_interfaces/tutorial_interfaces/msg/detail/sphere__type_support.h
[2.274s] -- Up-to-date: /home/samir/Documents/learning/ros2_ws/install/tutorial_interfaces/include/tutorial_interfaces/tutorial_interfaces/msg/detail/num__type_support.h
[2.275s] -- Up-to-date: /home/samir/Documents/learning/ros2_ws/install/tutorial_interfaces/include/tutorial_interfaces/tutorial_interfaces/msg/detail/sphere__functions.h
[2.275s] -- Up-to-date: /home/samir/Documents/learning/ros2_ws/install/tutorial_interfaces/include/tutorial_interfaces/tutorial_interfaces/msg/detail/num__functions.c
[2.275s] -- Up-to-date: /home/samir/Documents/learning/ros2_ws/install/tutorial_interfaces/include/tutorial_interfaces/tutorial_interfaces/msg/sphere.h
[2.275s] -- Up-to-date: /home/samir/Documents/learning/ros2_ws/install/tutorial_interfaces/share/tutorial_interfaces/environment/library_path.sh
[2.276s] -- Up-to-date: /home/samir/Documents/learning/ros2_ws/install/tutorial_interfaces/share/tutorial_interfaces/environment/library_path.dsv
[2.276s] -- Up-to-date: /home/samir/Documents/learning/ros2_ws/install/tutorial_interfaces/lib/libtutorial_interfaces__rosidl_generator_c.so
[2.276s] -- Up-to-date: /home/samir/Documents/learning/ros2_ws/install/tutorial_interfaces/include/tutorial_interfaces/tutorial_interfaces
[2.276s] -- Up-to-date: /home/samir/Documents/learning/ros2_ws/install/tutorial_interfaces/include/tutorial_interfaces/tutorial_interfaces/srv
[2.276s] -- Up-to-date: /home/samir/Documents/learning/ros2_ws/install/tutorial_interfaces/include/tutorial_interfaces/tutorial_interfaces/srv/detail
[2.277s] -- Up-to-date: /home/samir/Documents/learning/ros2_ws/install/tutorial_interfaces/include/tutorial_interfaces/tutorial_interfaces/srv/detail/add_three_ints__rosidl_typesupport_fastrtps_c.h
[2.277s] -- Up-to-date: /home/samir/Documents/learning/ros2_ws/install/tutorial_interfaces/include/tutorial_interfaces/tutorial_interfaces/msg
[2.277s] -- Up-to-date: /home/samir/Documents/learning/ros2_ws/install/tutorial_interfaces/include/tutorial_interfaces/tutorial_interfaces/msg/rosidl_typesupport_fastrtps_c__visibility_control.h
[2.277s] -- Up-to-date: /home/samir/Documents/learning/ros2_ws/install/tutorial_interfaces/include/tutorial_interfaces/tutorial_interfaces/msg/detail
[2.277s] -- Up-to-date: /home/samir/Documents/learning/ros2_ws/install/tutorial_interfaces/include/tutorial_interfaces/tutorial_interfaces/msg/detail/sphere__rosidl_typesupport_fastrtps_c.h
[2.278s] -- Up-to-date: /home/samir/Documents/learning/ros2_ws/install/tutorial_interfaces/include/tutorial_interfaces/tutorial_interfaces/msg/detail/num__rosidl_typesupport_fastrtps_c.h
[2.278s] -- Up-to-date: /home/samir/Documents/learning/ros2_ws/install/tutorial_interfaces/lib/libtutorial_interfaces__rosidl_typesupport_fastrtps_c.so
[2.278s] -- Up-to-date: /home/samir/Documents/learning/ros2_ws/install/tutorial_interfaces/include/tutorial_interfaces/tutorial_interfaces
[2.278s] -- Up-to-date: /home/samir/Documents/learning/ros2_ws/install/tutorial_interfaces/include/tutorial_interfaces/tutorial_interfaces/srv
[2.278s] -- Up-to-date: /home/samir/Documents/learning/ros2_ws/install/tutorial_interfaces/include/tutorial_interfaces/tutorial_interfaces/srv/detail
[2.279s] -- Up-to-date: /home/samir/Documents/learning/ros2_ws/install/tutorial_interfaces/include/tutorial_interfaces/tutorial_interfaces/srv/detail/add_three_ints__traits.hpp
[2.279s] -- Up-to-date: /home/samir/Documents/learning/ros2_ws/install/tutorial_interfaces/include/tutorial_interfaces/tutorial_interfaces/srv/detail/add_three_ints__struct.hpp
[2.279s] -- Up-to-date: /home/samir/Documents/learning/ros2_ws/install/tutorial_interfaces/include/tutorial_interfaces/tutorial_interfaces/srv/detail/add_three_ints__builder.hpp
[2.279s] -- Up-to-date: /home/samir/Documents/learning/ros2_ws/install/tutorial_interfaces/include/tutorial_interfaces/tutorial_interfaces/srv/add_three_ints.hpp
[2.280s] -- Up-to-date: /home/samir/Documents/learning/ros2_ws/install/tutorial_interfaces/include/tutorial_interfaces/tutorial_interfaces/msg
[2.280s] -- Up-to-date: /home/samir/Documents/learning/ros2_ws/install/tutorial_interfaces/include/tutorial_interfaces/tutorial_interfaces/msg/detail
[2.280s] -- Up-to-date: /home/samir/Documents/learning/ros2_ws/install/tutorial_interfaces/include/tutorial_interfaces/tutorial_interfaces/msg/detail/sphere__builder.hpp
[2.280s] -- Up-to-date: /home/samir/Documents/learning/ros2_ws/install/tutorial_interfaces/include/tutorial_interfaces/tutorial_interfaces/msg/detail/sphere__struct.hpp
[2.281s] -- Up-to-date: /home/samir/Documents/learning/ros2_ws/install/tutorial_interfaces/include/tutorial_interfaces/tutorial_interfaces/msg/detail/num__struct.hpp
[2.281s] -- Up-to-date: /home/samir/Documents/learning/ros2_ws/install/tutorial_interfaces/include/tutorial_interfaces/tutorial_interfaces/msg/detail/sphere__traits.hpp
[2.281s] -- Up-to-date: /home/samir/Documents/learning/ros2_ws/install/tutorial_interfaces/include/tutorial_interfaces/tutorial_interfaces/msg/detail/num__builder.hpp
[2.281s] -- Up-to-date: /home/samir/Documents/learning/ros2_ws/install/tutorial_interfaces/include/tutorial_interfaces/tutorial_interfaces/msg/detail/num__traits.hpp
[2.282s] -- Up-to-date: /home/samir/Documents/learning/ros2_ws/install/tutorial_interfaces/include/tutorial_interfaces/tutorial_interfaces/msg/sphere.hpp
[2.282s] -- Up-to-date: /home/samir/Documents/learning/ros2_ws/install/tutorial_interfaces/include/tutorial_interfaces/tutorial_interfaces/msg/num.hpp
[2.282s] -- Up-to-date: /home/samir/Documents/learning/ros2_ws/install/tutorial_interfaces/include/tutorial_interfaces/tutorial_interfaces
[2.282s] -- Up-to-date: /home/samir/Documents/learning/ros2_ws/install/tutorial_interfaces/include/tutorial_interfaces/tutorial_interfaces/srv
[2.283s] -- Up-to-date: /home/samir/Documents/learning/ros2_ws/install/tutorial_interfaces/include/tutorial_interfaces/tutorial_interfaces/srv/detail
[2.283s] -- Up-to-date: /home/samir/Documents/learning/ros2_ws/install/tutorial_interfaces/include/tutorial_interfaces/tutorial_interfaces/srv/detail/add_three_ints__rosidl_typesupport_fastrtps_cpp.hpp
[2.283s] -- Up-to-date: /home/samir/Documents/learning/ros2_ws/install/tutorial_interfaces/include/tutorial_interfaces/tutorial_interfaces/srv/detail/dds_fastrtps
[2.283s] -- Up-to-date: /home/samir/Documents/learning/ros2_ws/install/tutorial_interfaces/include/tutorial_interfaces/tutorial_interfaces/msg
[2.283s] -- Up-to-date: /home/samir/Documents/learning/ros2_ws/install/tutorial_interfaces/include/tutorial_interfaces/tutorial_interfaces/msg/detail
[2.284s] -- Up-to-date: /home/samir/Documents/learning/ros2_ws/install/tutorial_interfaces/include/tutorial_interfaces/tutorial_interfaces/msg/detail/sphere__rosidl_typesupport_fastrtps_cpp.hpp
[2.284s] -- Up-to-date: /home/samir/Documents/learning/ros2_ws/install/tutorial_interfaces/include/tutorial_interfaces/tutorial_interfaces/msg/detail/dds_fastrtps
[2.284s] -- Up-to-date: /home/samir/Documents/learning/ros2_ws/install/tutorial_interfaces/include/tutorial_interfaces/tutorial_interfaces/msg/detail/num__rosidl_typesupport_fastrtps_cpp.hpp
[2.284s] -- Up-to-date: /home/samir/Documents/learning/ros2_ws/install/tutorial_interfaces/include/tutorial_interfaces/tutorial_interfaces/msg/rosidl_typesupport_fastrtps_cpp__visibility_control.h
[2.284s] -- Up-to-date: /home/samir/Documents/learning/ros2_ws/install/tutorial_interfaces/lib/libtutorial_interfaces__rosidl_typesupport_fastrtps_cpp.so
[2.284s] -- Up-to-date: /home/samir/Documents/learning/ros2_ws/install/tutorial_interfaces/include/tutorial_interfaces/tutorial_interfaces
[2.284s] -- Up-to-date: /home/samir/Documents/learning/ros2_ws/install/tutorial_interfaces/include/tutorial_interfaces/tutorial_interfaces/srv
[2.285s] -- Up-to-date: /home/samir/Documents/learning/ros2_ws/install/tutorial_interfaces/include/tutorial_interfaces/tutorial_interfaces/srv/detail
[2.285s] -- Up-to-date: /home/samir/Documents/learning/ros2_ws/install/tutorial_interfaces/include/tutorial_interfaces/tutorial_interfaces/srv/detail/add_three_ints__rosidl_typesupport_introspection_c.h
[2.285s] -- Up-to-date: /home/samir/Documents/learning/ros2_ws/install/tutorial_interfaces/include/tutorial_interfaces/tutorial_interfaces/srv/detail/add_three_ints__type_support.c
[2.285s] -- Up-to-date: /home/samir/Documents/learning/ros2_ws/install/tutorial_interfaces/include/tutorial_interfaces/tutorial_interfaces/msg
[2.285s] -- Up-to-date: /home/samir/Documents/learning/ros2_ws/install/tutorial_interfaces/include/tutorial_interfaces/tutorial_interfaces/msg/rosidl_typesupport_introspection_c__visibility_control.h
[2.285s] -- Up-to-date: /home/samir/Documents/learning/ros2_ws/install/tutorial_interfaces/include/tutorial_interfaces/tutorial_interfaces/msg/detail
[2.286s] -- Up-to-date: /home/samir/Documents/learning/ros2_ws/install/tutorial_interfaces/include/tutorial_interfaces/tutorial_interfaces/msg/detail/sphere__rosidl_typesupport_introspection_c.h
[2.286s] -- Up-to-date: /home/samir/Documents/learning/ros2_ws/install/tutorial_interfaces/include/tutorial_interfaces/tutorial_interfaces/msg/detail/sphere__type_support.c
[2.287s] -- Up-to-date: /home/samir/Documents/learning/ros2_ws/install/tutorial_interfaces/include/tutorial_interfaces/tutorial_interfaces/msg/detail/num__type_support.c
[2.287s] -- Up-to-date: /home/samir/Documents/learning/ros2_ws/install/tutorial_interfaces/include/tutorial_interfaces/tutorial_interfaces/msg/detail/num__rosidl_typesupport_introspection_c.h
[2.287s] -- Up-to-date: /home/samir/Documents/learning/ros2_ws/install/tutorial_interfaces/lib/libtutorial_interfaces__rosidl_typesupport_introspection_c.so
[2.287s] -- Up-to-date: /home/samir/Documents/learning/ros2_ws/install/tutorial_interfaces/lib/libtutorial_interfaces__rosidl_typesupport_c.so
[2.287s] -- Up-to-date: /home/samir/Documents/learning/ros2_ws/install/tutorial_interfaces/include/tutorial_interfaces/tutorial_interfaces
[2.288s] -- Up-to-date: /home/samir/Documents/learning/ros2_ws/install/tutorial_interfaces/include/tutorial_interfaces/tutorial_interfaces/srv
[2.288s] -- Up-to-date: /home/samir/Documents/learning/ros2_ws/install/tutorial_interfaces/include/tutorial_interfaces/tutorial_interfaces/srv/detail
[2.288s] -- Up-to-date: /home/samir/Documents/learning/ros2_ws/install/tutorial_interfaces/include/tutorial_interfaces/tutorial_interfaces/srv/detail/add_three_ints__rosidl_typesupport_introspection_cpp.hpp
[2.288s] -- Up-to-date: /home/samir/Documents/learning/ros2_ws/install/tutorial_interfaces/include/tutorial_interfaces/tutorial_interfaces/srv/detail/add_three_ints__type_support.cpp
[2.289s] -- Up-to-date: /home/samir/Documents/learning/ros2_ws/install/tutorial_interfaces/include/tutorial_interfaces/tutorial_interfaces/msg
[2.290s] -- Up-to-date: /home/samir/Documents/learning/ros2_ws/install/tutorial_interfaces/include/tutorial_interfaces/tutorial_interfaces/msg/detail
[2.290s] -- Up-to-date: /home/samir/Documents/learning/ros2_ws/install/tutorial_interfaces/include/tutorial_interfaces/tutorial_interfaces/msg/detail/num__type_support.cpp
[2.290s] -- Up-to-date: /home/samir/Documents/learning/ros2_ws/install/tutorial_interfaces/include/tutorial_interfaces/tutorial_interfaces/msg/detail/sphere__type_support.cpp
[2.290s] -- Up-to-date: /home/samir/Documents/learning/ros2_ws/install/tutorial_interfaces/include/tutorial_interfaces/tutorial_interfaces/msg/detail/sphere__rosidl_typesupport_introspection_cpp.hpp
[2.290s] -- Up-to-date: /home/samir/Documents/learning/ros2_ws/install/tutorial_interfaces/include/tutorial_interfaces/tutorial_interfaces/msg/detail/num__rosidl_typesupport_introspection_cpp.hpp
[2.290s] -- Up-to-date: /home/samir/Documents/learning/ros2_ws/install/tutorial_interfaces/lib/libtutorial_interfaces__rosidl_typesupport_introspection_cpp.so
[2.290s] -- Up-to-date: /home/samir/Documents/learning/ros2_ws/install/tutorial_interfaces/lib/libtutorial_interfaces__rosidl_typesupport_cpp.so
[2.290s] -- Up-to-date: /home/samir/Documents/learning/ros2_ws/install/tutorial_interfaces/share/tutorial_interfaces/environment/pythonpath.sh
[2.290s] -- Up-to-date: /home/samir/Documents/learning/ros2_ws/install/tutorial_interfaces/share/tutorial_interfaces/environment/pythonpath.dsv
[2.291s] -- Up-to-date: /home/samir/Documents/learning/ros2_ws/install/tutorial_interfaces/local/lib/python3.10/dist-packages/tutorial_interfaces-0.0.0-py3.10.egg-info
[2.291s] -- Installing: /home/samir/Documents/learning/ros2_ws/install/tutorial_interfaces/local/lib/python3.10/dist-packages/tutorial_interfaces-0.0.0-py3.10.egg-info/PKG-INFO
[2.291s] -- Installing: /home/samir/Documents/learning/ros2_ws/install/tutorial_interfaces/local/lib/python3.10/dist-packages/tutorial_interfaces-0.0.0-py3.10.egg-info/top_level.txt
[2.291s] -- Installing: /home/samir/Documents/learning/ros2_ws/install/tutorial_interfaces/local/lib/python3.10/dist-packages/tutorial_interfaces-0.0.0-py3.10.egg-info/dependency_links.txt
[2.291s] -- Installing: /home/samir/Documents/learning/ros2_ws/install/tutorial_interfaces/local/lib/python3.10/dist-packages/tutorial_interfaces-0.0.0-py3.10.egg-info/SOURCES.txt
[2.291s] -- Up-to-date: /home/samir/Documents/learning/ros2_ws/install/tutorial_interfaces/local/lib/python3.10/dist-packages/tutorial_interfaces
[2.291s] -- Up-to-date: /home/samir/Documents/learning/ros2_ws/install/tutorial_interfaces/local/lib/python3.10/dist-packages/tutorial_interfaces/_tutorial_interfaces_s.ep.rosidl_typesupport_fastrtps_c.c
[2.291s] -- Up-to-date: /home/samir/Documents/learning/ros2_ws/install/tutorial_interfaces/local/lib/python3.10/dist-packages/tutorial_interfaces/_tutorial_interfaces_s.ep.rosidl_typesupport_c.c
[2.291s] -- Up-to-date: /home/samir/Documents/learning/ros2_ws/install/tutorial_interfaces/local/lib/python3.10/dist-packages/tutorial_interfaces/tutorial_interfaces_s__rosidl_typesupport_introspection_c.cpython-310-x86_64-linux-gnu.so
[2.292s] -- Up-to-date: /home/samir/Documents/learning/ros2_ws/install/tutorial_interfaces/local/lib/python3.10/dist-packages/tutorial_interfaces/__init__.py
[2.292s] -- Up-to-date: /home/samir/Documents/learning/ros2_ws/install/tutorial_interfaces/local/lib/python3.10/dist-packages/tutorial_interfaces/srv
[2.292s] -- Up-to-date: /home/samir/Documents/learning/ros2_ws/install/tutorial_interfaces/local/lib/python3.10/dist-packages/tutorial_interfaces/srv/__init__.py
[2.292s] -- Up-to-date: /home/samir/Documents/learning/ros2_ws/install/tutorial_interfaces/local/lib/python3.10/dist-packages/tutorial_interfaces/srv/_add_three_ints_s.c
[2.292s] -- Up-to-date: /home/samir/Documents/learning/ros2_ws/install/tutorial_interfaces/local/lib/python3.10/dist-packages/tutorial_interfaces/srv/_add_three_ints.py
[2.293s] -- Up-to-date: /home/samir/Documents/learning/ros2_ws/install/tutorial_interfaces/local/lib/python3.10/dist-packages/tutorial_interfaces/libtutorial_interfaces__rosidl_generator_py.so
[2.293s] -- Up-to-date: /home/samir/Documents/learning/ros2_ws/install/tutorial_interfaces/local/lib/python3.10/dist-packages/tutorial_interfaces/_tutorial_interfaces_s.ep.rosidl_typesupport_introspection_c.c
[2.293s] -- Up-to-date: /home/samir/Documents/learning/ros2_ws/install/tutorial_interfaces/local/lib/python3.10/dist-packages/tutorial_interfaces/tutorial_interfaces_s__rosidl_typesupport_c.cpython-310-x86_64-linux-gnu.so
[2.293s] -- Up-to-date: /home/samir/Documents/learning/ros2_ws/install/tutorial_interfaces/local/lib/python3.10/dist-packages/tutorial_interfaces/tutorial_interfaces_s__rosidl_typesupport_fastrtps_c.cpython-310-x86_64-linux-gnu.so
[2.293s] -- Up-to-date: /home/samir/Documents/learning/ros2_ws/install/tutorial_interfaces/local/lib/python3.10/dist-packages/tutorial_interfaces/msg
[2.293s] -- Up-to-date: /home/samir/Documents/learning/ros2_ws/install/tutorial_interfaces/local/lib/python3.10/dist-packages/tutorial_interfaces/msg/_sphere.py
[2.294s] -- Up-to-date: /home/samir/Documents/learning/ros2_ws/install/tutorial_interfaces/local/lib/python3.10/dist-packages/tutorial_interfaces/msg/__init__.py
[2.294s] -- Up-to-date: /home/samir/Documents/learning/ros2_ws/install/tutorial_interfaces/local/lib/python3.10/dist-packages/tutorial_interfaces/msg/_num_s.c
[2.294s] -- Up-to-date: /home/samir/Documents/learning/ros2_ws/install/tutorial_interfaces/local/lib/python3.10/dist-packages/tutorial_interfaces/msg/_num.py
[2.294s] -- Up-to-date: /home/samir/Documents/learning/ros2_ws/install/tutorial_interfaces/local/lib/python3.10/dist-packages/tutorial_interfaces/msg/_sphere_s.c
[2.298s] Listing '/home/samir/Documents/learning/ros2_ws/install/tutorial_interfaces/local/lib/python3.10/dist-packages/tutorial_interfaces'...
[2.298s] Listing '/home/samir/Documents/learning/ros2_ws/install/tutorial_interfaces/local/lib/python3.10/dist-packages/tutorial_interfaces/msg'...
[2.298s] Listing '/home/samir/Documents/learning/ros2_ws/install/tutorial_interfaces/local/lib/python3.10/dist-packages/tutorial_interfaces/srv'...
[2.303s] -- Up-to-date: /home/samir/Documents/learning/ros2_ws/install/tutorial_interfaces/local/lib/python3.10/dist-packages/tutorial_interfaces/tutorial_interfaces_s__rosidl_typesupport_fastrtps_c.cpython-310-x86_64-linux-gnu.so
[2.303s] -- Up-to-date: /home/samir/Documents/learning/ros2_ws/install/tutorial_interfaces/local/lib/python3.10/dist-packages/tutorial_interfaces/tutorial_interfaces_s__rosidl_typesupport_introspection_c.cpython-310-x86_64-linux-gnu.so
[2.303s] -- Up-to-date: /home/samir/Documents/learning/ros2_ws/install/tutorial_interfaces/local/lib/python3.10/dist-packages/tutorial_interfaces/tutorial_interfaces_s__rosidl_typesupport_c.cpython-310-x86_64-linux-gnu.so
[2.303s] -- Up-to-date: /home/samir/Documents/learning/ros2_ws/install/tutorial_interfaces/lib/libtutorial_interfaces__rosidl_generator_py.so
[2.303s] -- Up-to-date: /home/samir/Documents/learning/ros2_ws/install/tutorial_interfaces/share/tutorial_interfaces/msg/Num.idl
[2.304s] -- Up-to-date: /home/samir/Documents/learning/ros2_ws/install/tutorial_interfaces/share/tutorial_interfaces/msg/Sphere.idl
[2.304s] -- Up-to-date: /home/samir/Documents/learning/ros2_ws/install/tutorial_interfaces/share/tutorial_interfaces/srv/AddThreeInts.idl
[2.304s] -- Up-to-date: /home/samir/Documents/learning/ros2_ws/install/tutorial_interfaces/share/tutorial_interfaces/msg/Num.msg
[2.305s] -- Up-to-date: /home/samir/Documents/learning/ros2_ws/install/tutorial_interfaces/share/tutorial_interfaces/msg/Sphere.msg
[2.305s] -- Up-to-date: /home/samir/Documents/learning/ros2_ws/install/tutorial_interfaces/share/tutorial_interfaces/srv/AddThreeInts.srv
[2.305s] -- Up-to-date: /home/samir/Documents/learning/ros2_ws/install/tutorial_interfaces/share/tutorial_interfaces/srv/AddThreeInts_Request.msg
[2.305s] -- Up-to-date: /home/samir/Documents/learning/ros2_ws/install/tutorial_interfaces/share/tutorial_interfaces/srv/AddThreeInts_Response.msg
[2.306s] -- Up-to-date: /home/samir/Documents/learning/ros2_ws/install/tutorial_interfaces/share/ament_index/resource_index/package_run_dependencies/tutorial_interfaces
[2.306s] -- Up-to-date: /home/samir/Documents/learning/ros2_ws/install/tutorial_interfaces/share/ament_index/resource_index/parent_prefix_path/tutorial_interfaces
[2.306s] -- Up-to-date: /home/samir/Documents/learning/ros2_ws/install/tutorial_interfaces/share/tutorial_interfaces/environment/ament_prefix_path.sh
[2.306s] -- Up-to-date: /home/samir/Documents/learning/ros2_ws/install/tutorial_interfaces/share/tutorial_interfaces/environment/ament_prefix_path.dsv
[2.306s] -- Up-to-date: /home/samir/Documents/learning/ros2_ws/install/tutorial_interfaces/share/tutorial_interfaces/environment/path.sh
[2.307s] -- Up-to-date: /home/samir/Documents/learning/ros2_ws/install/tutorial_interfaces/share/tutorial_interfaces/environment/path.dsv
[2.307s] -- Up-to-date: /home/samir/Documents/learning/ros2_ws/install/tutorial_interfaces/share/tutorial_interfaces/local_setup.bash
[2.307s] -- Up-to-date: /home/samir/Documents/learning/ros2_ws/install/tutorial_interfaces/share/tutorial_interfaces/local_setup.sh
[2.307s] -- Up-to-date: /home/samir/Documents/learning/ros2_ws/install/tutorial_interfaces/share/tutorial_interfaces/local_setup.zsh
[2.307s] -- Up-to-date: /home/samir/Documents/learning/ros2_ws/install/tutorial_interfaces/share/tutorial_interfaces/local_setup.dsv
[2.308s] -- Installing: /home/samir/Documents/learning/ros2_ws/install/tutorial_interfaces/share/tutorial_interfaces/package.dsv
[2.308s] -- Up-to-date: /home/samir/Documents/learning/ros2_ws/install/tutorial_interfaces/share/ament_index/resource_index/packages/tutorial_interfaces
[2.308s] -- Up-to-date: /home/samir/Documents/learning/ros2_ws/install/tutorial_interfaces/share/tutorial_interfaces/cmake/export_tutorial_interfaces__rosidl_generator_cExport.cmake
[2.308s] -- Up-to-date: /home/samir/Documents/learning/ros2_ws/install/tutorial_interfaces/share/tutorial_interfaces/cmake/export_tutorial_interfaces__rosidl_generator_cExport-noconfig.cmake
[2.308s] -- Up-to-date: /home/samir/Documents/learning/ros2_ws/install/tutorial_interfaces/share/tutorial_interfaces/cmake/export_tutorial_interfaces__rosidl_typesupport_fastrtps_cExport.cmake
[2.308s] -- Up-to-date: /home/samir/Documents/learning/ros2_ws/install/tutorial_interfaces/share/tutorial_interfaces/cmake/export_tutorial_interfaces__rosidl_typesupport_fastrtps_cExport-noconfig.cmake
[2.309s] -- Up-to-date: /home/samir/Documents/learning/ros2_ws/install/tutorial_interfaces/share/tutorial_interfaces/cmake/export_tutorial_interfaces__rosidl_generator_cppExport.cmake
[2.309s] -- Up-to-date: /home/samir/Documents/learning/ros2_ws/install/tutorial_interfaces/share/tutorial_interfaces/cmake/export_tutorial_interfaces__rosidl_typesupport_fastrtps_cppExport.cmake
[2.309s] -- Up-to-date: /home/samir/Documents/learning/ros2_ws/install/tutorial_interfaces/share/tutorial_interfaces/cmake/export_tutorial_interfaces__rosidl_typesupport_fastrtps_cppExport-noconfig.cmake
[2.309s] -- Up-to-date: /home/samir/Documents/learning/ros2_ws/install/tutorial_interfaces/share/tutorial_interfaces/cmake/tutorial_interfaces__rosidl_typesupport_introspection_cExport.cmake
[2.310s] -- Up-to-date: /home/samir/Documents/learning/ros2_ws/install/tutorial_interfaces/share/tutorial_interfaces/cmake/tutorial_interfaces__rosidl_typesupport_introspection_cExport-noconfig.cmake
[2.310s] -- Up-to-date: /home/samir/Documents/learning/ros2_ws/install/tutorial_interfaces/share/tutorial_interfaces/cmake/tutorial_interfaces__rosidl_typesupport_cExport.cmake
[2.310s] -- Up-to-date: /home/samir/Documents/learning/ros2_ws/install/tutorial_interfaces/share/tutorial_interfaces/cmake/tutorial_interfaces__rosidl_typesupport_cExport-noconfig.cmake
[2.310s] -- Up-to-date: /home/samir/Documents/learning/ros2_ws/install/tutorial_interfaces/share/tutorial_interfaces/cmake/tutorial_interfaces__rosidl_typesupport_introspection_cppExport.cmake
[2.310s] -- Up-to-date: /home/samir/Documents/learning/ros2_ws/install/tutorial_interfaces/share/tutorial_interfaces/cmake/tutorial_interfaces__rosidl_typesupport_introspection_cppExport-noconfig.cmake
[2.312s] -- Up-to-date: /home/samir/Documents/learning/ros2_ws/install/tutorial_interfaces/share/tutorial_interfaces/cmake/tutorial_interfaces__rosidl_typesupport_cppExport.cmake
[2.312s] -- Up-to-date: /home/samir/Documents/learning/ros2_ws/install/tutorial_interfaces/share/tutorial_interfaces/cmake/tutorial_interfaces__rosidl_typesupport_cppExport-noconfig.cmake
[2.312s] -- Up-to-date: /home/samir/Documents/learning/ros2_ws/install/tutorial_interfaces/share/tutorial_interfaces/cmake/export_tutorial_interfaces__rosidl_generator_pyExport.cmake
[2.312s] -- Up-to-date: /home/samir/Documents/learning/ros2_ws/install/tutorial_interfaces/share/tutorial_interfaces/cmake/export_tutorial_interfaces__rosidl_generator_pyExport-noconfig.cmake
[2.312s] -- Up-to-date: /home/samir/Documents/learning/ros2_ws/install/tutorial_interfaces/share/tutorial_interfaces/cmake/rosidl_cmake-extras.cmake
[2.312s] -- Up-to-date: /home/samir/Documents/learning/ros2_ws/install/tutorial_interfaces/share/tutorial_interfaces/cmake/ament_cmake_export_dependencies-extras.cmake
[2.313s] -- Up-to-date: /home/samir/Documents/learning/ros2_ws/install/tutorial_interfaces/share/tutorial_interfaces/cmake/ament_cmake_export_include_directories-extras.cmake
[2.313s] -- Up-to-date: /home/samir/Documents/learning/ros2_ws/install/tutorial_interfaces/share/tutorial_interfaces/cmake/ament_cmake_export_libraries-extras.cmake
[2.313s] -- Up-to-date: /home/samir/Documents/learning/ros2_ws/install/tutorial_interfaces/share/tutorial_interfaces/cmake/ament_cmake_export_targets-extras.cmake
[2.313s] -- Up-to-date: /home/samir/Documents/learning/ros2_ws/install/tutorial_interfaces/share/tutorial_interfaces/cmake/rosidl_cmake_export_typesupport_targets-extras.cmake
[2.313s] -- Up-to-date: /home/samir/Documents/learning/ros2_ws/install/tutorial_interfaces/share/tutorial_interfaces/cmake/rosidl_cmake_export_typesupport_libraries-extras.cmake
[2.314s] -- Up-to-date: /home/samir/Documents/learning/ros2_ws/install/tutorial_interfaces/share/tutorial_interfaces/cmake/tutorial_interfacesConfig.cmake
[2.314s] -- Up-to-date: /home/samir/Documents/learning/ros2_ws/install/tutorial_interfaces/share/tutorial_interfaces/cmake/tutorial_interfacesConfig-version.cmake
[2.314s] -- Up-to-date: /home/samir/Documents/learning/ros2_ws/install/tutorial_interfaces/share/tutorial_interfaces/package.xml
[3.405s] Invoked command in '/home/samir/Documents/learning/ros2_ws/build/tutorial_interfaces' returned '0': CMAKE_PREFIX_PATH=/opt/ros/humble /home/samir/.local/bin/cmake --install /home/samir/Documents/learning/ros2_ws/build/tutorial_interfaces
