[2.673s] Invoking command in '/home/samir/Documents/learning/ros2_ws/build/examples_rclpy_minimal_publisher': PYTHONPATH=/home/samir/Documents/learning/ros2_ws/build/examples_rclpy_minimal_publisher/prefix_override:/home/samir/Documents/learning/ros2_ws/install/examples_rclpy_minimal_publisher/lib/python3.10/site-packages:${PYTHONPATH} /usr/bin/python3 setup.py develop --uninstall --editable --build-directory /home/samir/Documents/learning/ros2_ws/build/examples_rclpy_minimal_publisher/build
[2.877s] running develop
[2.877s] /usr/lib/python3/dist-packages/setuptools/command/easy_install.py:158: EasyInstallDeprecationWarning: easy_install command is deprecated. Use build and pip and other standards-based tools.
[2.877s]   warnings.warn(
[2.878s] /usr/lib/python3/dist-packages/setuptools/command/install.py:34: SetuptoolsDeprecationWarning: setup.py install is deprecated. Use build and pip and other standards-based tools.
[2.878s]   warnings.warn(
[3.011s] Removing /home/samir/Documents/learning/ros2_ws/install/examples_rclpy_minimal_publisher/lib/python3.10/site-packages/examples-rclpy-minimal-publisher.egg-link (link to .)
[3.045s] Invoked command in '/home/samir/Documents/learning/ros2_ws/build/examples_rclpy_minimal_publisher' returned '0': PYTHONPATH=/home/samir/Documents/learning/ros2_ws/build/examples_rclpy_minimal_publisher/prefix_override:/home/samir/Documents/learning/ros2_ws/install/examples_rclpy_minimal_publisher/lib/python3.10/site-packages:${PYTHONPATH} /usr/bin/python3 setup.py develop --uninstall --editable --build-directory /home/samir/Documents/learning/ros2_ws/build/examples_rclpy_minimal_publisher/build
[3.047s] Invoking command in '/home/samir/Documents/learning/ros2_ws/src/examples/rclpy/topics/minimal_publisher': PYTHONPATH=/home/samir/Documents/learning/ros2_ws/build/examples_rclpy_minimal_publisher/prefix_override:/home/samir/Documents/learning/ros2_ws/install/examples_rclpy_minimal_publisher/lib/python3.10/site-packages:${PYTHONPATH} /usr/bin/python3 setup.py egg_info --egg-base ../../../../../build/examples_rclpy_minimal_publisher build --build-base /home/samir/Documents/learning/ros2_ws/build/examples_rclpy_minimal_publisher/build install --record /home/samir/Documents/learning/ros2_ws/build/examples_rclpy_minimal_publisher/install.log --single-version-externally-managed
[3.277s] running egg_info
[3.279s] writing ../../../../../build/examples_rclpy_minimal_publisher/examples_rclpy_minimal_publisher.egg-info/PKG-INFO
[3.279s] writing dependency_links to ../../../../../build/examples_rclpy_minimal_publisher/examples_rclpy_minimal_publisher.egg-info/dependency_links.txt
[3.279s] writing entry points to ../../../../../build/examples_rclpy_minimal_publisher/examples_rclpy_minimal_publisher.egg-info/entry_points.txt
[3.280s] writing requirements to ../../../../../build/examples_rclpy_minimal_publisher/examples_rclpy_minimal_publisher.egg-info/requires.txt
[3.280s] writing top-level names to ../../../../../build/examples_rclpy_minimal_publisher/examples_rclpy_minimal_publisher.egg-info/top_level.txt
[3.282s] reading manifest file '../../../../../build/examples_rclpy_minimal_publisher/examples_rclpy_minimal_publisher.egg-info/SOURCES.txt'
[3.283s] writing manifest file '../../../../../build/examples_rclpy_minimal_publisher/examples_rclpy_minimal_publisher.egg-info/SOURCES.txt'
[3.283s] running build
[3.283s] running build_py
[3.283s] creating /home/samir/Documents/learning/ros2_ws/build/examples_rclpy_minimal_publisher/build
[3.284s] creating /home/samir/Documents/learning/ros2_ws/build/examples_rclpy_minimal_publisher/build/lib
[3.284s] creating /home/samir/Documents/learning/ros2_ws/build/examples_rclpy_minimal_publisher/build/lib/examples_rclpy_minimal_publisher
[3.284s] copying examples_rclpy_minimal_publisher/__init__.py -> /home/samir/Documents/learning/ros2_ws/build/examples_rclpy_minimal_publisher/build/lib/examples_rclpy_minimal_publisher
[3.284s] copying examples_rclpy_minimal_publisher/publisher_member_function.py -> /home/samir/Documents/learning/ros2_ws/build/examples_rclpy_minimal_publisher/build/lib/examples_rclpy_minimal_publisher
[3.284s] copying examples_rclpy_minimal_publisher/publisher_old_school.py -> /home/samir/Documents/learning/ros2_ws/build/examples_rclpy_minimal_publisher/build/lib/examples_rclpy_minimal_publisher
[3.284s] copying examples_rclpy_minimal_publisher/publisher_local_function.py -> /home/samir/Documents/learning/ros2_ws/build/examples_rclpy_minimal_publisher/build/lib/examples_rclpy_minimal_publisher
[3.284s] running install
[3.284s] /usr/lib/python3/dist-packages/setuptools/command/install.py:34: SetuptoolsDeprecationWarning: setup.py install is deprecated. Use build and pip and other standards-based tools.
[3.285s]   warnings.warn(
[3.285s] running install_lib
[3.285s] creating /home/samir/Documents/learning/ros2_ws/install/examples_rclpy_minimal_publisher/lib/python3.10/site-packages/examples_rclpy_minimal_publisher
[3.286s] copying /home/samir/Documents/learning/ros2_ws/build/examples_rclpy_minimal_publisher/build/lib/examples_rclpy_minimal_publisher/__init__.py -> /home/samir/Documents/learning/ros2_ws/install/examples_rclpy_minimal_publisher/lib/python3.10/site-packages/examples_rclpy_minimal_publisher
[3.286s] copying /home/samir/Documents/learning/ros2_ws/build/examples_rclpy_minimal_publisher/build/lib/examples_rclpy_minimal_publisher/publisher_member_function.py -> /home/samir/Documents/learning/ros2_ws/install/examples_rclpy_minimal_publisher/lib/python3.10/site-packages/examples_rclpy_minimal_publisher
[3.286s] copying /home/samir/Documents/learning/ros2_ws/build/examples_rclpy_minimal_publisher/build/lib/examples_rclpy_minimal_publisher/publisher_old_school.py -> /home/samir/Documents/learning/ros2_ws/install/examples_rclpy_minimal_publisher/lib/python3.10/site-packages/examples_rclpy_minimal_publisher
[3.286s] copying /home/samir/Documents/learning/ros2_ws/build/examples_rclpy_minimal_publisher/build/lib/examples_rclpy_minimal_publisher/publisher_local_function.py -> /home/samir/Documents/learning/ros2_ws/install/examples_rclpy_minimal_publisher/lib/python3.10/site-packages/examples_rclpy_minimal_publisher
[3.286s] byte-compiling /home/samir/Documents/learning/ros2_ws/install/examples_rclpy_minimal_publisher/lib/python3.10/site-packages/examples_rclpy_minimal_publisher/__init__.py to __init__.cpython-310.pyc
[3.286s] byte-compiling /home/samir/Documents/learning/ros2_ws/install/examples_rclpy_minimal_publisher/lib/python3.10/site-packages/examples_rclpy_minimal_publisher/publisher_member_function.py to publisher_member_function.cpython-310.pyc
[3.287s] byte-compiling /home/samir/Documents/learning/ros2_ws/install/examples_rclpy_minimal_publisher/lib/python3.10/site-packages/examples_rclpy_minimal_publisher/publisher_old_school.py to publisher_old_school.cpython-310.pyc
[3.287s] byte-compiling /home/samir/Documents/learning/ros2_ws/install/examples_rclpy_minimal_publisher/lib/python3.10/site-packages/examples_rclpy_minimal_publisher/publisher_local_function.py to publisher_local_function.cpython-310.pyc
[3.288s] running install_data
[3.288s] running install_egg_info
[3.290s] Copying ../../../../../build/examples_rclpy_minimal_publisher/examples_rclpy_minimal_publisher.egg-info to /home/samir/Documents/learning/ros2_ws/install/examples_rclpy_minimal_publisher/lib/python3.10/site-packages/examples_rclpy_minimal_publisher-0.15.1-py3.10.egg-info
[3.291s] running install_scripts
[3.311s] Installing publisher_local_function script to /home/samir/Documents/learning/ros2_ws/install/examples_rclpy_minimal_publisher/lib/examples_rclpy_minimal_publisher
[3.311s] Installing publisher_member_function script to /home/samir/Documents/learning/ros2_ws/install/examples_rclpy_minimal_publisher/lib/examples_rclpy_minimal_publisher
[3.311s] Installing publisher_old_school script to /home/samir/Documents/learning/ros2_ws/install/examples_rclpy_minimal_publisher/lib/examples_rclpy_minimal_publisher
[3.311s] writing list of installed files to '/home/samir/Documents/learning/ros2_ws/build/examples_rclpy_minimal_publisher/install.log'
[3.652s] Invoked command in '/home/samir/Documents/learning/ros2_ws/src/examples/rclpy/topics/minimal_publisher' returned '0': PYTHONPATH=/home/samir/Documents/learning/ros2_ws/build/examples_rclpy_minimal_publisher/prefix_override:/home/samir/Documents/learning/ros2_ws/install/examples_rclpy_minimal_publisher/lib/python3.10/site-packages:${PYTHONPATH} /usr/bin/python3 setup.py egg_info --egg-base ../../../../../build/examples_rclpy_minimal_publisher build --build-base /home/samir/Documents/learning/ros2_ws/build/examples_rclpy_minimal_publisher/build install --record /home/samir/Documents/learning/ros2_ws/build/examples_rclpy_minimal_publisher/install.log --single-version-externally-managed
