[0.669s] Invoking command in '/home/samir/Documents/learning/ros2_ws/build/tutorial_interfaces': CMAKE_PREFIX_PATH=/opt/ros/humble /home/samir/.local/bin/cmake --build /home/samir/Documents/learning/ros2_ws/build/tutorial_interfaces -- -j16 -l16
[1.212s] [  2%] Built target tutorial_interfaces__cpp
[1.213s] [  2%] Built target ament_cmake_python_copy_tutorial_interfaces
[1.213s] [ 12%] Built target tutorial_interfaces__rosidl_generator_c
[1.214s] [ 23%] Built target tutorial_interfaces__rosidl_typesupport_cpp
[1.214s] [ 34%] Built target tutorial_interfaces__rosidl_typesupport_fastrtps_cpp
[1.215s] [ 44%] Built target tutorial_interfaces__rosidl_typesupport_introspection_cpp
[1.215s] [ 55%] Built target tutorial_interfaces__rosidl_typesupport_fastrtps_c
[1.216s] [ 65%] Built target tutorial_interfaces__rosidl_typesupport_c
[1.216s] [ 76%] Built target tutorial_interfaces__rosidl_typesupport_introspection_c
[1.217s] [ 76%] Built target tutorial_interfaces
[1.217s] [ 78%] Built target tutorial_interfaces__py
[1.217s] [ 87%] Built target tutorial_interfaces__rosidl_generator_py
[1.217s] [ 95%] Built target tutorial_interfaces__rosidl_typesupport_c__pyext
[1.218s] [ 95%] Built target tutorial_interfaces__rosidl_typesupport_introspection_c__pyext
[1.218s] [100%] Built target tutorial_interfaces__rosidl_typesupport_fastrtps_c__pyext
[1.218s] running egg_info
[1.218s] writing tutorial_interfaces.egg-info/PKG-INFO
[1.218s] writing dependency_links to tutorial_interfaces.egg-info/dependency_links.txt
[1.219s] writing top-level names to tutorial_interfaces.egg-info/top_level.txt
[1.219s] reading manifest file 'tutorial_interfaces.egg-info/SOURCES.txt'
[1.219s] writing manifest file 'tutorial_interfaces.egg-info/SOURCES.txt'
[1.219s] [100%] Built target ament_cmake_python_build_tutorial_interfaces_egg
[1.244s] Invoked command in '/home/samir/Documents/learning/ros2_ws/build/tutorial_interfaces' returned '0': CMAKE_PREFIX_PATH=/opt/ros/humble /home/samir/.local/bin/cmake --build /home/samir/Documents/learning/ros2_ws/build/tutorial_interfaces -- -j16 -l16
[1.936s] Invoking command in '/home/samir/Documents/learning/ros2_ws/build/tutorial_interfaces': CMAKE_PREFIX_PATH=/opt/ros/humble /home/samir/.local/bin/cmake --install /home/samir/Documents/learning/ros2_ws/build/tutorial_interfaces
[1.993s] -- Install configuration: ""
[1.993s] -- Up-to-date: /home/samir/Documents/learning/ros2_ws/install/tutorial_interfaces/share/ament_index/resource_index/rosidl_interfaces/tutorial_interfaces
[1.993s] -- Up-to-date: /home/samir/Documents/learning/ros2_ws/install/tutorial_interfaces/include/tutorial_interfaces/tutorial_interfaces
[1.994s] -- Up-to-date: /home/samir/Documents/learning/ros2_ws/install/tutorial_interfaces/include/tutorial_interfaces/tutorial_interfaces/srv
[1.994s] -- Up-to-date: /home/samir/Documents/learning/ros2_ws/install/tutorial_interfaces/include/tutorial_interfaces/tutorial_interfaces/srv/detail
[1.994s] -- Up-to-date: /home/samir/Documents/learning/ros2_ws/install/tutorial_interfaces/include/tutorial_interfaces/tutorial_interfaces/srv/detail/add_three_ints__functions.h
[1.994s] -- Up-to-date: /home/samir/Documents/learning/ros2_ws/install/tutorial_interfaces/include/tutorial_interfaces/tutorial_interfaces/srv/detail/add_three_ints__functions.c
[1.994s] -- Up-to-date: /home/samir/Documents/learning/ros2_ws/install/tutorial_interfaces/include/tutorial_interfaces/tutorial_interfaces/srv/detail/add_three_ints__type_support.h
[1.994s] -- Up-to-date: /home/samir/Documents/learning/ros2_ws/install/tutorial_interfaces/include/tutorial_interfaces/tutorial_interfaces/srv/detail/add_three_ints__struct.h
[1.995s] -- Up-to-date: /home/samir/Documents/learning/ros2_ws/install/tutorial_interfaces/include/tutorial_interfaces/tutorial_interfaces/srv/add_three_ints.h
[1.995s] -- Up-to-date: /home/samir/Documents/learning/ros2_ws/install/tutorial_interfaces/include/tutorial_interfaces/tutorial_interfaces/msg
[1.995s] -- Up-to-date: /home/samir/Documents/learning/ros2_ws/install/tutorial_interfaces/include/tutorial_interfaces/tutorial_interfaces/msg/rosidl_generator_c__visibility_control.h
[1.995s] -- Up-to-date: /home/samir/Documents/learning/ros2_ws/install/tutorial_interfaces/include/tutorial_interfaces/tutorial_interfaces/msg/num.h
[1.995s] -- Up-to-date: /home/samir/Documents/learning/ros2_ws/install/tutorial_interfaces/include/tutorial_interfaces/tutorial_interfaces/msg/detail
[1.995s] -- Up-to-date: /home/samir/Documents/learning/ros2_ws/install/tutorial_interfaces/include/tutorial_interfaces/tutorial_interfaces/msg/detail/num__functions.h
[1.996s] -- Up-to-date: /home/samir/Documents/learning/ros2_ws/install/tutorial_interfaces/include/tutorial_interfaces/tutorial_interfaces/msg/detail/sphere__struct.h
[1.996s] -- Up-to-date: /home/samir/Documents/learning/ros2_ws/install/tutorial_interfaces/include/tutorial_interfaces/tutorial_interfaces/msg/detail/sphere__functions.c
[1.996s] -- Up-to-date: /home/samir/Documents/learning/ros2_ws/install/tutorial_interfaces/include/tutorial_interfaces/tutorial_interfaces/msg/detail/num__struct.h
[1.996s] -- Up-to-date: /home/samir/Documents/learning/ros2_ws/install/tutorial_interfaces/include/tutorial_interfaces/tutorial_interfaces/msg/detail/sphere__type_support.h
[1.996s] -- Up-to-date: /home/samir/Documents/learning/ros2_ws/install/tutorial_interfaces/include/tutorial_interfaces/tutorial_interfaces/msg/detail/num__type_support.h
[1.996s] -- Up-to-date: /home/samir/Documents/learning/ros2_ws/install/tutorial_interfaces/include/tutorial_interfaces/tutorial_interfaces/msg/detail/sphere__functions.h
[1.996s] -- Up-to-date: /home/samir/Documents/learning/ros2_ws/install/tutorial_interfaces/include/tutorial_interfaces/tutorial_interfaces/msg/detail/num__functions.c
[1.997s] -- Up-to-date: /home/samir/Documents/learning/ros2_ws/install/tutorial_interfaces/include/tutorial_interfaces/tutorial_interfaces/msg/sphere.h
[1.997s] -- Up-to-date: /home/samir/Documents/learning/ros2_ws/install/tutorial_interfaces/share/tutorial_interfaces/environment/library_path.sh
[1.997s] -- Up-to-date: /home/samir/Documents/learning/ros2_ws/install/tutorial_interfaces/share/tutorial_interfaces/environment/library_path.dsv
[1.997s] -- Up-to-date: /home/samir/Documents/learning/ros2_ws/install/tutorial_interfaces/lib/libtutorial_interfaces__rosidl_generator_c.so
[1.997s] -- Up-to-date: /home/samir/Documents/learning/ros2_ws/install/tutorial_interfaces/include/tutorial_interfaces/tutorial_interfaces
[1.997s] -- Up-to-date: /home/samir/Documents/learning/ros2_ws/install/tutorial_interfaces/include/tutorial_interfaces/tutorial_interfaces/srv
[1.997s] -- Up-to-date: /home/samir/Documents/learning/ros2_ws/install/tutorial_interfaces/include/tutorial_interfaces/tutorial_interfaces/srv/detail
[1.997s] -- Up-to-date: /home/samir/Documents/learning/ros2_ws/install/tutorial_interfaces/include/tutorial_interfaces/tutorial_interfaces/srv/detail/add_three_ints__rosidl_typesupport_fastrtps_c.h
[1.998s] -- Up-to-date: /home/samir/Documents/learning/ros2_ws/install/tutorial_interfaces/include/tutorial_interfaces/tutorial_interfaces/msg
[1.998s] -- Up-to-date: /home/samir/Documents/learning/ros2_ws/install/tutorial_interfaces/include/tutorial_interfaces/tutorial_interfaces/msg/rosidl_typesupport_fastrtps_c__visibility_control.h
[1.998s] -- Up-to-date: /home/samir/Documents/learning/ros2_ws/install/tutorial_interfaces/include/tutorial_interfaces/tutorial_interfaces/msg/detail
[1.998s] -- Up-to-date: /home/samir/Documents/learning/ros2_ws/install/tutorial_interfaces/include/tutorial_interfaces/tutorial_interfaces/msg/detail/sphere__rosidl_typesupport_fastrtps_c.h
[1.998s] -- Up-to-date: /home/samir/Documents/learning/ros2_ws/install/tutorial_interfaces/include/tutorial_interfaces/tutorial_interfaces/msg/detail/num__rosidl_typesupport_fastrtps_c.h
[1.998s] -- Up-to-date: /home/samir/Documents/learning/ros2_ws/install/tutorial_interfaces/lib/libtutorial_interfaces__rosidl_typesupport_fastrtps_c.so
[1.999s] -- Up-to-date: /home/samir/Documents/learning/ros2_ws/install/tutorial_interfaces/include/tutorial_interfaces/tutorial_interfaces
[1.999s] -- Up-to-date: /home/samir/Documents/learning/ros2_ws/install/tutorial_interfaces/include/tutorial_interfaces/tutorial_interfaces/srv
[1.999s] -- Up-to-date: /home/samir/Documents/learning/ros2_ws/install/tutorial_interfaces/include/tutorial_interfaces/tutorial_interfaces/srv/detail
[1.999s] -- Up-to-date: /home/samir/Documents/learning/ros2_ws/install/tutorial_interfaces/include/tutorial_interfaces/tutorial_interfaces/srv/detail/add_three_ints__traits.hpp
[1.999s] -- Up-to-date: /home/samir/Documents/learning/ros2_ws/install/tutorial_interfaces/include/tutorial_interfaces/tutorial_interfaces/srv/detail/add_three_ints__struct.hpp
[1.999s] -- Up-to-date: /home/samir/Documents/learning/ros2_ws/install/tutorial_interfaces/include/tutorial_interfaces/tutorial_interfaces/srv/detail/add_three_ints__builder.hpp
[2.000s] -- Up-to-date: /home/samir/Documents/learning/ros2_ws/install/tutorial_interfaces/include/tutorial_interfaces/tutorial_interfaces/srv/add_three_ints.hpp
[2.000s] -- Up-to-date: /home/samir/Documents/learning/ros2_ws/install/tutorial_interfaces/include/tutorial_interfaces/tutorial_interfaces/msg
[2.000s] -- Up-to-date: /home/samir/Documents/learning/ros2_ws/install/tutorial_interfaces/include/tutorial_interfaces/tutorial_interfaces/msg/detail
[2.000s] -- Up-to-date: /home/samir/Documents/learning/ros2_ws/install/tutorial_interfaces/include/tutorial_interfaces/tutorial_interfaces/msg/detail/sphere__builder.hpp
[2.000s] -- Up-to-date: /home/samir/Documents/learning/ros2_ws/install/tutorial_interfaces/include/tutorial_interfaces/tutorial_interfaces/msg/detail/sphere__struct.hpp
[2.001s] -- Up-to-date: /home/samir/Documents/learning/ros2_ws/install/tutorial_interfaces/include/tutorial_interfaces/tutorial_interfaces/msg/detail/num__struct.hpp
[2.001s] -- Up-to-date: /home/samir/Documents/learning/ros2_ws/install/tutorial_interfaces/include/tutorial_interfaces/tutorial_interfaces/msg/detail/sphere__traits.hpp
[2.001s] -- Up-to-date: /home/samir/Documents/learning/ros2_ws/install/tutorial_interfaces/include/tutorial_interfaces/tutorial_interfaces/msg/detail/num__builder.hpp
[2.001s] -- Up-to-date: /home/samir/Documents/learning/ros2_ws/install/tutorial_interfaces/include/tutorial_interfaces/tutorial_interfaces/msg/detail/num__traits.hpp
[2.002s] -- Up-to-date: /home/samir/Documents/learning/ros2_ws/install/tutorial_interfaces/include/tutorial_interfaces/tutorial_interfaces/msg/sphere.hpp
[2.002s] -- Up-to-date: /home/samir/Documents/learning/ros2_ws/install/tutorial_interfaces/include/tutorial_interfaces/tutorial_interfaces/msg/num.hpp
[2.002s] -- Up-to-date: /home/samir/Documents/learning/ros2_ws/install/tutorial_interfaces/include/tutorial_interfaces/tutorial_interfaces
[2.002s] -- Up-to-date: /home/samir/Documents/learning/ros2_ws/install/tutorial_interfaces/include/tutorial_interfaces/tutorial_interfaces/srv
[2.003s] -- Up-to-date: /home/samir/Documents/learning/ros2_ws/install/tutorial_interfaces/include/tutorial_interfaces/tutorial_interfaces/srv/detail
[2.003s] -- Up-to-date: /home/samir/Documents/learning/ros2_ws/install/tutorial_interfaces/include/tutorial_interfaces/tutorial_interfaces/srv/detail/add_three_ints__rosidl_typesupport_fastrtps_cpp.hpp
[2.003s] -- Up-to-date: /home/samir/Documents/learning/ros2_ws/install/tutorial_interfaces/include/tutorial_interfaces/tutorial_interfaces/srv/detail/dds_fastrtps
[2.003s] -- Up-to-date: /home/samir/Documents/learning/ros2_ws/install/tutorial_interfaces/include/tutorial_interfaces/tutorial_interfaces/msg
[2.003s] -- Up-to-date: /home/samir/Documents/learning/ros2_ws/install/tutorial_interfaces/include/tutorial_interfaces/tutorial_interfaces/msg/detail
[2.004s] -- Up-to-date: /home/samir/Documents/learning/ros2_ws/install/tutorial_interfaces/include/tutorial_interfaces/tutorial_interfaces/msg/detail/sphere__rosidl_typesupport_fastrtps_cpp.hpp
[2.004s] -- Up-to-date: /home/samir/Documents/learning/ros2_ws/install/tutorial_interfaces/include/tutorial_interfaces/tutorial_interfaces/msg/detail/dds_fastrtps
[2.004s] -- Up-to-date: /home/samir/Documents/learning/ros2_ws/install/tutorial_interfaces/include/tutorial_interfaces/tutorial_interfaces/msg/detail/num__rosidl_typesupport_fastrtps_cpp.hpp
[2.004s] -- Up-to-date: /home/samir/Documents/learning/ros2_ws/install/tutorial_interfaces/include/tutorial_interfaces/tutorial_interfaces/msg/rosidl_typesupport_fastrtps_cpp__visibility_control.h
[2.004s] -- Up-to-date: /home/samir/Documents/learning/ros2_ws/install/tutorial_interfaces/lib/libtutorial_interfaces__rosidl_typesupport_fastrtps_cpp.so
[2.005s] -- Up-to-date: /home/samir/Documents/learning/ros2_ws/install/tutorial_interfaces/include/tutorial_interfaces/tutorial_interfaces
[2.005s] -- Up-to-date: /home/samir/Documents/learning/ros2_ws/install/tutorial_interfaces/include/tutorial_interfaces/tutorial_interfaces/srv
[2.005s] -- Up-to-date: /home/samir/Documents/learning/ros2_ws/install/tutorial_interfaces/include/tutorial_interfaces/tutorial_interfaces/srv/detail
[2.005s] -- Up-to-date: /home/samir/Documents/learning/ros2_ws/install/tutorial_interfaces/include/tutorial_interfaces/tutorial_interfaces/srv/detail/add_three_ints__rosidl_typesupport_introspection_c.h
[2.005s] -- Up-to-date: /home/samir/Documents/learning/ros2_ws/install/tutorial_interfaces/include/tutorial_interfaces/tutorial_interfaces/srv/detail/add_three_ints__type_support.c
[2.006s] -- Up-to-date: /home/samir/Documents/learning/ros2_ws/install/tutorial_interfaces/include/tutorial_interfaces/tutorial_interfaces/msg
[2.006s] -- Up-to-date: /home/samir/Documents/learning/ros2_ws/install/tutorial_interfaces/include/tutorial_interfaces/tutorial_interfaces/msg/rosidl_typesupport_introspection_c__visibility_control.h
[2.006s] -- Up-to-date: /home/samir/Documents/learning/ros2_ws/install/tutorial_interfaces/include/tutorial_interfaces/tutorial_interfaces/msg/detail
[2.006s] -- Up-to-date: /home/samir/Documents/learning/ros2_ws/install/tutorial_interfaces/include/tutorial_interfaces/tutorial_interfaces/msg/detail/sphere__rosidl_typesupport_introspection_c.h
[2.007s] -- Up-to-date: /home/samir/Documents/learning/ros2_ws/install/tutorial_interfaces/include/tutorial_interfaces/tutorial_interfaces/msg/detail/sphere__type_support.c
[2.007s] -- Up-to-date: /home/samir/Documents/learning/ros2_ws/install/tutorial_interfaces/include/tutorial_interfaces/tutorial_interfaces/msg/detail/num__type_support.c
[2.007s] -- Up-to-date: /home/samir/Documents/learning/ros2_ws/install/tutorial_interfaces/include/tutorial_interfaces/tutorial_interfaces/msg/detail/num__rosidl_typesupport_introspection_c.h
[2.007s] -- Up-to-date: /home/samir/Documents/learning/ros2_ws/install/tutorial_interfaces/lib/libtutorial_interfaces__rosidl_typesupport_introspection_c.so
[2.007s] -- Up-to-date: /home/samir/Documents/learning/ros2_ws/install/tutorial_interfaces/lib/libtutorial_interfaces__rosidl_typesupport_c.so
[2.008s] -- Up-to-date: /home/samir/Documents/learning/ros2_ws/install/tutorial_interfaces/include/tutorial_interfaces/tutorial_interfaces
[2.008s] -- Up-to-date: /home/samir/Documents/learning/ros2_ws/install/tutorial_interfaces/include/tutorial_interfaces/tutorial_interfaces/srv
[2.008s] -- Up-to-date: /home/samir/Documents/learning/ros2_ws/install/tutorial_interfaces/include/tutorial_interfaces/tutorial_interfaces/srv/detail
[2.008s] -- Up-to-date: /home/samir/Documents/learning/ros2_ws/install/tutorial_interfaces/include/tutorial_interfaces/tutorial_interfaces/srv/detail/add_three_ints__rosidl_typesupport_introspection_cpp.hpp
[2.008s] -- Up-to-date: /home/samir/Documents/learning/ros2_ws/install/tutorial_interfaces/include/tutorial_interfaces/tutorial_interfaces/srv/detail/add_three_ints__type_support.cpp
[2.009s] -- Up-to-date: /home/samir/Documents/learning/ros2_ws/install/tutorial_interfaces/include/tutorial_interfaces/tutorial_interfaces/msg
[2.009s] -- Up-to-date: /home/samir/Documents/learning/ros2_ws/install/tutorial_interfaces/include/tutorial_interfaces/tutorial_interfaces/msg/detail
[2.009s] -- Up-to-date: /home/samir/Documents/learning/ros2_ws/install/tutorial_interfaces/include/tutorial_interfaces/tutorial_interfaces/msg/detail/num__type_support.cpp
[2.009s] -- Up-to-date: /home/samir/Documents/learning/ros2_ws/install/tutorial_interfaces/include/tutorial_interfaces/tutorial_interfaces/msg/detail/sphere__type_support.cpp
[2.009s] -- Up-to-date: /home/samir/Documents/learning/ros2_ws/install/tutorial_interfaces/include/tutorial_interfaces/tutorial_interfaces/msg/detail/sphere__rosidl_typesupport_introspection_cpp.hpp
[2.009s] -- Up-to-date: /home/samir/Documents/learning/ros2_ws/install/tutorial_interfaces/include/tutorial_interfaces/tutorial_interfaces/msg/detail/num__rosidl_typesupport_introspection_cpp.hpp
[2.010s] -- Up-to-date: /home/samir/Documents/learning/ros2_ws/install/tutorial_interfaces/lib/libtutorial_interfaces__rosidl_typesupport_introspection_cpp.so
[2.010s] -- Up-to-date: /home/samir/Documents/learning/ros2_ws/install/tutorial_interfaces/lib/libtutorial_interfaces__rosidl_typesupport_cpp.so
[2.010s] -- Up-to-date: /home/samir/Documents/learning/ros2_ws/install/tutorial_interfaces/share/tutorial_interfaces/environment/pythonpath.sh
[2.010s] -- Up-to-date: /home/samir/Documents/learning/ros2_ws/install/tutorial_interfaces/share/tutorial_interfaces/environment/pythonpath.dsv
[2.011s] -- Up-to-date: /home/samir/Documents/learning/ros2_ws/install/tutorial_interfaces/local/lib/python3.10/dist-packages/tutorial_interfaces-0.0.0-py3.10.egg-info
[2.011s] -- Installing: /home/samir/Documents/learning/ros2_ws/install/tutorial_interfaces/local/lib/python3.10/dist-packages/tutorial_interfaces-0.0.0-py3.10.egg-info/PKG-INFO
[2.011s] -- Installing: /home/samir/Documents/learning/ros2_ws/install/tutorial_interfaces/local/lib/python3.10/dist-packages/tutorial_interfaces-0.0.0-py3.10.egg-info/top_level.txt
[2.011s] -- Installing: /home/samir/Documents/learning/ros2_ws/install/tutorial_interfaces/local/lib/python3.10/dist-packages/tutorial_interfaces-0.0.0-py3.10.egg-info/dependency_links.txt
[2.011s] -- Installing: /home/samir/Documents/learning/ros2_ws/install/tutorial_interfaces/local/lib/python3.10/dist-packages/tutorial_interfaces-0.0.0-py3.10.egg-info/SOURCES.txt
[2.012s] -- Up-to-date: /home/samir/Documents/learning/ros2_ws/install/tutorial_interfaces/local/lib/python3.10/dist-packages/tutorial_interfaces
[2.012s] -- Up-to-date: /home/samir/Documents/learning/ros2_ws/install/tutorial_interfaces/local/lib/python3.10/dist-packages/tutorial_interfaces/_tutorial_interfaces_s.ep.rosidl_typesupport_fastrtps_c.c
[2.012s] -- Up-to-date: /home/samir/Documents/learning/ros2_ws/install/tutorial_interfaces/local/lib/python3.10/dist-packages/tutorial_interfaces/_tutorial_interfaces_s.ep.rosidl_typesupport_c.c
[2.012s] -- Up-to-date: /home/samir/Documents/learning/ros2_ws/install/tutorial_interfaces/local/lib/python3.10/dist-packages/tutorial_interfaces/tutorial_interfaces_s__rosidl_typesupport_introspection_c.cpython-310-x86_64-linux-gnu.so
[2.012s] -- Up-to-date: /home/samir/Documents/learning/ros2_ws/install/tutorial_interfaces/local/lib/python3.10/dist-packages/tutorial_interfaces/__init__.py
[2.012s] -- Up-to-date: /home/samir/Documents/learning/ros2_ws/install/tutorial_interfaces/local/lib/python3.10/dist-packages/tutorial_interfaces/srv
[2.013s] -- Up-to-date: /home/samir/Documents/learning/ros2_ws/install/tutorial_interfaces/local/lib/python3.10/dist-packages/tutorial_interfaces/srv/__init__.py
[2.013s] -- Up-to-date: /home/samir/Documents/learning/ros2_ws/install/tutorial_interfaces/local/lib/python3.10/dist-packages/tutorial_interfaces/srv/_add_three_ints_s.c
[2.013s] -- Up-to-date: /home/samir/Documents/learning/ros2_ws/install/tutorial_interfaces/local/lib/python3.10/dist-packages/tutorial_interfaces/srv/_add_three_ints.py
[2.013s] -- Up-to-date: /home/samir/Documents/learning/ros2_ws/install/tutorial_interfaces/local/lib/python3.10/dist-packages/tutorial_interfaces/libtutorial_interfaces__rosidl_generator_py.so
[2.013s] -- Up-to-date: /home/samir/Documents/learning/ros2_ws/install/tutorial_interfaces/local/lib/python3.10/dist-packages/tutorial_interfaces/_tutorial_interfaces_s.ep.rosidl_typesupport_introspection_c.c
[2.013s] -- Up-to-date: /home/samir/Documents/learning/ros2_ws/install/tutorial_interfaces/local/lib/python3.10/dist-packages/tutorial_interfaces/tutorial_interfaces_s__rosidl_typesupport_c.cpython-310-x86_64-linux-gnu.so
[2.013s] -- Up-to-date: /home/samir/Documents/learning/ros2_ws/install/tutorial_interfaces/local/lib/python3.10/dist-packages/tutorial_interfaces/tutorial_interfaces_s__rosidl_typesupport_fastrtps_c.cpython-310-x86_64-linux-gnu.so
[2.014s] -- Up-to-date: /home/samir/Documents/learning/ros2_ws/install/tutorial_interfaces/local/lib/python3.10/dist-packages/tutorial_interfaces/msg
[2.014s] -- Up-to-date: /home/samir/Documents/learning/ros2_ws/install/tutorial_interfaces/local/lib/python3.10/dist-packages/tutorial_interfaces/msg/_sphere.py
[2.014s] -- Up-to-date: /home/samir/Documents/learning/ros2_ws/install/tutorial_interfaces/local/lib/python3.10/dist-packages/tutorial_interfaces/msg/__init__.py
[2.014s] -- Up-to-date: /home/samir/Documents/learning/ros2_ws/install/tutorial_interfaces/local/lib/python3.10/dist-packages/tutorial_interfaces/msg/_num_s.c
[2.015s] -- Up-to-date: /home/samir/Documents/learning/ros2_ws/install/tutorial_interfaces/local/lib/python3.10/dist-packages/tutorial_interfaces/msg/_num.py
[2.015s] -- Up-to-date: /home/samir/Documents/learning/ros2_ws/install/tutorial_interfaces/local/lib/python3.10/dist-packages/tutorial_interfaces/msg/_sphere_s.c
[2.015s] Listing '/home/samir/Documents/learning/ros2_ws/install/tutorial_interfaces/local/lib/python3.10/dist-packages/tutorial_interfaces'...
[2.015s] Listing '/home/samir/Documents/learning/ros2_ws/install/tutorial_interfaces/local/lib/python3.10/dist-packages/tutorial_interfaces/msg'...
[2.016s] Listing '/home/samir/Documents/learning/ros2_ws/install/tutorial_interfaces/local/lib/python3.10/dist-packages/tutorial_interfaces/srv'...
[2.018s] -- Up-to-date: /home/samir/Documents/learning/ros2_ws/install/tutorial_interfaces/local/lib/python3.10/dist-packages/tutorial_interfaces/tutorial_interfaces_s__rosidl_typesupport_fastrtps_c.cpython-310-x86_64-linux-gnu.so
[2.018s] -- Up-to-date: /home/samir/Documents/learning/ros2_ws/install/tutorial_interfaces/local/lib/python3.10/dist-packages/tutorial_interfaces/tutorial_interfaces_s__rosidl_typesupport_introspection_c.cpython-310-x86_64-linux-gnu.so
[2.019s] -- Up-to-date: /home/samir/Documents/learning/ros2_ws/install/tutorial_interfaces/local/lib/python3.10/dist-packages/tutorial_interfaces/tutorial_interfaces_s__rosidl_typesupport_c.cpython-310-x86_64-linux-gnu.so
[2.020s] -- Up-to-date: /home/samir/Documents/learning/ros2_ws/install/tutorial_interfaces/lib/libtutorial_interfaces__rosidl_generator_py.so
[2.020s] -- Up-to-date: /home/samir/Documents/learning/ros2_ws/install/tutorial_interfaces/share/tutorial_interfaces/msg/Num.idl
[2.021s] -- Up-to-date: /home/samir/Documents/learning/ros2_ws/install/tutorial_interfaces/share/tutorial_interfaces/msg/Sphere.idl
[2.021s] -- Up-to-date: /home/samir/Documents/learning/ros2_ws/install/tutorial_interfaces/share/tutorial_interfaces/srv/AddThreeInts.idl
[2.021s] -- Up-to-date: /home/samir/Documents/learning/ros2_ws/install/tutorial_interfaces/share/tutorial_interfaces/msg/Num.msg
[2.021s] -- Up-to-date: /home/samir/Documents/learning/ros2_ws/install/tutorial_interfaces/share/tutorial_interfaces/msg/Sphere.msg
[2.022s] -- Up-to-date: /home/samir/Documents/learning/ros2_ws/install/tutorial_interfaces/share/tutorial_interfaces/srv/AddThreeInts.srv
[2.022s] -- Up-to-date: /home/samir/Documents/learning/ros2_ws/install/tutorial_interfaces/share/tutorial_interfaces/srv/AddThreeInts_Request.msg
[2.022s] -- Up-to-date: /home/samir/Documents/learning/ros2_ws/install/tutorial_interfaces/share/tutorial_interfaces/srv/AddThreeInts_Response.msg
[2.022s] -- Up-to-date: /home/samir/Documents/learning/ros2_ws/install/tutorial_interfaces/share/ament_index/resource_index/package_run_dependencies/tutorial_interfaces
[2.022s] -- Up-to-date: /home/samir/Documents/learning/ros2_ws/install/tutorial_interfaces/share/ament_index/resource_index/parent_prefix_path/tutorial_interfaces
[2.022s] -- Up-to-date: /home/samir/Documents/learning/ros2_ws/install/tutorial_interfaces/share/tutorial_interfaces/environment/ament_prefix_path.sh
[2.023s] -- Up-to-date: /home/samir/Documents/learning/ros2_ws/install/tutorial_interfaces/share/tutorial_interfaces/environment/ament_prefix_path.dsv
[2.023s] -- Up-to-date: /home/samir/Documents/learning/ros2_ws/install/tutorial_interfaces/share/tutorial_interfaces/environment/path.sh
[2.023s] -- Up-to-date: /home/samir/Documents/learning/ros2_ws/install/tutorial_interfaces/share/tutorial_interfaces/environment/path.dsv
[2.023s] -- Up-to-date: /home/samir/Documents/learning/ros2_ws/install/tutorial_interfaces/share/tutorial_interfaces/local_setup.bash
[2.023s] -- Up-to-date: /home/samir/Documents/learning/ros2_ws/install/tutorial_interfaces/share/tutorial_interfaces/local_setup.sh
[2.023s] -- Up-to-date: /home/samir/Documents/learning/ros2_ws/install/tutorial_interfaces/share/tutorial_interfaces/local_setup.zsh
[2.023s] -- Up-to-date: /home/samir/Documents/learning/ros2_ws/install/tutorial_interfaces/share/tutorial_interfaces/local_setup.dsv
[2.024s] -- Installing: /home/samir/Documents/learning/ros2_ws/install/tutorial_interfaces/share/tutorial_interfaces/package.dsv
[2.024s] -- Up-to-date: /home/samir/Documents/learning/ros2_ws/install/tutorial_interfaces/share/ament_index/resource_index/packages/tutorial_interfaces
[2.024s] -- Up-to-date: /home/samir/Documents/learning/ros2_ws/install/tutorial_interfaces/share/tutorial_interfaces/cmake/export_tutorial_interfaces__rosidl_generator_cExport.cmake
[2.024s] -- Up-to-date: /home/samir/Documents/learning/ros2_ws/install/tutorial_interfaces/share/tutorial_interfaces/cmake/export_tutorial_interfaces__rosidl_generator_cExport-noconfig.cmake
[2.024s] -- Up-to-date: /home/samir/Documents/learning/ros2_ws/install/tutorial_interfaces/share/tutorial_interfaces/cmake/export_tutorial_interfaces__rosidl_typesupport_fastrtps_cExport.cmake
[2.024s] -- Up-to-date: /home/samir/Documents/learning/ros2_ws/install/tutorial_interfaces/share/tutorial_interfaces/cmake/export_tutorial_interfaces__rosidl_typesupport_fastrtps_cExport-noconfig.cmake
[2.024s] -- Up-to-date: /home/samir/Documents/learning/ros2_ws/install/tutorial_interfaces/share/tutorial_interfaces/cmake/export_tutorial_interfaces__rosidl_generator_cppExport.cmake
[2.025s] -- Up-to-date: /home/samir/Documents/learning/ros2_ws/install/tutorial_interfaces/share/tutorial_interfaces/cmake/export_tutorial_interfaces__rosidl_typesupport_fastrtps_cppExport.cmake
[2.025s] -- Up-to-date: /home/samir/Documents/learning/ros2_ws/install/tutorial_interfaces/share/tutorial_interfaces/cmake/export_tutorial_interfaces__rosidl_typesupport_fastrtps_cppExport-noconfig.cmake
[2.025s] -- Up-to-date: /home/samir/Documents/learning/ros2_ws/install/tutorial_interfaces/share/tutorial_interfaces/cmake/tutorial_interfaces__rosidl_typesupport_introspection_cExport.cmake
[2.025s] -- Up-to-date: /home/samir/Documents/learning/ros2_ws/install/tutorial_interfaces/share/tutorial_interfaces/cmake/tutorial_interfaces__rosidl_typesupport_introspection_cExport-noconfig.cmake
[2.025s] -- Up-to-date: /home/samir/Documents/learning/ros2_ws/install/tutorial_interfaces/share/tutorial_interfaces/cmake/tutorial_interfaces__rosidl_typesupport_cExport.cmake
[2.025s] -- Up-to-date: /home/samir/Documents/learning/ros2_ws/install/tutorial_interfaces/share/tutorial_interfaces/cmake/tutorial_interfaces__rosidl_typesupport_cExport-noconfig.cmake
[2.025s] -- Up-to-date: /home/samir/Documents/learning/ros2_ws/install/tutorial_interfaces/share/tutorial_interfaces/cmake/tutorial_interfaces__rosidl_typesupport_introspection_cppExport.cmake
[2.025s] -- Up-to-date: /home/samir/Documents/learning/ros2_ws/install/tutorial_interfaces/share/tutorial_interfaces/cmake/tutorial_interfaces__rosidl_typesupport_introspection_cppExport-noconfig.cmake
[2.026s] -- Up-to-date: /home/samir/Documents/learning/ros2_ws/install/tutorial_interfaces/share/tutorial_interfaces/cmake/tutorial_interfaces__rosidl_typesupport_cppExport.cmake
[2.026s] -- Up-to-date: /home/samir/Documents/learning/ros2_ws/install/tutorial_interfaces/share/tutorial_interfaces/cmake/tutorial_interfaces__rosidl_typesupport_cppExport-noconfig.cmake
[2.026s] -- Up-to-date: /home/samir/Documents/learning/ros2_ws/install/tutorial_interfaces/share/tutorial_interfaces/cmake/export_tutorial_interfaces__rosidl_generator_pyExport.cmake
[2.026s] -- Up-to-date: /home/samir/Documents/learning/ros2_ws/install/tutorial_interfaces/share/tutorial_interfaces/cmake/export_tutorial_interfaces__rosidl_generator_pyExport-noconfig.cmake
[2.026s] -- Up-to-date: /home/samir/Documents/learning/ros2_ws/install/tutorial_interfaces/share/tutorial_interfaces/cmake/rosidl_cmake-extras.cmake
[2.026s] -- Up-to-date: /home/samir/Documents/learning/ros2_ws/install/tutorial_interfaces/share/tutorial_interfaces/cmake/ament_cmake_export_dependencies-extras.cmake
[2.026s] -- Up-to-date: /home/samir/Documents/learning/ros2_ws/install/tutorial_interfaces/share/tutorial_interfaces/cmake/ament_cmake_export_include_directories-extras.cmake
[2.027s] -- Up-to-date: /home/samir/Documents/learning/ros2_ws/install/tutorial_interfaces/share/tutorial_interfaces/cmake/ament_cmake_export_libraries-extras.cmake
[2.027s] -- Up-to-date: /home/samir/Documents/learning/ros2_ws/install/tutorial_interfaces/share/tutorial_interfaces/cmake/ament_cmake_export_targets-extras.cmake
[2.027s] -- Up-to-date: /home/samir/Documents/learning/ros2_ws/install/tutorial_interfaces/share/tutorial_interfaces/cmake/rosidl_cmake_export_typesupport_targets-extras.cmake
[2.027s] -- Up-to-date: /home/samir/Documents/learning/ros2_ws/install/tutorial_interfaces/share/tutorial_interfaces/cmake/rosidl_cmake_export_typesupport_libraries-extras.cmake
[2.027s] -- Up-to-date: /home/samir/Documents/learning/ros2_ws/install/tutorial_interfaces/share/tutorial_interfaces/cmake/tutorial_interfacesConfig.cmake
[2.027s] -- Up-to-date: /home/samir/Documents/learning/ros2_ws/install/tutorial_interfaces/share/tutorial_interfaces/cmake/tutorial_interfacesConfig-version.cmake
[2.027s] -- Up-to-date: /home/samir/Documents/learning/ros2_ws/install/tutorial_interfaces/share/tutorial_interfaces/package.xml
[3.169s] Invoked command in '/home/samir/Documents/learning/ros2_ws/build/tutorial_interfaces' returned '0': CMAKE_PREFIX_PATH=/opt/ros/humble /home/samir/.local/bin/cmake --install /home/samir/Documents/learning/ros2_ws/build/tutorial_interfaces
