[2.004s] Invoking command in '/home/samir/Documents/learning/ros2_ws/build/examples_rclpy_guard_conditions': PYTHONPATH=/home/samir/Documents/learning/ros2_ws/build/examples_rclpy_guard_conditions/prefix_override:/home/samir/Documents/learning/ros2_ws/install/examples_rclpy_guard_conditions/lib/python3.10/site-packages:${PYTHONPATH} /usr/bin/python3 setup.py develop --editable --build-directory /home/samir/Documents/learning/ros2_ws/build/examples_rclpy_guard_conditions/build --no-deps install_data
[2.360s] running develop
[2.360s] /usr/lib/python3/dist-packages/setuptools/command/easy_install.py:158: EasyInstallDeprecationWarning: easy_install command is deprecated. Use build and pip and other standards-based tools.
[2.360s]   warnings.warn(
[2.360s] /usr/lib/python3/dist-packages/setuptools/command/install.py:34: SetuptoolsDeprecationWarning: setup.py install is deprecated. Use build and pip and other standards-based tools.
[2.360s]   warnings.warn(
[2.567s] running egg_info
[2.567s] creating examples_rclpy_guard_conditions.egg-info
[2.567s] writing examples_rclpy_guard_conditions.egg-info/PKG-INFO
[2.567s] writing dependency_links to examples_rclpy_guard_conditions.egg-info/dependency_links.txt
[2.569s] writing entry points to examples_rclpy_guard_conditions.egg-info/entry_points.txt
[2.569s] writing requirements to examples_rclpy_guard_conditions.egg-info/requires.txt
[2.569s] writing top-level names to examples_rclpy_guard_conditions.egg-info/top_level.txt
[2.569s] writing manifest file 'examples_rclpy_guard_conditions.egg-info/SOURCES.txt'
[2.592s] reading manifest file 'examples_rclpy_guard_conditions.egg-info/SOURCES.txt'
[2.594s] writing manifest file 'examples_rclpy_guard_conditions.egg-info/SOURCES.txt'
[2.595s] running build_ext
[2.595s] Creating /home/samir/Documents/learning/ros2_ws/install/examples_rclpy_guard_conditions/lib/python3.10/site-packages/examples-rclpy-guard-conditions.egg-link (link to .)
[2.595s] Installing trigger_guard_condition script to /home/samir/Documents/learning/ros2_ws/install/examples_rclpy_guard_conditions/lib/examples_rclpy_guard_conditions
[2.595s] 
[2.595s] Installed /home/samir/Documents/learning/ros2_ws/build/examples_rclpy_guard_conditions
[2.595s] running install_data
[2.595s] creating /home/samir/Documents/learning/ros2_ws/install/examples_rclpy_guard_conditions/share/ament_index
[2.595s] creating /home/samir/Documents/learning/ros2_ws/install/examples_rclpy_guard_conditions/share/ament_index/resource_index
[2.595s] creating /home/samir/Documents/learning/ros2_ws/install/examples_rclpy_guard_conditions/share/ament_index/resource_index/packages
[2.595s] copying resource/examples_rclpy_guard_conditions -> /home/samir/Documents/learning/ros2_ws/install/examples_rclpy_guard_conditions/share/ament_index/resource_index/packages
[2.595s] copying package.xml -> /home/samir/Documents/learning/ros2_ws/install/examples_rclpy_guard_conditions/share/examples_rclpy_guard_conditions
[3.523s] Invoked command in '/home/samir/Documents/learning/ros2_ws/build/examples_rclpy_guard_conditions' returned '0': PYTHONPATH=/home/samir/Documents/learning/ros2_ws/build/examples_rclpy_guard_conditions/prefix_override:/home/samir/Documents/learning/ros2_ws/install/examples_rclpy_guard_conditions/lib/python3.10/site-packages:${PYTHONPATH} /usr/bin/python3 setup.py develop --editable --build-directory /home/samir/Documents/learning/ros2_ws/build/examples_rclpy_guard_conditions/build --no-deps install_data
