[0.602s] Invoking command in '/home/samir/Documents/learning/ros2_ws/build/examples_rclcpp_cbg_executor': CMAKE_PREFIX_PATH=/opt/ros/humble /home/samir/.local/bin/cmake --build /home/samir/Documents/learning/ros2_ws/build/examples_rclcpp_cbg_executor -- -j16 -l16
[1.403s] [ 40%] Built target ping_pong
[1.403s] [ 70%] Built target ping
[1.403s] [100%] Built target pong
[1.414s] Invoked command in '/home/samir/Documents/learning/ros2_ws/build/examples_rclcpp_cbg_executor' returned '0': CMAKE_PREFIX_PATH=/opt/ros/humble /home/samir/.local/bin/cmake --build /home/samir/Documents/learning/ros2_ws/build/examples_rclcpp_cbg_executor -- -j16 -l16
[1.490s] Invoking command in '/home/samir/Documents/learning/ros2_ws/build/examples_rclcpp_cbg_executor': CMAKE_PREFIX_PATH=/opt/ros/humble /home/samir/.local/bin/cmake --install /home/samir/Documents/learning/ros2_ws/build/examples_rclcpp_cbg_executor
[1.517s] -- Install configuration: ""
[1.518s] -- Execute custom install script
[1.520s] -- Up-to-date symlink: /home/samir/Documents/learning/ros2_ws/install/examples_rclcpp_cbg_executor/lib/examples_rclcpp_cbg_executor/ping
[1.520s] -- Up-to-date symlink: /home/samir/Documents/learning/ros2_ws/install/examples_rclcpp_cbg_executor/lib/examples_rclcpp_cbg_executor/pong
[1.520s] -- Up-to-date symlink: /home/samir/Documents/learning/ros2_ws/install/examples_rclcpp_cbg_executor/lib/examples_rclcpp_cbg_executor/ping_pong
[1.521s] -- Up-to-date symlink: /home/samir/Documents/learning/ros2_ws/install/examples_rclcpp_cbg_executor/include/examples_rclcpp_cbg_executor/ping_node.hpp
[1.521s] -- Up-to-date symlink: /home/samir/Documents/learning/ros2_ws/install/examples_rclcpp_cbg_executor/include/examples_rclcpp_cbg_executor/pong_node.hpp
[1.522s] -- Up-to-date symlink: /home/samir/Documents/learning/ros2_ws/install/examples_rclcpp_cbg_executor/share/ament_index/resource_index/package_run_dependencies/examples_rclcpp_cbg_executor
[1.522s] -- Up-to-date symlink: /home/samir/Documents/learning/ros2_ws/install/examples_rclcpp_cbg_executor/share/ament_index/resource_index/parent_prefix_path/examples_rclcpp_cbg_executor
[1.525s] -- Up-to-date symlink: /home/samir/Documents/learning/ros2_ws/install/examples_rclcpp_cbg_executor/share/examples_rclcpp_cbg_executor/environment/ament_prefix_path.sh
[1.525s] -- Up-to-date symlink: /home/samir/Documents/learning/ros2_ws/install/examples_rclcpp_cbg_executor/share/examples_rclcpp_cbg_executor/environment/ament_prefix_path.dsv
[1.525s] -- Up-to-date symlink: /home/samir/Documents/learning/ros2_ws/install/examples_rclcpp_cbg_executor/share/examples_rclcpp_cbg_executor/environment/path.sh
[1.525s] -- Up-to-date symlink: /home/samir/Documents/learning/ros2_ws/install/examples_rclcpp_cbg_executor/share/examples_rclcpp_cbg_executor/environment/path.dsv
[1.525s] -- Up-to-date symlink: /home/samir/Documents/learning/ros2_ws/install/examples_rclcpp_cbg_executor/share/examples_rclcpp_cbg_executor/local_setup.bash
[1.525s] -- Up-to-date symlink: /home/samir/Documents/learning/ros2_ws/install/examples_rclcpp_cbg_executor/share/examples_rclcpp_cbg_executor/local_setup.sh
[1.525s] -- Up-to-date symlink: /home/samir/Documents/learning/ros2_ws/install/examples_rclcpp_cbg_executor/share/examples_rclcpp_cbg_executor/local_setup.zsh
[1.525s] -- Up-to-date symlink: /home/samir/Documents/learning/ros2_ws/install/examples_rclcpp_cbg_executor/share/examples_rclcpp_cbg_executor/local_setup.dsv
[1.525s] -- Symlinking: /home/samir/Documents/learning/ros2_ws/install/examples_rclcpp_cbg_executor/share/examples_rclcpp_cbg_executor/package.dsv
[1.527s] -- Up-to-date symlink: /home/samir/Documents/learning/ros2_ws/install/examples_rclcpp_cbg_executor/share/ament_index/resource_index/packages/examples_rclcpp_cbg_executor
[1.527s] -- Up-to-date symlink: /home/samir/Documents/learning/ros2_ws/install/examples_rclcpp_cbg_executor/share/examples_rclcpp_cbg_executor/cmake/ament_cmake_export_dependencies-extras.cmake
[1.527s] -- Up-to-date symlink: /home/samir/Documents/learning/ros2_ws/install/examples_rclcpp_cbg_executor/share/examples_rclcpp_cbg_executor/cmake/examples_rclcpp_cbg_executorConfig.cmake
[1.527s] -- Up-to-date symlink: /home/samir/Documents/learning/ros2_ws/install/examples_rclcpp_cbg_executor/share/examples_rclcpp_cbg_executor/cmake/examples_rclcpp_cbg_executorConfig-version.cmake
[1.527s] -- Up-to-date symlink: /home/samir/Documents/learning/ros2_ws/install/examples_rclcpp_cbg_executor/share/examples_rclcpp_cbg_executor/package.xml
[1.739s] Invoked command in '/home/samir/Documents/learning/ros2_ws/build/examples_rclcpp_cbg_executor' returned '0': CMAKE_PREFIX_PATH=/opt/ros/humble /home/samir/.local/bin/cmake --install /home/samir/Documents/learning/ros2_ws/build/examples_rclcpp_cbg_executor
