[2.215s] Invoking command in '/home/samir/Documents/learning/ros2_ws/build/examples_rclpy_guard_conditions': PYTHONPATH=/home/samir/Documents/learning/ros2_ws/build/examples_rclpy_guard_conditions/prefix_override:/home/samir/Documents/learning/ros2_ws/install/examples_rclpy_guard_conditions/lib/python3.10/site-packages:${PYTHONPATH} /usr/bin/python3 setup.py develop --uninstall --editable --build-directory /home/samir/Documents/learning/ros2_ws/build/examples_rclpy_guard_conditions/build
[2.529s] running develop
[2.530s] /usr/lib/python3/dist-packages/setuptools/command/easy_install.py:158: EasyInstallDeprecationWarning: easy_install command is deprecated. Use build and pip and other standards-based tools.
[2.531s]   warnings.warn(
[2.531s] /usr/lib/python3/dist-packages/setuptools/command/install.py:34: SetuptoolsDeprecationWarning: setup.py install is deprecated. Use build and pip and other standards-based tools.
[2.531s]   warnings.warn(
[2.554s] Removing /home/samir/Documents/learning/ros2_ws/install/examples_rclpy_guard_conditions/lib/python3.10/site-packages/examples-rclpy-guard-conditions.egg-link (link to .)
[3.232s] Invoked command in '/home/samir/Documents/learning/ros2_ws/build/examples_rclpy_guard_conditions' returned '0': PYTHONPATH=/home/samir/Documents/learning/ros2_ws/build/examples_rclpy_guard_conditions/prefix_override:/home/samir/Documents/learning/ros2_ws/install/examples_rclpy_guard_conditions/lib/python3.10/site-packages:${PYTHONPATH} /usr/bin/python3 setup.py develop --uninstall --editable --build-directory /home/samir/Documents/learning/ros2_ws/build/examples_rclpy_guard_conditions/build
[3.233s] Invoking command in '/home/samir/Documents/learning/ros2_ws/src/examples/rclpy/guard_conditions': PYTHONPATH=/home/samir/Documents/learning/ros2_ws/build/examples_rclpy_guard_conditions/prefix_override:/home/samir/Documents/learning/ros2_ws/install/examples_rclpy_guard_conditions/lib/python3.10/site-packages:${PYTHONPATH} /usr/bin/python3 setup.py egg_info --egg-base ../../../../build/examples_rclpy_guard_conditions build --build-base /home/samir/Documents/learning/ros2_ws/build/examples_rclpy_guard_conditions/build install --record /home/samir/Documents/learning/ros2_ws/build/examples_rclpy_guard_conditions/install.log --single-version-externally-managed
[3.422s] running egg_info
[3.423s] writing ../../../../build/examples_rclpy_guard_conditions/examples_rclpy_guard_conditions.egg-info/PKG-INFO
[3.423s] writing dependency_links to ../../../../build/examples_rclpy_guard_conditions/examples_rclpy_guard_conditions.egg-info/dependency_links.txt
[3.423s] writing entry points to ../../../../build/examples_rclpy_guard_conditions/examples_rclpy_guard_conditions.egg-info/entry_points.txt
[3.423s] writing requirements to ../../../../build/examples_rclpy_guard_conditions/examples_rclpy_guard_conditions.egg-info/requires.txt
[3.424s] writing top-level names to ../../../../build/examples_rclpy_guard_conditions/examples_rclpy_guard_conditions.egg-info/top_level.txt
[3.425s] reading manifest file '../../../../build/examples_rclpy_guard_conditions/examples_rclpy_guard_conditions.egg-info/SOURCES.txt'
[3.426s] writing manifest file '../../../../build/examples_rclpy_guard_conditions/examples_rclpy_guard_conditions.egg-info/SOURCES.txt'
[3.426s] running build
[3.427s] running build_py
[3.427s] creating /home/samir/Documents/learning/ros2_ws/build/examples_rclpy_guard_conditions/build
[3.427s] creating /home/samir/Documents/learning/ros2_ws/build/examples_rclpy_guard_conditions/build/lib
[3.427s] creating /home/samir/Documents/learning/ros2_ws/build/examples_rclpy_guard_conditions/build/lib/examples_rclpy_guard_conditions
[3.427s] copying examples_rclpy_guard_conditions/__init__.py -> /home/samir/Documents/learning/ros2_ws/build/examples_rclpy_guard_conditions/build/lib/examples_rclpy_guard_conditions
[3.427s] copying examples_rclpy_guard_conditions/trigger_guard_condition.py -> /home/samir/Documents/learning/ros2_ws/build/examples_rclpy_guard_conditions/build/lib/examples_rclpy_guard_conditions
[3.427s] running install
[3.427s] /usr/lib/python3/dist-packages/setuptools/command/install.py:34: SetuptoolsDeprecationWarning: setup.py install is deprecated. Use build and pip and other standards-based tools.
[3.428s]   warnings.warn(
[3.428s] running install_lib
[3.429s] creating /home/samir/Documents/learning/ros2_ws/install/examples_rclpy_guard_conditions/lib/python3.10/site-packages/examples_rclpy_guard_conditions
[3.429s] copying /home/samir/Documents/learning/ros2_ws/build/examples_rclpy_guard_conditions/build/lib/examples_rclpy_guard_conditions/__init__.py -> /home/samir/Documents/learning/ros2_ws/install/examples_rclpy_guard_conditions/lib/python3.10/site-packages/examples_rclpy_guard_conditions
[3.429s] copying /home/samir/Documents/learning/ros2_ws/build/examples_rclpy_guard_conditions/build/lib/examples_rclpy_guard_conditions/trigger_guard_condition.py -> /home/samir/Documents/learning/ros2_ws/install/examples_rclpy_guard_conditions/lib/python3.10/site-packages/examples_rclpy_guard_conditions
[3.430s] byte-compiling /home/samir/Documents/learning/ros2_ws/install/examples_rclpy_guard_conditions/lib/python3.10/site-packages/examples_rclpy_guard_conditions/__init__.py to __init__.cpython-310.pyc
[3.430s] byte-compiling /home/samir/Documents/learning/ros2_ws/install/examples_rclpy_guard_conditions/lib/python3.10/site-packages/examples_rclpy_guard_conditions/trigger_guard_condition.py to trigger_guard_condition.cpython-310.pyc
[3.430s] running install_data
[3.430s] running install_egg_info
[3.431s] Copying ../../../../build/examples_rclpy_guard_conditions/examples_rclpy_guard_conditions.egg-info to /home/samir/Documents/learning/ros2_ws/install/examples_rclpy_guard_conditions/lib/python3.10/site-packages/examples_rclpy_guard_conditions-0.15.1-py3.10.egg-info
[3.431s] running install_scripts
[3.449s] Installing trigger_guard_condition script to /home/samir/Documents/learning/ros2_ws/install/examples_rclpy_guard_conditions/lib/examples_rclpy_guard_conditions
[3.449s] writing list of installed files to '/home/samir/Documents/learning/ros2_ws/build/examples_rclpy_guard_conditions/install.log'
[4.962s] Invoked command in '/home/samir/Documents/learning/ros2_ws/src/examples/rclpy/guard_conditions' returned '0': PYTHONPATH=/home/samir/Documents/learning/ros2_ws/build/examples_rclpy_guard_conditions/prefix_override:/home/samir/Documents/learning/ros2_ws/install/examples_rclpy_guard_conditions/lib/python3.10/site-packages:${PYTHONPATH} /usr/bin/python3 setup.py egg_info --egg-base ../../../../build/examples_rclpy_guard_conditions build --build-base /home/samir/Documents/learning/ros2_ws/build/examples_rclpy_guard_conditions/build install --record /home/samir/Documents/learning/ros2_ws/build/examples_rclpy_guard_conditions/install.log --single-version-externally-managed
