[0.794s] DEBUG:colcon:Command line arguments: ['/usr/bin/colcon', 'build']
[0.794s] DEBUG:colcon:Parsed command line arguments: Namespace(log_base=None, log_level=None, verb_name='build', build_base='build', install_base='install', merge_install=False, symlink_install=False, test_result_base=None, continue_on_error=False, executor='parallel', parallel_workers=16, event_handlers=None, ignore_user_meta=False, metas=['./colcon.meta'], base_paths=['.'], packages_ignore=None, packages_ignore_regex=None, paths=None, packages_up_to=None, packages_up_to_regex=None, packages_above=None, packages_above_and_dependencies=None, packages_above_depth=None, packages_select_by_dep=None, packages_skip_by_dep=None, packages_skip_up_to=None, packages_select_build_failed=False, packages_skip_build_finished=False, packages_select_test_failures=False, packages_skip_test_passed=False, packages_select=None, packages_skip=None, packages_select_regex=None, packages_skip_regex=None, packages_start=None, packages_end=None, allow_overriding=[], cmake_args=None, cmake_target=None, cmake_target_skip_unavailable=False, cmake_clean_cache=False, cmake_clean_first=False, cmake_force_configure=False, ament_cmake_args=None, catkin_cmake_args=None, catkin_skip_building_tests=False, verb_parser=<colcon_defaults.argument_parser.defaults.DefaultArgumentsDecorator object at 0x7f9b3aacabc0>, verb_extension=<colcon_core.verb.build.BuildVerb object at 0x7f9b3baa7fa0>, main=<bound method BuildVerb.main of <colcon_core.verb.build.BuildVerb object at 0x7f9b3baa7fa0>>)
[0.832s] Level 1:colcon.colcon_core.package_discovery:discover_packages(colcon_meta) check parameters
[0.832s] Level 1:colcon.colcon_core.package_discovery:discover_packages(recursive) check parameters
[0.832s] Level 1:colcon.colcon_core.package_discovery:discover_packages(ignore) check parameters
[0.832s] Level 1:colcon.colcon_core.package_discovery:discover_packages(path) check parameters
[0.832s] Level 1:colcon.colcon_core.package_discovery:discover_packages(colcon_meta) discover
[0.832s] Level 1:colcon.colcon_core.package_discovery:discover_packages(recursive) discover
[0.832s] INFO:colcon.colcon_core.package_discovery:Crawling recursively for packages in '/home/samir/Documents/learning/ros2_ws/src/my_package'
[0.833s] Level 1:colcon.colcon_core.package_identification:_identify(.) by extensions ['ignore', 'ignore_ament_install']
[0.833s] Level 1:colcon.colcon_core.package_identification:_identify(.) by extension 'ignore'
[0.833s] Level 1:colcon.colcon_core.package_identification:_identify(.) by extension 'ignore_ament_install'
[0.833s] Level 1:colcon.colcon_core.package_identification:_identify(.) by extensions ['colcon_pkg']
[0.833s] Level 1:colcon.colcon_core.package_identification:_identify(.) by extension 'colcon_pkg'
[0.833s] Level 1:colcon.colcon_core.package_identification:_identify(.) by extensions ['colcon_meta']
[0.833s] Level 1:colcon.colcon_core.package_identification:_identify(.) by extension 'colcon_meta'
[0.833s] Level 1:colcon.colcon_core.package_identification:_identify(.) by extensions ['ros']
[0.833s] Level 1:colcon.colcon_core.package_identification:_identify(.) by extension 'ros'
[0.842s] DEBUG:colcon.colcon_core.package_identification:Package '.' with type 'ros.ament_cmake' and name 'my_package'
[0.842s] Level 1:colcon.colcon_core.package_discovery:discover_packages(recursive) using defaults
[0.842s] Level 1:colcon.colcon_core.package_discovery:discover_packages(ignore) discover
[0.842s] Level 1:colcon.colcon_core.package_discovery:discover_packages(ignore) using defaults
[0.842s] Level 1:colcon.colcon_core.package_discovery:discover_packages(path) discover
[0.842s] Level 1:colcon.colcon_core.package_discovery:discover_packages(path) using defaults
[0.926s] Level 1:colcon.colcon_core.package_discovery:discover_packages(prefix_path) check parameters
[0.926s] Level 1:colcon.colcon_core.package_discovery:discover_packages(prefix_path) discover
[0.952s] DEBUG:colcon.colcon_installed_package_information.package_discovery:Found 23 installed packages in /home/samir/Documents/learning/ros2_ws/install
[0.965s] DEBUG:colcon.colcon_installed_package_information.package_discovery:Found 322 installed packages in /opt/ros/humble
[0.967s] Level 1:colcon.colcon_core.package_discovery:discover_packages(prefix_path) using defaults
[1.045s] Level 5:colcon.colcon_core.verb:set package 'my_package' build argument 'cmake_args' from command line to 'None'
[1.045s] Level 5:colcon.colcon_core.verb:set package 'my_package' build argument 'cmake_target' from command line to 'None'
[1.045s] Level 5:colcon.colcon_core.verb:set package 'my_package' build argument 'cmake_target_skip_unavailable' from command line to 'False'
[1.045s] Level 5:colcon.colcon_core.verb:set package 'my_package' build argument 'cmake_clean_cache' from command line to 'False'
[1.045s] Level 5:colcon.colcon_core.verb:set package 'my_package' build argument 'cmake_clean_first' from command line to 'False'
[1.045s] Level 5:colcon.colcon_core.verb:set package 'my_package' build argument 'cmake_force_configure' from command line to 'False'
[1.045s] Level 5:colcon.colcon_core.verb:set package 'my_package' build argument 'ament_cmake_args' from command line to 'None'
[1.045s] Level 5:colcon.colcon_core.verb:set package 'my_package' build argument 'catkin_cmake_args' from command line to 'None'
[1.045s] Level 5:colcon.colcon_core.verb:set package 'my_package' build argument 'catkin_skip_building_tests' from command line to 'False'
[1.045s] DEBUG:colcon.colcon_core.verb:Building package 'my_package' with the following arguments: {'ament_cmake_args': None, 'build_base': '/home/samir/Documents/learning/ros2_ws/src/my_package/build/my_package', 'catkin_cmake_args': None, 'catkin_skip_building_tests': False, 'cmake_args': None, 'cmake_clean_cache': False, 'cmake_clean_first': False, 'cmake_force_configure': False, 'cmake_target': None, 'cmake_target_skip_unavailable': False, 'install_base': '/home/samir/Documents/learning/ros2_ws/src/my_package/install/my_package', 'merge_install': False, 'path': '/home/samir/Documents/learning/ros2_ws/src/my_package', 'symlink_install': False, 'test_result_base': None}
[1.058s] INFO:colcon.colcon_core.executor:Executing jobs using 'parallel' executor
[1.070s] DEBUG:colcon.colcon_parallel_executor.executor.parallel:run_until_complete
[1.070s] INFO:colcon.colcon_ros.task.ament_cmake.build:Building ROS package in '/home/samir/Documents/learning/ros2_ws/src/my_package' with build type 'ament_cmake'
[1.070s] INFO:colcon.colcon_cmake.task.cmake.build:Building CMake package in '/home/samir/Documents/learning/ros2_ws/src/my_package'
[1.083s] INFO:colcon.colcon_core.plugin_system:Skipping extension 'colcon_core.shell.bat': Not used on non-Windows systems
[1.083s] INFO:colcon.colcon_core.shell:Skip shell extension 'powershell' for command environment: Not usable outside of PowerShell
[1.083s] DEBUG:colcon.colcon_core.shell:Skip shell extension 'dsv' for command environment
[1.127s] DEBUG:colcon.colcon_core.event_handler.log_command:Invoking command in '/home/samir/Documents/learning/ros2_ws/src/my_package/build/my_package': CMAKE_PREFIX_PATH=${CMAKE_PREFIX_PATH}:/home/samir/Documents/learning/ros2_ws/install/launch_testing_examples:/home/samir/Documents/learning/ros2_ws/install/examples_rclpy_pointcloud_publisher:/home/samir/Documents/learning/ros2_ws/install/examples_rclpy_minimal_subscriber:/home/samir/Documents/learning/ros2_ws/install/examples_rclpy_minimal_service:/home/samir/Documents/learning/ros2_ws/install/examples_rclpy_minimal_publisher:/home/samir/Documents/learning/ros2_ws/install/examples_rclpy_minimal_client:/home/samir/Documents/learning/ros2_ws/install/examples_rclpy_minimal_action_server:/home/samir/Documents/learning/ros2_ws/install/examples_rclpy_minimal_action_client:/home/samir/Documents/learning/ros2_ws/install/examples_rclpy_guard_conditions:/home/samir/Documents/learning/ros2_ws/install/examples_rclpy_executors:/opt/ros/humble /home/samir/.local/bin/cmake /home/samir/Documents/learning/ros2_ws/src/my_package -DCMAKE_INSTALL_PREFIX=/home/samir/Documents/learning/ros2_ws/src/my_package/install/my_package
[1.943s] DEBUG:colcon.colcon_core.event_handler.log_command:Invoked command in '/home/samir/Documents/learning/ros2_ws/src/my_package/build/my_package' returned '0': CMAKE_PREFIX_PATH=${CMAKE_PREFIX_PATH}:/home/samir/Documents/learning/ros2_ws/install/launch_testing_examples:/home/samir/Documents/learning/ros2_ws/install/examples_rclpy_pointcloud_publisher:/home/samir/Documents/learning/ros2_ws/install/examples_rclpy_minimal_subscriber:/home/samir/Documents/learning/ros2_ws/install/examples_rclpy_minimal_service:/home/samir/Documents/learning/ros2_ws/install/examples_rclpy_minimal_publisher:/home/samir/Documents/learning/ros2_ws/install/examples_rclpy_minimal_client:/home/samir/Documents/learning/ros2_ws/install/examples_rclpy_minimal_action_server:/home/samir/Documents/learning/ros2_ws/install/examples_rclpy_minimal_action_client:/home/samir/Documents/learning/ros2_ws/install/examples_rclpy_guard_conditions:/home/samir/Documents/learning/ros2_ws/install/examples_rclpy_executors:/opt/ros/humble /home/samir/.local/bin/cmake /home/samir/Documents/learning/ros2_ws/src/my_package -DCMAKE_INSTALL_PREFIX=/home/samir/Documents/learning/ros2_ws/src/my_package/install/my_package
[1.945s] DEBUG:colcon.colcon_core.event_handler.log_command:Invoking command in '/home/samir/Documents/learning/ros2_ws/src/my_package/build/my_package': CMAKE_PREFIX_PATH=${CMAKE_PREFIX_PATH}:/home/samir/Documents/learning/ros2_ws/install/launch_testing_examples:/home/samir/Documents/learning/ros2_ws/install/examples_rclpy_pointcloud_publisher:/home/samir/Documents/learning/ros2_ws/install/examples_rclpy_minimal_subscriber:/home/samir/Documents/learning/ros2_ws/install/examples_rclpy_minimal_service:/home/samir/Documents/learning/ros2_ws/install/examples_rclpy_minimal_publisher:/home/samir/Documents/learning/ros2_ws/install/examples_rclpy_minimal_client:/home/samir/Documents/learning/ros2_ws/install/examples_rclpy_minimal_action_server:/home/samir/Documents/learning/ros2_ws/install/examples_rclpy_minimal_action_client:/home/samir/Documents/learning/ros2_ws/install/examples_rclpy_guard_conditions:/home/samir/Documents/learning/ros2_ws/install/examples_rclpy_executors:/opt/ros/humble /home/samir/.local/bin/cmake --build /home/samir/Documents/learning/ros2_ws/src/my_package/build/my_package -- -j16 -l16
[2.031s] DEBUG:colcon.colcon_core.event_handler.log_command:Invoked command in '/home/samir/Documents/learning/ros2_ws/src/my_package/build/my_package' returned '0': CMAKE_PREFIX_PATH=${CMAKE_PREFIX_PATH}:/home/samir/Documents/learning/ros2_ws/install/launch_testing_examples:/home/samir/Documents/learning/ros2_ws/install/examples_rclpy_pointcloud_publisher:/home/samir/Documents/learning/ros2_ws/install/examples_rclpy_minimal_subscriber:/home/samir/Documents/learning/ros2_ws/install/examples_rclpy_minimal_service:/home/samir/Documents/learning/ros2_ws/install/examples_rclpy_minimal_publisher:/home/samir/Documents/learning/ros2_ws/install/examples_rclpy_minimal_client:/home/samir/Documents/learning/ros2_ws/install/examples_rclpy_minimal_action_server:/home/samir/Documents/learning/ros2_ws/install/examples_rclpy_minimal_action_client:/home/samir/Documents/learning/ros2_ws/install/examples_rclpy_guard_conditions:/home/samir/Documents/learning/ros2_ws/install/examples_rclpy_executors:/opt/ros/humble /home/samir/.local/bin/cmake --build /home/samir/Documents/learning/ros2_ws/src/my_package/build/my_package -- -j16 -l16
[2.089s] DEBUG:colcon.colcon_core.event_handler.log_command:Invoking command in '/home/samir/Documents/learning/ros2_ws/src/my_package/build/my_package': CMAKE_PREFIX_PATH=${CMAKE_PREFIX_PATH}:/home/samir/Documents/learning/ros2_ws/install/launch_testing_examples:/home/samir/Documents/learning/ros2_ws/install/examples_rclpy_pointcloud_publisher:/home/samir/Documents/learning/ros2_ws/install/examples_rclpy_minimal_subscriber:/home/samir/Documents/learning/ros2_ws/install/examples_rclpy_minimal_service:/home/samir/Documents/learning/ros2_ws/install/examples_rclpy_minimal_publisher:/home/samir/Documents/learning/ros2_ws/install/examples_rclpy_minimal_client:/home/samir/Documents/learning/ros2_ws/install/examples_rclpy_minimal_action_server:/home/samir/Documents/learning/ros2_ws/install/examples_rclpy_minimal_action_client:/home/samir/Documents/learning/ros2_ws/install/examples_rclpy_guard_conditions:/home/samir/Documents/learning/ros2_ws/install/examples_rclpy_executors:/opt/ros/humble /home/samir/.local/bin/cmake --install /home/samir/Documents/learning/ros2_ws/src/my_package/build/my_package
[2.113s] Level 1:colcon.colcon_core.environment:create_environment_scripts_only(my_package)
[2.114s] DEBUG:colcon.colcon_core.event_handler.log_command:Invoked command in '/home/samir/Documents/learning/ros2_ws/src/my_package/build/my_package' returned '0': CMAKE_PREFIX_PATH=${CMAKE_PREFIX_PATH}:/home/samir/Documents/learning/ros2_ws/install/launch_testing_examples:/home/samir/Documents/learning/ros2_ws/install/examples_rclpy_pointcloud_publisher:/home/samir/Documents/learning/ros2_ws/install/examples_rclpy_minimal_subscriber:/home/samir/Documents/learning/ros2_ws/install/examples_rclpy_minimal_service:/home/samir/Documents/learning/ros2_ws/install/examples_rclpy_minimal_publisher:/home/samir/Documents/learning/ros2_ws/install/examples_rclpy_minimal_client:/home/samir/Documents/learning/ros2_ws/install/examples_rclpy_minimal_action_server:/home/samir/Documents/learning/ros2_ws/install/examples_rclpy_minimal_action_client:/home/samir/Documents/learning/ros2_ws/install/examples_rclpy_guard_conditions:/home/samir/Documents/learning/ros2_ws/install/examples_rclpy_executors:/opt/ros/humble /home/samir/.local/bin/cmake --install /home/samir/Documents/learning/ros2_ws/src/my_package/build/my_package
[2.127s] Level 1:colcon.colcon_core.environment:checking '/home/samir/Documents/learning/ros2_ws/src/my_package/install/my_package' for CMake module files
[2.128s] Level 1:colcon.colcon_core.environment:checking '/home/samir/Documents/learning/ros2_ws/src/my_package/install/my_package' for CMake config files
[2.128s] Level 1:colcon.colcon_core.shell:create_environment_hook('my_package', 'cmake_prefix_path')
[2.139s] INFO:colcon.colcon_core.shell:Creating environment hook '/home/samir/Documents/learning/ros2_ws/src/my_package/install/my_package/share/my_package/hook/cmake_prefix_path.ps1'
[2.140s] INFO:colcon.colcon_core.shell:Creating environment descriptor '/home/samir/Documents/learning/ros2_ws/src/my_package/install/my_package/share/my_package/hook/cmake_prefix_path.dsv'
[2.140s] INFO:colcon.colcon_core.shell:Creating environment hook '/home/samir/Documents/learning/ros2_ws/src/my_package/install/my_package/share/my_package/hook/cmake_prefix_path.sh'
[2.141s] Level 1:colcon.colcon_core.environment:checking '/home/samir/Documents/learning/ros2_ws/src/my_package/install/my_package/lib'
[2.141s] Level 1:colcon.colcon_core.environment:checking '/home/samir/Documents/learning/ros2_ws/src/my_package/install/my_package/bin'
[2.141s] Level 1:colcon.colcon_core.environment:checking '/home/samir/Documents/learning/ros2_ws/src/my_package/install/my_package/lib/pkgconfig/my_package.pc'
[2.141s] Level 1:colcon.colcon_core.environment:checking '/home/samir/Documents/learning/ros2_ws/src/my_package/install/my_package/lib/python3.10/site-packages'
[2.141s] Level 1:colcon.colcon_core.environment:checking '/home/samir/Documents/learning/ros2_ws/src/my_package/install/my_package/bin'
[2.153s] INFO:colcon.colcon_core.shell:Creating package script '/home/samir/Documents/learning/ros2_ws/src/my_package/install/my_package/share/my_package/package.ps1'
[2.153s] INFO:colcon.colcon_core.shell:Creating package descriptor '/home/samir/Documents/learning/ros2_ws/src/my_package/install/my_package/share/my_package/package.dsv'
[2.154s] INFO:colcon.colcon_core.shell:Creating package script '/home/samir/Documents/learning/ros2_ws/src/my_package/install/my_package/share/my_package/package.sh'
[2.154s] INFO:colcon.colcon_core.shell:Creating package script '/home/samir/Documents/learning/ros2_ws/src/my_package/install/my_package/share/my_package/package.bash'
[2.155s] INFO:colcon.colcon_core.shell:Creating package script '/home/samir/Documents/learning/ros2_ws/src/my_package/install/my_package/share/my_package/package.zsh'
[2.155s] Level 1:colcon.colcon_core.environment:create_file_with_runtime_dependencies(/home/samir/Documents/learning/ros2_ws/src/my_package/install/my_package/share/colcon-core/packages/my_package)
[2.203s] Level 1:colcon.colcon_core.environment:create_environment_scripts_only(my_package)
[2.215s] Level 1:colcon.colcon_core.environment:checking '/home/samir/Documents/learning/ros2_ws/src/my_package/install/my_package' for CMake module files
[2.215s] Level 1:colcon.colcon_core.environment:checking '/home/samir/Documents/learning/ros2_ws/src/my_package/install/my_package' for CMake config files
[2.216s] Level 1:colcon.colcon_core.shell:create_environment_hook('my_package', 'cmake_prefix_path')
[2.229s] INFO:colcon.colcon_core.shell:Creating environment hook '/home/samir/Documents/learning/ros2_ws/src/my_package/install/my_package/share/my_package/hook/cmake_prefix_path.ps1'
[2.229s] INFO:colcon.colcon_core.shell:Creating environment descriptor '/home/samir/Documents/learning/ros2_ws/src/my_package/install/my_package/share/my_package/hook/cmake_prefix_path.dsv'
[2.229s] INFO:colcon.colcon_core.shell:Creating environment hook '/home/samir/Documents/learning/ros2_ws/src/my_package/install/my_package/share/my_package/hook/cmake_prefix_path.sh'
[2.230s] Level 1:colcon.colcon_core.environment:checking '/home/samir/Documents/learning/ros2_ws/src/my_package/install/my_package/lib'
[2.230s] Level 1:colcon.colcon_core.environment:checking '/home/samir/Documents/learning/ros2_ws/src/my_package/install/my_package/bin'
[2.230s] Level 1:colcon.colcon_core.environment:checking '/home/samir/Documents/learning/ros2_ws/src/my_package/install/my_package/lib/pkgconfig/my_package.pc'
[2.230s] Level 1:colcon.colcon_core.environment:checking '/home/samir/Documents/learning/ros2_ws/src/my_package/install/my_package/lib/python3.10/site-packages'
[2.230s] Level 1:colcon.colcon_core.environment:checking '/home/samir/Documents/learning/ros2_ws/src/my_package/install/my_package/bin'
[2.242s] INFO:colcon.colcon_core.shell:Creating package script '/home/samir/Documents/learning/ros2_ws/src/my_package/install/my_package/share/my_package/package.ps1'
[2.242s] INFO:colcon.colcon_core.shell:Creating package descriptor '/home/samir/Documents/learning/ros2_ws/src/my_package/install/my_package/share/my_package/package.dsv'
[2.243s] INFO:colcon.colcon_core.shell:Creating package script '/home/samir/Documents/learning/ros2_ws/src/my_package/install/my_package/share/my_package/package.sh'
[2.243s] INFO:colcon.colcon_core.shell:Creating package script '/home/samir/Documents/learning/ros2_ws/src/my_package/install/my_package/share/my_package/package.bash'
[2.243s] INFO:colcon.colcon_core.shell:Creating package script '/home/samir/Documents/learning/ros2_ws/src/my_package/install/my_package/share/my_package/package.zsh'
[2.243s] Level 1:colcon.colcon_core.environment:create_file_with_runtime_dependencies(/home/samir/Documents/learning/ros2_ws/src/my_package/install/my_package/share/colcon-core/packages/my_package)
[2.243s] DEBUG:colcon.colcon_parallel_executor.executor.parallel:closing loop
[2.244s] DEBUG:colcon.colcon_parallel_executor.executor.parallel:loop closed
[2.244s] DEBUG:colcon.colcon_parallel_executor.executor.parallel:run_until_complete finished with '0'
[2.244s] DEBUG:colcon.colcon_core.event_reactor:joining thread
[2.260s] INFO:colcon.colcon_core.plugin_system:Skipping extension 'colcon_notification.desktop_notification.terminal_notifier': Not used on non-Darwin systems
[2.260s] INFO:colcon.colcon_core.plugin_system:Skipping extension 'colcon_notification.desktop_notification.win32': Not used on non-Windows systems
[2.260s] INFO:colcon.colcon_notification.desktop_notification:Sending desktop notification using 'notify2'
[2.268s] DEBUG:colcon.colcon_core.event_reactor:joined thread
[2.281s] INFO:colcon.colcon_core.shell:Creating prefix script '/home/samir/Documents/learning/ros2_ws/src/my_package/install/local_setup.ps1'
[2.281s] INFO:colcon.colcon_core.shell:Creating prefix util module '/home/samir/Documents/learning/ros2_ws/src/my_package/install/_local_setup_util_ps1.py'
[2.282s] INFO:colcon.colcon_core.shell:Creating prefix chain script '/home/samir/Documents/learning/ros2_ws/src/my_package/install/setup.ps1'
[2.301s] INFO:colcon.colcon_core.shell:Creating prefix script '/home/samir/Documents/learning/ros2_ws/src/my_package/install/local_setup.sh'
[2.301s] INFO:colcon.colcon_core.shell:Creating prefix util module '/home/samir/Documents/learning/ros2_ws/src/my_package/install/_local_setup_util_sh.py'
[2.302s] INFO:colcon.colcon_core.shell:Creating prefix chain script '/home/samir/Documents/learning/ros2_ws/src/my_package/install/setup.sh'
[2.315s] INFO:colcon.colcon_core.shell:Creating prefix script '/home/samir/Documents/learning/ros2_ws/src/my_package/install/local_setup.bash'
[2.315s] INFO:colcon.colcon_core.shell:Creating prefix chain script '/home/samir/Documents/learning/ros2_ws/src/my_package/install/setup.bash'
[2.329s] INFO:colcon.colcon_core.shell:Creating prefix script '/home/samir/Documents/learning/ros2_ws/src/my_package/install/local_setup.zsh'
[2.329s] INFO:colcon.colcon_core.shell:Creating prefix chain script '/home/samir/Documents/learning/ros2_ws/src/my_package/install/setup.zsh'
