[1.547s] Invoking command in '/home/samir/Documents/learning/ros2_ws/src/examples/rclpy/guard_conditions': PYTHONPATH=/home/samir/Documents/learning/ros2_ws/build/examples_rclpy_guard_conditions/prefix_override:/home/samir/Documents/learning/ros2_ws/install/examples_rclpy_guard_conditions/lib/python3.10/site-packages:${PYTHONPATH} /usr/bin/python3 setup.py egg_info --egg-base ../../../../build/examples_rclpy_guard_conditions build --build-base /home/samir/Documents/learning/ros2_ws/build/examples_rclpy_guard_conditions/build install --record /home/samir/Documents/learning/ros2_ws/build/examples_rclpy_guard_conditions/install.log --single-version-externally-managed
[1.730s] running egg_info
[1.730s] writing ../../../../build/examples_rclpy_guard_conditions/examples_rclpy_guard_conditions.egg-info/PKG-INFO
[1.730s] writing dependency_links to ../../../../build/examples_rclpy_guard_conditions/examples_rclpy_guard_conditions.egg-info/dependency_links.txt
[1.730s] writing entry points to ../../../../build/examples_rclpy_guard_conditions/examples_rclpy_guard_conditions.egg-info/entry_points.txt
[1.731s] writing requirements to ../../../../build/examples_rclpy_guard_conditions/examples_rclpy_guard_conditions.egg-info/requires.txt
[1.731s] writing top-level names to ../../../../build/examples_rclpy_guard_conditions/examples_rclpy_guard_conditions.egg-info/top_level.txt
[1.732s] reading manifest file '../../../../build/examples_rclpy_guard_conditions/examples_rclpy_guard_conditions.egg-info/SOURCES.txt'
[1.732s] writing manifest file '../../../../build/examples_rclpy_guard_conditions/examples_rclpy_guard_conditions.egg-info/SOURCES.txt'
[1.733s] running build
[1.733s] running build_py
[1.733s] running install
[1.733s] /usr/lib/python3/dist-packages/setuptools/command/install.py:34: SetuptoolsDeprecationWarning: setup.py install is deprecated. Use build and pip and other standards-based tools.
[1.733s]   warnings.warn(
[1.734s] running install_lib
[1.734s] running install_data
[1.734s] running install_egg_info
[1.735s] removing '/home/samir/Documents/learning/ros2_ws/install/examples_rclpy_guard_conditions/lib/python3.10/site-packages/examples_rclpy_guard_conditions-0.15.1-py3.10.egg-info' (and everything under it)
[1.735s] Copying ../../../../build/examples_rclpy_guard_conditions/examples_rclpy_guard_conditions.egg-info to /home/samir/Documents/learning/ros2_ws/install/examples_rclpy_guard_conditions/lib/python3.10/site-packages/examples_rclpy_guard_conditions-0.15.1-py3.10.egg-info
[1.736s] running install_scripts
[1.750s] Installing trigger_guard_condition script to /home/samir/Documents/learning/ros2_ws/install/examples_rclpy_guard_conditions/lib/examples_rclpy_guard_conditions
[1.750s] writing list of installed files to '/home/samir/Documents/learning/ros2_ws/build/examples_rclpy_guard_conditions/install.log'
[2.906s] Invoked command in '/home/samir/Documents/learning/ros2_ws/src/examples/rclpy/guard_conditions' returned '0': PYTHONPATH=/home/samir/Documents/learning/ros2_ws/build/examples_rclpy_guard_conditions/prefix_override:/home/samir/Documents/learning/ros2_ws/install/examples_rclpy_guard_conditions/lib/python3.10/site-packages:${PYTHONPATH} /usr/bin/python3 setup.py egg_info --egg-base ../../../../build/examples_rclpy_guard_conditions build --build-base /home/samir/Documents/learning/ros2_ws/build/examples_rclpy_guard_conditions/build install --record /home/samir/Documents/learning/ros2_ws/build/examples_rclpy_guard_conditions/install.log --single-version-externally-managed
