[7.381s] Invoking command in '/home/samir/Documents/learning/ros2_ws/build/examples_rclpy_minimal_service': PYTHONPATH=/home/samir/Documents/learning/ros2_ws/build/examples_rclpy_minimal_service/prefix_override:/home/samir/Documents/learning/ros2_ws/install/examples_rclpy_minimal_service/lib/python3.10/site-packages:${PYTHONPATH} /usr/bin/python3 setup.py develop --editable --build-directory /home/samir/Documents/learning/ros2_ws/build/examples_rclpy_minimal_service/build --no-deps install_data
[13.641s] running develop
[13.642s] running egg_info
[13.642s] creating examples_rclpy_minimal_service.egg-info
[13.642s] writing examples_rclpy_minimal_service.egg-info/PKG-INFO
[13.642s] writing dependency_links to examples_rclpy_minimal_service.egg-info/dependency_links.txt
[13.642s] writing entry points to examples_rclpy_minimal_service.egg-info/entry_points.txt
[13.642s] writing requirements to examples_rclpy_minimal_service.egg-info/requires.txt
[13.642s] writing top-level names to examples_rclpy_minimal_service.egg-info/top_level.txt
[13.642s] writing manifest file 'examples_rclpy_minimal_service.egg-info/SOURCES.txt'
[13.642s] reading manifest file 'examples_rclpy_minimal_service.egg-info/SOURCES.txt'
[13.642s] writing manifest file 'examples_rclpy_minimal_service.egg-info/SOURCES.txt'
[13.642s] running build_ext
[13.642s] Creating /home/samir/Documents/learning/ros2_ws/install/examples_rclpy_minimal_service/lib/python3.10/site-packages/examples-rclpy-minimal-service.egg-link (link to .)
[13.642s] Installing service script to /home/samir/Documents/learning/ros2_ws/install/examples_rclpy_minimal_service/lib/examples_rclpy_minimal_service
[13.642s] Installing service_member_function script to /home/samir/Documents/learning/ros2_ws/install/examples_rclpy_minimal_service/lib/examples_rclpy_minimal_service
[13.642s] 
[13.643s] Installed /home/samir/Documents/learning/ros2_ws/build/examples_rclpy_minimal_service
[13.643s] running install_data
[13.643s] creating /home/samir/Documents/learning/ros2_ws/install/examples_rclpy_minimal_service/share/ament_index
[13.643s] creating /home/samir/Documents/learning/ros2_ws/install/examples_rclpy_minimal_service/share/ament_index/resource_index
[13.643s] creating /home/samir/Documents/learning/ros2_ws/install/examples_rclpy_minimal_service/share/ament_index/resource_index/packages
[13.643s] copying resource/examples_rclpy_minimal_service -> /home/samir/Documents/learning/ros2_ws/install/examples_rclpy_minimal_service/share/ament_index/resource_index/packages
[13.643s] copying package.xml -> /home/samir/Documents/learning/ros2_ws/install/examples_rclpy_minimal_service/share/examples_rclpy_minimal_service
[13.643s] /usr/lib/python3/dist-packages/setuptools/command/easy_install.py:158: EasyInstallDeprecationWarning: easy_install command is deprecated. Use build and pip and other standards-based tools.
[13.643s]   warnings.warn(
[13.643s] /usr/lib/python3/dist-packages/setuptools/command/install.py:34: SetuptoolsDeprecationWarning: setup.py install is deprecated. Use build and pip and other standards-based tools.
[13.643s]   warnings.warn(
[13.869s] Invoked command in '/home/samir/Documents/learning/ros2_ws/build/examples_rclpy_minimal_service' returned '0': PYTHONPATH=/home/samir/Documents/learning/ros2_ws/build/examples_rclpy_minimal_service/prefix_override:/home/samir/Documents/learning/ros2_ws/install/examples_rclpy_minimal_service/lib/python3.10/site-packages:${PYTHONPATH} /usr/bin/python3 setup.py develop --editable --build-directory /home/samir/Documents/learning/ros2_ws/build/examples_rclpy_minimal_service/build --no-deps install_data
