[2.329s] Invoking command in '/home/samir/Documents/learning/ros2_ws/src/examples/rclpy/services/minimal_client': PYTHONPATH=/home/samir/Documents/learning/ros2_ws/build/examples_rclpy_minimal_client/prefix_override:/home/samir/Documents/learning/ros2_ws/install/examples_rclpy_minimal_client/lib/python3.10/site-packages:${PYTHONPATH} /usr/bin/python3 setup.py egg_info --egg-base ../../../../../build/examples_rclpy_minimal_client build --build-base /home/samir/Documents/learning/ros2_ws/build/examples_rclpy_minimal_client/build install --record /home/samir/Documents/learning/ros2_ws/build/examples_rclpy_minimal_client/install.log --single-version-externally-managed
[2.524s] running egg_info
[2.525s] writing ../../../../../build/examples_rclpy_minimal_client/examples_rclpy_minimal_client.egg-info/PKG-INFO
[2.525s] writing dependency_links to ../../../../../build/examples_rclpy_minimal_client/examples_rclpy_minimal_client.egg-info/dependency_links.txt
[2.525s] writing entry points to ../../../../../build/examples_rclpy_minimal_client/examples_rclpy_minimal_client.egg-info/entry_points.txt
[2.525s] writing requirements to ../../../../../build/examples_rclpy_minimal_client/examples_rclpy_minimal_client.egg-info/requires.txt
[2.525s] writing top-level names to ../../../../../build/examples_rclpy_minimal_client/examples_rclpy_minimal_client.egg-info/top_level.txt
[2.527s] reading manifest file '../../../../../build/examples_rclpy_minimal_client/examples_rclpy_minimal_client.egg-info/SOURCES.txt'
[2.528s] writing manifest file '../../../../../build/examples_rclpy_minimal_client/examples_rclpy_minimal_client.egg-info/SOURCES.txt'
[2.528s] running build
[2.528s] running build_py
[2.528s] running install
[2.529s] /usr/lib/python3/dist-packages/setuptools/command/install.py:34: SetuptoolsDeprecationWarning: setup.py install is deprecated. Use build and pip and other standards-based tools.
[2.529s]   warnings.warn(
[2.529s] running install_lib
[2.530s] running install_data
[2.530s] running install_egg_info
[2.531s] removing '/home/samir/Documents/learning/ros2_ws/install/examples_rclpy_minimal_client/lib/python3.10/site-packages/examples_rclpy_minimal_client-0.15.1-py3.10.egg-info' (and everything under it)
[2.531s] Copying ../../../../../build/examples_rclpy_minimal_client/examples_rclpy_minimal_client.egg-info to /home/samir/Documents/learning/ros2_ws/install/examples_rclpy_minimal_client/lib/python3.10/site-packages/examples_rclpy_minimal_client-0.15.1-py3.10.egg-info
[2.532s] running install_scripts
[2.547s] Installing client script to /home/samir/Documents/learning/ros2_ws/install/examples_rclpy_minimal_client/lib/examples_rclpy_minimal_client
[2.547s] Installing client_async script to /home/samir/Documents/learning/ros2_ws/install/examples_rclpy_minimal_client/lib/examples_rclpy_minimal_client
[2.547s] Installing client_async_callback script to /home/samir/Documents/learning/ros2_ws/install/examples_rclpy_minimal_client/lib/examples_rclpy_minimal_client
[2.547s] Installing client_async_member_function script to /home/samir/Documents/learning/ros2_ws/install/examples_rclpy_minimal_client/lib/examples_rclpy_minimal_client
[2.547s] writing list of installed files to '/home/samir/Documents/learning/ros2_ws/build/examples_rclpy_minimal_client/install.log'
[2.573s] Invoked command in '/home/samir/Documents/learning/ros2_ws/src/examples/rclpy/services/minimal_client' returned '0': PYTHONPATH=/home/samir/Documents/learning/ros2_ws/build/examples_rclpy_minimal_client/prefix_override:/home/samir/Documents/learning/ros2_ws/install/examples_rclpy_minimal_client/lib/python3.10/site-packages:${PYTHONPATH} /usr/bin/python3 setup.py egg_info --egg-base ../../../../../build/examples_rclpy_minimal_client build --build-base /home/samir/Documents/learning/ros2_ws/build/examples_rclpy_minimal_client/build install --record /home/samir/Documents/learning/ros2_ws/build/examples_rclpy_minimal_client/install.log --single-version-externally-managed
