[0.482s] Invoking command in '/home/samir/Documents/learning/ros2_ws/build/examples_rclcpp_minimal_composition': CMAKE_PREFIX_PATH=/opt/ros/humble /home/samir/.local/bin/cmake --build /home/samir/Documents/learning/ros2_ws/build/examples_rclcpp_minimal_composition -- -j16 -l16
[1.464s] [ 33%] Built target composition_nodes
[1.464s] [ 55%] Built target composition_subscriber
[1.464s] [ 77%] Built target composition_publisher
[1.465s] [100%] Built target composition_composed
[1.480s] Invoked command in '/home/samir/Documents/learning/ros2_ws/build/examples_rclcpp_minimal_composition' returned '0': CMAKE_PREFIX_PATH=/opt/ros/humble /home/samir/.local/bin/cmake --build /home/samir/Documents/learning/ros2_ws/build/examples_rclcpp_minimal_composition -- -j16 -l16
[1.546s] Invoking command in '/home/samir/Documents/learning/ros2_ws/build/examples_rclcpp_minimal_composition': CMAKE_PREFIX_PATH=/opt/ros/humble /home/samir/.local/bin/cmake --install /home/samir/Documents/learning/ros2_ws/build/examples_rclcpp_minimal_composition
[1.572s] -- Install configuration: ""
[1.573s] -- Execute custom install script
[1.573s] -- Up-to-date symlink: /home/samir/Documents/learning/ros2_ws/install/examples_rclcpp_minimal_composition/share/examples_rclcpp_minimal_composition/environment/library_path.sh
[1.573s] -- Up-to-date symlink: /home/samir/Documents/learning/ros2_ws/install/examples_rclcpp_minimal_composition/share/examples_rclcpp_minimal_composition/environment/library_path.dsv
[1.574s] -- Up-to-date symlink: /home/samir/Documents/learning/ros2_ws/install/examples_rclcpp_minimal_composition/lib/libcomposition_nodes.so
[1.574s] -- Up-to-date symlink: /home/samir/Documents/learning/ros2_ws/install/examples_rclcpp_minimal_composition/lib/examples_rclcpp_minimal_composition/composition_publisher
[1.576s] -- Up-to-date symlink: /home/samir/Documents/learning/ros2_ws/install/examples_rclcpp_minimal_composition/lib/examples_rclcpp_minimal_composition/composition_subscriber
[1.576s] -- Up-to-date symlink: /home/samir/Documents/learning/ros2_ws/install/examples_rclcpp_minimal_composition/lib/examples_rclcpp_minimal_composition/composition_composed
[1.576s] -- Up-to-date symlink: /home/samir/Documents/learning/ros2_ws/install/examples_rclcpp_minimal_composition/share/ament_index/resource_index/package_run_dependencies/examples_rclcpp_minimal_composition
[1.576s] -- Up-to-date symlink: /home/samir/Documents/learning/ros2_ws/install/examples_rclcpp_minimal_composition/share/ament_index/resource_index/parent_prefix_path/examples_rclcpp_minimal_composition
[1.577s] -- Up-to-date symlink: /home/samir/Documents/learning/ros2_ws/install/examples_rclcpp_minimal_composition/share/examples_rclcpp_minimal_composition/environment/ament_prefix_path.sh
[1.577s] -- Up-to-date symlink: /home/samir/Documents/learning/ros2_ws/install/examples_rclcpp_minimal_composition/share/examples_rclcpp_minimal_composition/environment/ament_prefix_path.dsv
[1.580s] -- Up-to-date symlink: /home/samir/Documents/learning/ros2_ws/install/examples_rclcpp_minimal_composition/share/examples_rclcpp_minimal_composition/environment/path.sh
[1.580s] -- Up-to-date symlink: /home/samir/Documents/learning/ros2_ws/install/examples_rclcpp_minimal_composition/share/examples_rclcpp_minimal_composition/environment/path.dsv
[1.581s] -- Up-to-date symlink: /home/samir/Documents/learning/ros2_ws/install/examples_rclcpp_minimal_composition/share/examples_rclcpp_minimal_composition/local_setup.bash
[1.581s] -- Up-to-date symlink: /home/samir/Documents/learning/ros2_ws/install/examples_rclcpp_minimal_composition/share/examples_rclcpp_minimal_composition/local_setup.sh
[1.582s] -- Up-to-date symlink: /home/samir/Documents/learning/ros2_ws/install/examples_rclcpp_minimal_composition/share/examples_rclcpp_minimal_composition/local_setup.zsh
[1.584s] -- Up-to-date symlink: /home/samir/Documents/learning/ros2_ws/install/examples_rclcpp_minimal_composition/share/examples_rclcpp_minimal_composition/local_setup.dsv
[1.586s] -- Symlinking: /home/samir/Documents/learning/ros2_ws/install/examples_rclcpp_minimal_composition/share/examples_rclcpp_minimal_composition/package.dsv
[1.588s] -- Up-to-date symlink: /home/samir/Documents/learning/ros2_ws/install/examples_rclcpp_minimal_composition/share/ament_index/resource_index/packages/examples_rclcpp_minimal_composition
[1.590s] -- Up-to-date symlink: /home/samir/Documents/learning/ros2_ws/install/examples_rclcpp_minimal_composition/share/examples_rclcpp_minimal_composition/cmake/examples_rclcpp_minimal_compositionConfig.cmake
[1.592s] -- Up-to-date symlink: /home/samir/Documents/learning/ros2_ws/install/examples_rclcpp_minimal_composition/share/examples_rclcpp_minimal_composition/cmake/examples_rclcpp_minimal_compositionConfig-version.cmake
[1.592s] -- Up-to-date symlink: /home/samir/Documents/learning/ros2_ws/install/examples_rclcpp_minimal_composition/share/examples_rclcpp_minimal_composition/package.xml
[1.727s] Invoked command in '/home/samir/Documents/learning/ros2_ws/build/examples_rclcpp_minimal_composition' returned '0': CMAKE_PREFIX_PATH=/opt/ros/humble /home/samir/.local/bin/cmake --install /home/samir/Documents/learning/ros2_ws/build/examples_rclcpp_minimal_composition
