[0.044s] Invoking command in '/home/samir/Documents/learning/ros2_ws/build/cpp_pubsub': AMENT_PREFIX_PATH=/home/samir/Documents/learning/ros2_ws/install/tutorial_interfaces:${AMENT_PREFIX_PATH} CMAKE_PREFIX_PATH=/home/samir/Documents/learning/ros2_ws/install/tutorial_interfaces:/opt/ros/humble LD_LIBRARY_PATH=/home/samir/Documents/learning/ros2_ws/install/tutorial_interfaces/lib:${LD_LIBRARY_PATH} PYTHONPATH=/home/samir/Documents/learning/ros2_ws/install/tutorial_interfaces/local/lib/python3.10/dist-packages:${PYTHONPATH} /home/samir/.local/bin/cmake --build /home/samir/Documents/learning/ros2_ws/build/cpp_pubsub -- -j16 -l16
[0.073s] -- Found ament_cmake: 1.3.5 (/opt/ros/humble/share/ament_cmake/cmake)
[0.220s] -- Found rclcpp: 16.0.6 (/opt/ros/humble/share/rclcpp/cmake)
[0.250s] -- Found rosidl_generator_c: 3.1.5 (/opt/ros/humble/share/rosidl_generator_c/cmake)
[0.253s] -- Found rosidl_adapter: 3.1.5 (/opt/ros/humble/share/rosidl_adapter/cmake)
[0.259s] -- Found rosidl_generator_cpp: 3.1.5 (/opt/ros/humble/share/rosidl_generator_cpp/cmake)
[0.271s] -- Using all available rosidl_typesupport_c: rosidl_typesupport_fastrtps_c;rosidl_typesupport_introspection_c
[0.287s] -- Using all available rosidl_typesupport_cpp: rosidl_typesupport_fastrtps_cpp;rosidl_typesupport_introspection_cpp
[0.351s] -- Found rmw_implementation_cmake: 6.1.1 (/opt/ros/humble/share/rmw_implementation_cmake/cmake)
[0.352s] -- Found rmw_fastrtps_cpp: 6.2.4 (/opt/ros/humble/share/rmw_fastrtps_cpp/cmake)
[0.463s] -- Using RMW implementation 'rmw_fastrtps_cpp' as default
[0.625s] -- Found tutorial_interfaces: 0.0.0 (/home/samir/Documents/learning/ros2_ws/install/tutorial_interfaces/share/tutorial_interfaces/cmake)
[0.743s] -- Found ament_lint_auto: 0.12.8 (/opt/ros/humble/share/ament_lint_auto/cmake)
[0.793s] -- Added test 'cppcheck' to perform static code analysis on C / C++ code
[0.793s] -- Configured cppcheck include dirs: 
[0.793s] -- Configured cppcheck exclude dirs and/or files: 
[0.794s] -- Added test 'lint_cmake' to check CMake code style
[0.796s] -- Added test 'uncrustify' to check C / C++ code style
[0.796s] -- Configured uncrustify additional arguments: 
[0.796s] -- Added test 'xmllint' to check XML markup files
[0.797s] -- Configuring done (0.7s)
[0.820s] -- Generating done (0.0s)
[0.822s] -- Build files have been written to: /home/samir/Documents/learning/ros2_ws/build/cpp_pubsub
[0.843s] [  8%] [32mBuilding CXX object CMakeFiles/listener_custom2.dir/src/subscriber_custom_message2.cpp.o[0m
[0.852s] [ 25%] Built target talker
[0.854s] [ 41%] Built target listener_custom
[0.854s] [ 58%] Built target talker_custom
[0.856s] [ 75%] Built target talker_custom2
[0.857s] [ 91%] Built target listener
[6.378s] [100%] [32m[1mLinking CXX executable listener_custom2[0m
[6.630s] [100%] Built target listener_custom2
[6.636s] Invoked command in '/home/samir/Documents/learning/ros2_ws/build/cpp_pubsub' returned '0': AMENT_PREFIX_PATH=/home/samir/Documents/learning/ros2_ws/install/tutorial_interfaces:${AMENT_PREFIX_PATH} CMAKE_PREFIX_PATH=/home/samir/Documents/learning/ros2_ws/install/tutorial_interfaces:/opt/ros/humble LD_LIBRARY_PATH=/home/samir/Documents/learning/ros2_ws/install/tutorial_interfaces/lib:${LD_LIBRARY_PATH} PYTHONPATH=/home/samir/Documents/learning/ros2_ws/install/tutorial_interfaces/local/lib/python3.10/dist-packages:${PYTHONPATH} /home/samir/.local/bin/cmake --build /home/samir/Documents/learning/ros2_ws/build/cpp_pubsub -- -j16 -l16
[6.696s] Invoking command in '/home/samir/Documents/learning/ros2_ws/build/cpp_pubsub': AMENT_PREFIX_PATH=/home/samir/Documents/learning/ros2_ws/install/tutorial_interfaces:${AMENT_PREFIX_PATH} CMAKE_PREFIX_PATH=/home/samir/Documents/learning/ros2_ws/install/tutorial_interfaces:/opt/ros/humble LD_LIBRARY_PATH=/home/samir/Documents/learning/ros2_ws/install/tutorial_interfaces/lib:${LD_LIBRARY_PATH} PYTHONPATH=/home/samir/Documents/learning/ros2_ws/install/tutorial_interfaces/local/lib/python3.10/dist-packages:${PYTHONPATH} /home/samir/.local/bin/cmake --install /home/samir/Documents/learning/ros2_ws/build/cpp_pubsub
[6.713s] -- Install configuration: ""
[6.714s] -- Up-to-date: /home/samir/Documents/learning/ros2_ws/install/cpp_pubsub/lib/cpp_pubsub/talker
[6.714s] -- Up-to-date: /home/samir/Documents/learning/ros2_ws/install/cpp_pubsub/lib/cpp_pubsub/listener
[6.714s] -- Up-to-date: /home/samir/Documents/learning/ros2_ws/install/cpp_pubsub/lib/cpp_pubsub/talker_custom
[6.714s] -- Up-to-date: /home/samir/Documents/learning/ros2_ws/install/cpp_pubsub/lib/cpp_pubsub/listener_custom
[6.714s] -- Up-to-date: /home/samir/Documents/learning/ros2_ws/install/cpp_pubsub/lib/cpp_pubsub/talker_custom2
[6.714s] -- Installing: /home/samir/Documents/learning/ros2_ws/install/cpp_pubsub/lib/cpp_pubsub/listener_custom2
[6.718s] -- Set runtime path of "/home/samir/Documents/learning/ros2_ws/install/cpp_pubsub/lib/cpp_pubsub/listener_custom2" to ""
[6.718s] -- Up-to-date: /home/samir/Documents/learning/ros2_ws/install/cpp_pubsub/share/ament_index/resource_index/package_run_dependencies/cpp_pubsub
[6.718s] -- Up-to-date: /home/samir/Documents/learning/ros2_ws/install/cpp_pubsub/share/ament_index/resource_index/parent_prefix_path/cpp_pubsub
[6.718s] -- Up-to-date: /home/samir/Documents/learning/ros2_ws/install/cpp_pubsub/share/cpp_pubsub/environment/ament_prefix_path.sh
[6.718s] -- Installing: /home/samir/Documents/learning/ros2_ws/install/cpp_pubsub/share/cpp_pubsub/environment/ament_prefix_path.dsv
[6.718s] -- Up-to-date: /home/samir/Documents/learning/ros2_ws/install/cpp_pubsub/share/cpp_pubsub/environment/path.sh
[6.718s] -- Installing: /home/samir/Documents/learning/ros2_ws/install/cpp_pubsub/share/cpp_pubsub/environment/path.dsv
[6.718s] -- Up-to-date: /home/samir/Documents/learning/ros2_ws/install/cpp_pubsub/share/cpp_pubsub/local_setup.bash
[6.718s] -- Up-to-date: /home/samir/Documents/learning/ros2_ws/install/cpp_pubsub/share/cpp_pubsub/local_setup.sh
[6.718s] -- Up-to-date: /home/samir/Documents/learning/ros2_ws/install/cpp_pubsub/share/cpp_pubsub/local_setup.zsh
[6.718s] -- Installing: /home/samir/Documents/learning/ros2_ws/install/cpp_pubsub/share/cpp_pubsub/local_setup.dsv
[6.718s] -- Installing: /home/samir/Documents/learning/ros2_ws/install/cpp_pubsub/share/cpp_pubsub/package.dsv
[6.718s] -- Up-to-date: /home/samir/Documents/learning/ros2_ws/install/cpp_pubsub/share/ament_index/resource_index/packages/cpp_pubsub
[6.718s] -- Up-to-date: /home/samir/Documents/learning/ros2_ws/install/cpp_pubsub/share/cpp_pubsub/cmake/cpp_pubsubConfig.cmake
[6.718s] -- Up-to-date: /home/samir/Documents/learning/ros2_ws/install/cpp_pubsub/share/cpp_pubsub/cmake/cpp_pubsubConfig-version.cmake
[6.719s] -- Up-to-date: /home/samir/Documents/learning/ros2_ws/install/cpp_pubsub/share/cpp_pubsub/package.xml
[6.722s] Invoked command in '/home/samir/Documents/learning/ros2_ws/build/cpp_pubsub' returned '0': AMENT_PREFIX_PATH=/home/samir/Documents/learning/ros2_ws/install/tutorial_interfaces:${AMENT_PREFIX_PATH} CMAKE_PREFIX_PATH=/home/samir/Documents/learning/ros2_ws/install/tutorial_interfaces:/opt/ros/humble LD_LIBRARY_PATH=/home/samir/Documents/learning/ros2_ws/install/tutorial_interfaces/lib:${LD_LIBRARY_PATH} PYTHONPATH=/home/samir/Documents/learning/ros2_ws/install/tutorial_interfaces/local/lib/python3.10/dist-packages:${PYTHONPATH} /home/samir/.local/bin/cmake --install /home/samir/Documents/learning/ros2_ws/build/cpp_pubsub
