[0.654s] Invoking command in '/home/samir/Documents/learning/ros2_ws/build/cpp_pubsub': CMAKE_PREFIX_PATH=/opt/ros/humble /home/samir/.local/bin/cmake --build /home/samir/Documents/learning/ros2_ws/build/cpp_pubsub -- -j16 -l16
[1.432s] [ 50%] [32mBuilding CXX object CMakeFiles/talker.dir/src/publisher_member_function.cpp.o[0m
[3.782s] [100%] [32m[1mLinking CXX executable talker[0m
[3.903s] [100%] Built target talker
[5.117s] Invoked command in '/home/samir/Documents/learning/ros2_ws/build/cpp_pubsub' returned '0': CMAKE_PREFIX_PATH=/opt/ros/humble /home/samir/.local/bin/cmake --build /home/samir/Documents/learning/ros2_ws/build/cpp_pubsub -- -j16 -l16
[5.162s] Invoking command in '/home/samir/Documents/learning/ros2_ws/build/cpp_pubsub': CMAKE_PREFIX_PATH=/opt/ros/humble /home/samir/.local/bin/cmake --install /home/samir/Documents/learning/ros2_ws/build/cpp_pubsub
[5.194s] -- Install configuration: ""
[5.194s] -- Installing: /home/samir/Documents/learning/ros2_ws/install/cpp_pubsub/lib/cpp_pubsub/talker
[5.196s] -- Set runtime path of "/home/samir/Documents/learning/ros2_ws/install/cpp_pubsub/lib/cpp_pubsub/talker" to ""
[5.196s] -- Up-to-date: /home/samir/Documents/learning/ros2_ws/install/cpp_pubsub/share/ament_index/resource_index/package_run_dependencies/cpp_pubsub
[5.197s] -- Up-to-date: /home/samir/Documents/learning/ros2_ws/install/cpp_pubsub/share/ament_index/resource_index/parent_prefix_path/cpp_pubsub
[5.197s] -- Up-to-date: /home/samir/Documents/learning/ros2_ws/install/cpp_pubsub/share/cpp_pubsub/environment/ament_prefix_path.sh
[5.197s] -- Up-to-date: /home/samir/Documents/learning/ros2_ws/install/cpp_pubsub/share/cpp_pubsub/environment/ament_prefix_path.dsv
[5.197s] -- Up-to-date: /home/samir/Documents/learning/ros2_ws/install/cpp_pubsub/share/cpp_pubsub/environment/path.sh
[5.197s] -- Up-to-date: /home/samir/Documents/learning/ros2_ws/install/cpp_pubsub/share/cpp_pubsub/environment/path.dsv
[5.197s] -- Up-to-date: /home/samir/Documents/learning/ros2_ws/install/cpp_pubsub/share/cpp_pubsub/local_setup.bash
[5.197s] -- Up-to-date: /home/samir/Documents/learning/ros2_ws/install/cpp_pubsub/share/cpp_pubsub/local_setup.sh
[5.197s] -- Up-to-date: /home/samir/Documents/learning/ros2_ws/install/cpp_pubsub/share/cpp_pubsub/local_setup.zsh
[5.197s] -- Up-to-date: /home/samir/Documents/learning/ros2_ws/install/cpp_pubsub/share/cpp_pubsub/local_setup.dsv
[5.197s] -- Installing: /home/samir/Documents/learning/ros2_ws/install/cpp_pubsub/share/cpp_pubsub/package.dsv
[5.197s] -- Up-to-date: /home/samir/Documents/learning/ros2_ws/install/cpp_pubsub/share/ament_index/resource_index/packages/cpp_pubsub
[5.198s] -- Up-to-date: /home/samir/Documents/learning/ros2_ws/install/cpp_pubsub/share/cpp_pubsub/cmake/cpp_pubsubConfig.cmake
[5.198s] -- Up-to-date: /home/samir/Documents/learning/ros2_ws/install/cpp_pubsub/share/cpp_pubsub/cmake/cpp_pubsubConfig-version.cmake
[5.198s] -- Up-to-date: /home/samir/Documents/learning/ros2_ws/install/cpp_pubsub/share/cpp_pubsub/package.xml
[5.203s] Invoked command in '/home/samir/Documents/learning/ros2_ws/build/cpp_pubsub' returned '0': CMAKE_PREFIX_PATH=/opt/ros/humble /home/samir/.local/bin/cmake --install /home/samir/Documents/learning/ros2_ws/build/cpp_pubsub
