[0.042s] Invoking command in '/home/samir/Documents/learning/ros2_ws/build/tutorial_interfaces': CMAKE_PREFIX_PATH=/opt/ros/humble /home/samir/.local/bin/cmake /home/samir/Documents/learning/ros2_ws/src/tutorial_interfaces -DCMAKE_INSTALL_PREFIX=/home/samir/Documents/learning/ros2_ws/install/tutorial_interfaces
[0.098s] -- The C compiler identification is GNU 11.4.0
[0.143s] -- The CXX compiler identification is GNU 11.4.0
[0.154s] -- Detecting C compiler ABI info
[0.193s] -- Detecting C compiler ABI info - done
[0.203s] -- Check for working C compiler: /usr/bin/cc - skipped
[0.204s] -- Detecting C compile features
[0.204s] -- Detecting C compile features - done
[0.210s] -- Detecting CXX compiler ABI info
[0.257s] -- Detecting CXX compiler ABI info - done
[0.268s] -- Check for working CXX compiler: /usr/bin/c++ - skipped
[0.268s] -- Detecting CXX compile features
[0.268s] -- Detecting CXX compile features - done
[0.270s] -- Found ament_cmake: 1.3.5 (/opt/ros/humble/share/ament_cmake/cmake)
[0.567s] -- Found Python3: /usr/bin/python3.10 (found version "3.10.12") found components: Interpreter 
[0.626s] -- Found geometry_msgs: 4.2.3 (/opt/ros/humble/share/geometry_msgs/cmake)
[0.660s] -- Found rosidl_generator_c: 3.1.5 (/opt/ros/humble/share/rosidl_generator_c/cmake)
[0.664s] -- Found rosidl_adapter: 3.1.5 (/opt/ros/humble/share/rosidl_adapter/cmake)
[0.672s] -- Found rosidl_generator_cpp: 3.1.5 (/opt/ros/humble/share/rosidl_generator_cpp/cmake)
[0.686s] -- Using all available rosidl_typesupport_c: rosidl_typesupport_fastrtps_c;rosidl_typesupport_introspection_c
[0.705s] -- Using all available rosidl_typesupport_cpp: rosidl_typesupport_fastrtps_cpp;rosidl_typesupport_introspection_cpp
[0.826s] -- Found rosidl_default_generators: 1.2.0 (/opt/ros/humble/share/rosidl_default_generators/cmake)
[1.155s] -- Found ament_cmake_ros: 0.10.0 (/opt/ros/humble/share/ament_cmake_ros/cmake)
[1.804s] -- Using all available rosidl_typesupport_c: rosidl_typesupport_fastrtps_c;rosidl_typesupport_introspection_c
[2.050s] -- Using all available rosidl_typesupport_cpp: rosidl_typesupport_fastrtps_cpp;rosidl_typesupport_introspection_cpp
[2.052s] [33mCMake Warning (dev) at /opt/ros/humble/share/rosidl_generator_py/cmake/rosidl_generator_py_generate_interfaces.cmake:20 (find_package):
[2.052s]   Policy CMP0148 is not set: The FindPythonInterp and FindPythonLibs modules
[2.052s]   are removed.  Run "cmake --help-policy CMP0148" for policy details.  Use
[2.052s]   the cmake_policy command to set the policy and suppress this warning.
[2.053s] 
[2.053s] Call Stack (most recent call first):
[2.053s]   /opt/ros/humble/share/ament_cmake_core/cmake/core/ament_execute_extensions.cmake:48 (include)
[2.053s]   /opt/ros/humble/share/rosidl_cmake/cmake/rosidl_generate_interfaces.cmake:286 (ament_execute_extensions)
[2.053s]   CMakeLists.txt:13 (rosidl_generate_interfaces)
[2.053s] This warning is for project developers.  Use -Wno-dev to suppress it.
[2.053s] [0m
[2.066s] -- Found PythonInterp: /usr/bin/python3 (found suitable version "3.10.12", minimum required is "3.6") 
[2.067s] -- Found python_cmake_module: 0.10.0 (/opt/ros/humble/share/python_cmake_module/cmake)
[2.067s] [33mCMake Warning (dev) at /opt/ros/humble/share/python_cmake_module/cmake/Modules/FindPythonExtra.cmake:52 (find_package):
[2.067s]   Policy CMP0148 is not set: The FindPythonInterp and FindPythonLibs modules
[2.068s]   are removed.  Run "cmake --help-policy CMP0148" for policy details.  Use
[2.068s]   the cmake_policy command to set the policy and suppress this warning.
[2.068s] 
[2.068s] Call Stack (most recent call first):
[2.068s]   /opt/ros/humble/share/rosidl_generator_py/cmake/rosidl_generator_py_generate_interfaces.cmake:23 (find_package)
[2.068s]   /opt/ros/humble/share/ament_cmake_core/cmake/core/ament_execute_extensions.cmake:48 (include)
[2.068s]   /opt/ros/humble/share/rosidl_cmake/cmake/rosidl_generate_interfaces.cmake:286 (ament_execute_extensions)
[2.068s]   CMakeLists.txt:13 (rosidl_generate_interfaces)
[2.068s] This warning is for project developers.  Use -Wno-dev to suppress it.
[2.068s] [0m
[2.082s] [33mCMake Warning (dev) at /opt/ros/humble/share/python_cmake_module/cmake/Modules/FindPythonExtra.cmake:140 (find_package):
[2.082s]   Policy CMP0148 is not set: The FindPythonInterp and FindPythonLibs modules
[2.082s]   are removed.  Run "cmake --help-policy CMP0148" for policy details.  Use
[2.082s]   the cmake_policy command to set the policy and suppress this warning.
[2.082s] 
[2.082s] Call Stack (most recent call first):
[2.082s]   /opt/ros/humble/share/rosidl_generator_py/cmake/rosidl_generator_py_generate_interfaces.cmake:23 (find_package)
[2.082s]   /opt/ros/humble/share/ament_cmake_core/cmake/core/ament_execute_extensions.cmake:48 (include)
[2.082s]   /opt/ros/humble/share/rosidl_cmake/cmake/rosidl_generate_interfaces.cmake:286 (ament_execute_extensions)
[2.082s]   CMakeLists.txt:13 (rosidl_generate_interfaces)
[2.082s] This warning is for project developers.  Use -Wno-dev to suppress it.
[2.083s] [0m
[2.087s] -- Found PythonLibs: /usr/lib/x86_64-linux-gnu/libpython3.10.so (found suitable version "3.10.12", minimum required is "3.5") 
[2.087s] -- Using PYTHON_EXECUTABLE: /usr/bin/python3
[2.087s] -- Using PYTHON_INCLUDE_DIRS: /usr/include/python3.10
[2.087s] -- Using PYTHON_LIBRARIES: /usr/lib/x86_64-linux-gnu/libpython3.10.so
[2.100s] -- Found PythonExtra: .so  
[2.158s] -- Found ament_lint_auto: 0.12.8 (/opt/ros/humble/share/ament_lint_auto/cmake)
[2.173s] -- Added test 'lint_cmake' to check CMake code style
[2.174s] -- Added test 'xmllint' to check XML markup files
[2.176s] -- Configuring done (2.1s)
[2.207s] -- Generating done (0.0s)
[2.210s] -- Build files have been written to: /home/samir/Documents/learning/ros2_ws/build/tutorial_interfaces
[2.219s] Invoked command in '/home/samir/Documents/learning/ros2_ws/build/tutorial_interfaces' returned '0': CMAKE_PREFIX_PATH=/opt/ros/humble /home/samir/.local/bin/cmake /home/samir/Documents/learning/ros2_ws/src/tutorial_interfaces -DCMAKE_INSTALL_PREFIX=/home/samir/Documents/learning/ros2_ws/install/tutorial_interfaces
[2.221s] Invoking command in '/home/samir/Documents/learning/ros2_ws/build/tutorial_interfaces': CMAKE_PREFIX_PATH=/opt/ros/humble /home/samir/.local/bin/cmake --build /home/samir/Documents/learning/ros2_ws/build/tutorial_interfaces -- -j16 -l16
[2.251s] [  2%] [34m[1mGenerating C code for ROS interfaces[0m
[2.252s] [  4%] [34m[1mGenerating C++ code for ROS interfaces[0m
[2.255s] [  4%] Built target ament_cmake_python_copy_tutorial_interfaces
[2.430s] running egg_info
[2.431s] creating tutorial_interfaces.egg-info
[2.431s] writing tutorial_interfaces.egg-info/PKG-INFO
[2.431s] writing dependency_links to tutorial_interfaces.egg-info/dependency_links.txt
[2.431s] writing top-level names to tutorial_interfaces.egg-info/top_level.txt
[2.431s] writing manifest file 'tutorial_interfaces.egg-info/SOURCES.txt'
[2.432s] reading manifest file 'tutorial_interfaces.egg-info/SOURCES.txt'
[2.433s] writing manifest file 'tutorial_interfaces.egg-info/SOURCES.txt'
[2.451s] [  4%] Built target ament_cmake_python_build_tutorial_interfaces_egg
[2.500s] [  4%] Built target tutorial_interfaces__cpp
[2.503s] [  8%] [34m[1mGenerating C++ type support for eProsima Fast-RTPS[0m
[2.503s] [  8%] [34m[1mGenerating C++ type support dispatch for ROS interfaces[0m
[2.504s] [ 10%] [34m[1mGenerating C++ introspection for ROS interfaces[0m
[2.527s] [ 12%] [32mBuilding C object CMakeFiles/tutorial_interfaces__rosidl_generator_c.dir/rosidl_generator_c/tutorial_interfaces/msg/detail/num__functions.c.o[0m
[2.528s] [ 14%] [32mBuilding C object CMakeFiles/tutorial_interfaces__rosidl_generator_c.dir/rosidl_generator_c/tutorial_interfaces/msg/detail/sphere__functions.c.o[0m
[2.528s] [ 17%] [32mBuilding C object CMakeFiles/tutorial_interfaces__rosidl_generator_c.dir/rosidl_generator_c/tutorial_interfaces/srv/detail/add_three_ints__functions.c.o[0m
[2.575s] [ 19%] [32m[1mLinking C shared library libtutorial_interfaces__rosidl_generator_c.so[0m
[2.595s] [ 19%] Built target tutorial_interfaces__rosidl_generator_c
[2.599s] [ 25%] [34m[1mGenerating C type support dispatch for ROS interfaces[0m
[2.599s] [ 25%] [34m[1mGenerating C type support for eProsima Fast-RTPS[0m
[2.599s] [ 25%] [34m[1mGenerating C introspection for ROS interfaces[0m
[2.717s] [ 29%] [32mBuilding CXX object CMakeFiles/tutorial_interfaces__rosidl_typesupport_cpp.dir/rosidl_typesupport_cpp/tutorial_interfaces/msg/num__type_support.cpp.o[0m
[2.717s] [ 29%] [32mBuilding CXX object CMakeFiles/tutorial_interfaces__rosidl_typesupport_cpp.dir/rosidl_typesupport_cpp/tutorial_interfaces/msg/sphere__type_support.cpp.o[0m
[2.717s] [ 31%] [32mBuilding CXX object CMakeFiles/tutorial_interfaces__rosidl_typesupport_cpp.dir/rosidl_typesupport_cpp/tutorial_interfaces/srv/add_three_ints__type_support.cpp.o[0m
[2.746s] [ 36%] [32mBuilding CXX object CMakeFiles/tutorial_interfaces__rosidl_typesupport_introspection_cpp.dir/rosidl_typesupport_introspection_cpp/tutorial_interfaces/msg/detail/num__type_support.cpp.o[0m
[2.746s] [ 36%] [32mBuilding CXX object CMakeFiles/tutorial_interfaces__rosidl_typesupport_introspection_cpp.dir/rosidl_typesupport_introspection_cpp/tutorial_interfaces/msg/detail/sphere__type_support.cpp.o[0m
[2.747s] [ 38%] [32mBuilding CXX object CMakeFiles/tutorial_interfaces__rosidl_typesupport_introspection_cpp.dir/rosidl_typesupport_introspection_cpp/tutorial_interfaces/srv/detail/add_three_ints__type_support.cpp.o[0m
[2.763s] [ 40%] [32mBuilding CXX object CMakeFiles/tutorial_interfaces__rosidl_typesupport_fastrtps_cpp.dir/rosidl_typesupport_fastrtps_cpp/tutorial_interfaces/msg/detail/dds_fastrtps/sphere__type_support.cpp.o[0m
[2.764s] [ 42%] [32mBuilding CXX object CMakeFiles/tutorial_interfaces__rosidl_typesupport_fastrtps_cpp.dir/rosidl_typesupport_fastrtps_cpp/tutorial_interfaces/msg/detail/dds_fastrtps/num__type_support.cpp.o[0m
[2.764s] [ 44%] [32mBuilding CXX object CMakeFiles/tutorial_interfaces__rosidl_typesupport_fastrtps_cpp.dir/rosidl_typesupport_fastrtps_cpp/tutorial_interfaces/srv/detail/dds_fastrtps/add_three_ints__type_support.cpp.o[0m
[2.817s] [ 46%] [32mBuilding CXX object CMakeFiles/tutorial_interfaces__rosidl_typesupport_c.dir/rosidl_typesupport_c/tutorial_interfaces/msg/sphere__type_support.cpp.o[0m
[2.818s] [ 48%] [32mBuilding CXX object CMakeFiles/tutorial_interfaces__rosidl_typesupport_c.dir/rosidl_typesupport_c/tutorial_interfaces/msg/num__type_support.cpp.o[0m
[2.818s] [ 51%] [32mBuilding CXX object CMakeFiles/tutorial_interfaces__rosidl_typesupport_c.dir/rosidl_typesupport_c/tutorial_interfaces/srv/add_three_ints__type_support.cpp.o[0m
[2.852s] [ 53%] [32m[1mLinking CXX shared library libtutorial_interfaces__rosidl_typesupport_c.so[0m
[2.865s] [ 57%] [32mBuilding CXX object CMakeFiles/tutorial_interfaces__rosidl_typesupport_fastrtps_c.dir/rosidl_typesupport_fastrtps_c/tutorial_interfaces/msg/detail/num__type_support_c.cpp.o[0m
[2.865s] [ 57%] [32mBuilding CXX object CMakeFiles/tutorial_interfaces__rosidl_typesupport_fastrtps_c.dir/rosidl_typesupport_fastrtps_c/tutorial_interfaces/msg/detail/sphere__type_support_c.cpp.o[0m
[2.865s] [ 59%] [32mBuilding CXX object CMakeFiles/tutorial_interfaces__rosidl_typesupport_fastrtps_c.dir/rosidl_typesupport_fastrtps_c/tutorial_interfaces/srv/detail/add_three_ints__type_support_c.cpp.o[0m
[2.888s] [ 59%] Built target tutorial_interfaces__rosidl_typesupport_c
[2.904s] [ 63%] [32mBuilding C object CMakeFiles/tutorial_interfaces__rosidl_typesupport_introspection_c.dir/rosidl_typesupport_introspection_c/tutorial_interfaces/msg/detail/num__type_support.c.o[0m
[2.905s] [ 63%] [32mBuilding C object CMakeFiles/tutorial_interfaces__rosidl_typesupport_introspection_c.dir/rosidl_typesupport_introspection_c/tutorial_interfaces/msg/detail/sphere__type_support.c.o[0m
[2.907s] [ 65%] [32mBuilding C object CMakeFiles/tutorial_interfaces__rosidl_typesupport_introspection_c.dir/rosidl_typesupport_introspection_c/tutorial_interfaces/srv/detail/add_three_ints__type_support.c.o[0m
[2.954s] [ 68%] [32m[1mLinking C shared library libtutorial_interfaces__rosidl_typesupport_introspection_c.so[0m
[2.974s] [ 68%] Built target tutorial_interfaces__rosidl_typesupport_introspection_c
[2.981s] [ 70%] [32m[1mLinking CXX shared library libtutorial_interfaces__rosidl_typesupport_cpp.so[0m
[3.006s] [ 70%] Built target tutorial_interfaces__rosidl_typesupport_cpp
[3.111s] [ 72%] [32m[1mLinking CXX shared library libtutorial_interfaces__rosidl_typesupport_introspection_cpp.so[0m
[3.118s] [ 74%] [32m[1mLinking CXX shared library libtutorial_interfaces__rosidl_typesupport_fastrtps_cpp.so[0m
[3.154s] [ 74%] Built target tutorial_interfaces__rosidl_typesupport_introspection_cpp
[3.166s] [ 76%] [32m[1mLinking CXX shared library libtutorial_interfaces__rosidl_typesupport_fastrtps_c.so[0m
[3.168s] [ 76%] Built target tutorial_interfaces__rosidl_typesupport_fastrtps_cpp
[3.207s] [ 76%] Built target tutorial_interfaces__rosidl_typesupport_fastrtps_c
[3.213s] [ 76%] Built target tutorial_interfaces
[3.219s] [ 78%] [34m[1mGenerating Python code for ROS interfaces[0m
[3.575s] [ 78%] Built target tutorial_interfaces__py
[3.580s] [ 80%] [32mBuilding C object CMakeFiles/tutorial_interfaces__rosidl_generator_py.dir/rosidl_generator_py/tutorial_interfaces/msg/_num_s.c.o[0m
[3.581s] [ 85%] [32mBuilding C object CMakeFiles/tutorial_interfaces__rosidl_generator_py.dir/rosidl_generator_py/tutorial_interfaces/srv/_add_three_ints_s.c.o[0m
[3.581s] [ 85%] [32mBuilding C object CMakeFiles/tutorial_interfaces__rosidl_generator_py.dir/rosidl_generator_py/tutorial_interfaces/msg/_sphere_s.c.o[0m
[3.651s] [ 87%] [32m[1mLinking C shared library rosidl_generator_py/tutorial_interfaces/libtutorial_interfaces__rosidl_generator_py.so[0m
[3.671s] [ 87%] Built target tutorial_interfaces__rosidl_generator_py
[3.676s] [ 89%] [32mBuilding C object CMakeFiles/tutorial_interfaces__rosidl_typesupport_introspection_c__pyext.dir/rosidl_generator_py/tutorial_interfaces/_tutorial_interfaces_s.ep.rosidl_typesupport_introspection_c.c.o[0m
[3.677s] [ 91%] [32mBuilding C object CMakeFiles/tutorial_interfaces__rosidl_typesupport_c__pyext.dir/rosidl_generator_py/tutorial_interfaces/_tutorial_interfaces_s.ep.rosidl_typesupport_c.c.o[0m
[3.677s] [ 93%] [32mBuilding C object CMakeFiles/tutorial_interfaces__rosidl_typesupport_fastrtps_c__pyext.dir/rosidl_generator_py/tutorial_interfaces/_tutorial_interfaces_s.ep.rosidl_typesupport_fastrtps_c.c.o[0m
[3.747s] [100%] [32m[1mLinking C shared library rosidl_generator_py/tutorial_interfaces/tutorial_interfaces_s__rosidl_typesupport_fastrtps_c.cpython-310-x86_64-linux-gnu.so[0m
[3.747s] [100%] [32m[1mLinking C shared library rosidl_generator_py/tutorial_interfaces/tutorial_interfaces_s__rosidl_typesupport_c.cpython-310-x86_64-linux-gnu.so[0m
[3.747s] [100%] [32m[1mLinking C shared library rosidl_generator_py/tutorial_interfaces/tutorial_interfaces_s__rosidl_typesupport_introspection_c.cpython-310-x86_64-linux-gnu.so[0m
[3.767s] [100%] Built target tutorial_interfaces__rosidl_typesupport_c__pyext
[3.768s] [100%] Built target tutorial_interfaces__rosidl_typesupport_introspection_c__pyext
[3.768s] [100%] Built target tutorial_interfaces__rosidl_typesupport_fastrtps_c__pyext
[3.774s] Invoked command in '/home/samir/Documents/learning/ros2_ws/build/tutorial_interfaces' returned '0': CMAKE_PREFIX_PATH=/opt/ros/humble /home/samir/.local/bin/cmake --build /home/samir/Documents/learning/ros2_ws/build/tutorial_interfaces -- -j16 -l16
[3.864s] Invoking command in '/home/samir/Documents/learning/ros2_ws/build/tutorial_interfaces': CMAKE_PREFIX_PATH=/opt/ros/humble /home/samir/.local/bin/cmake --install /home/samir/Documents/learning/ros2_ws/build/tutorial_interfaces
[3.882s] -- Install configuration: ""
[3.882s] -- Installing: /home/samir/Documents/learning/ros2_ws/install/tutorial_interfaces/share/ament_index/resource_index/rosidl_interfaces/tutorial_interfaces
[3.882s] -- Installing: /home/samir/Documents/learning/ros2_ws/install/tutorial_interfaces/include/tutorial_interfaces/tutorial_interfaces
[3.882s] -- Installing: /home/samir/Documents/learning/ros2_ws/install/tutorial_interfaces/include/tutorial_interfaces/tutorial_interfaces/srv
[3.882s] -- Installing: /home/samir/Documents/learning/ros2_ws/install/tutorial_interfaces/include/tutorial_interfaces/tutorial_interfaces/srv/detail
[3.882s] -- Installing: /home/samir/Documents/learning/ros2_ws/install/tutorial_interfaces/include/tutorial_interfaces/tutorial_interfaces/srv/detail/add_three_ints__functions.h
[3.882s] -- Installing: /home/samir/Documents/learning/ros2_ws/install/tutorial_interfaces/include/tutorial_interfaces/tutorial_interfaces/srv/detail/add_three_ints__functions.c
[3.883s] -- Installing: /home/samir/Documents/learning/ros2_ws/install/tutorial_interfaces/include/tutorial_interfaces/tutorial_interfaces/srv/detail/add_three_ints__type_support.h
[3.883s] -- Installing: /home/samir/Documents/learning/ros2_ws/install/tutorial_interfaces/include/tutorial_interfaces/tutorial_interfaces/srv/detail/add_three_ints__struct.h
[3.883s] -- Installing: /home/samir/Documents/learning/ros2_ws/install/tutorial_interfaces/include/tutorial_interfaces/tutorial_interfaces/srv/add_three_ints.h
[3.883s] -- Installing: /home/samir/Documents/learning/ros2_ws/install/tutorial_interfaces/include/tutorial_interfaces/tutorial_interfaces/msg
[3.883s] -- Installing: /home/samir/Documents/learning/ros2_ws/install/tutorial_interfaces/include/tutorial_interfaces/tutorial_interfaces/msg/rosidl_generator_c__visibility_control.h
[3.883s] -- Installing: /home/samir/Documents/learning/ros2_ws/install/tutorial_interfaces/include/tutorial_interfaces/tutorial_interfaces/msg/num.h
[3.883s] -- Installing: /home/samir/Documents/learning/ros2_ws/install/tutorial_interfaces/include/tutorial_interfaces/tutorial_interfaces/msg/detail
[3.883s] -- Installing: /home/samir/Documents/learning/ros2_ws/install/tutorial_interfaces/include/tutorial_interfaces/tutorial_interfaces/msg/detail/num__functions.h
[3.883s] -- Installing: /home/samir/Documents/learning/ros2_ws/install/tutorial_interfaces/include/tutorial_interfaces/tutorial_interfaces/msg/detail/sphere__struct.h
[3.883s] -- Installing: /home/samir/Documents/learning/ros2_ws/install/tutorial_interfaces/include/tutorial_interfaces/tutorial_interfaces/msg/detail/sphere__functions.c
[3.883s] -- Installing: /home/samir/Documents/learning/ros2_ws/install/tutorial_interfaces/include/tutorial_interfaces/tutorial_interfaces/msg/detail/num__struct.h
[3.884s] -- Installing: /home/samir/Documents/learning/ros2_ws/install/tutorial_interfaces/include/tutorial_interfaces/tutorial_interfaces/msg/detail/sphere__type_support.h
[3.884s] -- Installing: /home/samir/Documents/learning/ros2_ws/install/tutorial_interfaces/include/tutorial_interfaces/tutorial_interfaces/msg/detail/num__type_support.h
[3.884s] -- Installing: /home/samir/Documents/learning/ros2_ws/install/tutorial_interfaces/include/tutorial_interfaces/tutorial_interfaces/msg/detail/sphere__functions.h
[3.884s] -- Installing: /home/samir/Documents/learning/ros2_ws/install/tutorial_interfaces/include/tutorial_interfaces/tutorial_interfaces/msg/detail/num__functions.c
[3.884s] -- Installing: /home/samir/Documents/learning/ros2_ws/install/tutorial_interfaces/include/tutorial_interfaces/tutorial_interfaces/msg/sphere.h
[3.884s] -- Installing: /home/samir/Documents/learning/ros2_ws/install/tutorial_interfaces/share/tutorial_interfaces/environment/library_path.sh
[3.884s] -- Installing: /home/samir/Documents/learning/ros2_ws/install/tutorial_interfaces/share/tutorial_interfaces/environment/library_path.dsv
[3.884s] -- Installing: /home/samir/Documents/learning/ros2_ws/install/tutorial_interfaces/lib/libtutorial_interfaces__rosidl_generator_c.so
[3.884s] -- Set runtime path of "/home/samir/Documents/learning/ros2_ws/install/tutorial_interfaces/lib/libtutorial_interfaces__rosidl_generator_c.so" to ""
[3.884s] -- Up-to-date: /home/samir/Documents/learning/ros2_ws/install/tutorial_interfaces/include/tutorial_interfaces/tutorial_interfaces
[3.884s] -- Up-to-date: /home/samir/Documents/learning/ros2_ws/install/tutorial_interfaces/include/tutorial_interfaces/tutorial_interfaces/srv
[3.884s] -- Up-to-date: /home/samir/Documents/learning/ros2_ws/install/tutorial_interfaces/include/tutorial_interfaces/tutorial_interfaces/srv/detail
[3.884s] -- Installing: /home/samir/Documents/learning/ros2_ws/install/tutorial_interfaces/include/tutorial_interfaces/tutorial_interfaces/srv/detail/add_three_ints__rosidl_typesupport_fastrtps_c.h
[3.884s] -- Up-to-date: /home/samir/Documents/learning/ros2_ws/install/tutorial_interfaces/include/tutorial_interfaces/tutorial_interfaces/msg
[3.885s] -- Installing: /home/samir/Documents/learning/ros2_ws/install/tutorial_interfaces/include/tutorial_interfaces/tutorial_interfaces/msg/rosidl_typesupport_fastrtps_c__visibility_control.h
[3.885s] -- Up-to-date: /home/samir/Documents/learning/ros2_ws/install/tutorial_interfaces/include/tutorial_interfaces/tutorial_interfaces/msg/detail
[3.885s] -- Installing: /home/samir/Documents/learning/ros2_ws/install/tutorial_interfaces/include/tutorial_interfaces/tutorial_interfaces/msg/detail/sphere__rosidl_typesupport_fastrtps_c.h
[3.885s] -- Installing: /home/samir/Documents/learning/ros2_ws/install/tutorial_interfaces/include/tutorial_interfaces/tutorial_interfaces/msg/detail/num__rosidl_typesupport_fastrtps_c.h
[3.885s] -- Installing: /home/samir/Documents/learning/ros2_ws/install/tutorial_interfaces/lib/libtutorial_interfaces__rosidl_typesupport_fastrtps_c.so
[3.885s] -- Set runtime path of "/home/samir/Documents/learning/ros2_ws/install/tutorial_interfaces/lib/libtutorial_interfaces__rosidl_typesupport_fastrtps_c.so" to ""
[3.885s] -- Up-to-date: /home/samir/Documents/learning/ros2_ws/install/tutorial_interfaces/include/tutorial_interfaces/tutorial_interfaces
[3.885s] -- Up-to-date: /home/samir/Documents/learning/ros2_ws/install/tutorial_interfaces/include/tutorial_interfaces/tutorial_interfaces/srv
[3.885s] -- Up-to-date: /home/samir/Documents/learning/ros2_ws/install/tutorial_interfaces/include/tutorial_interfaces/tutorial_interfaces/srv/detail
[3.885s] -- Installing: /home/samir/Documents/learning/ros2_ws/install/tutorial_interfaces/include/tutorial_interfaces/tutorial_interfaces/srv/detail/add_three_ints__traits.hpp
[3.885s] -- Installing: /home/samir/Documents/learning/ros2_ws/install/tutorial_interfaces/include/tutorial_interfaces/tutorial_interfaces/srv/detail/add_three_ints__struct.hpp
[3.885s] -- Installing: /home/samir/Documents/learning/ros2_ws/install/tutorial_interfaces/include/tutorial_interfaces/tutorial_interfaces/srv/detail/add_three_ints__builder.hpp
[3.885s] -- Installing: /home/samir/Documents/learning/ros2_ws/install/tutorial_interfaces/include/tutorial_interfaces/tutorial_interfaces/srv/add_three_ints.hpp
[3.886s] -- Up-to-date: /home/samir/Documents/learning/ros2_ws/install/tutorial_interfaces/include/tutorial_interfaces/tutorial_interfaces/msg
[3.886s] -- Up-to-date: /home/samir/Documents/learning/ros2_ws/install/tutorial_interfaces/include/tutorial_interfaces/tutorial_interfaces/msg/detail
[3.886s] -- Installing: /home/samir/Documents/learning/ros2_ws/install/tutorial_interfaces/include/tutorial_interfaces/tutorial_interfaces/msg/detail/sphere__builder.hpp
[3.886s] -- Installing: /home/samir/Documents/learning/ros2_ws/install/tutorial_interfaces/include/tutorial_interfaces/tutorial_interfaces/msg/detail/sphere__struct.hpp
[3.886s] -- Installing: /home/samir/Documents/learning/ros2_ws/install/tutorial_interfaces/include/tutorial_interfaces/tutorial_interfaces/msg/detail/num__struct.hpp
[3.886s] -- Installing: /home/samir/Documents/learning/ros2_ws/install/tutorial_interfaces/include/tutorial_interfaces/tutorial_interfaces/msg/detail/sphere__traits.hpp
[3.886s] -- Installing: /home/samir/Documents/learning/ros2_ws/install/tutorial_interfaces/include/tutorial_interfaces/tutorial_interfaces/msg/detail/num__builder.hpp
[3.886s] -- Installing: /home/samir/Documents/learning/ros2_ws/install/tutorial_interfaces/include/tutorial_interfaces/tutorial_interfaces/msg/detail/num__traits.hpp
[3.886s] -- Installing: /home/samir/Documents/learning/ros2_ws/install/tutorial_interfaces/include/tutorial_interfaces/tutorial_interfaces/msg/sphere.hpp
[3.886s] -- Installing: /home/samir/Documents/learning/ros2_ws/install/tutorial_interfaces/include/tutorial_interfaces/tutorial_interfaces/msg/num.hpp
[3.886s] -- Up-to-date: /home/samir/Documents/learning/ros2_ws/install/tutorial_interfaces/include/tutorial_interfaces/tutorial_interfaces
[3.886s] -- Up-to-date: /home/samir/Documents/learning/ros2_ws/install/tutorial_interfaces/include/tutorial_interfaces/tutorial_interfaces/srv
[3.886s] -- Up-to-date: /home/samir/Documents/learning/ros2_ws/install/tutorial_interfaces/include/tutorial_interfaces/tutorial_interfaces/srv/detail
[3.886s] -- Installing: /home/samir/Documents/learning/ros2_ws/install/tutorial_interfaces/include/tutorial_interfaces/tutorial_interfaces/srv/detail/add_three_ints__rosidl_typesupport_fastrtps_cpp.hpp
[3.886s] -- Installing: /home/samir/Documents/learning/ros2_ws/install/tutorial_interfaces/include/tutorial_interfaces/tutorial_interfaces/srv/detail/dds_fastrtps
[3.886s] -- Up-to-date: /home/samir/Documents/learning/ros2_ws/install/tutorial_interfaces/include/tutorial_interfaces/tutorial_interfaces/msg
[3.887s] -- Up-to-date: /home/samir/Documents/learning/ros2_ws/install/tutorial_interfaces/include/tutorial_interfaces/tutorial_interfaces/msg/detail
[3.887s] -- Installing: /home/samir/Documents/learning/ros2_ws/install/tutorial_interfaces/include/tutorial_interfaces/tutorial_interfaces/msg/detail/sphere__rosidl_typesupport_fastrtps_cpp.hpp
[3.887s] -- Installing: /home/samir/Documents/learning/ros2_ws/install/tutorial_interfaces/include/tutorial_interfaces/tutorial_interfaces/msg/detail/dds_fastrtps
[3.887s] -- Installing: /home/samir/Documents/learning/ros2_ws/install/tutorial_interfaces/include/tutorial_interfaces/tutorial_interfaces/msg/detail/num__rosidl_typesupport_fastrtps_cpp.hpp
[3.887s] -- Installing: /home/samir/Documents/learning/ros2_ws/install/tutorial_interfaces/include/tutorial_interfaces/tutorial_interfaces/msg/rosidl_typesupport_fastrtps_cpp__visibility_control.h
[3.887s] -- Installing: /home/samir/Documents/learning/ros2_ws/install/tutorial_interfaces/lib/libtutorial_interfaces__rosidl_typesupport_fastrtps_cpp.so
[3.887s] -- Set runtime path of "/home/samir/Documents/learning/ros2_ws/install/tutorial_interfaces/lib/libtutorial_interfaces__rosidl_typesupport_fastrtps_cpp.so" to ""
[3.887s] -- Up-to-date: /home/samir/Documents/learning/ros2_ws/install/tutorial_interfaces/include/tutorial_interfaces/tutorial_interfaces
[3.887s] -- Up-to-date: /home/samir/Documents/learning/ros2_ws/install/tutorial_interfaces/include/tutorial_interfaces/tutorial_interfaces/srv
[3.887s] -- Up-to-date: /home/samir/Documents/learning/ros2_ws/install/tutorial_interfaces/include/tutorial_interfaces/tutorial_interfaces/srv/detail
[3.887s] -- Installing: /home/samir/Documents/learning/ros2_ws/install/tutorial_interfaces/include/tutorial_interfaces/tutorial_interfaces/srv/detail/add_three_ints__rosidl_typesupport_introspection_c.h
[3.887s] -- Installing: /home/samir/Documents/learning/ros2_ws/install/tutorial_interfaces/include/tutorial_interfaces/tutorial_interfaces/srv/detail/add_three_ints__type_support.c
[3.887s] -- Up-to-date: /home/samir/Documents/learning/ros2_ws/install/tutorial_interfaces/include/tutorial_interfaces/tutorial_interfaces/msg
[3.887s] -- Installing: /home/samir/Documents/learning/ros2_ws/install/tutorial_interfaces/include/tutorial_interfaces/tutorial_interfaces/msg/rosidl_typesupport_introspection_c__visibility_control.h
[3.887s] -- Up-to-date: /home/samir/Documents/learning/ros2_ws/install/tutorial_interfaces/include/tutorial_interfaces/tutorial_interfaces/msg/detail
[3.887s] -- Installing: /home/samir/Documents/learning/ros2_ws/install/tutorial_interfaces/include/tutorial_interfaces/tutorial_interfaces/msg/detail/sphere__rosidl_typesupport_introspection_c.h
[3.887s] -- Installing: /home/samir/Documents/learning/ros2_ws/install/tutorial_interfaces/include/tutorial_interfaces/tutorial_interfaces/msg/detail/sphere__type_support.c
[3.888s] -- Installing: /home/samir/Documents/learning/ros2_ws/install/tutorial_interfaces/include/tutorial_interfaces/tutorial_interfaces/msg/detail/num__type_support.c
[3.888s] -- Installing: /home/samir/Documents/learning/ros2_ws/install/tutorial_interfaces/include/tutorial_interfaces/tutorial_interfaces/msg/detail/num__rosidl_typesupport_introspection_c.h
[3.888s] -- Installing: /home/samir/Documents/learning/ros2_ws/install/tutorial_interfaces/lib/libtutorial_interfaces__rosidl_typesupport_introspection_c.so
[3.888s] -- Set runtime path of "/home/samir/Documents/learning/ros2_ws/install/tutorial_interfaces/lib/libtutorial_interfaces__rosidl_typesupport_introspection_c.so" to ""
[3.888s] -- Installing: /home/samir/Documents/learning/ros2_ws/install/tutorial_interfaces/lib/libtutorial_interfaces__rosidl_typesupport_c.so
[3.888s] -- Set runtime path of "/home/samir/Documents/learning/ros2_ws/install/tutorial_interfaces/lib/libtutorial_interfaces__rosidl_typesupport_c.so" to ""
[3.888s] -- Up-to-date: /home/samir/Documents/learning/ros2_ws/install/tutorial_interfaces/include/tutorial_interfaces/tutorial_interfaces
[3.888s] -- Up-to-date: /home/samir/Documents/learning/ros2_ws/install/tutorial_interfaces/include/tutorial_interfaces/tutorial_interfaces/srv
[3.888s] -- Up-to-date: /home/samir/Documents/learning/ros2_ws/install/tutorial_interfaces/include/tutorial_interfaces/tutorial_interfaces/srv/detail
[3.888s] -- Installing: /home/samir/Documents/learning/ros2_ws/install/tutorial_interfaces/include/tutorial_interfaces/tutorial_interfaces/srv/detail/add_three_ints__rosidl_typesupport_introspection_cpp.hpp
[3.888s] -- Installing: /home/samir/Documents/learning/ros2_ws/install/tutorial_interfaces/include/tutorial_interfaces/tutorial_interfaces/srv/detail/add_three_ints__type_support.cpp
[3.888s] -- Up-to-date: /home/samir/Documents/learning/ros2_ws/install/tutorial_interfaces/include/tutorial_interfaces/tutorial_interfaces/msg
[3.888s] -- Up-to-date: /home/samir/Documents/learning/ros2_ws/install/tutorial_interfaces/include/tutorial_interfaces/tutorial_interfaces/msg/detail
[3.888s] -- Installing: /home/samir/Documents/learning/ros2_ws/install/tutorial_interfaces/include/tutorial_interfaces/tutorial_interfaces/msg/detail/num__type_support.cpp
[3.888s] -- Installing: /home/samir/Documents/learning/ros2_ws/install/tutorial_interfaces/include/tutorial_interfaces/tutorial_interfaces/msg/detail/sphere__type_support.cpp
[3.888s] -- Installing: /home/samir/Documents/learning/ros2_ws/install/tutorial_interfaces/include/tutorial_interfaces/tutorial_interfaces/msg/detail/sphere__rosidl_typesupport_introspection_cpp.hpp
[3.888s] -- Installing: /home/samir/Documents/learning/ros2_ws/install/tutorial_interfaces/include/tutorial_interfaces/tutorial_interfaces/msg/detail/num__rosidl_typesupport_introspection_cpp.hpp
[3.889s] -- Installing: /home/samir/Documents/learning/ros2_ws/install/tutorial_interfaces/lib/libtutorial_interfaces__rosidl_typesupport_introspection_cpp.so
[3.889s] -- Set runtime path of "/home/samir/Documents/learning/ros2_ws/install/tutorial_interfaces/lib/libtutorial_interfaces__rosidl_typesupport_introspection_cpp.so" to ""
[3.889s] -- Installing: /home/samir/Documents/learning/ros2_ws/install/tutorial_interfaces/lib/libtutorial_interfaces__rosidl_typesupport_cpp.so
[3.889s] -- Set runtime path of "/home/samir/Documents/learning/ros2_ws/install/tutorial_interfaces/lib/libtutorial_interfaces__rosidl_typesupport_cpp.so" to ""
[3.889s] -- Installing: /home/samir/Documents/learning/ros2_ws/install/tutorial_interfaces/share/tutorial_interfaces/environment/pythonpath.sh
[3.889s] -- Installing: /home/samir/Documents/learning/ros2_ws/install/tutorial_interfaces/share/tutorial_interfaces/environment/pythonpath.dsv
[3.889s] -- Installing: /home/samir/Documents/learning/ros2_ws/install/tutorial_interfaces/local/lib/python3.10/dist-packages/tutorial_interfaces-0.0.0-py3.10.egg-info
[3.889s] -- Installing: /home/samir/Documents/learning/ros2_ws/install/tutorial_interfaces/local/lib/python3.10/dist-packages/tutorial_interfaces-0.0.0-py3.10.egg-info/PKG-INFO
[3.889s] -- Installing: /home/samir/Documents/learning/ros2_ws/install/tutorial_interfaces/local/lib/python3.10/dist-packages/tutorial_interfaces-0.0.0-py3.10.egg-info/top_level.txt
[3.889s] -- Installing: /home/samir/Documents/learning/ros2_ws/install/tutorial_interfaces/local/lib/python3.10/dist-packages/tutorial_interfaces-0.0.0-py3.10.egg-info/dependency_links.txt
[3.889s] -- Installing: /home/samir/Documents/learning/ros2_ws/install/tutorial_interfaces/local/lib/python3.10/dist-packages/tutorial_interfaces-0.0.0-py3.10.egg-info/SOURCES.txt
[3.889s] -- Installing: /home/samir/Documents/learning/ros2_ws/install/tutorial_interfaces/local/lib/python3.10/dist-packages/tutorial_interfaces
[3.889s] -- Installing: /home/samir/Documents/learning/ros2_ws/install/tutorial_interfaces/local/lib/python3.10/dist-packages/tutorial_interfaces/_tutorial_interfaces_s.ep.rosidl_typesupport_fastrtps_c.c
[3.889s] -- Installing: /home/samir/Documents/learning/ros2_ws/install/tutorial_interfaces/local/lib/python3.10/dist-packages/tutorial_interfaces/_tutorial_interfaces_s.ep.rosidl_typesupport_c.c
[3.890s] -- Installing: /home/samir/Documents/learning/ros2_ws/install/tutorial_interfaces/local/lib/python3.10/dist-packages/tutorial_interfaces/tutorial_interfaces_s__rosidl_typesupport_introspection_c.cpython-310-x86_64-linux-gnu.so
[3.890s] -- Installing: /home/samir/Documents/learning/ros2_ws/install/tutorial_interfaces/local/lib/python3.10/dist-packages/tutorial_interfaces/__init__.py
[3.890s] -- Installing: /home/samir/Documents/learning/ros2_ws/install/tutorial_interfaces/local/lib/python3.10/dist-packages/tutorial_interfaces/srv
[3.890s] -- Installing: /home/samir/Documents/learning/ros2_ws/install/tutorial_interfaces/local/lib/python3.10/dist-packages/tutorial_interfaces/srv/__init__.py
[3.890s] -- Installing: /home/samir/Documents/learning/ros2_ws/install/tutorial_interfaces/local/lib/python3.10/dist-packages/tutorial_interfaces/srv/_add_three_ints_s.c
[3.890s] -- Installing: /home/samir/Documents/learning/ros2_ws/install/tutorial_interfaces/local/lib/python3.10/dist-packages/tutorial_interfaces/srv/_add_three_ints.py
[3.890s] -- Installing: /home/samir/Documents/learning/ros2_ws/install/tutorial_interfaces/local/lib/python3.10/dist-packages/tutorial_interfaces/libtutorial_interfaces__rosidl_generator_py.so
[3.890s] -- Installing: /home/samir/Documents/learning/ros2_ws/install/tutorial_interfaces/local/lib/python3.10/dist-packages/tutorial_interfaces/_tutorial_interfaces_s.ep.rosidl_typesupport_introspection_c.c
[3.890s] -- Installing: /home/samir/Documents/learning/ros2_ws/install/tutorial_interfaces/local/lib/python3.10/dist-packages/tutorial_interfaces/tutorial_interfaces_s__rosidl_typesupport_c.cpython-310-x86_64-linux-gnu.so
[3.890s] -- Installing: /home/samir/Documents/learning/ros2_ws/install/tutorial_interfaces/local/lib/python3.10/dist-packages/tutorial_interfaces/tutorial_interfaces_s__rosidl_typesupport_fastrtps_c.cpython-310-x86_64-linux-gnu.so
[3.890s] -- Installing: /home/samir/Documents/learning/ros2_ws/install/tutorial_interfaces/local/lib/python3.10/dist-packages/tutorial_interfaces/msg
[3.890s] -- Installing: /home/samir/Documents/learning/ros2_ws/install/tutorial_interfaces/local/lib/python3.10/dist-packages/tutorial_interfaces/msg/_sphere.py
[3.890s] -- Installing: /home/samir/Documents/learning/ros2_ws/install/tutorial_interfaces/local/lib/python3.10/dist-packages/tutorial_interfaces/msg/__init__.py
[3.890s] -- Installing: /home/samir/Documents/learning/ros2_ws/install/tutorial_interfaces/local/lib/python3.10/dist-packages/tutorial_interfaces/msg/_num_s.c
[3.891s] -- Installing: /home/samir/Documents/learning/ros2_ws/install/tutorial_interfaces/local/lib/python3.10/dist-packages/tutorial_interfaces/msg/_num.py
[3.891s] -- Installing: /home/samir/Documents/learning/ros2_ws/install/tutorial_interfaces/local/lib/python3.10/dist-packages/tutorial_interfaces/msg/_sphere_s.c
[3.916s] Listing '/home/samir/Documents/learning/ros2_ws/install/tutorial_interfaces/local/lib/python3.10/dist-packages/tutorial_interfaces'...
[3.916s] Compiling '/home/samir/Documents/learning/ros2_ws/install/tutorial_interfaces/local/lib/python3.10/dist-packages/tutorial_interfaces/__init__.py'...
[3.916s] Listing '/home/samir/Documents/learning/ros2_ws/install/tutorial_interfaces/local/lib/python3.10/dist-packages/tutorial_interfaces/msg'...
[3.916s] Compiling '/home/samir/Documents/learning/ros2_ws/install/tutorial_interfaces/local/lib/python3.10/dist-packages/tutorial_interfaces/msg/__init__.py'...
[3.916s] Compiling '/home/samir/Documents/learning/ros2_ws/install/tutorial_interfaces/local/lib/python3.10/dist-packages/tutorial_interfaces/msg/_num.py'...
[3.916s] Compiling '/home/samir/Documents/learning/ros2_ws/install/tutorial_interfaces/local/lib/python3.10/dist-packages/tutorial_interfaces/msg/_sphere.py'...
[3.916s] Listing '/home/samir/Documents/learning/ros2_ws/install/tutorial_interfaces/local/lib/python3.10/dist-packages/tutorial_interfaces/srv'...
[3.916s] Compiling '/home/samir/Documents/learning/ros2_ws/install/tutorial_interfaces/local/lib/python3.10/dist-packages/tutorial_interfaces/srv/__init__.py'...
[3.916s] Compiling '/home/samir/Documents/learning/ros2_ws/install/tutorial_interfaces/local/lib/python3.10/dist-packages/tutorial_interfaces/srv/_add_three_ints.py'...
[3.919s] -- Installing: /home/samir/Documents/learning/ros2_ws/install/tutorial_interfaces/local/lib/python3.10/dist-packages/tutorial_interfaces/tutorial_interfaces_s__rosidl_typesupport_fastrtps_c.cpython-310-x86_64-linux-gnu.so
[3.919s] -- Set runtime path of "/home/samir/Documents/learning/ros2_ws/install/tutorial_interfaces/local/lib/python3.10/dist-packages/tutorial_interfaces/tutorial_interfaces_s__rosidl_typesupport_fastrtps_c.cpython-310-x86_64-linux-gnu.so" to ""
[3.919s] -- Installing: /home/samir/Documents/learning/ros2_ws/install/tutorial_interfaces/local/lib/python3.10/dist-packages/tutorial_interfaces/tutorial_interfaces_s__rosidl_typesupport_introspection_c.cpython-310-x86_64-linux-gnu.so
[3.920s] -- Set runtime path of "/home/samir/Documents/learning/ros2_ws/install/tutorial_interfaces/local/lib/python3.10/dist-packages/tutorial_interfaces/tutorial_interfaces_s__rosidl_typesupport_introspection_c.cpython-310-x86_64-linux-gnu.so" to ""
[3.920s] -- Installing: /home/samir/Documents/learning/ros2_ws/install/tutorial_interfaces/local/lib/python3.10/dist-packages/tutorial_interfaces/tutorial_interfaces_s__rosidl_typesupport_c.cpython-310-x86_64-linux-gnu.so
[3.920s] -- Set runtime path of "/home/samir/Documents/learning/ros2_ws/install/tutorial_interfaces/local/lib/python3.10/dist-packages/tutorial_interfaces/tutorial_interfaces_s__rosidl_typesupport_c.cpython-310-x86_64-linux-gnu.so" to ""
[3.920s] -- Installing: /home/samir/Documents/learning/ros2_ws/install/tutorial_interfaces/lib/libtutorial_interfaces__rosidl_generator_py.so
[3.921s] -- Set runtime path of "/home/samir/Documents/learning/ros2_ws/install/tutorial_interfaces/lib/libtutorial_interfaces__rosidl_generator_py.so" to ""
[3.921s] -- Installing: /home/samir/Documents/learning/ros2_ws/install/tutorial_interfaces/share/tutorial_interfaces/msg/Num.idl
[3.921s] -- Installing: /home/samir/Documents/learning/ros2_ws/install/tutorial_interfaces/share/tutorial_interfaces/msg/Sphere.idl
[3.921s] -- Installing: /home/samir/Documents/learning/ros2_ws/install/tutorial_interfaces/share/tutorial_interfaces/srv/AddThreeInts.idl
[3.921s] -- Installing: /home/samir/Documents/learning/ros2_ws/install/tutorial_interfaces/share/tutorial_interfaces/msg/Num.msg
[3.921s] -- Installing: /home/samir/Documents/learning/ros2_ws/install/tutorial_interfaces/share/tutorial_interfaces/msg/Sphere.msg
[3.921s] -- Installing: /home/samir/Documents/learning/ros2_ws/install/tutorial_interfaces/share/tutorial_interfaces/srv/AddThreeInts.srv
[3.922s] -- Installing: /home/samir/Documents/learning/ros2_ws/install/tutorial_interfaces/share/tutorial_interfaces/srv/AddThreeInts_Request.msg
[3.922s] -- Installing: /home/samir/Documents/learning/ros2_ws/install/tutorial_interfaces/share/tutorial_interfaces/srv/AddThreeInts_Response.msg
[3.922s] -- Installing: /home/samir/Documents/learning/ros2_ws/install/tutorial_interfaces/share/ament_index/resource_index/package_run_dependencies/tutorial_interfaces
[3.922s] -- Installing: /home/samir/Documents/learning/ros2_ws/install/tutorial_interfaces/share/ament_index/resource_index/parent_prefix_path/tutorial_interfaces
[3.922s] -- Installing: /home/samir/Documents/learning/ros2_ws/install/tutorial_interfaces/share/tutorial_interfaces/environment/ament_prefix_path.sh
[3.922s] -- Installing: /home/samir/Documents/learning/ros2_ws/install/tutorial_interfaces/share/tutorial_interfaces/environment/ament_prefix_path.dsv
[3.922s] -- Installing: /home/samir/Documents/learning/ros2_ws/install/tutorial_interfaces/share/tutorial_interfaces/environment/path.sh
[3.923s] -- Installing: /home/samir/Documents/learning/ros2_ws/install/tutorial_interfaces/share/tutorial_interfaces/environment/path.dsv
[3.923s] -- Installing: /home/samir/Documents/learning/ros2_ws/install/tutorial_interfaces/share/tutorial_interfaces/local_setup.bash
[3.923s] -- Installing: /home/samir/Documents/learning/ros2_ws/install/tutorial_interfaces/share/tutorial_interfaces/local_setup.sh
[3.923s] -- Installing: /home/samir/Documents/learning/ros2_ws/install/tutorial_interfaces/share/tutorial_interfaces/local_setup.zsh
[3.923s] -- Installing: /home/samir/Documents/learning/ros2_ws/install/tutorial_interfaces/share/tutorial_interfaces/local_setup.dsv
[3.923s] -- Installing: /home/samir/Documents/learning/ros2_ws/install/tutorial_interfaces/share/tutorial_interfaces/package.dsv
[3.923s] -- Installing: /home/samir/Documents/learning/ros2_ws/install/tutorial_interfaces/share/ament_index/resource_index/packages/tutorial_interfaces
[3.924s] -- Installing: /home/samir/Documents/learning/ros2_ws/install/tutorial_interfaces/share/tutorial_interfaces/cmake/export_tutorial_interfaces__rosidl_generator_cExport.cmake
[3.924s] -- Installing: /home/samir/Documents/learning/ros2_ws/install/tutorial_interfaces/share/tutorial_interfaces/cmake/export_tutorial_interfaces__rosidl_generator_cExport-noconfig.cmake
[3.924s] -- Installing: /home/samir/Documents/learning/ros2_ws/install/tutorial_interfaces/share/tutorial_interfaces/cmake/export_tutorial_interfaces__rosidl_typesupport_fastrtps_cExport.cmake
[3.924s] -- Installing: /home/samir/Documents/learning/ros2_ws/install/tutorial_interfaces/share/tutorial_interfaces/cmake/export_tutorial_interfaces__rosidl_typesupport_fastrtps_cExport-noconfig.cmake
[3.924s] -- Installing: /home/samir/Documents/learning/ros2_ws/install/tutorial_interfaces/share/tutorial_interfaces/cmake/export_tutorial_interfaces__rosidl_generator_cppExport.cmake
[3.924s] -- Installing: /home/samir/Documents/learning/ros2_ws/install/tutorial_interfaces/share/tutorial_interfaces/cmake/export_tutorial_interfaces__rosidl_typesupport_fastrtps_cppExport.cmake
[3.924s] -- Installing: /home/samir/Documents/learning/ros2_ws/install/tutorial_interfaces/share/tutorial_interfaces/cmake/export_tutorial_interfaces__rosidl_typesupport_fastrtps_cppExport-noconfig.cmake
[3.925s] -- Installing: /home/samir/Documents/learning/ros2_ws/install/tutorial_interfaces/share/tutorial_interfaces/cmake/tutorial_interfaces__rosidl_typesupport_introspection_cExport.cmake
[3.925s] -- Installing: /home/samir/Documents/learning/ros2_ws/install/tutorial_interfaces/share/tutorial_interfaces/cmake/tutorial_interfaces__rosidl_typesupport_introspection_cExport-noconfig.cmake
[3.925s] -- Installing: /home/samir/Documents/learning/ros2_ws/install/tutorial_interfaces/share/tutorial_interfaces/cmake/tutorial_interfaces__rosidl_typesupport_cExport.cmake
[3.925s] -- Installing: /home/samir/Documents/learning/ros2_ws/install/tutorial_interfaces/share/tutorial_interfaces/cmake/tutorial_interfaces__rosidl_typesupport_cExport-noconfig.cmake
[3.925s] -- Installing: /home/samir/Documents/learning/ros2_ws/install/tutorial_interfaces/share/tutorial_interfaces/cmake/tutorial_interfaces__rosidl_typesupport_introspection_cppExport.cmake
[3.925s] -- Installing: /home/samir/Documents/learning/ros2_ws/install/tutorial_interfaces/share/tutorial_interfaces/cmake/tutorial_interfaces__rosidl_typesupport_introspection_cppExport-noconfig.cmake
[3.925s] -- Installing: /home/samir/Documents/learning/ros2_ws/install/tutorial_interfaces/share/tutorial_interfaces/cmake/tutorial_interfaces__rosidl_typesupport_cppExport.cmake
[3.926s] -- Installing: /home/samir/Documents/learning/ros2_ws/install/tutorial_interfaces/share/tutorial_interfaces/cmake/tutorial_interfaces__rosidl_typesupport_cppExport-noconfig.cmake
[3.926s] -- Installing: /home/samir/Documents/learning/ros2_ws/install/tutorial_interfaces/share/tutorial_interfaces/cmake/export_tutorial_interfaces__rosidl_generator_pyExport.cmake
[3.926s] -- Installing: /home/samir/Documents/learning/ros2_ws/install/tutorial_interfaces/share/tutorial_interfaces/cmake/export_tutorial_interfaces__rosidl_generator_pyExport-noconfig.cmake
[3.926s] -- Installing: /home/samir/Documents/learning/ros2_ws/install/tutorial_interfaces/share/tutorial_interfaces/cmake/rosidl_cmake-extras.cmake
[3.926s] -- Installing: /home/samir/Documents/learning/ros2_ws/install/tutorial_interfaces/share/tutorial_interfaces/cmake/ament_cmake_export_dependencies-extras.cmake
[3.926s] -- Installing: /home/samir/Documents/learning/ros2_ws/install/tutorial_interfaces/share/tutorial_interfaces/cmake/ament_cmake_export_include_directories-extras.cmake
[3.926s] -- Installing: /home/samir/Documents/learning/ros2_ws/install/tutorial_interfaces/share/tutorial_interfaces/cmake/ament_cmake_export_libraries-extras.cmake
[3.926s] -- Installing: /home/samir/Documents/learning/ros2_ws/install/tutorial_interfaces/share/tutorial_interfaces/cmake/ament_cmake_export_targets-extras.cmake
[3.927s] -- Installing: /home/samir/Documents/learning/ros2_ws/install/tutorial_interfaces/share/tutorial_interfaces/cmake/rosidl_cmake_export_typesupport_targets-extras.cmake
[3.927s] -- Installing: /home/samir/Documents/learning/ros2_ws/install/tutorial_interfaces/share/tutorial_interfaces/cmake/rosidl_cmake_export_typesupport_libraries-extras.cmake
[3.927s] -- Installing: /home/samir/Documents/learning/ros2_ws/install/tutorial_interfaces/share/tutorial_interfaces/cmake/tutorial_interfacesConfig.cmake
[3.927s] -- Installing: /home/samir/Documents/learning/ros2_ws/install/tutorial_interfaces/share/tutorial_interfaces/cmake/tutorial_interfacesConfig-version.cmake
[3.927s] -- Installing: /home/samir/Documents/learning/ros2_ws/install/tutorial_interfaces/share/tutorial_interfaces/package.xml
[3.931s] Invoked command in '/home/samir/Documents/learning/ros2_ws/build/tutorial_interfaces' returned '0': CMAKE_PREFIX_PATH=/opt/ros/humble /home/samir/.local/bin/cmake --install /home/samir/Documents/learning/ros2_ws/build/tutorial_interfaces
