[2.679s] Invoking command in '/home/samir/Documents/learning/ros2_ws/src/examples/rclpy/services/minimal_service': PYTHONPATH=/home/samir/Documents/learning/ros2_ws/build/examples_rclpy_minimal_service/prefix_override:/home/samir/Documents/learning/ros2_ws/install/examples_rclpy_minimal_service/lib/python3.10/site-packages:${PYTHONPATH} /usr/bin/python3 setup.py egg_info --egg-base ../../../../../build/examples_rclpy_minimal_service build --build-base /home/samir/Documents/learning/ros2_ws/build/examples_rclpy_minimal_service/build install --record /home/samir/Documents/learning/ros2_ws/build/examples_rclpy_minimal_service/install.log --single-version-externally-managed
[2.995s] running egg_info
[2.996s] writing ../../../../../build/examples_rclpy_minimal_service/examples_rclpy_minimal_service.egg-info/PKG-INFO
[2.996s] writing dependency_links to ../../../../../build/examples_rclpy_minimal_service/examples_rclpy_minimal_service.egg-info/dependency_links.txt
[2.997s] writing entry points to ../../../../../build/examples_rclpy_minimal_service/examples_rclpy_minimal_service.egg-info/entry_points.txt
[2.997s] writing requirements to ../../../../../build/examples_rclpy_minimal_service/examples_rclpy_minimal_service.egg-info/requires.txt
[2.997s] writing top-level names to ../../../../../build/examples_rclpy_minimal_service/examples_rclpy_minimal_service.egg-info/top_level.txt
[3.000s] reading manifest file '../../../../../build/examples_rclpy_minimal_service/examples_rclpy_minimal_service.egg-info/SOURCES.txt'
[3.003s] /usr/lib/python3/dist-packages/setuptools/command/install.py:34: SetuptoolsDeprecationWarning: setup.py install is deprecated. Use build and pip and other standards-based tools.
[3.004s]   warnings.warn(
[3.004s] writing manifest file '../../../../../build/examples_rclpy_minimal_service/examples_rclpy_minimal_service.egg-info/SOURCES.txt'
[3.004s] running build
[3.005s] running build_py
[3.006s] running install
[3.006s] running install_lib
[3.007s] running install_data
[3.008s] running install_egg_info
[3.008s] removing '/home/samir/Documents/learning/ros2_ws/install/examples_rclpy_minimal_service/lib/python3.10/site-packages/examples_rclpy_minimal_service-0.15.1-py3.10.egg-info' (and everything under it)
[3.009s] Copying ../../../../../build/examples_rclpy_minimal_service/examples_rclpy_minimal_service.egg-info to /home/samir/Documents/learning/ros2_ws/install/examples_rclpy_minimal_service/lib/python3.10/site-packages/examples_rclpy_minimal_service-0.15.1-py3.10.egg-info
[3.010s] running install_scripts
[3.036s] Installing service script to /home/samir/Documents/learning/ros2_ws/install/examples_rclpy_minimal_service/lib/examples_rclpy_minimal_service
[3.037s] Installing service_member_function script to /home/samir/Documents/learning/ros2_ws/install/examples_rclpy_minimal_service/lib/examples_rclpy_minimal_service
[3.037s] writing list of installed files to '/home/samir/Documents/learning/ros2_ws/build/examples_rclpy_minimal_service/install.log'
[3.302s] Invoked command in '/home/samir/Documents/learning/ros2_ws/src/examples/rclpy/services/minimal_service' returned '0': PYTHONPATH=/home/samir/Documents/learning/ros2_ws/build/examples_rclpy_minimal_service/prefix_override:/home/samir/Documents/learning/ros2_ws/install/examples_rclpy_minimal_service/lib/python3.10/site-packages:${PYTHONPATH} /usr/bin/python3 setup.py egg_info --egg-base ../../../../../build/examples_rclpy_minimal_service build --build-base /home/samir/Documents/learning/ros2_ws/build/examples_rclpy_minimal_service/build install --record /home/samir/Documents/learning/ros2_ws/build/examples_rclpy_minimal_service/install.log --single-version-externally-managed
