[2.118s] Invoking command in '/home/samir/Documents/learning/ros2_ws/build/examples_rclpy_minimal_action_server': PYTHONPATH=/home/samir/Documents/learning/ros2_ws/build/examples_rclpy_minimal_action_server/prefix_override:/home/samir/Documents/learning/ros2_ws/install/examples_rclpy_minimal_action_server/lib/python3.10/site-packages:${PYTHONPATH} /usr/bin/python3 setup.py develop --uninstall --editable --build-directory /home/samir/Documents/learning/ros2_ws/build/examples_rclpy_minimal_action_server/build
[2.429s] /usr/lib/python3/dist-packages/setuptools/command/easy_install.py:158: EasyInstallDeprecationWarning: easy_install command is deprecated. Use build and pip and other standards-based tools.
[2.430s]   warnings.warn(
[2.430s] /usr/lib/python3/dist-packages/setuptools/command/install.py:34: SetuptoolsDeprecationWarning: setup.py install is deprecated. Use build and pip and other standards-based tools.
[2.430s]   warnings.warn(
[2.431s] running develop
[2.467s] Removing /home/samir/Documents/learning/ros2_ws/install/examples_rclpy_minimal_action_server/lib/python3.10/site-packages/examples-rclpy-minimal-action-server.egg-link (link to .)
[3.135s] Invoked command in '/home/samir/Documents/learning/ros2_ws/build/examples_rclpy_minimal_action_server' returned '0': PYTHONPATH=/home/samir/Documents/learning/ros2_ws/build/examples_rclpy_minimal_action_server/prefix_override:/home/samir/Documents/learning/ros2_ws/install/examples_rclpy_minimal_action_server/lib/python3.10/site-packages:${PYTHONPATH} /usr/bin/python3 setup.py develop --uninstall --editable --build-directory /home/samir/Documents/learning/ros2_ws/build/examples_rclpy_minimal_action_server/build
[3.136s] Invoking command in '/home/samir/Documents/learning/ros2_ws/src/examples/rclpy/actions/minimal_action_server': PYTHONPATH=/home/samir/Documents/learning/ros2_ws/build/examples_rclpy_minimal_action_server/prefix_override:/home/samir/Documents/learning/ros2_ws/install/examples_rclpy_minimal_action_server/lib/python3.10/site-packages:${PYTHONPATH} /usr/bin/python3 setup.py egg_info --egg-base ../../../../../build/examples_rclpy_minimal_action_server build --build-base /home/samir/Documents/learning/ros2_ws/build/examples_rclpy_minimal_action_server/build install --record /home/samir/Documents/learning/ros2_ws/build/examples_rclpy_minimal_action_server/install.log --single-version-externally-managed
[3.317s] running egg_info
[3.317s] writing ../../../../../build/examples_rclpy_minimal_action_server/examples_rclpy_minimal_action_server.egg-info/PKG-INFO
[3.317s] writing dependency_links to ../../../../../build/examples_rclpy_minimal_action_server/examples_rclpy_minimal_action_server.egg-info/dependency_links.txt
[3.318s] writing entry points to ../../../../../build/examples_rclpy_minimal_action_server/examples_rclpy_minimal_action_server.egg-info/entry_points.txt
[3.318s] writing requirements to ../../../../../build/examples_rclpy_minimal_action_server/examples_rclpy_minimal_action_server.egg-info/requires.txt
[3.318s] writing top-level names to ../../../../../build/examples_rclpy_minimal_action_server/examples_rclpy_minimal_action_server.egg-info/top_level.txt
[3.320s] reading manifest file '../../../../../build/examples_rclpy_minimal_action_server/examples_rclpy_minimal_action_server.egg-info/SOURCES.txt'
[3.320s] writing manifest file '../../../../../build/examples_rclpy_minimal_action_server/examples_rclpy_minimal_action_server.egg-info/SOURCES.txt'
[3.321s] running build
[3.321s] running build_py
[3.321s] creating /home/samir/Documents/learning/ros2_ws/build/examples_rclpy_minimal_action_server/build
[3.321s] creating /home/samir/Documents/learning/ros2_ws/build/examples_rclpy_minimal_action_server/build/lib
[3.321s] creating /home/samir/Documents/learning/ros2_ws/build/examples_rclpy_minimal_action_server/build/lib/examples_rclpy_minimal_action_server
[3.321s] copying examples_rclpy_minimal_action_server/__init__.py -> /home/samir/Documents/learning/ros2_ws/build/examples_rclpy_minimal_action_server/build/lib/examples_rclpy_minimal_action_server
[3.321s] copying examples_rclpy_minimal_action_server/server_defer.py -> /home/samir/Documents/learning/ros2_ws/build/examples_rclpy_minimal_action_server/build/lib/examples_rclpy_minimal_action_server
[3.321s] copying examples_rclpy_minimal_action_server/server_not_composable.py -> /home/samir/Documents/learning/ros2_ws/build/examples_rclpy_minimal_action_server/build/lib/examples_rclpy_minimal_action_server
[3.321s] copying examples_rclpy_minimal_action_server/server_queue_goals.py -> /home/samir/Documents/learning/ros2_ws/build/examples_rclpy_minimal_action_server/build/lib/examples_rclpy_minimal_action_server
[3.321s] copying examples_rclpy_minimal_action_server/server_single_goal.py -> /home/samir/Documents/learning/ros2_ws/build/examples_rclpy_minimal_action_server/build/lib/examples_rclpy_minimal_action_server
[3.321s] copying examples_rclpy_minimal_action_server/server.py -> /home/samir/Documents/learning/ros2_ws/build/examples_rclpy_minimal_action_server/build/lib/examples_rclpy_minimal_action_server
[3.322s] running install
[3.322s] /usr/lib/python3/dist-packages/setuptools/command/install.py:34: SetuptoolsDeprecationWarning: setup.py install is deprecated. Use build and pip and other standards-based tools.
[3.322s]   warnings.warn(
[3.322s] running install_lib
[3.322s] creating /home/samir/Documents/learning/ros2_ws/install/examples_rclpy_minimal_action_server/lib/python3.10/site-packages/examples_rclpy_minimal_action_server
[3.323s] copying /home/samir/Documents/learning/ros2_ws/build/examples_rclpy_minimal_action_server/build/lib/examples_rclpy_minimal_action_server/__init__.py -> /home/samir/Documents/learning/ros2_ws/install/examples_rclpy_minimal_action_server/lib/python3.10/site-packages/examples_rclpy_minimal_action_server
[3.323s] copying /home/samir/Documents/learning/ros2_ws/build/examples_rclpy_minimal_action_server/build/lib/examples_rclpy_minimal_action_server/server_defer.py -> /home/samir/Documents/learning/ros2_ws/install/examples_rclpy_minimal_action_server/lib/python3.10/site-packages/examples_rclpy_minimal_action_server
[3.323s] copying /home/samir/Documents/learning/ros2_ws/build/examples_rclpy_minimal_action_server/build/lib/examples_rclpy_minimal_action_server/server_not_composable.py -> /home/samir/Documents/learning/ros2_ws/install/examples_rclpy_minimal_action_server/lib/python3.10/site-packages/examples_rclpy_minimal_action_server
[3.323s] copying /home/samir/Documents/learning/ros2_ws/build/examples_rclpy_minimal_action_server/build/lib/examples_rclpy_minimal_action_server/server_queue_goals.py -> /home/samir/Documents/learning/ros2_ws/install/examples_rclpy_minimal_action_server/lib/python3.10/site-packages/examples_rclpy_minimal_action_server
[3.323s] copying /home/samir/Documents/learning/ros2_ws/build/examples_rclpy_minimal_action_server/build/lib/examples_rclpy_minimal_action_server/server_single_goal.py -> /home/samir/Documents/learning/ros2_ws/install/examples_rclpy_minimal_action_server/lib/python3.10/site-packages/examples_rclpy_minimal_action_server
[3.323s] copying /home/samir/Documents/learning/ros2_ws/build/examples_rclpy_minimal_action_server/build/lib/examples_rclpy_minimal_action_server/server.py -> /home/samir/Documents/learning/ros2_ws/install/examples_rclpy_minimal_action_server/lib/python3.10/site-packages/examples_rclpy_minimal_action_server
[3.323s] byte-compiling /home/samir/Documents/learning/ros2_ws/install/examples_rclpy_minimal_action_server/lib/python3.10/site-packages/examples_rclpy_minimal_action_server/__init__.py to __init__.cpython-310.pyc
[3.323s] byte-compiling /home/samir/Documents/learning/ros2_ws/install/examples_rclpy_minimal_action_server/lib/python3.10/site-packages/examples_rclpy_minimal_action_server/server_defer.py to server_defer.cpython-310.pyc
[3.324s] byte-compiling /home/samir/Documents/learning/ros2_ws/install/examples_rclpy_minimal_action_server/lib/python3.10/site-packages/examples_rclpy_minimal_action_server/server_not_composable.py to server_not_composable.cpython-310.pyc
[3.324s] byte-compiling /home/samir/Documents/learning/ros2_ws/install/examples_rclpy_minimal_action_server/lib/python3.10/site-packages/examples_rclpy_minimal_action_server/server_queue_goals.py to server_queue_goals.cpython-310.pyc
[3.325s] byte-compiling /home/samir/Documents/learning/ros2_ws/install/examples_rclpy_minimal_action_server/lib/python3.10/site-packages/examples_rclpy_minimal_action_server/server_single_goal.py to server_single_goal.cpython-310.pyc
[3.325s] byte-compiling /home/samir/Documents/learning/ros2_ws/install/examples_rclpy_minimal_action_server/lib/python3.10/site-packages/examples_rclpy_minimal_action_server/server.py to server.cpython-310.pyc
[3.326s] running install_data
[3.326s] running install_egg_info
[3.328s] Copying ../../../../../build/examples_rclpy_minimal_action_server/examples_rclpy_minimal_action_server.egg-info to /home/samir/Documents/learning/ros2_ws/install/examples_rclpy_minimal_action_server/lib/python3.10/site-packages/examples_rclpy_minimal_action_server-0.15.1-py3.10.egg-info
[3.330s] running install_scripts
[3.344s] Installing server script to /home/samir/Documents/learning/ros2_ws/install/examples_rclpy_minimal_action_server/lib/examples_rclpy_minimal_action_server
[3.344s] Installing server_defer script to /home/samir/Documents/learning/ros2_ws/install/examples_rclpy_minimal_action_server/lib/examples_rclpy_minimal_action_server
[3.344s] Installing server_not_composable script to /home/samir/Documents/learning/ros2_ws/install/examples_rclpy_minimal_action_server/lib/examples_rclpy_minimal_action_server
[3.344s] Installing server_queue_goals script to /home/samir/Documents/learning/ros2_ws/install/examples_rclpy_minimal_action_server/lib/examples_rclpy_minimal_action_server
[3.345s] Installing server_single_goal script to /home/samir/Documents/learning/ros2_ws/install/examples_rclpy_minimal_action_server/lib/examples_rclpy_minimal_action_server
[3.345s] writing list of installed files to '/home/samir/Documents/learning/ros2_ws/build/examples_rclpy_minimal_action_server/install.log'
[4.823s] Invoked command in '/home/samir/Documents/learning/ros2_ws/src/examples/rclpy/actions/minimal_action_server' returned '0': PYTHONPATH=/home/samir/Documents/learning/ros2_ws/build/examples_rclpy_minimal_action_server/prefix_override:/home/samir/Documents/learning/ros2_ws/install/examples_rclpy_minimal_action_server/lib/python3.10/site-packages:${PYTHONPATH} /usr/bin/python3 setup.py egg_info --egg-base ../../../../../build/examples_rclpy_minimal_action_server build --build-base /home/samir/Documents/learning/ros2_ws/build/examples_rclpy_minimal_action_server/build install --record /home/samir/Documents/learning/ros2_ws/build/examples_rclpy_minimal_action_server/install.log --single-version-externally-managed
