[1.816s] Invoking command in '/home/samir/Documents/learning/ros2_ws/src/examples/rclpy/executors': PYTHONPATH=/home/samir/Documents/learning/ros2_ws/build/examples_rclpy_executors/prefix_override:/home/samir/Documents/learning/ros2_ws/install/examples_rclpy_executors/lib/python3.10/site-packages:${PYTHONPATH} /usr/bin/python3 setup.py egg_info --egg-base ../../../../build/examples_rclpy_executors build --build-base /home/samir/Documents/learning/ros2_ws/build/examples_rclpy_executors/build install --record /home/samir/Documents/learning/ros2_ws/build/examples_rclpy_executors/install.log --single-version-externally-managed
[2.446s] /usr/lib/python3/dist-packages/setuptools/command/install.py:34: SetuptoolsDeprecationWarning: setup.py install is deprecated. Use build and pip and other standards-based tools.
[2.447s]   warnings.warn(
[2.447s] running egg_info
[2.448s] writing ../../../../build/examples_rclpy_executors/examples_rclpy_executors.egg-info/PKG-INFO
[2.448s] writing dependency_links to ../../../../build/examples_rclpy_executors/examples_rclpy_executors.egg-info/dependency_links.txt
[2.448s] writing entry points to ../../../../build/examples_rclpy_executors/examples_rclpy_executors.egg-info/entry_points.txt
[2.448s] writing requirements to ../../../../build/examples_rclpy_executors/examples_rclpy_executors.egg-info/requires.txt
[2.448s] writing top-level names to ../../../../build/examples_rclpy_executors/examples_rclpy_executors.egg-info/top_level.txt
[2.448s] reading manifest file '../../../../build/examples_rclpy_executors/examples_rclpy_executors.egg-info/SOURCES.txt'
[2.449s] writing manifest file '../../../../build/examples_rclpy_executors/examples_rclpy_executors.egg-info/SOURCES.txt'
[2.449s] running build
[2.449s] running build_py
[2.449s] running install
[2.449s] running install_lib
[2.450s] running install_data
[2.450s] running install_egg_info
[2.450s] removing '/home/samir/Documents/learning/ros2_ws/install/examples_rclpy_executors/lib/python3.10/site-packages/examples_rclpy_executors-0.15.1-py3.10.egg-info' (and everything under it)
[2.450s] Copying ../../../../build/examples_rclpy_executors/examples_rclpy_executors.egg-info to /home/samir/Documents/learning/ros2_ws/install/examples_rclpy_executors/lib/python3.10/site-packages/examples_rclpy_executors-0.15.1-py3.10.egg-info
[2.450s] running install_scripts
[2.450s] Installing callback_group script to /home/samir/Documents/learning/ros2_ws/install/examples_rclpy_executors/lib/examples_rclpy_executors
[2.450s] Installing composed script to /home/samir/Documents/learning/ros2_ws/install/examples_rclpy_executors/lib/examples_rclpy_executors
[2.450s] Installing custom_callback_group script to /home/samir/Documents/learning/ros2_ws/install/examples_rclpy_executors/lib/examples_rclpy_executors
[2.451s] Installing custom_executor script to /home/samir/Documents/learning/ros2_ws/install/examples_rclpy_executors/lib/examples_rclpy_executors
[2.451s] Installing listener script to /home/samir/Documents/learning/ros2_ws/install/examples_rclpy_executors/lib/examples_rclpy_executors
[2.451s] Installing talker script to /home/samir/Documents/learning/ros2_ws/install/examples_rclpy_executors/lib/examples_rclpy_executors
[2.451s] writing list of installed files to '/home/samir/Documents/learning/ros2_ws/build/examples_rclpy_executors/install.log'
[3.029s] Invoked command in '/home/samir/Documents/learning/ros2_ws/src/examples/rclpy/executors' returned '0': PYTHONPATH=/home/samir/Documents/learning/ros2_ws/build/examples_rclpy_executors/prefix_override:/home/samir/Documents/learning/ros2_ws/install/examples_rclpy_executors/lib/python3.10/site-packages:${PYTHONPATH} /usr/bin/python3 setup.py egg_info --egg-base ../../../../build/examples_rclpy_executors build --build-base /home/samir/Documents/learning/ros2_ws/build/examples_rclpy_executors/build install --record /home/samir/Documents/learning/ros2_ws/build/examples_rclpy_executors/install.log --single-version-externally-managed
