[3.737s] Invoking command in '/home/samir/Documents/learning/ros2_ws/src/examples/rclpy/actions/minimal_action_client': PYTHONPATH=/home/samir/Documents/learning/ros2_ws/build/examples_rclpy_minimal_action_client/prefix_override:/home/samir/Documents/learning/ros2_ws/install/examples_rclpy_minimal_action_client/lib/python3.10/site-packages:${PYTHONPATH} /usr/bin/python3 setup.py egg_info --egg-base ../../../../../build/examples_rclpy_minimal_action_client build --build-base /home/samir/Documents/learning/ros2_ws/build/examples_rclpy_minimal_action_client/build install --record /home/samir/Documents/learning/ros2_ws/build/examples_rclpy_minimal_action_client/install.log --single-version-externally-managed
[3.994s] running egg_info
[3.995s] writing ../../../../../build/examples_rclpy_minimal_action_client/examples_rclpy_minimal_action_client.egg-info/PKG-INFO
[3.995s] writing dependency_links to ../../../../../build/examples_rclpy_minimal_action_client/examples_rclpy_minimal_action_client.egg-info/dependency_links.txt
[3.995s] writing entry points to ../../../../../build/examples_rclpy_minimal_action_client/examples_rclpy_minimal_action_client.egg-info/entry_points.txt
[3.995s] writing requirements to ../../../../../build/examples_rclpy_minimal_action_client/examples_rclpy_minimal_action_client.egg-info/requires.txt
[3.996s] writing top-level names to ../../../../../build/examples_rclpy_minimal_action_client/examples_rclpy_minimal_action_client.egg-info/top_level.txt
[3.999s] reading manifest file '../../../../../build/examples_rclpy_minimal_action_client/examples_rclpy_minimal_action_client.egg-info/SOURCES.txt'
[4.000s] writing manifest file '../../../../../build/examples_rclpy_minimal_action_client/examples_rclpy_minimal_action_client.egg-info/SOURCES.txt'
[4.001s] running build
[4.001s] running build_py
[4.001s] running install
[4.001s] /usr/lib/python3/dist-packages/setuptools/command/install.py:34: SetuptoolsDeprecationWarning: setup.py install is deprecated. Use build and pip and other standards-based tools.
[4.001s]   warnings.warn(
[4.002s] running install_lib
[4.003s] running install_data
[4.004s] running install_egg_info
[4.007s] removing '/home/samir/Documents/learning/ros2_ws/install/examples_rclpy_minimal_action_client/lib/python3.10/site-packages/examples_rclpy_minimal_action_client-0.15.1-py3.10.egg-info' (and everything under it)
[4.012s] Copying ../../../../../build/examples_rclpy_minimal_action_client/examples_rclpy_minimal_action_client.egg-info to /home/samir/Documents/learning/ros2_ws/install/examples_rclpy_minimal_action_client/lib/python3.10/site-packages/examples_rclpy_minimal_action_client-0.15.1-py3.10.egg-info
[4.016s] running install_scripts
[4.046s] Installing client script to /home/samir/Documents/learning/ros2_ws/install/examples_rclpy_minimal_action_client/lib/examples_rclpy_minimal_action_client
[4.046s] Installing client_asyncio script to /home/samir/Documents/learning/ros2_ws/install/examples_rclpy_minimal_action_client/lib/examples_rclpy_minimal_action_client
[4.047s] Installing client_cancel script to /home/samir/Documents/learning/ros2_ws/install/examples_rclpy_minimal_action_client/lib/examples_rclpy_minimal_action_client
[4.047s] Installing client_not_composable script to /home/samir/Documents/learning/ros2_ws/install/examples_rclpy_minimal_action_client/lib/examples_rclpy_minimal_action_client
[4.047s] writing list of installed files to '/home/samir/Documents/learning/ros2_ws/build/examples_rclpy_minimal_action_client/install.log'
[4.235s] Invoked command in '/home/samir/Documents/learning/ros2_ws/src/examples/rclpy/actions/minimal_action_client' returned '0': PYTHONPATH=/home/samir/Documents/learning/ros2_ws/build/examples_rclpy_minimal_action_client/prefix_override:/home/samir/Documents/learning/ros2_ws/install/examples_rclpy_minimal_action_client/lib/python3.10/site-packages:${PYTHONPATH} /usr/bin/python3 setup.py egg_info --egg-base ../../../../../build/examples_rclpy_minimal_action_client build --build-base /home/samir/Documents/learning/ros2_ws/build/examples_rclpy_minimal_action_client/build install --record /home/samir/Documents/learning/ros2_ws/build/examples_rclpy_minimal_action_client/install.log --single-version-externally-managed
