[0.644s] Invoking command in '/home/samir/Documents/learning/ros2_ws/build/cpp_pubsub': CMAKE_PREFIX_PATH=/opt/ros/humble /home/samir/.local/bin/cmake --build /home/samir/Documents/learning/ros2_ws/build/cpp_pubsub -- -j16 -l16
[1.396s] Invoked command in '/home/samir/Documents/learning/ros2_ws/build/cpp_pubsub' returned '0': CMAKE_PREFIX_PATH=/opt/ros/humble /home/samir/.local/bin/cmake --build /home/samir/Documents/learning/ros2_ws/build/cpp_pubsub -- -j16 -l16
[1.458s] Invoking command in '/home/samir/Documents/learning/ros2_ws/build/cpp_pubsub': CMAKE_PREFIX_PATH=/opt/ros/humble /home/samir/.local/bin/cmake --install /home/samir/Documents/learning/ros2_ws/build/cpp_pubsub
[1.481s] -- Install configuration: ""
[1.481s] -- Up-to-date: /home/samir/Documents/learning/ros2_ws/install/cpp_pubsub/share/ament_index/resource_index/package_run_dependencies/cpp_pubsub
[1.481s] -- Up-to-date: /home/samir/Documents/learning/ros2_ws/install/cpp_pubsub/share/ament_index/resource_index/parent_prefix_path/cpp_pubsub
[1.484s] -- Up-to-date: /home/samir/Documents/learning/ros2_ws/install/cpp_pubsub/share/cpp_pubsub/environment/ament_prefix_path.sh
[1.484s] -- Up-to-date: /home/samir/Documents/learning/ros2_ws/install/cpp_pubsub/share/cpp_pubsub/environment/ament_prefix_path.dsv
[1.484s] -- Up-to-date: /home/samir/Documents/learning/ros2_ws/install/cpp_pubsub/share/cpp_pubsub/environment/path.sh
[1.484s] -- Up-to-date: /home/samir/Documents/learning/ros2_ws/install/cpp_pubsub/share/cpp_pubsub/environment/path.dsv
[1.484s] -- Up-to-date: /home/samir/Documents/learning/ros2_ws/install/cpp_pubsub/share/cpp_pubsub/local_setup.bash
[1.484s] -- Up-to-date: /home/samir/Documents/learning/ros2_ws/install/cpp_pubsub/share/cpp_pubsub/local_setup.sh
[1.484s] -- Up-to-date: /home/samir/Documents/learning/ros2_ws/install/cpp_pubsub/share/cpp_pubsub/local_setup.zsh
[1.484s] -- Up-to-date: /home/samir/Documents/learning/ros2_ws/install/cpp_pubsub/share/cpp_pubsub/local_setup.dsv
[1.484s] -- Installing: /home/samir/Documents/learning/ros2_ws/install/cpp_pubsub/share/cpp_pubsub/package.dsv
[1.484s] -- Up-to-date: /home/samir/Documents/learning/ros2_ws/install/cpp_pubsub/share/ament_index/resource_index/packages/cpp_pubsub
[1.485s] -- Up-to-date: /home/samir/Documents/learning/ros2_ws/install/cpp_pubsub/share/cpp_pubsub/cmake/cpp_pubsubConfig.cmake
[1.485s] -- Up-to-date: /home/samir/Documents/learning/ros2_ws/install/cpp_pubsub/share/cpp_pubsub/cmake/cpp_pubsubConfig-version.cmake
[1.486s] -- Up-to-date: /home/samir/Documents/learning/ros2_ws/install/cpp_pubsub/share/cpp_pubsub/package.xml
[1.495s] Invoked command in '/home/samir/Documents/learning/ros2_ws/build/cpp_pubsub' returned '0': CMAKE_PREFIX_PATH=/opt/ros/humble /home/samir/.local/bin/cmake --install /home/samir/Documents/learning/ros2_ws/build/cpp_pubsub
