[0.363s] Invoking command in '/home/samir/Documents/learning/ros2_ws/build/examples_rclcpp_minimal_timer': CMAKE_PREFIX_PATH=/opt/ros/humble /home/samir/.local/bin/cmake /home/samir/Documents/learning/ros2_ws/src/examples/rclcpp/timers/minimal_timer -DAMENT_CMAKE_SYMLINK_INSTALL=1 -DCMAKE_INSTALL_PREFIX=/home/samir/Documents/learning/ros2_ws/install/examples_rclcpp_minimal_timer
[1.760s] -- The C compiler identification is GNU 11.4.0
[1.760s] -- The CXX compiler identification is GNU 11.4.0
[1.760s] -- Detecting C compiler ABI info
[1.761s] -- Detecting C compiler ABI info - done
[1.761s] -- Check for working C compiler: /usr/bin/cc - skipped
[1.761s] -- Detecting C compile features
[1.761s] -- Detecting C compile features - done
[1.761s] -- Detecting CXX compiler ABI info
[1.761s] -- Detecting CXX compiler ABI info - done
[1.761s] -- Check for working CXX compiler: /usr/bin/c++ - skipped
[1.761s] -- Detecting CXX compile features
[1.761s] -- Detecting CXX compile features - done
[1.761s] -- Found ament_cmake: 1.3.5 (/opt/ros/humble/share/ament_cmake/cmake)
[1.761s] -- Found Python3: /usr/bin/python3.10 (found version "3.10.12") found components: Interpreter 
[1.761s] -- Override CMake install command with custom implementation using symlinks instead of copying resources
[1.762s] -- Found rclcpp: 16.0.5 (/opt/ros/humble/share/rclcpp/cmake)
[1.762s] -- Found rosidl_generator_c: 3.1.5 (/opt/ros/humble/share/rosidl_generator_c/cmake)
[1.762s] -- Found rosidl_adapter: 3.1.5 (/opt/ros/humble/share/rosidl_adapter/cmake)
[1.762s] -- Found rosidl_generator_cpp: 3.1.5 (/opt/ros/humble/share/rosidl_generator_cpp/cmake)
[1.762s] -- Using all available rosidl_typesupport_c: rosidl_typesupport_fastrtps_c;rosidl_typesupport_introspection_c
[1.762s] -- Using all available rosidl_typesupport_cpp: rosidl_typesupport_fastrtps_cpp;rosidl_typesupport_introspection_cpp
[1.762s] -- Found rmw_implementation_cmake: 6.1.1 (/opt/ros/humble/share/rmw_implementation_cmake/cmake)
[1.762s] -- Found rmw_fastrtps_cpp: 6.2.3 (/opt/ros/humble/share/rmw_fastrtps_cpp/cmake)
[1.763s] -- Found OpenSSL: /usr/lib/x86_64-linux-gnu/libcrypto.so (found version "3.0.2")  
[1.776s] -- Found FastRTPS: /opt/ros/humble/include  
[1.846s] -- Using RMW implementation 'rmw_fastrtps_cpp' as default
[1.862s] -- Performing Test CMAKE_HAVE_LIBC_PTHREAD
[1.944s] -- Performing Test CMAKE_HAVE_LIBC_PTHREAD - Success
[1.946s] -- Found Threads: TRUE  
[2.233s] -- Found ament_lint_auto: 0.12.7 (/opt/ros/humble/share/ament_lint_auto/cmake)
[2.350s] -- Added test 'copyright' to check source files copyright and LICENSE
[2.351s] -- Added test 'cppcheck' to perform static code analysis on C / C++ code
[2.352s] -- Configured cppcheck include dirs: 
[2.352s] -- Configured cppcheck exclude dirs and/or files: 
[2.352s] -- Added test 'cpplint' to check C / C++ code against the Google style
[2.352s] -- Configured cpplint exclude dirs and/or files: 
[2.353s] -- Added test 'lint_cmake' to check CMake code style
[2.354s] -- Added test 'uncrustify' to check C / C++ code style
[2.354s] -- Configured uncrustify additional arguments: 
[2.355s] -- Added test 'xmllint' to check XML markup files
[2.357s] -- Configuring done (2.0s)
[2.381s] -- Generating done (0.0s)
[2.384s] -- Build files have been written to: /home/samir/Documents/learning/ros2_ws/build/examples_rclcpp_minimal_timer
[2.416s] Invoked command in '/home/samir/Documents/learning/ros2_ws/build/examples_rclcpp_minimal_timer' returned '0': CMAKE_PREFIX_PATH=/opt/ros/humble /home/samir/.local/bin/cmake /home/samir/Documents/learning/ros2_ws/src/examples/rclcpp/timers/minimal_timer -DAMENT_CMAKE_SYMLINK_INSTALL=1 -DCMAKE_INSTALL_PREFIX=/home/samir/Documents/learning/ros2_ws/install/examples_rclcpp_minimal_timer
[2.417s] Invoking command in '/home/samir/Documents/learning/ros2_ws/build/examples_rclcpp_minimal_timer': CMAKE_PREFIX_PATH=/opt/ros/humble /home/samir/.local/bin/cmake --build /home/samir/Documents/learning/ros2_ws/build/examples_rclcpp_minimal_timer -- -j16 -l16
[2.634s] [ 25%] [32mBuilding CXX object CMakeFiles/timer_lambda.dir/lambda.cpp.o[0m
[2.634s] [ 50%] [32mBuilding CXX object CMakeFiles/timer_member_function.dir/member_function.cpp.o[0m
[13.821s] [ 75%] [32m[1mLinking CXX executable timer_lambda[0m
[13.994s] [ 75%] Built target timer_lambda
[14.617s] [100%] [32m[1mLinking CXX executable timer_member_function[0m
[15.174s] [100%] Built target timer_member_function
[15.219s] Invoked command in '/home/samir/Documents/learning/ros2_ws/build/examples_rclcpp_minimal_timer' returned '0': CMAKE_PREFIX_PATH=/opt/ros/humble /home/samir/.local/bin/cmake --build /home/samir/Documents/learning/ros2_ws/build/examples_rclcpp_minimal_timer -- -j16 -l16
[15.711s] Invoking command in '/home/samir/Documents/learning/ros2_ws/build/examples_rclcpp_minimal_timer': CMAKE_PREFIX_PATH=/opt/ros/humble /home/samir/.local/bin/cmake --install /home/samir/Documents/learning/ros2_ws/build/examples_rclcpp_minimal_timer
[17.785s] -- Install configuration: ""
[17.785s] -- Execute custom install script
[17.785s] -- Symlinking: /home/samir/Documents/learning/ros2_ws/install/examples_rclcpp_minimal_timer/lib/examples_rclcpp_minimal_timer/timer_lambda
[17.785s] -- Symlinking: /home/samir/Documents/learning/ros2_ws/install/examples_rclcpp_minimal_timer/lib/examples_rclcpp_minimal_timer/timer_member_function
[17.785s] -- Symlinking: /home/samir/Documents/learning/ros2_ws/install/examples_rclcpp_minimal_timer/share/ament_index/resource_index/package_run_dependencies/examples_rclcpp_minimal_timer
[17.785s] -- Symlinking: /home/samir/Documents/learning/ros2_ws/install/examples_rclcpp_minimal_timer/share/ament_index/resource_index/parent_prefix_path/examples_rclcpp_minimal_timer
[17.785s] -- Symlinking: /home/samir/Documents/learning/ros2_ws/install/examples_rclcpp_minimal_timer/share/examples_rclcpp_minimal_timer/environment/ament_prefix_path.sh
[17.785s] -- Symlinking: /home/samir/Documents/learning/ros2_ws/install/examples_rclcpp_minimal_timer/share/examples_rclcpp_minimal_timer/environment/ament_prefix_path.dsv
[17.785s] -- Symlinking: /home/samir/Documents/learning/ros2_ws/install/examples_rclcpp_minimal_timer/share/examples_rclcpp_minimal_timer/environment/path.sh
[17.786s] -- Symlinking: /home/samir/Documents/learning/ros2_ws/install/examples_rclcpp_minimal_timer/share/examples_rclcpp_minimal_timer/environment/path.dsv
[17.786s] -- Symlinking: /home/samir/Documents/learning/ros2_ws/install/examples_rclcpp_minimal_timer/share/examples_rclcpp_minimal_timer/local_setup.bash
[17.786s] -- Symlinking: /home/samir/Documents/learning/ros2_ws/install/examples_rclcpp_minimal_timer/share/examples_rclcpp_minimal_timer/local_setup.sh
[17.786s] -- Symlinking: /home/samir/Documents/learning/ros2_ws/install/examples_rclcpp_minimal_timer/share/examples_rclcpp_minimal_timer/local_setup.zsh
[17.786s] -- Symlinking: /home/samir/Documents/learning/ros2_ws/install/examples_rclcpp_minimal_timer/share/examples_rclcpp_minimal_timer/local_setup.dsv
[17.786s] -- Symlinking: /home/samir/Documents/learning/ros2_ws/install/examples_rclcpp_minimal_timer/share/examples_rclcpp_minimal_timer/package.dsv
[17.786s] -- Symlinking: /home/samir/Documents/learning/ros2_ws/install/examples_rclcpp_minimal_timer/share/ament_index/resource_index/packages/examples_rclcpp_minimal_timer
[17.786s] -- Symlinking: /home/samir/Documents/learning/ros2_ws/install/examples_rclcpp_minimal_timer/share/examples_rclcpp_minimal_timer/cmake/examples_rclcpp_minimal_timerConfig.cmake
[17.786s] -- Symlinking: /home/samir/Documents/learning/ros2_ws/install/examples_rclcpp_minimal_timer/share/examples_rclcpp_minimal_timer/cmake/examples_rclcpp_minimal_timerConfig-version.cmake
[17.786s] -- Symlinking: /home/samir/Documents/learning/ros2_ws/install/examples_rclcpp_minimal_timer/share/examples_rclcpp_minimal_timer/package.xml
[18.266s] Invoked command in '/home/samir/Documents/learning/ros2_ws/build/examples_rclcpp_minimal_timer' returned '0': CMAKE_PREFIX_PATH=/opt/ros/humble /home/samir/.local/bin/cmake --install /home/samir/Documents/learning/ros2_ws/build/examples_rclcpp_minimal_timer
