[1.986s] Invoking command in '/home/samir/Documents/learning/ros2_ws/build/examples_rclpy_pointcloud_publisher': PYTHONPATH=/home/samir/Documents/learning/ros2_ws/build/examples_rclpy_pointcloud_publisher/prefix_override:/home/samir/Documents/learning/ros2_ws/install/examples_rclpy_pointcloud_publisher/lib/python3.10/site-packages:${PYTHONPATH} /usr/bin/python3 setup.py develop --uninstall --editable --build-directory /home/samir/Documents/learning/ros2_ws/build/examples_rclpy_pointcloud_publisher/build
[2.195s] running develop
[2.195s] /usr/lib/python3/dist-packages/setuptools/command/easy_install.py:158: EasyInstallDeprecationWarning: easy_install command is deprecated. Use build and pip and other standards-based tools.
[2.195s]   warnings.warn(
[2.196s] /usr/lib/python3/dist-packages/setuptools/command/install.py:34: SetuptoolsDeprecationWarning: setup.py install is deprecated. Use build and pip and other standards-based tools.
[2.197s]   warnings.warn(
[2.334s] Removing /home/samir/Documents/learning/ros2_ws/install/examples_rclpy_pointcloud_publisher/lib/python3.10/site-packages/examples-rclpy-pointcloud-publisher.egg-link (link to .)
[2.370s] Invoked command in '/home/samir/Documents/learning/ros2_ws/build/examples_rclpy_pointcloud_publisher' returned '0': PYTHONPATH=/home/samir/Documents/learning/ros2_ws/build/examples_rclpy_pointcloud_publisher/prefix_override:/home/samir/Documents/learning/ros2_ws/install/examples_rclpy_pointcloud_publisher/lib/python3.10/site-packages:${PYTHONPATH} /usr/bin/python3 setup.py develop --uninstall --editable --build-directory /home/samir/Documents/learning/ros2_ws/build/examples_rclpy_pointcloud_publisher/build
[2.371s] Invoking command in '/home/samir/Documents/learning/ros2_ws/src/examples/rclpy/topics/pointcloud_publisher': PYTHONPATH=/home/samir/Documents/learning/ros2_ws/build/examples_rclpy_pointcloud_publisher/prefix_override:/home/samir/Documents/learning/ros2_ws/install/examples_rclpy_pointcloud_publisher/lib/python3.10/site-packages:${PYTHONPATH} /usr/bin/python3 setup.py egg_info --egg-base ../../../../../build/examples_rclpy_pointcloud_publisher build --build-base /home/samir/Documents/learning/ros2_ws/build/examples_rclpy_pointcloud_publisher/build install --record /home/samir/Documents/learning/ros2_ws/build/examples_rclpy_pointcloud_publisher/install.log --single-version-externally-managed
[2.593s] running egg_info
[2.594s] writing ../../../../../build/examples_rclpy_pointcloud_publisher/examples_rclpy_pointcloud_publisher.egg-info/PKG-INFO
[2.594s] writing dependency_links to ../../../../../build/examples_rclpy_pointcloud_publisher/examples_rclpy_pointcloud_publisher.egg-info/dependency_links.txt
[2.595s] writing entry points to ../../../../../build/examples_rclpy_pointcloud_publisher/examples_rclpy_pointcloud_publisher.egg-info/entry_points.txt
[2.595s] writing requirements to ../../../../../build/examples_rclpy_pointcloud_publisher/examples_rclpy_pointcloud_publisher.egg-info/requires.txt
[2.595s] writing top-level names to ../../../../../build/examples_rclpy_pointcloud_publisher/examples_rclpy_pointcloud_publisher.egg-info/top_level.txt
[2.597s] reading manifest file '../../../../../build/examples_rclpy_pointcloud_publisher/examples_rclpy_pointcloud_publisher.egg-info/SOURCES.txt'
[2.598s] writing manifest file '../../../../../build/examples_rclpy_pointcloud_publisher/examples_rclpy_pointcloud_publisher.egg-info/SOURCES.txt'
[2.598s] running build
[2.599s] running build_py
[2.599s] creating /home/samir/Documents/learning/ros2_ws/build/examples_rclpy_pointcloud_publisher/build
[2.599s] creating /home/samir/Documents/learning/ros2_ws/build/examples_rclpy_pointcloud_publisher/build/lib
[2.599s] creating /home/samir/Documents/learning/ros2_ws/build/examples_rclpy_pointcloud_publisher/build/lib/examples_rclpy_pointcloud_publisher
[2.599s] copying examples_rclpy_pointcloud_publisher/pointcloud_publisher.py -> /home/samir/Documents/learning/ros2_ws/build/examples_rclpy_pointcloud_publisher/build/lib/examples_rclpy_pointcloud_publisher
[2.599s] copying examples_rclpy_pointcloud_publisher/__init__.py -> /home/samir/Documents/learning/ros2_ws/build/examples_rclpy_pointcloud_publisher/build/lib/examples_rclpy_pointcloud_publisher
[2.600s] running install
[2.600s] /usr/lib/python3/dist-packages/setuptools/command/install.py:34: SetuptoolsDeprecationWarning: setup.py install is deprecated. Use build and pip and other standards-based tools.
[2.600s]   warnings.warn(
[2.600s] running install_lib
[2.601s] creating /home/samir/Documents/learning/ros2_ws/install/examples_rclpy_pointcloud_publisher/lib/python3.10/site-packages/examples_rclpy_pointcloud_publisher
[2.601s] copying /home/samir/Documents/learning/ros2_ws/build/examples_rclpy_pointcloud_publisher/build/lib/examples_rclpy_pointcloud_publisher/pointcloud_publisher.py -> /home/samir/Documents/learning/ros2_ws/install/examples_rclpy_pointcloud_publisher/lib/python3.10/site-packages/examples_rclpy_pointcloud_publisher
[2.601s] copying /home/samir/Documents/learning/ros2_ws/build/examples_rclpy_pointcloud_publisher/build/lib/examples_rclpy_pointcloud_publisher/__init__.py -> /home/samir/Documents/learning/ros2_ws/install/examples_rclpy_pointcloud_publisher/lib/python3.10/site-packages/examples_rclpy_pointcloud_publisher
[2.601s] byte-compiling /home/samir/Documents/learning/ros2_ws/install/examples_rclpy_pointcloud_publisher/lib/python3.10/site-packages/examples_rclpy_pointcloud_publisher/pointcloud_publisher.py to pointcloud_publisher.cpython-310.pyc
[2.601s] byte-compiling /home/samir/Documents/learning/ros2_ws/install/examples_rclpy_pointcloud_publisher/lib/python3.10/site-packages/examples_rclpy_pointcloud_publisher/__init__.py to __init__.cpython-310.pyc
[2.601s] running install_data
[2.602s] running install_egg_info
[2.603s] Copying ../../../../../build/examples_rclpy_pointcloud_publisher/examples_rclpy_pointcloud_publisher.egg-info to /home/samir/Documents/learning/ros2_ws/install/examples_rclpy_pointcloud_publisher/lib/python3.10/site-packages/examples_rclpy_pointcloud_publisher-0.15.1-py3.10.egg-info
[2.604s] running install_scripts
[2.622s] Installing pointcloud_publisher script to /home/samir/Documents/learning/ros2_ws/install/examples_rclpy_pointcloud_publisher/lib/examples_rclpy_pointcloud_publisher
[2.622s] writing list of installed files to '/home/samir/Documents/learning/ros2_ws/build/examples_rclpy_pointcloud_publisher/install.log'
[2.847s] Invoked command in '/home/samir/Documents/learning/ros2_ws/src/examples/rclpy/topics/pointcloud_publisher' returned '0': PYTHONPATH=/home/samir/Documents/learning/ros2_ws/build/examples_rclpy_pointcloud_publisher/prefix_override:/home/samir/Documents/learning/ros2_ws/install/examples_rclpy_pointcloud_publisher/lib/python3.10/site-packages:${PYTHONPATH} /usr/bin/python3 setup.py egg_info --egg-base ../../../../../build/examples_rclpy_pointcloud_publisher build --build-base /home/samir/Documents/learning/ros2_ws/build/examples_rclpy_pointcloud_publisher/build install --record /home/samir/Documents/learning/ros2_ws/build/examples_rclpy_pointcloud_publisher/install.log --single-version-externally-managed
