[0.231s] Invoking command in '/home/samir/Documents/learning/ros2_ws/build/examples_rclcpp_wait_set': CMAKE_PREFIX_PATH=/opt/ros/humble /home/samir/.local/bin/cmake --build /home/samir/Documents/learning/ros2_ws/build/examples_rclcpp_wait_set -- -j16 -l16
[0.996s] [  8%] Built target wait_set_talker
[0.996s] [ 16%] Built target listener
[0.997s] [ 25%] Built target wait_set_listener
[0.997s] [ 33%] Built target talker
[0.997s] [ 50%] Built target wait_set_topics_and_timer
[0.998s] [ 50%] Built target wait_set
[0.999s] [ 58%] Built target static_wait_set
[1.000s] [ 66%] Built target thread_safe_wait_set
[1.001s] [ 75%] Built target wait_set_random_order
[1.001s] [ 83%] Built target executor_random_order
[1.005s] [ 91%] Built target wait_set_topics_with_different_rates
[1.005s] [100%] Built target wait_set_composed
[1.008s] Invoked command in '/home/samir/Documents/learning/ros2_ws/build/examples_rclcpp_wait_set' returned '0': CMAKE_PREFIX_PATH=/opt/ros/humble /home/samir/.local/bin/cmake --build /home/samir/Documents/learning/ros2_ws/build/examples_rclcpp_wait_set -- -j16 -l16
[1.092s] Invoking command in '/home/samir/Documents/learning/ros2_ws/build/examples_rclcpp_wait_set': CMAKE_PREFIX_PATH=/opt/ros/humble /home/samir/.local/bin/cmake --install /home/samir/Documents/learning/ros2_ws/build/examples_rclcpp_wait_set
[1.202s] -- Install configuration: ""
[1.202s] -- Execute custom install script
[1.203s] -- Up-to-date symlink: /home/samir/Documents/learning/ros2_ws/install/examples_rclcpp_wait_set/lib/examples_rclcpp_wait_set/wait_set_talker
[1.203s] -- Up-to-date symlink: /home/samir/Documents/learning/ros2_ws/install/examples_rclcpp_wait_set/lib/examples_rclcpp_wait_set/wait_set_listener
[1.204s] -- Up-to-date symlink: /home/samir/Documents/learning/ros2_ws/install/examples_rclcpp_wait_set/lib/libtalker.so
[1.204s] -- Up-to-date symlink: /home/samir/Documents/learning/ros2_ws/install/examples_rclcpp_wait_set/lib/liblistener.so
[1.204s] -- Up-to-date symlink: /home/samir/Documents/learning/ros2_ws/install/examples_rclcpp_wait_set/lib/examples_rclcpp_wait_set/wait_set
[1.204s] -- Up-to-date symlink: /home/samir/Documents/learning/ros2_ws/install/examples_rclcpp_wait_set/lib/examples_rclcpp_wait_set/static_wait_set
[1.204s] -- Up-to-date symlink: /home/samir/Documents/learning/ros2_ws/install/examples_rclcpp_wait_set/lib/examples_rclcpp_wait_set/thread_safe_wait_set
[1.204s] -- Up-to-date symlink: /home/samir/Documents/learning/ros2_ws/install/examples_rclcpp_wait_set/lib/examples_rclcpp_wait_set/wait_set_topics_and_timer
[1.205s] -- Up-to-date symlink: /home/samir/Documents/learning/ros2_ws/install/examples_rclcpp_wait_set/lib/examples_rclcpp_wait_set/wait_set_random_order
[1.205s] -- Up-to-date symlink: /home/samir/Documents/learning/ros2_ws/install/examples_rclcpp_wait_set/lib/examples_rclcpp_wait_set/executor_random_order
[1.205s] -- Up-to-date symlink: /home/samir/Documents/learning/ros2_ws/install/examples_rclcpp_wait_set/lib/examples_rclcpp_wait_set/wait_set_topics_with_different_rates
[1.205s] -- Up-to-date symlink: /home/samir/Documents/learning/ros2_ws/install/examples_rclcpp_wait_set/lib/examples_rclcpp_wait_set/wait_set_composed
[1.205s] -- Up-to-date symlink: /home/samir/Documents/learning/ros2_ws/install/examples_rclcpp_wait_set/share/ament_index/resource_index/package_run_dependencies/examples_rclcpp_wait_set
[1.205s] -- Up-to-date symlink: /home/samir/Documents/learning/ros2_ws/install/examples_rclcpp_wait_set/share/ament_index/resource_index/parent_prefix_path/examples_rclcpp_wait_set
[1.206s] -- Up-to-date symlink: /home/samir/Documents/learning/ros2_ws/install/examples_rclcpp_wait_set/share/examples_rclcpp_wait_set/environment/ament_prefix_path.sh
[1.206s] -- Up-to-date symlink: /home/samir/Documents/learning/ros2_ws/install/examples_rclcpp_wait_set/share/examples_rclcpp_wait_set/environment/ament_prefix_path.dsv
[1.206s] -- Up-to-date symlink: /home/samir/Documents/learning/ros2_ws/install/examples_rclcpp_wait_set/share/examples_rclcpp_wait_set/environment/path.sh
[1.206s] -- Up-to-date symlink: /home/samir/Documents/learning/ros2_ws/install/examples_rclcpp_wait_set/share/examples_rclcpp_wait_set/environment/path.dsv
[1.206s] -- Up-to-date symlink: /home/samir/Documents/learning/ros2_ws/install/examples_rclcpp_wait_set/share/examples_rclcpp_wait_set/local_setup.bash
[1.206s] -- Up-to-date symlink: /home/samir/Documents/learning/ros2_ws/install/examples_rclcpp_wait_set/share/examples_rclcpp_wait_set/local_setup.sh
[1.206s] -- Up-to-date symlink: /home/samir/Documents/learning/ros2_ws/install/examples_rclcpp_wait_set/share/examples_rclcpp_wait_set/local_setup.zsh
[1.207s] -- Up-to-date symlink: /home/samir/Documents/learning/ros2_ws/install/examples_rclcpp_wait_set/share/examples_rclcpp_wait_set/local_setup.dsv
[1.207s] -- Symlinking: /home/samir/Documents/learning/ros2_ws/install/examples_rclcpp_wait_set/share/examples_rclcpp_wait_set/package.dsv
[1.207s] -- Up-to-date symlink: /home/samir/Documents/learning/ros2_ws/install/examples_rclcpp_wait_set/share/ament_index/resource_index/packages/examples_rclcpp_wait_set
[1.207s] -- Up-to-date symlink: /home/samir/Documents/learning/ros2_ws/install/examples_rclcpp_wait_set/share/ament_index/resource_index/rclcpp_components/examples_rclcpp_wait_set
[1.207s] -- Up-to-date symlink: /home/samir/Documents/learning/ros2_ws/install/examples_rclcpp_wait_set/share/examples_rclcpp_wait_set/cmake/examples_rclcpp_wait_setConfig.cmake
[1.207s] -- Up-to-date symlink: /home/samir/Documents/learning/ros2_ws/install/examples_rclcpp_wait_set/share/examples_rclcpp_wait_set/cmake/examples_rclcpp_wait_setConfig-version.cmake
[1.208s] -- Up-to-date symlink: /home/samir/Documents/learning/ros2_ws/install/examples_rclcpp_wait_set/share/examples_rclcpp_wait_set/package.xml
[1.717s] Invoked command in '/home/samir/Documents/learning/ros2_ws/build/examples_rclcpp_wait_set' returned '0': CMAKE_PREFIX_PATH=/opt/ros/humble /home/samir/.local/bin/cmake --install /home/samir/Documents/learning/ros2_ws/build/examples_rclcpp_wait_set
