[2.728s] Invoking command in '/home/samir/Documents/learning/ros2_ws/src/examples/rclpy/topics/pointcloud_publisher': PYTHONPATH=/home/samir/Documents/learning/ros2_ws/build/examples_rclpy_pointcloud_publisher/prefix_override:/home/samir/Documents/learning/ros2_ws/install/examples_rclpy_pointcloud_publisher/lib/python3.10/site-packages:${PYTHONPATH} /usr/bin/python3 setup.py egg_info --egg-base ../../../../../build/examples_rclpy_pointcloud_publisher build --build-base /home/samir/Documents/learning/ros2_ws/build/examples_rclpy_pointcloud_publisher/build install --record /home/samir/Documents/learning/ros2_ws/build/examples_rclpy_pointcloud_publisher/install.log --single-version-externally-managed
[3.020s] running egg_info
[3.021s] writing ../../../../../build/examples_rclpy_pointcloud_publisher/examples_rclpy_pointcloud_publisher.egg-info/PKG-INFO
[3.021s] writing dependency_links to ../../../../../build/examples_rclpy_pointcloud_publisher/examples_rclpy_pointcloud_publisher.egg-info/dependency_links.txt
[3.021s] writing entry points to ../../../../../build/examples_rclpy_pointcloud_publisher/examples_rclpy_pointcloud_publisher.egg-info/entry_points.txt
[3.023s] writing requirements to ../../../../../build/examples_rclpy_pointcloud_publisher/examples_rclpy_pointcloud_publisher.egg-info/requires.txt
[3.023s] writing top-level names to ../../../../../build/examples_rclpy_pointcloud_publisher/examples_rclpy_pointcloud_publisher.egg-info/top_level.txt
[3.024s] reading manifest file '../../../../../build/examples_rclpy_pointcloud_publisher/examples_rclpy_pointcloud_publisher.egg-info/SOURCES.txt'
[3.026s] writing manifest file '../../../../../build/examples_rclpy_pointcloud_publisher/examples_rclpy_pointcloud_publisher.egg-info/SOURCES.txt'
[3.026s] running build
[3.026s] running build_py
[3.027s] running install
[3.027s] /usr/lib/python3/dist-packages/setuptools/command/install.py:34: SetuptoolsDeprecationWarning: setup.py install is deprecated. Use build and pip and other standards-based tools.
[3.028s]   warnings.warn(
[3.028s] running install_lib
[3.028s] running install_data
[3.029s] running install_egg_info
[3.030s] removing '/home/samir/Documents/learning/ros2_ws/install/examples_rclpy_pointcloud_publisher/lib/python3.10/site-packages/examples_rclpy_pointcloud_publisher-0.15.1-py3.10.egg-info' (and everything under it)
[3.031s] Copying ../../../../../build/examples_rclpy_pointcloud_publisher/examples_rclpy_pointcloud_publisher.egg-info to /home/samir/Documents/learning/ros2_ws/install/examples_rclpy_pointcloud_publisher/lib/python3.10/site-packages/examples_rclpy_pointcloud_publisher-0.15.1-py3.10.egg-info
[3.032s] running install_scripts
[3.052s] Installing pointcloud_publisher script to /home/samir/Documents/learning/ros2_ws/install/examples_rclpy_pointcloud_publisher/lib/examples_rclpy_pointcloud_publisher
[3.052s] writing list of installed files to '/home/samir/Documents/learning/ros2_ws/build/examples_rclpy_pointcloud_publisher/install.log'
[3.300s] Invoked command in '/home/samir/Documents/learning/ros2_ws/src/examples/rclpy/topics/pointcloud_publisher' returned '0': PYTHONPATH=/home/samir/Documents/learning/ros2_ws/build/examples_rclpy_pointcloud_publisher/prefix_override:/home/samir/Documents/learning/ros2_ws/install/examples_rclpy_pointcloud_publisher/lib/python3.10/site-packages:${PYTHONPATH} /usr/bin/python3 setup.py egg_info --egg-base ../../../../../build/examples_rclpy_pointcloud_publisher build --build-base /home/samir/Documents/learning/ros2_ws/build/examples_rclpy_pointcloud_publisher/build install --record /home/samir/Documents/learning/ros2_ws/build/examples_rclpy_pointcloud_publisher/install.log --single-version-externally-managed
