[0.579s] Invoking command in '/home/samir/Documents/learning/ros2_ws/build/examples_rclcpp_minimal_action_server': CMAKE_PREFIX_PATH=/opt/ros/humble /home/samir/.local/bin/cmake /home/samir/Documents/learning/ros2_ws/src/examples/rclcpp/actions/minimal_action_server -DAMENT_CMAKE_SYMLINK_INSTALL=1 -DCMAKE_INSTALL_PREFIX=/home/samir/Documents/learning/ros2_ws/install/examples_rclcpp_minimal_action_server
[1.977s] -- The C compiler identification is GNU 11.4.0
[1.978s] -- The CXX compiler identification is GNU 11.4.0
[1.978s] -- Detecting C compiler ABI info
[1.978s] -- Detecting C compiler ABI info - done
[1.978s] -- Check for working C compiler: /usr/bin/cc - skipped
[1.978s] -- Detecting C compile features
[1.978s] -- Detecting C compile features - done
[1.978s] -- Detecting CXX compiler ABI info
[1.978s] -- Detecting CXX compiler ABI info - done
[1.978s] -- Check for working CXX compiler: /usr/bin/c++ - skipped
[1.978s] -- Detecting CXX compile features
[1.978s] -- Detecting CXX compile features - done
[1.978s] -- Found ament_cmake: 1.3.5 (/opt/ros/humble/share/ament_cmake/cmake)
[1.978s] -- Found Python3: /usr/bin/python3.10 (found version "3.10.12") found components: Interpreter 
[1.978s] -- Override CMake install command with custom implementation using symlinks instead of copying resources
[1.978s] -- Found example_interfaces: 0.9.3 (/opt/ros/humble/share/example_interfaces/cmake)
[1.978s] -- Found rosidl_generator_c: 3.1.5 (/opt/ros/humble/share/rosidl_generator_c/cmake)
[1.979s] -- Found rosidl_adapter: 3.1.5 (/opt/ros/humble/share/rosidl_adapter/cmake)
[1.979s] -- Found rosidl_generator_cpp: 3.1.5 (/opt/ros/humble/share/rosidl_generator_cpp/cmake)
[1.979s] -- Using all available rosidl_typesupport_c: rosidl_typesupport_fastrtps_c;rosidl_typesupport_introspection_c
[1.979s] -- Using all available rosidl_typesupport_cpp: rosidl_typesupport_fastrtps_cpp;rosidl_typesupport_introspection_cpp
[1.979s] -- Found rclcpp: 16.0.5 (/opt/ros/humble/share/rclcpp/cmake)
[2.022s] -- Found rmw_implementation_cmake: 6.1.1 (/opt/ros/humble/share/rmw_implementation_cmake/cmake)
[2.025s] -- Found rmw_fastrtps_cpp: 6.2.3 (/opt/ros/humble/share/rmw_fastrtps_cpp/cmake)
[2.173s] -- Found OpenSSL: /usr/lib/x86_64-linux-gnu/libcrypto.so (found version "3.0.2")  
[2.211s] -- Found FastRTPS: /opt/ros/humble/include  
[2.278s] -- Using RMW implementation 'rmw_fastrtps_cpp' as default
[2.290s] -- Performing Test CMAKE_HAVE_LIBC_PTHREAD
[2.427s] -- Performing Test CMAKE_HAVE_LIBC_PTHREAD - Success
[2.427s] -- Found Threads: TRUE  
[2.741s] -- Found rclcpp_action: 16.0.5 (/opt/ros/humble/share/rclcpp_action/cmake)
[2.798s] -- Found ament_lint_auto: 0.12.7 (/opt/ros/humble/share/ament_lint_auto/cmake)
[2.946s] -- Added test 'copyright' to check source files copyright and LICENSE
[2.949s] -- Added test 'cppcheck' to perform static code analysis on C / C++ code
[2.949s] -- Configured cppcheck include dirs: 
[2.949s] -- Configured cppcheck exclude dirs and/or files: 
[2.950s] -- Added test 'cpplint' to check C / C++ code against the Google style
[2.976s] -- Configured cpplint exclude dirs and/or files: 
[2.976s] -- Added test 'lint_cmake' to check CMake code style
[2.976s] -- Added test 'uncrustify' to check C / C++ code style
[2.976s] -- Configured uncrustify additional arguments: 
[2.976s] -- Added test 'xmllint' to check XML markup files
[2.977s] -- Configuring done (2.3s)
[3.004s] -- Generating done (0.0s)
[3.005s] -- Build files have been written to: /home/samir/Documents/learning/ros2_ws/build/examples_rclcpp_minimal_action_server
[3.710s] Invoked command in '/home/samir/Documents/learning/ros2_ws/build/examples_rclcpp_minimal_action_server' returned '0': CMAKE_PREFIX_PATH=/opt/ros/humble /home/samir/.local/bin/cmake /home/samir/Documents/learning/ros2_ws/src/examples/rclcpp/actions/minimal_action_server -DAMENT_CMAKE_SYMLINK_INSTALL=1 -DCMAKE_INSTALL_PREFIX=/home/samir/Documents/learning/ros2_ws/install/examples_rclcpp_minimal_action_server
[3.711s] Invoking command in '/home/samir/Documents/learning/ros2_ws/build/examples_rclcpp_minimal_action_server': CMAKE_PREFIX_PATH=/opt/ros/humble /home/samir/.local/bin/cmake --build /home/samir/Documents/learning/ros2_ws/build/examples_rclcpp_minimal_action_server -- -j16 -l16
[4.737s] [ 25%] [32mBuilding CXX object CMakeFiles/action_server_member_functions.dir/member_functions.cpp.o[0m
[4.737s] [ 50%] [32mBuilding CXX object CMakeFiles/action_server_not_composable.dir/not_composable.cpp.o[0m
[19.620s] [ 75%] [32m[1mLinking CXX executable action_server_not_composable[0m
[19.887s] [100%] [32m[1mLinking CXX executable action_server_member_functions[0m
[20.120s] [100%] Built target action_server_not_composable
[20.238s] [100%] Built target action_server_member_functions
[21.586s] Invoked command in '/home/samir/Documents/learning/ros2_ws/build/examples_rclcpp_minimal_action_server' returned '0': CMAKE_PREFIX_PATH=/opt/ros/humble /home/samir/.local/bin/cmake --build /home/samir/Documents/learning/ros2_ws/build/examples_rclcpp_minimal_action_server -- -j16 -l16
[22.227s] Invoking command in '/home/samir/Documents/learning/ros2_ws/build/examples_rclcpp_minimal_action_server': CMAKE_PREFIX_PATH=/opt/ros/humble /home/samir/.local/bin/cmake --install /home/samir/Documents/learning/ros2_ws/build/examples_rclcpp_minimal_action_server
[22.330s] -- Install configuration: ""
[22.331s] -- Execute custom install script
[22.331s] -- Symlinking: /home/samir/Documents/learning/ros2_ws/install/examples_rclcpp_minimal_action_server/lib/examples_rclcpp_minimal_action_server/action_server_not_composable
[22.361s] -- Symlinking: /home/samir/Documents/learning/ros2_ws/install/examples_rclcpp_minimal_action_server/lib/examples_rclcpp_minimal_action_server/action_server_member_functions
[22.383s] -- Symlinking: /home/samir/Documents/learning/ros2_ws/install/examples_rclcpp_minimal_action_server/share/ament_index/resource_index/package_run_dependencies/examples_rclcpp_minimal_action_server
[22.402s] -- Symlinking: /home/samir/Documents/learning/ros2_ws/install/examples_rclcpp_minimal_action_server/share/ament_index/resource_index/parent_prefix_path/examples_rclcpp_minimal_action_server
[22.422s] -- Symlinking: /home/samir/Documents/learning/ros2_ws/install/examples_rclcpp_minimal_action_server/share/examples_rclcpp_minimal_action_server/environment/ament_prefix_path.sh
[22.445s] -- Symlinking: /home/samir/Documents/learning/ros2_ws/install/examples_rclcpp_minimal_action_server/share/examples_rclcpp_minimal_action_server/environment/ament_prefix_path.dsv
[22.467s] -- Symlinking: /home/samir/Documents/learning/ros2_ws/install/examples_rclcpp_minimal_action_server/share/examples_rclcpp_minimal_action_server/environment/path.sh
[22.485s] -- Symlinking: /home/samir/Documents/learning/ros2_ws/install/examples_rclcpp_minimal_action_server/share/examples_rclcpp_minimal_action_server/environment/path.dsv
[22.523s] -- Symlinking: /home/samir/Documents/learning/ros2_ws/install/examples_rclcpp_minimal_action_server/share/examples_rclcpp_minimal_action_server/local_setup.bash
[22.527s] -- Symlinking: /home/samir/Documents/learning/ros2_ws/install/examples_rclcpp_minimal_action_server/share/examples_rclcpp_minimal_action_server/local_setup.sh
[22.531s] -- Symlinking: /home/samir/Documents/learning/ros2_ws/install/examples_rclcpp_minimal_action_server/share/examples_rclcpp_minimal_action_server/local_setup.zsh
[22.538s] -- Symlinking: /home/samir/Documents/learning/ros2_ws/install/examples_rclcpp_minimal_action_server/share/examples_rclcpp_minimal_action_server/local_setup.dsv
[22.545s] -- Symlinking: /home/samir/Documents/learning/ros2_ws/install/examples_rclcpp_minimal_action_server/share/examples_rclcpp_minimal_action_server/package.dsv
[22.596s] -- Symlinking: /home/samir/Documents/learning/ros2_ws/install/examples_rclcpp_minimal_action_server/share/ament_index/resource_index/packages/examples_rclcpp_minimal_action_server
[22.616s] -- Symlinking: /home/samir/Documents/learning/ros2_ws/install/examples_rclcpp_minimal_action_server/share/examples_rclcpp_minimal_action_server/cmake/examples_rclcpp_minimal_action_serverConfig.cmake
[22.636s] -- Symlinking: /home/samir/Documents/learning/ros2_ws/install/examples_rclcpp_minimal_action_server/share/examples_rclcpp_minimal_action_server/cmake/examples_rclcpp_minimal_action_serverConfig-version.cmake
[22.667s] -- Symlinking: /home/samir/Documents/learning/ros2_ws/install/examples_rclcpp_minimal_action_server/share/examples_rclcpp_minimal_action_server/package.xml
[22.764s] Invoked command in '/home/samir/Documents/learning/ros2_ws/build/examples_rclcpp_minimal_action_server' returned '0': CMAKE_PREFIX_PATH=/opt/ros/humble /home/samir/.local/bin/cmake --install /home/samir/Documents/learning/ros2_ws/build/examples_rclcpp_minimal_action_server
