[3.667s] Invoking command in '/home/samir/Documents/learning/ros2_ws/src/examples/rclpy/actions/minimal_action_client': PYTHONPATH=/home/samir/Documents/learning/ros2_ws/build/examples_rclpy_minimal_action_client/prefix_override:/home/samir/Documents/learning/ros2_ws/install/examples_rclpy_minimal_action_client/lib/python3.10/site-packages:${PYTHONPATH} /usr/bin/python3 setup.py egg_info --egg-base ../../../../../build/examples_rclpy_minimal_action_client build --build-base /home/samir/Documents/learning/ros2_ws/build/examples_rclpy_minimal_action_client/build install --record /home/samir/Documents/learning/ros2_ws/build/examples_rclpy_minimal_action_client/install.log --single-version-externally-managed
[3.909s] running egg_info
[3.910s] writing ../../../../../build/examples_rclpy_minimal_action_client/examples_rclpy_minimal_action_client.egg-info/PKG-INFO
[3.910s] writing dependency_links to ../../../../../build/examples_rclpy_minimal_action_client/examples_rclpy_minimal_action_client.egg-info/dependency_links.txt
[3.910s] writing entry points to ../../../../../build/examples_rclpy_minimal_action_client/examples_rclpy_minimal_action_client.egg-info/entry_points.txt
[3.911s] writing requirements to ../../../../../build/examples_rclpy_minimal_action_client/examples_rclpy_minimal_action_client.egg-info/requires.txt
[3.911s] writing top-level names to ../../../../../build/examples_rclpy_minimal_action_client/examples_rclpy_minimal_action_client.egg-info/top_level.txt
[3.912s] reading manifest file '../../../../../build/examples_rclpy_minimal_action_client/examples_rclpy_minimal_action_client.egg-info/SOURCES.txt'
[3.913s] writing manifest file '../../../../../build/examples_rclpy_minimal_action_client/examples_rclpy_minimal_action_client.egg-info/SOURCES.txt'
[3.913s] running build
[3.913s] running build_py
[3.915s] running install
[3.915s] /usr/lib/python3/dist-packages/setuptools/command/install.py:34: SetuptoolsDeprecationWarning: setup.py install is deprecated. Use build and pip and other standards-based tools.
[3.915s]   warnings.warn(
[3.915s] running install_lib
[3.916s] running install_data
[3.916s] running install_egg_info
[3.916s] removing '/home/samir/Documents/learning/ros2_ws/install/examples_rclpy_minimal_action_client/lib/python3.10/site-packages/examples_rclpy_minimal_action_client-0.15.1-py3.10.egg-info' (and everything under it)
[3.917s] Copying ../../../../../build/examples_rclpy_minimal_action_client/examples_rclpy_minimal_action_client.egg-info to /home/samir/Documents/learning/ros2_ws/install/examples_rclpy_minimal_action_client/lib/python3.10/site-packages/examples_rclpy_minimal_action_client-0.15.1-py3.10.egg-info
[3.918s] running install_scripts
[3.940s] Installing client script to /home/samir/Documents/learning/ros2_ws/install/examples_rclpy_minimal_action_client/lib/examples_rclpy_minimal_action_client
[3.940s] Installing client_asyncio script to /home/samir/Documents/learning/ros2_ws/install/examples_rclpy_minimal_action_client/lib/examples_rclpy_minimal_action_client
[3.941s] Installing client_cancel script to /home/samir/Documents/learning/ros2_ws/install/examples_rclpy_minimal_action_client/lib/examples_rclpy_minimal_action_client
[3.941s] Installing client_not_composable script to /home/samir/Documents/learning/ros2_ws/install/examples_rclpy_minimal_action_client/lib/examples_rclpy_minimal_action_client
[3.941s] writing list of installed files to '/home/samir/Documents/learning/ros2_ws/build/examples_rclpy_minimal_action_client/install.log'
[4.128s] Invoked command in '/home/samir/Documents/learning/ros2_ws/src/examples/rclpy/actions/minimal_action_client' returned '0': PYTHONPATH=/home/samir/Documents/learning/ros2_ws/build/examples_rclpy_minimal_action_client/prefix_override:/home/samir/Documents/learning/ros2_ws/install/examples_rclpy_minimal_action_client/lib/python3.10/site-packages:${PYTHONPATH} /usr/bin/python3 setup.py egg_info --egg-base ../../../../../build/examples_rclpy_minimal_action_client build --build-base /home/samir/Documents/learning/ros2_ws/build/examples_rclpy_minimal_action_client/build install --record /home/samir/Documents/learning/ros2_ws/build/examples_rclpy_minimal_action_client/install.log --single-version-externally-managed
