[0.061s] Invoking command in '/home/samir/Documents/learning/ros2_ws/build/cpp_srvcli': AMENT_PREFIX_PATH=/home/samir/Documents/learning/ros2_ws/install/tutorial_interfaces:${AMENT_PREFIX_PATH} CMAKE_PREFIX_PATH=/home/samir/Documents/learning/ros2_ws/install/tutorial_interfaces:/opt/ros/humble LD_LIBRARY_PATH=/home/samir/Documents/learning/ros2_ws/install/tutorial_interfaces/lib:${LD_LIBRARY_PATH} PYTHONPATH=/home/samir/Documents/learning/ros2_ws/install/tutorial_interfaces/local/lib/python3.10/dist-packages:${PYTHONPATH} /home/samir/.local/bin/cmake --build /home/samir/Documents/learning/ros2_ws/build/cpp_srvcli -- -j16 -l16
[0.120s] [ 25%] Built target client
[0.125s] [ 50%] Built target server
[0.131s] [ 75%] Built target client_custom
[0.131s] [100%] Built target server_custom
[0.175s] Invoked command in '/home/samir/Documents/learning/ros2_ws/build/cpp_srvcli' returned '0': AMENT_PREFIX_PATH=/home/samir/Documents/learning/ros2_ws/install/tutorial_interfaces:${AMENT_PREFIX_PATH} CMAKE_PREFIX_PATH=/home/samir/Documents/learning/ros2_ws/install/tutorial_interfaces:/opt/ros/humble LD_LIBRARY_PATH=/home/samir/Documents/learning/ros2_ws/install/tutorial_interfaces/lib:${LD_LIBRARY_PATH} PYTHONPATH=/home/samir/Documents/learning/ros2_ws/install/tutorial_interfaces/local/lib/python3.10/dist-packages:${PYTHONPATH} /home/samir/.local/bin/cmake --build /home/samir/Documents/learning/ros2_ws/build/cpp_srvcli -- -j16 -l16
[0.309s] Invoking command in '/home/samir/Documents/learning/ros2_ws/build/cpp_srvcli': AMENT_PREFIX_PATH=/home/samir/Documents/learning/ros2_ws/install/tutorial_interfaces:${AMENT_PREFIX_PATH} CMAKE_PREFIX_PATH=/home/samir/Documents/learning/ros2_ws/install/tutorial_interfaces:/opt/ros/humble LD_LIBRARY_PATH=/home/samir/Documents/learning/ros2_ws/install/tutorial_interfaces/lib:${LD_LIBRARY_PATH} PYTHONPATH=/home/samir/Documents/learning/ros2_ws/install/tutorial_interfaces/local/lib/python3.10/dist-packages:${PYTHONPATH} /home/samir/.local/bin/cmake --install /home/samir/Documents/learning/ros2_ws/build/cpp_srvcli
[0.334s] -- Install configuration: ""
[0.334s] -- Up-to-date: /home/samir/Documents/learning/ros2_ws/install/cpp_srvcli/lib/cpp_srvcli/server
[0.335s] -- Up-to-date: /home/samir/Documents/learning/ros2_ws/install/cpp_srvcli/lib/cpp_srvcli/client
[0.335s] -- Up-to-date: /home/samir/Documents/learning/ros2_ws/install/cpp_srvcli/lib/cpp_srvcli/server_custom
[0.335s] -- Up-to-date: /home/samir/Documents/learning/ros2_ws/install/cpp_srvcli/lib/cpp_srvcli/client_custom
[0.335s] -- Up-to-date: /home/samir/Documents/learning/ros2_ws/install/cpp_srvcli/share/ament_index/resource_index/package_run_dependencies/cpp_srvcli
[0.336s] -- Up-to-date: /home/samir/Documents/learning/ros2_ws/install/cpp_srvcli/share/ament_index/resource_index/parent_prefix_path/cpp_srvcli
[0.336s] -- Up-to-date: /home/samir/Documents/learning/ros2_ws/install/cpp_srvcli/share/cpp_srvcli/environment/ament_prefix_path.sh
[0.336s] -- Up-to-date: /home/samir/Documents/learning/ros2_ws/install/cpp_srvcli/share/cpp_srvcli/environment/ament_prefix_path.dsv
[0.336s] -- Up-to-date: /home/samir/Documents/learning/ros2_ws/install/cpp_srvcli/share/cpp_srvcli/environment/path.sh
[0.336s] -- Up-to-date: /home/samir/Documents/learning/ros2_ws/install/cpp_srvcli/share/cpp_srvcli/environment/path.dsv
[0.336s] -- Up-to-date: /home/samir/Documents/learning/ros2_ws/install/cpp_srvcli/share/cpp_srvcli/local_setup.bash
[0.336s] -- Up-to-date: /home/samir/Documents/learning/ros2_ws/install/cpp_srvcli/share/cpp_srvcli/local_setup.sh
[0.336s] -- Up-to-date: /home/samir/Documents/learning/ros2_ws/install/cpp_srvcli/share/cpp_srvcli/local_setup.zsh
[0.336s] -- Up-to-date: /home/samir/Documents/learning/ros2_ws/install/cpp_srvcli/share/cpp_srvcli/local_setup.dsv
[0.336s] -- Installing: /home/samir/Documents/learning/ros2_ws/install/cpp_srvcli/share/cpp_srvcli/package.dsv
[0.337s] -- Up-to-date: /home/samir/Documents/learning/ros2_ws/install/cpp_srvcli/share/ament_index/resource_index/packages/cpp_srvcli
[0.337s] -- Up-to-date: /home/samir/Documents/learning/ros2_ws/install/cpp_srvcli/share/cpp_srvcli/cmake/cpp_srvcliConfig.cmake
[0.337s] -- Up-to-date: /home/samir/Documents/learning/ros2_ws/install/cpp_srvcli/share/cpp_srvcli/cmake/cpp_srvcliConfig-version.cmake
[0.337s] -- Up-to-date: /home/samir/Documents/learning/ros2_ws/install/cpp_srvcli/share/cpp_srvcli/package.xml
[0.347s] Invoked command in '/home/samir/Documents/learning/ros2_ws/build/cpp_srvcli' returned '0': AMENT_PREFIX_PATH=/home/samir/Documents/learning/ros2_ws/install/tutorial_interfaces:${AMENT_PREFIX_PATH} CMAKE_PREFIX_PATH=/home/samir/Documents/learning/ros2_ws/install/tutorial_interfaces:/opt/ros/humble LD_LIBRARY_PATH=/home/samir/Documents/learning/ros2_ws/install/tutorial_interfaces/lib:${LD_LIBRARY_PATH} PYTHONPATH=/home/samir/Documents/learning/ros2_ws/install/tutorial_interfaces/local/lib/python3.10/dist-packages:${PYTHONPATH} /home/samir/.local/bin/cmake --install /home/samir/Documents/learning/ros2_ws/build/cpp_srvcli
