[1.666s] Invoking command in '/home/samir/Documents/learning/ros2_ws/build/my_package': CMAKE_PREFIX_PATH=/opt/ros/humble /home/samir/.local/bin/cmake /home/samir/Documents/learning/ros2_ws/src/my_package -DCMAKE_INSTALL_PREFIX=/home/samir/Documents/learning/ros2_ws/install/my_package
[1.723s] -- The C compiler identification is GNU 11.4.0
[1.773s] -- The CXX compiler identification is GNU 11.4.0
[1.787s] -- Detecting C compiler ABI info
[1.842s] -- Detecting C compiler ABI info - done
[1.858s] -- Check for working C compiler: /usr/bin/cc - skipped
[1.859s] -- Detecting C compile features
[1.859s] -- Detecting C compile features - done
[1.867s] -- Detecting CXX compiler ABI info
[1.926s] -- Detecting CXX compiler ABI info - done
[1.942s] -- Check for working CXX compiler: /usr/bin/c++ - skipped
[1.942s] -- Detecting CXX compile features
[1.943s] -- Detecting CXX compile features - done
[1.946s] -- Found ament_cmake: 1.3.5 (/opt/ros/humble/share/ament_cmake/cmake)
[2.349s] -- Found Python3: /usr/bin/python3.10 (found version "3.10.12") found components: Interpreter 
[2.417s] -- Found ament_lint_auto: 0.12.8 (/opt/ros/humble/share/ament_lint_auto/cmake)
[2.482s] -- Added test 'cppcheck' to perform static code analysis on C / C++ code
[2.482s] -- Configured cppcheck include dirs: $<BUILD_INTERFACE:/home/samir/Documents/learning/ros2_ws/src/my_package/include>
[2.482s] -- Configured cppcheck exclude dirs and/or files: 
[2.483s] -- Added test 'flake8' to check Python code syntax and style conventions
[2.485s] -- Added test 'lint_cmake' to check CMake code style
[2.487s] -- Added test 'pep257' to check Python code against some of the docstring style conventions in PEP 257
[2.493s] -- Added test 'uncrustify' to check C / C++ code style
[2.493s] -- Configured uncrustify additional arguments: 
[2.494s] -- Added test 'xmllint' to check XML markup files
[2.496s] -- Configuring done (0.8s)
[2.498s] -- Generating done (0.0s)
[2.499s] -- Build files have been written to: /home/samir/Documents/learning/ros2_ws/build/my_package
[2.619s] Invoked command in '/home/samir/Documents/learning/ros2_ws/build/my_package' returned '0': CMAKE_PREFIX_PATH=/opt/ros/humble /home/samir/.local/bin/cmake /home/samir/Documents/learning/ros2_ws/src/my_package -DCMAKE_INSTALL_PREFIX=/home/samir/Documents/learning/ros2_ws/install/my_package
[2.620s] Invoking command in '/home/samir/Documents/learning/ros2_ws/build/my_package': CMAKE_PREFIX_PATH=/opt/ros/humble /home/samir/.local/bin/cmake --build /home/samir/Documents/learning/ros2_ws/build/my_package -- -j16 -l16
[2.650s] [ 50%] [32mBuilding CXX object CMakeFiles/my_node.dir/src/my_node.cpp.o[0m
[2.666s] [100%] [32m[1mLinking CXX executable my_node[0m
[2.692s] [100%] Built target my_node
[2.699s] Invoked command in '/home/samir/Documents/learning/ros2_ws/build/my_package' returned '0': CMAKE_PREFIX_PATH=/opt/ros/humble /home/samir/.local/bin/cmake --build /home/samir/Documents/learning/ros2_ws/build/my_package -- -j16 -l16
[2.730s] Invoking command in '/home/samir/Documents/learning/ros2_ws/build/my_package': CMAKE_PREFIX_PATH=/opt/ros/humble /home/samir/.local/bin/cmake --install /home/samir/Documents/learning/ros2_ws/build/my_package
[2.748s] -- Install configuration: ""
[2.748s] -- Installing: /home/samir/Documents/learning/ros2_ws/install/my_package/lib/my_package/my_node
[2.748s] -- Installing: /home/samir/Documents/learning/ros2_ws/install/my_package/share/ament_index/resource_index/package_run_dependencies/my_package
[2.749s] -- Installing: /home/samir/Documents/learning/ros2_ws/install/my_package/share/ament_index/resource_index/parent_prefix_path/my_package
[2.749s] -- Installing: /home/samir/Documents/learning/ros2_ws/install/my_package/share/my_package/environment/ament_prefix_path.sh
[2.749s] -- Installing: /home/samir/Documents/learning/ros2_ws/install/my_package/share/my_package/environment/ament_prefix_path.dsv
[2.749s] -- Installing: /home/samir/Documents/learning/ros2_ws/install/my_package/share/my_package/environment/path.sh
[2.749s] -- Installing: /home/samir/Documents/learning/ros2_ws/install/my_package/share/my_package/environment/path.dsv
[2.750s] -- Installing: /home/samir/Documents/learning/ros2_ws/install/my_package/share/my_package/local_setup.bash
[2.750s] -- Installing: /home/samir/Documents/learning/ros2_ws/install/my_package/share/my_package/local_setup.sh
[2.750s] -- Installing: /home/samir/Documents/learning/ros2_ws/install/my_package/share/my_package/local_setup.zsh
[2.750s] -- Installing: /home/samir/Documents/learning/ros2_ws/install/my_package/share/my_package/local_setup.dsv
[2.750s] -- Installing: /home/samir/Documents/learning/ros2_ws/install/my_package/share/my_package/package.dsv
[2.750s] -- Installing: /home/samir/Documents/learning/ros2_ws/install/my_package/share/ament_index/resource_index/packages/my_package
[2.750s] -- Installing: /home/samir/Documents/learning/ros2_ws/install/my_package/share/my_package/cmake/my_packageConfig.cmake
[2.750s] -- Installing: /home/samir/Documents/learning/ros2_ws/install/my_package/share/my_package/cmake/my_packageConfig-version.cmake
[2.751s] -- Installing: /home/samir/Documents/learning/ros2_ws/install/my_package/share/my_package/package.xml
[2.816s] Invoked command in '/home/samir/Documents/learning/ros2_ws/build/my_package' returned '0': CMAKE_PREFIX_PATH=/opt/ros/humble /home/samir/.local/bin/cmake --install /home/samir/Documents/learning/ros2_ws/build/my_package
