[1.455s] Invoking command in '/home/samir/Documents/learning/ros2_ws/src/examples/rclpy/guard_conditions': PYTHONPATH=/home/samir/Documents/learning/ros2_ws/build/examples_rclpy_guard_conditions/prefix_override:/home/samir/Documents/learning/ros2_ws/install/examples_rclpy_guard_conditions/lib/python3.10/site-packages:${PYTHONPATH} /usr/bin/python3 setup.py egg_info --egg-base ../../../../build/examples_rclpy_guard_conditions build --build-base /home/samir/Documents/learning/ros2_ws/build/examples_rclpy_guard_conditions/build install --record /home/samir/Documents/learning/ros2_ws/build/examples_rclpy_guard_conditions/install.log --single-version-externally-managed
[2.053s] /usr/lib/python3/dist-packages/setuptools/command/install.py:34: SetuptoolsDeprecationWarning: setup.py install is deprecated. Use build and pip and other standards-based tools.
[2.053s]   warnings.warn(
[2.053s] running egg_info
[2.053s] writing ../../../../build/examples_rclpy_guard_conditions/examples_rclpy_guard_conditions.egg-info/PKG-INFO
[2.053s] writing dependency_links to ../../../../build/examples_rclpy_guard_conditions/examples_rclpy_guard_conditions.egg-info/dependency_links.txt
[2.054s] writing entry points to ../../../../build/examples_rclpy_guard_conditions/examples_rclpy_guard_conditions.egg-info/entry_points.txt
[2.054s] writing requirements to ../../../../build/examples_rclpy_guard_conditions/examples_rclpy_guard_conditions.egg-info/requires.txt
[2.054s] writing top-level names to ../../../../build/examples_rclpy_guard_conditions/examples_rclpy_guard_conditions.egg-info/top_level.txt
[2.054s] reading manifest file '../../../../build/examples_rclpy_guard_conditions/examples_rclpy_guard_conditions.egg-info/SOURCES.txt'
[2.054s] writing manifest file '../../../../build/examples_rclpy_guard_conditions/examples_rclpy_guard_conditions.egg-info/SOURCES.txt'
[2.054s] running build
[2.054s] running build_py
[2.055s] running install
[2.055s] running install_lib
[2.055s] running install_data
[2.055s] running install_egg_info
[2.055s] removing '/home/samir/Documents/learning/ros2_ws/install/examples_rclpy_guard_conditions/lib/python3.10/site-packages/examples_rclpy_guard_conditions-0.15.1-py3.10.egg-info' (and everything under it)
[2.055s] Copying ../../../../build/examples_rclpy_guard_conditions/examples_rclpy_guard_conditions.egg-info to /home/samir/Documents/learning/ros2_ws/install/examples_rclpy_guard_conditions/lib/python3.10/site-packages/examples_rclpy_guard_conditions-0.15.1-py3.10.egg-info
[2.056s] running install_scripts
[2.056s] Installing trigger_guard_condition script to /home/samir/Documents/learning/ros2_ws/install/examples_rclpy_guard_conditions/lib/examples_rclpy_guard_conditions
[2.056s] writing list of installed files to '/home/samir/Documents/learning/ros2_ws/build/examples_rclpy_guard_conditions/install.log'
[2.673s] Invoked command in '/home/samir/Documents/learning/ros2_ws/src/examples/rclpy/guard_conditions' returned '0': PYTHONPATH=/home/samir/Documents/learning/ros2_ws/build/examples_rclpy_guard_conditions/prefix_override:/home/samir/Documents/learning/ros2_ws/install/examples_rclpy_guard_conditions/lib/python3.10/site-packages:${PYTHONPATH} /usr/bin/python3 setup.py egg_info --egg-base ../../../../build/examples_rclpy_guard_conditions build --build-base /home/samir/Documents/learning/ros2_ws/build/examples_rclpy_guard_conditions/build install --record /home/samir/Documents/learning/ros2_ws/build/examples_rclpy_guard_conditions/install.log --single-version-externally-managed
