[3.471s] Invoking command in '/home/samir/Documents/learning/ros2_ws/src/examples/rclpy/actions/minimal_action_server': PYTHONPATH=/home/samir/Documents/learning/ros2_ws/build/examples_rclpy_minimal_action_server/prefix_override:/home/samir/Documents/learning/ros2_ws/install/examples_rclpy_minimal_action_server/lib/python3.10/site-packages:${PYTHONPATH} /usr/bin/python3 setup.py egg_info --egg-base ../../../../../build/examples_rclpy_minimal_action_server build --build-base /home/samir/Documents/learning/ros2_ws/build/examples_rclpy_minimal_action_server/build install --record /home/samir/Documents/learning/ros2_ws/build/examples_rclpy_minimal_action_server/install.log --single-version-externally-managed
[3.772s] running egg_info
[3.772s] writing ../../../../../build/examples_rclpy_minimal_action_server/examples_rclpy_minimal_action_server.egg-info/PKG-INFO
[3.772s] writing dependency_links to ../../../../../build/examples_rclpy_minimal_action_server/examples_rclpy_minimal_action_server.egg-info/dependency_links.txt
[3.772s] writing entry points to ../../../../../build/examples_rclpy_minimal_action_server/examples_rclpy_minimal_action_server.egg-info/entry_points.txt
[3.772s] writing requirements to ../../../../../build/examples_rclpy_minimal_action_server/examples_rclpy_minimal_action_server.egg-info/requires.txt
[3.772s] writing top-level names to ../../../../../build/examples_rclpy_minimal_action_server/examples_rclpy_minimal_action_server.egg-info/top_level.txt
[3.776s] reading manifest file '../../../../../build/examples_rclpy_minimal_action_server/examples_rclpy_minimal_action_server.egg-info/SOURCES.txt'
[3.778s] writing manifest file '../../../../../build/examples_rclpy_minimal_action_server/examples_rclpy_minimal_action_server.egg-info/SOURCES.txt'
[3.779s] running build
[3.779s] running build_py
[3.779s] running install
[3.780s] /usr/lib/python3/dist-packages/setuptools/command/install.py:34: SetuptoolsDeprecationWarning: setup.py install is deprecated. Use build and pip and other standards-based tools.
[3.780s]   warnings.warn(
[3.780s] running install_lib
[3.781s] running install_data
[3.781s] running install_egg_info
[3.784s] removing '/home/samir/Documents/learning/ros2_ws/install/examples_rclpy_minimal_action_server/lib/python3.10/site-packages/examples_rclpy_minimal_action_server-0.15.1-py3.10.egg-info' (and everything under it)
[3.785s] Copying ../../../../../build/examples_rclpy_minimal_action_server/examples_rclpy_minimal_action_server.egg-info to /home/samir/Documents/learning/ros2_ws/install/examples_rclpy_minimal_action_server/lib/python3.10/site-packages/examples_rclpy_minimal_action_server-0.15.1-py3.10.egg-info
[3.787s] running install_scripts
[3.815s] Installing server script to /home/samir/Documents/learning/ros2_ws/install/examples_rclpy_minimal_action_server/lib/examples_rclpy_minimal_action_server
[3.816s] Installing server_defer script to /home/samir/Documents/learning/ros2_ws/install/examples_rclpy_minimal_action_server/lib/examples_rclpy_minimal_action_server
[3.816s] Installing server_not_composable script to /home/samir/Documents/learning/ros2_ws/install/examples_rclpy_minimal_action_server/lib/examples_rclpy_minimal_action_server
[3.817s] Installing server_queue_goals script to /home/samir/Documents/learning/ros2_ws/install/examples_rclpy_minimal_action_server/lib/examples_rclpy_minimal_action_server
[3.817s] Installing server_single_goal script to /home/samir/Documents/learning/ros2_ws/install/examples_rclpy_minimal_action_server/lib/examples_rclpy_minimal_action_server
[3.817s] writing list of installed files to '/home/samir/Documents/learning/ros2_ws/build/examples_rclpy_minimal_action_server/install.log'
[4.133s] Invoked command in '/home/samir/Documents/learning/ros2_ws/src/examples/rclpy/actions/minimal_action_server' returned '0': PYTHONPATH=/home/samir/Documents/learning/ros2_ws/build/examples_rclpy_minimal_action_server/prefix_override:/home/samir/Documents/learning/ros2_ws/install/examples_rclpy_minimal_action_server/lib/python3.10/site-packages:${PYTHONPATH} /usr/bin/python3 setup.py egg_info --egg-base ../../../../../build/examples_rclpy_minimal_action_server build --build-base /home/samir/Documents/learning/ros2_ws/build/examples_rclpy_minimal_action_server/build install --record /home/samir/Documents/learning/ros2_ws/build/examples_rclpy_minimal_action_server/install.log --single-version-externally-managed
