[1.859s] Invoking command in '/home/samir/Documents/learning/ros2_ws/build/my_package': CMAKE_PREFIX_PATH=/opt/ros/humble /home/samir/.local/bin/cmake --build /home/samir/Documents/learning/ros2_ws/build/my_package -- -j16 -l16
[1.897s] [100%] Built target my_node
[1.905s] Invoked command in '/home/samir/Documents/learning/ros2_ws/build/my_package' returned '0': CMAKE_PREFIX_PATH=/opt/ros/humble /home/samir/.local/bin/cmake --build /home/samir/Documents/learning/ros2_ws/build/my_package -- -j16 -l16
[1.950s] Invoking command in '/home/samir/Documents/learning/ros2_ws/build/my_package': CMAKE_PREFIX_PATH=/opt/ros/humble /home/samir/.local/bin/cmake --install /home/samir/Documents/learning/ros2_ws/build/my_package
[1.971s] -- Install configuration: ""
[1.971s] -- Up-to-date: /home/samir/Documents/learning/ros2_ws/install/my_package/lib/my_package/my_node
[1.971s] -- Up-to-date: /home/samir/Documents/learning/ros2_ws/install/my_package/share/ament_index/resource_index/package_run_dependencies/my_package
[1.972s] -- Up-to-date: /home/samir/Documents/learning/ros2_ws/install/my_package/share/ament_index/resource_index/parent_prefix_path/my_package
[1.972s] -- Up-to-date: /home/samir/Documents/learning/ros2_ws/install/my_package/share/my_package/environment/ament_prefix_path.sh
[1.972s] -- Up-to-date: /home/samir/Documents/learning/ros2_ws/install/my_package/share/my_package/environment/ament_prefix_path.dsv
[1.972s] -- Up-to-date: /home/samir/Documents/learning/ros2_ws/install/my_package/share/my_package/environment/path.sh
[1.972s] -- Up-to-date: /home/samir/Documents/learning/ros2_ws/install/my_package/share/my_package/environment/path.dsv
[1.972s] -- Up-to-date: /home/samir/Documents/learning/ros2_ws/install/my_package/share/my_package/local_setup.bash
[1.972s] -- Up-to-date: /home/samir/Documents/learning/ros2_ws/install/my_package/share/my_package/local_setup.sh
[1.972s] -- Up-to-date: /home/samir/Documents/learning/ros2_ws/install/my_package/share/my_package/local_setup.zsh
[1.972s] -- Up-to-date: /home/samir/Documents/learning/ros2_ws/install/my_package/share/my_package/local_setup.dsv
[1.972s] -- Up-to-date: /home/samir/Documents/learning/ros2_ws/install/my_package/share/my_package/package.dsv
[1.973s] -- Up-to-date: /home/samir/Documents/learning/ros2_ws/install/my_package/share/ament_index/resource_index/packages/my_package
[1.973s] -- Up-to-date: /home/samir/Documents/learning/ros2_ws/install/my_package/share/my_package/cmake/my_packageConfig.cmake
[1.973s] -- Up-to-date: /home/samir/Documents/learning/ros2_ws/install/my_package/share/my_package/cmake/my_packageConfig-version.cmake
[1.973s] -- Up-to-date: /home/samir/Documents/learning/ros2_ws/install/my_package/share/my_package/package.xml
[1.977s] Invoked command in '/home/samir/Documents/learning/ros2_ws/build/my_package' returned '0': CMAKE_PREFIX_PATH=/opt/ros/humble /home/samir/.local/bin/cmake --install /home/samir/Documents/learning/ros2_ws/build/my_package
