[0.366s] Invoking command in '/home/samir/Documents/learning/ros2_ws/build/examples_rclcpp_minimal_publisher': CMAKE_PREFIX_PATH=/opt/ros/humble /home/samir/.local/bin/cmake --build /home/samir/Documents/learning/ros2_ws/build/examples_rclcpp_minimal_publisher -- -j16 -l16
[0.924s] [ 16%] Built target publisher_member_function
[0.924s] [ 33%] Built target publisher_lambda
[0.924s] [ 50%] Built target publisher_member_function_with_unique_network_flow_endpoints
[0.925s] [ 66%] Built target publisher_not_composable
[0.925s] [ 83%] Built target publisher_member_function_with_type_adapter
[0.925s] [100%] Built target publisher_wait_for_all_acked
[0.937s] Invoked command in '/home/samir/Documents/learning/ros2_ws/build/examples_rclcpp_minimal_publisher' returned '0': CMAKE_PREFIX_PATH=/opt/ros/humble /home/samir/.local/bin/cmake --build /home/samir/Documents/learning/ros2_ws/build/examples_rclcpp_minimal_publisher -- -j16 -l16
[1.001s] Invoking command in '/home/samir/Documents/learning/ros2_ws/build/examples_rclcpp_minimal_publisher': CMAKE_PREFIX_PATH=/opt/ros/humble /home/samir/.local/bin/cmake --install /home/samir/Documents/learning/ros2_ws/build/examples_rclcpp_minimal_publisher
[1.036s] -- Install configuration: ""
[1.041s] -- Execute custom install script
[1.042s] -- Up-to-date symlink: /home/samir/Documents/learning/ros2_ws/install/examples_rclcpp_minimal_publisher/lib/examples_rclcpp_minimal_publisher/publisher_lambda
[1.043s] -- Up-to-date symlink: /home/samir/Documents/learning/ros2_ws/install/examples_rclcpp_minimal_publisher/lib/examples_rclcpp_minimal_publisher/publisher_member_function
[1.043s] -- Up-to-date symlink: /home/samir/Documents/learning/ros2_ws/install/examples_rclcpp_minimal_publisher/lib/examples_rclcpp_minimal_publisher/publisher_member_function_with_type_adapter
[1.043s] -- Up-to-date symlink: /home/samir/Documents/learning/ros2_ws/install/examples_rclcpp_minimal_publisher/lib/examples_rclcpp_minimal_publisher/publisher_member_function_with_unique_network_flow_endpoints
[1.044s] -- Up-to-date symlink: /home/samir/Documents/learning/ros2_ws/install/examples_rclcpp_minimal_publisher/lib/examples_rclcpp_minimal_publisher/publisher_wait_for_all_acked
[1.045s] -- Up-to-date symlink: /home/samir/Documents/learning/ros2_ws/install/examples_rclcpp_minimal_publisher/lib/examples_rclcpp_minimal_publisher/publisher_not_composable
[1.045s] -- Up-to-date symlink: /home/samir/Documents/learning/ros2_ws/install/examples_rclcpp_minimal_publisher/share/ament_index/resource_index/package_run_dependencies/examples_rclcpp_minimal_publisher
[1.046s] -- Up-to-date symlink: /home/samir/Documents/learning/ros2_ws/install/examples_rclcpp_minimal_publisher/share/ament_index/resource_index/parent_prefix_path/examples_rclcpp_minimal_publisher
[1.046s] -- Up-to-date symlink: /home/samir/Documents/learning/ros2_ws/install/examples_rclcpp_minimal_publisher/share/examples_rclcpp_minimal_publisher/environment/ament_prefix_path.sh
[1.048s] -- Up-to-date symlink: /home/samir/Documents/learning/ros2_ws/install/examples_rclcpp_minimal_publisher/share/examples_rclcpp_minimal_publisher/environment/ament_prefix_path.dsv
[1.048s] -- Up-to-date symlink: /home/samir/Documents/learning/ros2_ws/install/examples_rclcpp_minimal_publisher/share/examples_rclcpp_minimal_publisher/environment/path.sh
[1.051s] -- Up-to-date symlink: /home/samir/Documents/learning/ros2_ws/install/examples_rclcpp_minimal_publisher/share/examples_rclcpp_minimal_publisher/environment/path.dsv
[1.052s] -- Up-to-date symlink: /home/samir/Documents/learning/ros2_ws/install/examples_rclcpp_minimal_publisher/share/examples_rclcpp_minimal_publisher/local_setup.bash
[1.052s] -- Up-to-date symlink: /home/samir/Documents/learning/ros2_ws/install/examples_rclcpp_minimal_publisher/share/examples_rclcpp_minimal_publisher/local_setup.sh
[1.054s] -- Up-to-date symlink: /home/samir/Documents/learning/ros2_ws/install/examples_rclcpp_minimal_publisher/share/examples_rclcpp_minimal_publisher/local_setup.zsh
[1.054s] -- Up-to-date symlink: /home/samir/Documents/learning/ros2_ws/install/examples_rclcpp_minimal_publisher/share/examples_rclcpp_minimal_publisher/local_setup.dsv
[1.054s] -- Symlinking: /home/samir/Documents/learning/ros2_ws/install/examples_rclcpp_minimal_publisher/share/examples_rclcpp_minimal_publisher/package.dsv
[1.059s] -- Up-to-date symlink: /home/samir/Documents/learning/ros2_ws/install/examples_rclcpp_minimal_publisher/share/ament_index/resource_index/packages/examples_rclcpp_minimal_publisher
[1.060s] -- Up-to-date symlink: /home/samir/Documents/learning/ros2_ws/install/examples_rclcpp_minimal_publisher/share/examples_rclcpp_minimal_publisher/cmake/examples_rclcpp_minimal_publisherConfig.cmake
[1.060s] -- Up-to-date symlink: /home/samir/Documents/learning/ros2_ws/install/examples_rclcpp_minimal_publisher/share/examples_rclcpp_minimal_publisher/cmake/examples_rclcpp_minimal_publisherConfig-version.cmake
[1.061s] -- Up-to-date symlink: /home/samir/Documents/learning/ros2_ws/install/examples_rclcpp_minimal_publisher/share/examples_rclcpp_minimal_publisher/package.xml
[1.315s] Invoked command in '/home/samir/Documents/learning/ros2_ws/build/examples_rclcpp_minimal_publisher' returned '0': CMAKE_PREFIX_PATH=/opt/ros/humble /home/samir/.local/bin/cmake --install /home/samir/Documents/learning/ros2_ws/build/examples_rclcpp_minimal_publisher
