[1.945s] Invoking command in '/home/samir/Documents/learning/ros2_ws/build/examples_rclpy_minimal_action_client': PYTHONPATH=/home/samir/Documents/learning/ros2_ws/build/examples_rclpy_minimal_action_client/prefix_override:/home/samir/Documents/learning/ros2_ws/install/examples_rclpy_minimal_action_client/lib/python3.10/site-packages:${PYTHONPATH} /usr/bin/python3 setup.py develop --editable --build-directory /home/samir/Documents/learning/ros2_ws/build/examples_rclpy_minimal_action_client/build --no-deps install_data
[2.247s] running develop
[2.248s] /usr/lib/python3/dist-packages/setuptools/command/easy_install.py:158: EasyInstallDeprecationWarning: easy_install command is deprecated. Use build and pip and other standards-based tools.
[2.248s]   warnings.warn(
[2.250s] /usr/lib/python3/dist-packages/setuptools/command/install.py:34: SetuptoolsDeprecationWarning: setup.py install is deprecated. Use build and pip and other standards-based tools.
[2.250s]   warnings.warn(
[2.489s] running egg_info
[2.489s] creating examples_rclpy_minimal_action_client.egg-info
[2.491s] writing examples_rclpy_minimal_action_client.egg-info/PKG-INFO
[2.511s] writing dependency_links to examples_rclpy_minimal_action_client.egg-info/dependency_links.txt
[2.512s] writing entry points to examples_rclpy_minimal_action_client.egg-info/entry_points.txt
[2.512s] writing requirements to examples_rclpy_minimal_action_client.egg-info/requires.txt
[2.512s] writing top-level names to examples_rclpy_minimal_action_client.egg-info/top_level.txt
[2.512s] writing manifest file 'examples_rclpy_minimal_action_client.egg-info/SOURCES.txt'
[2.514s] reading manifest file 'examples_rclpy_minimal_action_client.egg-info/SOURCES.txt'
[2.514s] writing manifest file 'examples_rclpy_minimal_action_client.egg-info/SOURCES.txt'
[2.514s] running build_ext
[2.514s] Creating /home/samir/Documents/learning/ros2_ws/install/examples_rclpy_minimal_action_client/lib/python3.10/site-packages/examples-rclpy-minimal-action-client.egg-link (link to .)
[2.514s] Installing client script to /home/samir/Documents/learning/ros2_ws/install/examples_rclpy_minimal_action_client/lib/examples_rclpy_minimal_action_client
[2.514s] Installing client_asyncio script to /home/samir/Documents/learning/ros2_ws/install/examples_rclpy_minimal_action_client/lib/examples_rclpy_minimal_action_client
[2.514s] Installing client_cancel script to /home/samir/Documents/learning/ros2_ws/install/examples_rclpy_minimal_action_client/lib/examples_rclpy_minimal_action_client
[2.514s] Installing client_not_composable script to /home/samir/Documents/learning/ros2_ws/install/examples_rclpy_minimal_action_client/lib/examples_rclpy_minimal_action_client
[2.514s] 
[2.514s] Installed /home/samir/Documents/learning/ros2_ws/build/examples_rclpy_minimal_action_client
[2.514s] running install_data
[2.514s] creating /home/samir/Documents/learning/ros2_ws/install/examples_rclpy_minimal_action_client/share/ament_index
[2.515s] creating /home/samir/Documents/learning/ros2_ws/install/examples_rclpy_minimal_action_client/share/ament_index/resource_index
[2.515s] creating /home/samir/Documents/learning/ros2_ws/install/examples_rclpy_minimal_action_client/share/ament_index/resource_index/packages
[2.515s] copying resource/examples_rclpy_minimal_action_client -> /home/samir/Documents/learning/ros2_ws/install/examples_rclpy_minimal_action_client/share/ament_index/resource_index/packages
[2.515s] copying package.xml -> /home/samir/Documents/learning/ros2_ws/install/examples_rclpy_minimal_action_client/share/examples_rclpy_minimal_action_client
[3.281s] Invoked command in '/home/samir/Documents/learning/ros2_ws/build/examples_rclpy_minimal_action_client' returned '0': PYTHONPATH=/home/samir/Documents/learning/ros2_ws/build/examples_rclpy_minimal_action_client/prefix_override:/home/samir/Documents/learning/ros2_ws/install/examples_rclpy_minimal_action_client/lib/python3.10/site-packages:${PYTHONPATH} /usr/bin/python3 setup.py develop --editable --build-directory /home/samir/Documents/learning/ros2_ws/build/examples_rclpy_minimal_action_client/build --no-deps install_data
