[2.835s] Invoking command in '/home/samir/Documents/learning/ros2_ws/src/examples/rclpy/services/minimal_service': PYTHONPATH=/home/samir/Documents/learning/ros2_ws/build/examples_rclpy_minimal_service/prefix_override:/home/samir/Documents/learning/ros2_ws/install/examples_rclpy_minimal_service/lib/python3.10/site-packages:${PYTHONPATH} /usr/bin/python3 setup.py egg_info --egg-base ../../../../../build/examples_rclpy_minimal_service build --build-base /home/samir/Documents/learning/ros2_ws/build/examples_rclpy_minimal_service/build install --record /home/samir/Documents/learning/ros2_ws/build/examples_rclpy_minimal_service/install.log --single-version-externally-managed
[3.090s] running egg_info
[3.091s] writing ../../../../../build/examples_rclpy_minimal_service/examples_rclpy_minimal_service.egg-info/PKG-INFO
[3.091s] writing dependency_links to ../../../../../build/examples_rclpy_minimal_service/examples_rclpy_minimal_service.egg-info/dependency_links.txt
[3.091s] writing entry points to ../../../../../build/examples_rclpy_minimal_service/examples_rclpy_minimal_service.egg-info/entry_points.txt
[3.091s] writing requirements to ../../../../../build/examples_rclpy_minimal_service/examples_rclpy_minimal_service.egg-info/requires.txt
[3.092s] writing top-level names to ../../../../../build/examples_rclpy_minimal_service/examples_rclpy_minimal_service.egg-info/top_level.txt
[3.095s] reading manifest file '../../../../../build/examples_rclpy_minimal_service/examples_rclpy_minimal_service.egg-info/SOURCES.txt'
[3.096s] writing manifest file '../../../../../build/examples_rclpy_minimal_service/examples_rclpy_minimal_service.egg-info/SOURCES.txt'
[3.096s] running build
[3.096s] running build_py
[3.097s] running install
[3.098s] /usr/lib/python3/dist-packages/setuptools/command/install.py:34: SetuptoolsDeprecationWarning: setup.py install is deprecated. Use build and pip and other standards-based tools.
[3.098s]   warnings.warn(
[3.108s] running install_lib
[3.109s] running install_data
[3.116s] running install_egg_info
[3.129s] removing '/home/samir/Documents/learning/ros2_ws/install/examples_rclpy_minimal_service/lib/python3.10/site-packages/examples_rclpy_minimal_service-0.15.1-py3.10.egg-info' (and everything under it)
[3.135s] Copying ../../../../../build/examples_rclpy_minimal_service/examples_rclpy_minimal_service.egg-info to /home/samir/Documents/learning/ros2_ws/install/examples_rclpy_minimal_service/lib/python3.10/site-packages/examples_rclpy_minimal_service-0.15.1-py3.10.egg-info
[3.135s] running install_scripts
[3.138s] Installing service script to /home/samir/Documents/learning/ros2_ws/install/examples_rclpy_minimal_service/lib/examples_rclpy_minimal_service
[3.139s] Installing service_member_function script to /home/samir/Documents/learning/ros2_ws/install/examples_rclpy_minimal_service/lib/examples_rclpy_minimal_service
[3.139s] writing list of installed files to '/home/samir/Documents/learning/ros2_ws/build/examples_rclpy_minimal_service/install.log'
[3.427s] Invoked command in '/home/samir/Documents/learning/ros2_ws/src/examples/rclpy/services/minimal_service' returned '0': PYTHONPATH=/home/samir/Documents/learning/ros2_ws/build/examples_rclpy_minimal_service/prefix_override:/home/samir/Documents/learning/ros2_ws/install/examples_rclpy_minimal_service/lib/python3.10/site-packages:${PYTHONPATH} /usr/bin/python3 setup.py egg_info --egg-base ../../../../../build/examples_rclpy_minimal_service build --build-base /home/samir/Documents/learning/ros2_ws/build/examples_rclpy_minimal_service/build install --record /home/samir/Documents/learning/ros2_ws/build/examples_rclpy_minimal_service/install.log --single-version-externally-managed
