[2.672s] Invoking command in '/home/samir/Documents/learning/ros2_ws/src/examples/rclpy/services/minimal_service': PYTHONPATH=/home/samir/Documents/learning/ros2_ws/build/examples_rclpy_minimal_service/prefix_override:/home/samir/Documents/learning/ros2_ws/install/examples_rclpy_minimal_service/lib/python3.10/site-packages:${PYTHONPATH} /usr/bin/python3 setup.py egg_info --egg-base ../../../../../build/examples_rclpy_minimal_service build --build-base /home/samir/Documents/learning/ros2_ws/build/examples_rclpy_minimal_service/build install --record /home/samir/Documents/learning/ros2_ws/build/examples_rclpy_minimal_service/install.log --single-version-externally-managed
[2.900s] running egg_info
[2.901s] writing ../../../../../build/examples_rclpy_minimal_service/examples_rclpy_minimal_service.egg-info/PKG-INFO
[2.901s] writing dependency_links to ../../../../../build/examples_rclpy_minimal_service/examples_rclpy_minimal_service.egg-info/dependency_links.txt
[2.901s] writing entry points to ../../../../../build/examples_rclpy_minimal_service/examples_rclpy_minimal_service.egg-info/entry_points.txt
[2.901s] writing requirements to ../../../../../build/examples_rclpy_minimal_service/examples_rclpy_minimal_service.egg-info/requires.txt
[2.902s] writing top-level names to ../../../../../build/examples_rclpy_minimal_service/examples_rclpy_minimal_service.egg-info/top_level.txt
[2.904s] reading manifest file '../../../../../build/examples_rclpy_minimal_service/examples_rclpy_minimal_service.egg-info/SOURCES.txt'
[2.906s] writing manifest file '../../../../../build/examples_rclpy_minimal_service/examples_rclpy_minimal_service.egg-info/SOURCES.txt'
[2.907s] running build
[2.907s] running build_py
[2.907s] running install
[2.907s] /usr/lib/python3/dist-packages/setuptools/command/install.py:34: SetuptoolsDeprecationWarning: setup.py install is deprecated. Use build and pip and other standards-based tools.
[2.907s]   warnings.warn(
[2.907s] running install_lib
[2.908s] running install_data
[2.908s] running install_egg_info
[2.910s] removing '/home/samir/Documents/learning/ros2_ws/install/examples_rclpy_minimal_service/lib/python3.10/site-packages/examples_rclpy_minimal_service-0.15.1-py3.10.egg-info' (and everything under it)
[2.911s] Copying ../../../../../build/examples_rclpy_minimal_service/examples_rclpy_minimal_service.egg-info to /home/samir/Documents/learning/ros2_ws/install/examples_rclpy_minimal_service/lib/python3.10/site-packages/examples_rclpy_minimal_service-0.15.1-py3.10.egg-info
[2.911s] running install_scripts
[2.925s] Installing service script to /home/samir/Documents/learning/ros2_ws/install/examples_rclpy_minimal_service/lib/examples_rclpy_minimal_service
[2.926s] Installing service_member_function script to /home/samir/Documents/learning/ros2_ws/install/examples_rclpy_minimal_service/lib/examples_rclpy_minimal_service
[2.926s] writing list of installed files to '/home/samir/Documents/learning/ros2_ws/build/examples_rclpy_minimal_service/install.log'
[3.016s] Invoked command in '/home/samir/Documents/learning/ros2_ws/src/examples/rclpy/services/minimal_service' returned '0': PYTHONPATH=/home/samir/Documents/learning/ros2_ws/build/examples_rclpy_minimal_service/prefix_override:/home/samir/Documents/learning/ros2_ws/install/examples_rclpy_minimal_service/lib/python3.10/site-packages:${PYTHONPATH} /usr/bin/python3 setup.py egg_info --egg-base ../../../../../build/examples_rclpy_minimal_service build --build-base /home/samir/Documents/learning/ros2_ws/build/examples_rclpy_minimal_service/build install --record /home/samir/Documents/learning/ros2_ws/build/examples_rclpy_minimal_service/install.log --single-version-externally-managed
