[2.520s] Invoking command in '/home/samir/Documents/learning/ros2_ws/build/examples_rclpy_minimal_service': PYTHONPATH=/home/samir/Documents/learning/ros2_ws/build/examples_rclpy_minimal_service/prefix_override:/home/samir/Documents/learning/ros2_ws/install/examples_rclpy_minimal_service/lib/python3.10/site-packages:${PYTHONPATH} /usr/bin/python3 setup.py develop --uninstall --editable --build-directory /home/samir/Documents/learning/ros2_ws/build/examples_rclpy_minimal_service/build
[2.727s] running develop
[2.727s] /usr/lib/python3/dist-packages/setuptools/command/easy_install.py:158: EasyInstallDeprecationWarning: easy_install command is deprecated. Use build and pip and other standards-based tools.
[2.727s]   warnings.warn(
[2.729s] /usr/lib/python3/dist-packages/setuptools/command/install.py:34: SetuptoolsDeprecationWarning: setup.py install is deprecated. Use build and pip and other standards-based tools.
[2.729s]   warnings.warn(
[2.862s] Removing /home/samir/Documents/learning/ros2_ws/install/examples_rclpy_minimal_service/lib/python3.10/site-packages/examples-rclpy-minimal-service.egg-link (link to .)
[2.892s] Invoked command in '/home/samir/Documents/learning/ros2_ws/build/examples_rclpy_minimal_service' returned '0': PYTHONPATH=/home/samir/Documents/learning/ros2_ws/build/examples_rclpy_minimal_service/prefix_override:/home/samir/Documents/learning/ros2_ws/install/examples_rclpy_minimal_service/lib/python3.10/site-packages:${PYTHONPATH} /usr/bin/python3 setup.py develop --uninstall --editable --build-directory /home/samir/Documents/learning/ros2_ws/build/examples_rclpy_minimal_service/build
[2.894s] Invoking command in '/home/samir/Documents/learning/ros2_ws/src/examples/rclpy/services/minimal_service': PYTHONPATH=/home/samir/Documents/learning/ros2_ws/build/examples_rclpy_minimal_service/prefix_override:/home/samir/Documents/learning/ros2_ws/install/examples_rclpy_minimal_service/lib/python3.10/site-packages:${PYTHONPATH} /usr/bin/python3 setup.py egg_info --egg-base ../../../../../build/examples_rclpy_minimal_service build --build-base /home/samir/Documents/learning/ros2_ws/build/examples_rclpy_minimal_service/build install --record /home/samir/Documents/learning/ros2_ws/build/examples_rclpy_minimal_service/install.log --single-version-externally-managed
[3.114s] running egg_info
[3.115s] writing ../../../../../build/examples_rclpy_minimal_service/examples_rclpy_minimal_service.egg-info/PKG-INFO
[3.115s] writing dependency_links to ../../../../../build/examples_rclpy_minimal_service/examples_rclpy_minimal_service.egg-info/dependency_links.txt
[3.115s] writing entry points to ../../../../../build/examples_rclpy_minimal_service/examples_rclpy_minimal_service.egg-info/entry_points.txt
[3.115s] writing requirements to ../../../../../build/examples_rclpy_minimal_service/examples_rclpy_minimal_service.egg-info/requires.txt
[3.116s] writing top-level names to ../../../../../build/examples_rclpy_minimal_service/examples_rclpy_minimal_service.egg-info/top_level.txt
[3.119s] reading manifest file '../../../../../build/examples_rclpy_minimal_service/examples_rclpy_minimal_service.egg-info/SOURCES.txt'
[3.121s] writing manifest file '../../../../../build/examples_rclpy_minimal_service/examples_rclpy_minimal_service.egg-info/SOURCES.txt'
[3.121s] running build
[3.121s] running build_py
[3.121s] creating /home/samir/Documents/learning/ros2_ws/build/examples_rclpy_minimal_service/build
[3.121s] creating /home/samir/Documents/learning/ros2_ws/build/examples_rclpy_minimal_service/build/lib
[3.121s] creating /home/samir/Documents/learning/ros2_ws/build/examples_rclpy_minimal_service/build/lib/examples_rclpy_minimal_service
[3.121s] copying examples_rclpy_minimal_service/service.py -> /home/samir/Documents/learning/ros2_ws/build/examples_rclpy_minimal_service/build/lib/examples_rclpy_minimal_service
[3.121s] copying examples_rclpy_minimal_service/__init__.py -> /home/samir/Documents/learning/ros2_ws/build/examples_rclpy_minimal_service/build/lib/examples_rclpy_minimal_service
[3.122s] copying examples_rclpy_minimal_service/service_member_function.py -> /home/samir/Documents/learning/ros2_ws/build/examples_rclpy_minimal_service/build/lib/examples_rclpy_minimal_service
[3.122s] running install
[3.122s] /usr/lib/python3/dist-packages/setuptools/command/install.py:34: SetuptoolsDeprecationWarning: setup.py install is deprecated. Use build and pip and other standards-based tools.
[3.122s]   warnings.warn(
[3.122s] running install_lib
[3.122s] creating /home/samir/Documents/learning/ros2_ws/install/examples_rclpy_minimal_service/lib/python3.10/site-packages/examples_rclpy_minimal_service
[3.123s] copying /home/samir/Documents/learning/ros2_ws/build/examples_rclpy_minimal_service/build/lib/examples_rclpy_minimal_service/service.py -> /home/samir/Documents/learning/ros2_ws/install/examples_rclpy_minimal_service/lib/python3.10/site-packages/examples_rclpy_minimal_service
[3.123s] copying /home/samir/Documents/learning/ros2_ws/build/examples_rclpy_minimal_service/build/lib/examples_rclpy_minimal_service/__init__.py -> /home/samir/Documents/learning/ros2_ws/install/examples_rclpy_minimal_service/lib/python3.10/site-packages/examples_rclpy_minimal_service
[3.123s] copying /home/samir/Documents/learning/ros2_ws/build/examples_rclpy_minimal_service/build/lib/examples_rclpy_minimal_service/service_member_function.py -> /home/samir/Documents/learning/ros2_ws/install/examples_rclpy_minimal_service/lib/python3.10/site-packages/examples_rclpy_minimal_service
[3.123s] byte-compiling /home/samir/Documents/learning/ros2_ws/install/examples_rclpy_minimal_service/lib/python3.10/site-packages/examples_rclpy_minimal_service/service.py to service.cpython-310.pyc
[3.123s] byte-compiling /home/samir/Documents/learning/ros2_ws/install/examples_rclpy_minimal_service/lib/python3.10/site-packages/examples_rclpy_minimal_service/__init__.py to __init__.cpython-310.pyc
[3.123s] byte-compiling /home/samir/Documents/learning/ros2_ws/install/examples_rclpy_minimal_service/lib/python3.10/site-packages/examples_rclpy_minimal_service/service_member_function.py to service_member_function.cpython-310.pyc
[3.124s] running install_data
[3.124s] running install_egg_info
[3.127s] Copying ../../../../../build/examples_rclpy_minimal_service/examples_rclpy_minimal_service.egg-info to /home/samir/Documents/learning/ros2_ws/install/examples_rclpy_minimal_service/lib/python3.10/site-packages/examples_rclpy_minimal_service-0.15.1-py3.10.egg-info
[3.127s] running install_scripts
[3.150s] Installing service script to /home/samir/Documents/learning/ros2_ws/install/examples_rclpy_minimal_service/lib/examples_rclpy_minimal_service
[3.150s] Installing service_member_function script to /home/samir/Documents/learning/ros2_ws/install/examples_rclpy_minimal_service/lib/examples_rclpy_minimal_service
[3.150s] writing list of installed files to '/home/samir/Documents/learning/ros2_ws/build/examples_rclpy_minimal_service/install.log'
[3.190s] Invoked command in '/home/samir/Documents/learning/ros2_ws/src/examples/rclpy/services/minimal_service' returned '0': PYTHONPATH=/home/samir/Documents/learning/ros2_ws/build/examples_rclpy_minimal_service/prefix_override:/home/samir/Documents/learning/ros2_ws/install/examples_rclpy_minimal_service/lib/python3.10/site-packages:${PYTHONPATH} /usr/bin/python3 setup.py egg_info --egg-base ../../../../../build/examples_rclpy_minimal_service build --build-base /home/samir/Documents/learning/ros2_ws/build/examples_rclpy_minimal_service/build install --record /home/samir/Documents/learning/ros2_ws/build/examples_rclpy_minimal_service/install.log --single-version-externally-managed
