[1.806s] Invoking command in '/home/samir/Documents/learning/ros2_ws/build/turtlesim': CMAKE_PREFIX_PATH=/opt/ros/humble /home/samir/.local/bin/cmake /home/samir/Documents/learning/ros2_ws/src/ros_tutorials/turtlesim -DCMAKE_INSTALL_PREFIX=/home/samir/Documents/learning/ros2_ws/install/turtlesim
[1.866s] -- The C compiler identification is GNU 11.4.0
[1.914s] -- The CXX compiler identification is GNU 11.4.0
[1.928s] -- Detecting C compiler ABI info
[1.973s] -- Detecting C compiler ABI info - done
[1.989s] -- Check for working C compiler: /usr/bin/cc - skipped
[1.989s] -- Detecting C compile features
[1.989s] -- Detecting C compile features - done
[1.998s] -- Detecting CXX compiler ABI info
[2.056s] -- Detecting CXX compiler ABI info - done
[2.070s] -- Check for working CXX compiler: /usr/bin/c++ - skipped
[2.070s] -- Detecting CXX compile features
[2.071s] -- Detecting CXX compile features - done
[2.073s] -- Found ament_cmake: 1.3.5 (/opt/ros/humble/share/ament_cmake/cmake)
[2.392s] -- Found Python3: /usr/bin/python3.10 (found version "3.10.12") found components: Interpreter 
[2.452s] -- Found ament_index_cpp: 1.4.0 (/opt/ros/humble/share/ament_index_cpp/cmake)
[2.454s] -- Found geometry_msgs: 4.2.3 (/opt/ros/humble/share/geometry_msgs/cmake)
[2.488s] -- Found rosidl_generator_c: 3.1.5 (/opt/ros/humble/share/rosidl_generator_c/cmake)
[2.493s] -- Found rosidl_adapter: 3.1.5 (/opt/ros/humble/share/rosidl_adapter/cmake)
[2.501s] -- Found rosidl_generator_cpp: 3.1.5 (/opt/ros/humble/share/rosidl_generator_cpp/cmake)
[2.515s] -- Using all available rosidl_typesupport_c: rosidl_typesupport_fastrtps_c;rosidl_typesupport_introspection_c
[2.535s] -- Using all available rosidl_typesupport_cpp: rosidl_typesupport_fastrtps_cpp;rosidl_typesupport_introspection_cpp
[2.674s] -- Found rclcpp: 16.0.6 (/opt/ros/humble/share/rclcpp/cmake)
[2.733s] -- Found rmw_implementation_cmake: 6.1.1 (/opt/ros/humble/share/rmw_implementation_cmake/cmake)
[2.735s] -- Found rmw_fastrtps_cpp: 6.2.4 (/opt/ros/humble/share/rmw_fastrtps_cpp/cmake)
[2.814s] -- Found OpenSSL: /usr/lib/x86_64-linux-gnu/libcrypto.so (found version "3.0.2")  
[2.838s] -- Found FastRTPS: /opt/ros/humble/include  
[2.880s] -- Using RMW implementation 'rmw_fastrtps_cpp' as default
[2.888s] -- Performing Test CMAKE_HAVE_LIBC_PTHREAD
[2.931s] -- Performing Test CMAKE_HAVE_LIBC_PTHREAD - Success
[2.931s] -- Found Threads: TRUE  
[3.067s] -- Found rclcpp_action: 16.0.6 (/opt/ros/humble/share/rclcpp_action/cmake)
[3.166s] -- Found rosidl_default_generators: 1.2.0 (/opt/ros/humble/share/rosidl_default_generators/cmake)
[3.176s] -- Found std_srvs: 4.2.3 (/opt/ros/humble/share/std_srvs/cmake)
[3.520s] -- Found ament_cmake_ros: 0.10.0 (/opt/ros/humble/share/ament_cmake_ros/cmake)
[4.026s] -- Using all available rosidl_typesupport_c: rosidl_typesupport_fastrtps_c;rosidl_typesupport_introspection_c
[4.227s] -- Using all available rosidl_typesupport_cpp: rosidl_typesupport_fastrtps_cpp;rosidl_typesupport_introspection_cpp
[4.229s] [33mCMake Warning (dev) at /opt/ros/humble/share/rosidl_generator_py/cmake/rosidl_generator_py_generate_interfaces.cmake:20 (find_package):
[4.229s]   Policy CMP0148 is not set: The FindPythonInterp and FindPythonLibs modules
[4.229s]   are removed.  Run "cmake --help-policy CMP0148" for policy details.  Use
[4.229s]   the cmake_policy command to set the policy and suppress this warning.
[4.229s] 
[4.229s] Call Stack (most recent call first):
[4.229s]   /opt/ros/humble/share/ament_cmake_core/cmake/core/ament_execute_extensions.cmake:48 (include)
[4.229s]   /opt/ros/humble/share/rosidl_cmake/cmake/rosidl_generate_interfaces.cmake:286 (ament_execute_extensions)
[4.229s]   CMakeLists.txt:24 (rosidl_generate_interfaces)
[4.229s] This warning is for project developers.  Use -Wno-dev to suppress it.
[4.229s] [0m
[4.243s] -- Found PythonInterp: /usr/bin/python3 (found suitable version "3.10.12", minimum required is "3.6") 
[4.244s] -- Found python_cmake_module: 0.10.0 (/opt/ros/humble/share/python_cmake_module/cmake)
[4.244s] [33mCMake Warning (dev) at /opt/ros/humble/share/python_cmake_module/cmake/Modules/FindPythonExtra.cmake:52 (find_package):
[4.244s]   Policy CMP0148 is not set: The FindPythonInterp and FindPythonLibs modules
[4.244s]   are removed.  Run "cmake --help-policy CMP0148" for policy details.  Use
[4.244s]   the cmake_policy command to set the policy and suppress this warning.
[4.244s] 
[4.244s] Call Stack (most recent call first):
[4.245s]   /opt/ros/humble/share/rosidl_generator_py/cmake/rosidl_generator_py_generate_interfaces.cmake:23 (find_package)
[4.245s]   /opt/ros/humble/share/ament_cmake_core/cmake/core/ament_execute_extensions.cmake:48 (include)
[4.245s]   /opt/ros/humble/share/rosidl_cmake/cmake/rosidl_generate_interfaces.cmake:286 (ament_execute_extensions)
[4.245s]   CMakeLists.txt:24 (rosidl_generate_interfaces)
[4.245s] This warning is for project developers.  Use -Wno-dev to suppress it.
[4.245s] [0m
[4.257s] [33mCMake Warning (dev) at /opt/ros/humble/share/python_cmake_module/cmake/Modules/FindPythonExtra.cmake:140 (find_package):
[4.257s]   Policy CMP0148 is not set: The FindPythonInterp and FindPythonLibs modules
[4.258s]   are removed.  Run "cmake --help-policy CMP0148" for policy details.  Use
[4.258s]   the cmake_policy command to set the policy and suppress this warning.
[4.258s] 
[4.258s] Call Stack (most recent call first):
[4.258s]   /opt/ros/humble/share/rosidl_generator_py/cmake/rosidl_generator_py_generate_interfaces.cmake:23 (find_package)
[4.258s]   /opt/ros/humble/share/ament_cmake_core/cmake/core/ament_execute_extensions.cmake:48 (include)
[4.258s]   /opt/ros/humble/share/rosidl_cmake/cmake/rosidl_generate_interfaces.cmake:286 (ament_execute_extensions)
[4.258s]   CMakeLists.txt:24 (rosidl_generate_interfaces)
[4.258s] This warning is for project developers.  Use -Wno-dev to suppress it.
[4.258s] [0m
[4.265s] -- Found PythonLibs: /usr/lib/x86_64-linux-gnu/libpython3.10.so (found suitable version "3.10.12", minimum required is "3.5") 
[4.265s] -- Using PYTHON_EXECUTABLE: /usr/bin/python3
[4.265s] -- Using PYTHON_INCLUDE_DIRS: /usr/include/python3.10
[4.265s] -- Using PYTHON_LIBRARIES: /usr/lib/x86_64-linux-gnu/libpython3.10.so
[4.280s] -- Found PythonExtra: .so  
[4.330s] -- Configuring done (2.5s)
[4.388s] -- Generating done (0.0s)
[4.390s] -- Build files have been written to: /home/samir/Documents/learning/ros2_ws/build/turtlesim
