[0.610s] Invoking command in '/home/samir/Documents/learning/ros2_ws/build/cpp_srvcli': CMAKE_PREFIX_PATH=/opt/ros/humble /home/samir/.local/bin/cmake /home/samir/Documents/learning/ros2_ws/src/cpp_srvcli -DCMAKE_INSTALL_PREFIX=/home/samir/Documents/learning/ros2_ws/install/cpp_srvcli
[1.140s] -- The C compiler identification is GNU 11.4.0
[1.140s] -- The CXX compiler identification is GNU 11.4.0
[1.140s] -- Detecting C compiler ABI info
[1.141s] -- Detecting C compiler ABI info - done
[1.141s] -- Check for working C compiler: /usr/bin/cc - skipped
[1.141s] -- Detecting C compile features
[1.142s] -- Detecting C compile features - done
[1.142s] -- Detecting CXX compiler ABI info
[1.142s] -- Detecting CXX compiler ABI info - done
[1.142s] -- Check for working CXX compiler: /usr/bin/c++ - skipped
[1.143s] -- Detecting CXX compile features
[1.143s] -- Detecting CXX compile features - done
[1.144s] -- Found ament_cmake: 1.3.5 (/opt/ros/humble/share/ament_cmake/cmake)
[1.192s] -- Found Python3: /usr/bin/python3.10 (found version "3.10.12") found components: Interpreter 
[1.296s] -- Found rclcpp: 16.0.6 (/opt/ros/humble/share/rclcpp/cmake)
[1.328s] -- Found rosidl_generator_c: 3.1.5 (/opt/ros/humble/share/rosidl_generator_c/cmake)
[1.335s] -- Found rosidl_adapter: 3.1.5 (/opt/ros/humble/share/rosidl_adapter/cmake)
[1.354s] -- Found rosidl_generator_cpp: 3.1.5 (/opt/ros/humble/share/rosidl_generator_cpp/cmake)
[1.368s] -- Using all available rosidl_typesupport_c: rosidl_typesupport_fastrtps_c;rosidl_typesupport_introspection_c
[1.402s] -- Using all available rosidl_typesupport_cpp: rosidl_typesupport_fastrtps_cpp;rosidl_typesupport_introspection_cpp
[1.500s] -- Found rmw_implementation_cmake: 6.1.1 (/opt/ros/humble/share/rmw_implementation_cmake/cmake)
[1.502s] -- Found rmw_fastrtps_cpp: 6.2.4 (/opt/ros/humble/share/rmw_fastrtps_cpp/cmake)
[1.577s] -- Found OpenSSL: /usr/lib/x86_64-linux-gnu/libcrypto.so (found version "3.0.2")  
[1.602s] -- Found FastRTPS: /opt/ros/humble/include  
[1.647s] -- Using RMW implementation 'rmw_fastrtps_cpp' as default
[1.655s] -- Performing Test CMAKE_HAVE_LIBC_PTHREAD
[1.697s] -- Performing Test CMAKE_HAVE_LIBC_PTHREAD - Success
[1.698s] -- Found Threads: TRUE  
[1.869s] -- Found example_interfaces: 0.9.3 (/opt/ros/humble/share/example_interfaces/cmake)
[2.022s] -- Found ament_lint_auto: 0.12.8 (/opt/ros/humble/share/ament_lint_auto/cmake)
[2.080s] -- Added test 'cppcheck' to perform static code analysis on C / C++ code
[2.080s] -- Configured cppcheck include dirs: 
[2.080s] -- Configured cppcheck exclude dirs and/or files: 
[2.080s] -- Added test 'lint_cmake' to check CMake code style
[2.081s] -- Added test 'uncrustify' to check C / C++ code style
[2.081s] -- Configured uncrustify additional arguments: 
[2.081s] -- Added test 'xmllint' to check XML markup files
[2.082s] -- Configuring done (1.5s)
[2.096s] -- Generating done (0.0s)
[2.098s] -- Build files have been written to: /home/samir/Documents/learning/ros2_ws/build/cpp_srvcli
[3.245s] Invoked command in '/home/samir/Documents/learning/ros2_ws/build/cpp_srvcli' returned '0': CMAKE_PREFIX_PATH=/opt/ros/humble /home/samir/.local/bin/cmake /home/samir/Documents/learning/ros2_ws/src/cpp_srvcli -DCMAKE_INSTALL_PREFIX=/home/samir/Documents/learning/ros2_ws/install/cpp_srvcli
[3.246s] Invoking command in '/home/samir/Documents/learning/ros2_ws/build/cpp_srvcli': CMAKE_PREFIX_PATH=/opt/ros/humble /home/samir/.local/bin/cmake --build /home/samir/Documents/learning/ros2_ws/build/cpp_srvcli -- -j16 -l16
[3.296s] [ 25%] [32mBuilding CXX object CMakeFiles/server.dir/src/add_two_ints_server.cpp.o[0m
[3.296s] [ 50%] [32mBuilding CXX object CMakeFiles/client.dir/src/add_two_ints_client.cpp.o[0m
[5.859s] [ 75%] [32m[1mLinking CXX executable server[0m
[6.036s] [ 75%] Built target server
[6.055s] [100%] [32m[1mLinking CXX executable client[0m
[6.163s] [100%] Built target client
[6.463s] Invoked command in '/home/samir/Documents/learning/ros2_ws/build/cpp_srvcli' returned '0': CMAKE_PREFIX_PATH=/opt/ros/humble /home/samir/.local/bin/cmake --build /home/samir/Documents/learning/ros2_ws/build/cpp_srvcli -- -j16 -l16
[6.530s] Invoking command in '/home/samir/Documents/learning/ros2_ws/build/cpp_srvcli': CMAKE_PREFIX_PATH=/opt/ros/humble /home/samir/.local/bin/cmake --install /home/samir/Documents/learning/ros2_ws/build/cpp_srvcli
[6.550s] -- Install configuration: ""
[6.550s] -- Installing: /home/samir/Documents/learning/ros2_ws/install/cpp_srvcli/lib/cpp_srvcli/server
[6.550s] -- Set runtime path of "/home/samir/Documents/learning/ros2_ws/install/cpp_srvcli/lib/cpp_srvcli/server" to ""
[6.550s] -- Installing: /home/samir/Documents/learning/ros2_ws/install/cpp_srvcli/lib/cpp_srvcli/client
[6.551s] -- Set runtime path of "/home/samir/Documents/learning/ros2_ws/install/cpp_srvcli/lib/cpp_srvcli/client" to ""
[6.551s] -- Installing: /home/samir/Documents/learning/ros2_ws/install/cpp_srvcli/share/ament_index/resource_index/package_run_dependencies/cpp_srvcli
[6.551s] -- Installing: /home/samir/Documents/learning/ros2_ws/install/cpp_srvcli/share/ament_index/resource_index/parent_prefix_path/cpp_srvcli
[6.552s] -- Installing: /home/samir/Documents/learning/ros2_ws/install/cpp_srvcli/share/cpp_srvcli/environment/ament_prefix_path.sh
[6.552s] -- Installing: /home/samir/Documents/learning/ros2_ws/install/cpp_srvcli/share/cpp_srvcli/environment/ament_prefix_path.dsv
[6.552s] -- Installing: /home/samir/Documents/learning/ros2_ws/install/cpp_srvcli/share/cpp_srvcli/environment/path.sh
[6.552s] -- Installing: /home/samir/Documents/learning/ros2_ws/install/cpp_srvcli/share/cpp_srvcli/environment/path.dsv
[6.552s] -- Installing: /home/samir/Documents/learning/ros2_ws/install/cpp_srvcli/share/cpp_srvcli/local_setup.bash
[6.552s] -- Installing: /home/samir/Documents/learning/ros2_ws/install/cpp_srvcli/share/cpp_srvcli/local_setup.sh
[6.552s] -- Installing: /home/samir/Documents/learning/ros2_ws/install/cpp_srvcli/share/cpp_srvcli/local_setup.zsh
[6.552s] -- Installing: /home/samir/Documents/learning/ros2_ws/install/cpp_srvcli/share/cpp_srvcli/local_setup.dsv
[6.552s] -- Installing: /home/samir/Documents/learning/ros2_ws/install/cpp_srvcli/share/cpp_srvcli/package.dsv
[6.553s] -- Installing: /home/samir/Documents/learning/ros2_ws/install/cpp_srvcli/share/ament_index/resource_index/packages/cpp_srvcli
[6.553s] -- Installing: /home/samir/Documents/learning/ros2_ws/install/cpp_srvcli/share/cpp_srvcli/cmake/cpp_srvcliConfig.cmake
[6.553s] -- Installing: /home/samir/Documents/learning/ros2_ws/install/cpp_srvcli/share/cpp_srvcli/cmake/cpp_srvcliConfig-version.cmake
[6.553s] -- Installing: /home/samir/Documents/learning/ros2_ws/install/cpp_srvcli/share/cpp_srvcli/package.xml
[6.558s] Invoked command in '/home/samir/Documents/learning/ros2_ws/build/cpp_srvcli' returned '0': CMAKE_PREFIX_PATH=/opt/ros/humble /home/samir/.local/bin/cmake --install /home/samir/Documents/learning/ros2_ws/build/cpp_srvcli
