[7.617s] Invoking command in '/home/samir/Documents/learning/ros2_ws/build/examples_rclpy_minimal_client': PYTHONPATH=/home/samir/Documents/learning/ros2_ws/build/examples_rclpy_minimal_client/prefix_override:/home/samir/Documents/learning/ros2_ws/install/examples_rclpy_minimal_client/lib/python3.10/site-packages:${PYTHONPATH} /usr/bin/python3 setup.py develop --editable --build-directory /home/samir/Documents/learning/ros2_ws/build/examples_rclpy_minimal_client/build --no-deps install_data
[14.720s] running develop
[14.720s] running egg_info
[14.720s] creating examples_rclpy_minimal_client.egg-info
[14.720s] writing examples_rclpy_minimal_client.egg-info/PKG-INFO
[14.721s] writing dependency_links to examples_rclpy_minimal_client.egg-info/dependency_links.txt
[14.721s] writing entry points to examples_rclpy_minimal_client.egg-info/entry_points.txt
[14.721s] writing requirements to examples_rclpy_minimal_client.egg-info/requires.txt
[14.721s] writing top-level names to examples_rclpy_minimal_client.egg-info/top_level.txt
[14.721s] writing manifest file 'examples_rclpy_minimal_client.egg-info/SOURCES.txt'
[14.721s] reading manifest file 'examples_rclpy_minimal_client.egg-info/SOURCES.txt'
[14.721s] writing manifest file 'examples_rclpy_minimal_client.egg-info/SOURCES.txt'
[14.721s] running build_ext
[14.721s] Creating /home/samir/Documents/learning/ros2_ws/install/examples_rclpy_minimal_client/lib/python3.10/site-packages/examples-rclpy-minimal-client.egg-link (link to .)
[14.721s] Installing client script to /home/samir/Documents/learning/ros2_ws/install/examples_rclpy_minimal_client/lib/examples_rclpy_minimal_client
[14.721s] Installing client_async script to /home/samir/Documents/learning/ros2_ws/install/examples_rclpy_minimal_client/lib/examples_rclpy_minimal_client
[14.721s] Installing client_async_callback script to /home/samir/Documents/learning/ros2_ws/install/examples_rclpy_minimal_client/lib/examples_rclpy_minimal_client
[14.721s] Installing client_async_member_function script to /home/samir/Documents/learning/ros2_ws/install/examples_rclpy_minimal_client/lib/examples_rclpy_minimal_client
[14.721s] 
[14.722s] Installed /home/samir/Documents/learning/ros2_ws/build/examples_rclpy_minimal_client
[14.722s] running install_data
[14.722s] creating /home/samir/Documents/learning/ros2_ws/install/examples_rclpy_minimal_client/share/ament_index
[14.722s] creating /home/samir/Documents/learning/ros2_ws/install/examples_rclpy_minimal_client/share/ament_index/resource_index
[14.722s] creating /home/samir/Documents/learning/ros2_ws/install/examples_rclpy_minimal_client/share/ament_index/resource_index/packages
[14.722s] copying resource/examples_rclpy_minimal_client -> /home/samir/Documents/learning/ros2_ws/install/examples_rclpy_minimal_client/share/ament_index/resource_index/packages
[14.722s] copying package.xml -> /home/samir/Documents/learning/ros2_ws/install/examples_rclpy_minimal_client/share/examples_rclpy_minimal_client
[14.740s] /usr/lib/python3/dist-packages/setuptools/command/easy_install.py:158: EasyInstallDeprecationWarning: easy_install command is deprecated. Use build and pip and other standards-based tools.
[14.740s]   warnings.warn(
[14.740s] /usr/lib/python3/dist-packages/setuptools/command/install.py:34: SetuptoolsDeprecationWarning: setup.py install is deprecated. Use build and pip and other standards-based tools.
[14.740s]   warnings.warn(
[14.777s] Invoked command in '/home/samir/Documents/learning/ros2_ws/build/examples_rclpy_minimal_client' returned '0': PYTHONPATH=/home/samir/Documents/learning/ros2_ws/build/examples_rclpy_minimal_client/prefix_override:/home/samir/Documents/learning/ros2_ws/install/examples_rclpy_minimal_client/lib/python3.10/site-packages:${PYTHONPATH} /usr/bin/python3 setup.py develop --editable --build-directory /home/samir/Documents/learning/ros2_ws/build/examples_rclpy_minimal_client/build --no-deps install_data
