[0.056s] Invoking command in '/home/samir/Documents/learning/ros2_ws/build/cpp_pubsub': AMENT_PREFIX_PATH=/home/samir/Documents/learning/ros2_ws/install/tutorial_interfaces:${AMENT_PREFIX_PATH} CMAKE_PREFIX_PATH=/home/samir/Documents/learning/ros2_ws/install/tutorial_interfaces:/opt/ros/humble LD_LIBRARY_PATH=/home/samir/Documents/learning/ros2_ws/install/tutorial_interfaces/lib:${LD_LIBRARY_PATH} PYTHONPATH=/home/samir/Documents/learning/ros2_ws/install/tutorial_interfaces/local/lib/python3.10/dist-packages:${PYTHONPATH} /home/samir/.local/bin/cmake --build /home/samir/Documents/learning/ros2_ws/build/cpp_pubsub -- -j16 -l16
[0.098s] -- Found ament_cmake: 1.3.5 (/opt/ros/humble/share/ament_cmake/cmake)
[0.303s] -- Found rclcpp: 16.0.6 (/opt/ros/humble/share/rclcpp/cmake)
[0.348s] -- Found rosidl_generator_c: 3.1.5 (/opt/ros/humble/share/rosidl_generator_c/cmake)
[0.353s] -- Found rosidl_adapter: 3.1.5 (/opt/ros/humble/share/rosidl_adapter/cmake)
[0.365s] -- Found rosidl_generator_cpp: 3.1.5 (/opt/ros/humble/share/rosidl_generator_cpp/cmake)
[0.379s] -- Using all available rosidl_typesupport_c: rosidl_typesupport_fastrtps_c;rosidl_typesupport_introspection_c
[0.404s] -- Using all available rosidl_typesupport_cpp: rosidl_typesupport_fastrtps_cpp;rosidl_typesupport_introspection_cpp
[0.492s] -- Found rmw_implementation_cmake: 6.1.1 (/opt/ros/humble/share/rmw_implementation_cmake/cmake)
[0.493s] -- Found rmw_fastrtps_cpp: 6.2.4 (/opt/ros/humble/share/rmw_fastrtps_cpp/cmake)
[0.645s] -- Using RMW implementation 'rmw_fastrtps_cpp' as default
[0.897s] -- Found tutorial_interfaces: 0.0.0 (/home/samir/Documents/learning/ros2_ws/install/tutorial_interfaces/share/tutorial_interfaces/cmake)
[1.043s] -- Found ament_lint_auto: 0.12.8 (/opt/ros/humble/share/ament_lint_auto/cmake)
[1.095s] -- Added test 'cppcheck' to perform static code analysis on C / C++ code
[1.095s] -- Configured cppcheck include dirs: 
[1.095s] -- Configured cppcheck exclude dirs and/or files: 
[1.096s] -- Added test 'lint_cmake' to check CMake code style
[1.096s] -- Added test 'uncrustify' to check C / C++ code style
[1.097s] -- Configured uncrustify additional arguments: 
[1.097s] -- Added test 'xmllint' to check XML markup files
[1.098s] -- Configuring done (1.0s)
[1.118s] -- Generating done (0.0s)
[1.121s] -- Build files have been written to: /home/samir/Documents/learning/ros2_ws/build/cpp_pubsub
[1.137s] [ 12%] [32mBuilding CXX object CMakeFiles/listener_custom.dir/src/subscriber_custom_message.cpp.o[0m
[1.150s] [ 37%] Built target listener
[1.150s] [ 62%] Built target talker_custom
[1.151s] [ 87%] Built target talker
[6.557s] [100%] [32m[1mLinking CXX executable listener_custom[0m
[6.802s] [100%] Built target listener_custom
[6.808s] Invoked command in '/home/samir/Documents/learning/ros2_ws/build/cpp_pubsub' returned '0': AMENT_PREFIX_PATH=/home/samir/Documents/learning/ros2_ws/install/tutorial_interfaces:${AMENT_PREFIX_PATH} CMAKE_PREFIX_PATH=/home/samir/Documents/learning/ros2_ws/install/tutorial_interfaces:/opt/ros/humble LD_LIBRARY_PATH=/home/samir/Documents/learning/ros2_ws/install/tutorial_interfaces/lib:${LD_LIBRARY_PATH} PYTHONPATH=/home/samir/Documents/learning/ros2_ws/install/tutorial_interfaces/local/lib/python3.10/dist-packages:${PYTHONPATH} /home/samir/.local/bin/cmake --build /home/samir/Documents/learning/ros2_ws/build/cpp_pubsub -- -j16 -l16
[6.845s] Invoking command in '/home/samir/Documents/learning/ros2_ws/build/cpp_pubsub': AMENT_PREFIX_PATH=/home/samir/Documents/learning/ros2_ws/install/tutorial_interfaces:${AMENT_PREFIX_PATH} CMAKE_PREFIX_PATH=/home/samir/Documents/learning/ros2_ws/install/tutorial_interfaces:/opt/ros/humble LD_LIBRARY_PATH=/home/samir/Documents/learning/ros2_ws/install/tutorial_interfaces/lib:${LD_LIBRARY_PATH} PYTHONPATH=/home/samir/Documents/learning/ros2_ws/install/tutorial_interfaces/local/lib/python3.10/dist-packages:${PYTHONPATH} /home/samir/.local/bin/cmake --install /home/samir/Documents/learning/ros2_ws/build/cpp_pubsub
[6.863s] -- Install configuration: ""
[6.863s] -- Up-to-date: /home/samir/Documents/learning/ros2_ws/install/cpp_pubsub/lib/cpp_pubsub/talker
[6.863s] -- Up-to-date: /home/samir/Documents/learning/ros2_ws/install/cpp_pubsub/lib/cpp_pubsub/listener
[6.864s] -- Up-to-date: /home/samir/Documents/learning/ros2_ws/install/cpp_pubsub/lib/cpp_pubsub/talker_custom
[6.864s] -- Installing: /home/samir/Documents/learning/ros2_ws/install/cpp_pubsub/lib/cpp_pubsub/listener_custom
[6.867s] -- Set runtime path of "/home/samir/Documents/learning/ros2_ws/install/cpp_pubsub/lib/cpp_pubsub/listener_custom" to ""
[6.867s] -- Up-to-date: /home/samir/Documents/learning/ros2_ws/install/cpp_pubsub/share/ament_index/resource_index/package_run_dependencies/cpp_pubsub
[6.867s] -- Up-to-date: /home/samir/Documents/learning/ros2_ws/install/cpp_pubsub/share/ament_index/resource_index/parent_prefix_path/cpp_pubsub
[6.867s] -- Up-to-date: /home/samir/Documents/learning/ros2_ws/install/cpp_pubsub/share/cpp_pubsub/environment/ament_prefix_path.sh
[6.867s] -- Installing: /home/samir/Documents/learning/ros2_ws/install/cpp_pubsub/share/cpp_pubsub/environment/ament_prefix_path.dsv
[6.867s] -- Up-to-date: /home/samir/Documents/learning/ros2_ws/install/cpp_pubsub/share/cpp_pubsub/environment/path.sh
[6.867s] -- Installing: /home/samir/Documents/learning/ros2_ws/install/cpp_pubsub/share/cpp_pubsub/environment/path.dsv
[6.867s] -- Up-to-date: /home/samir/Documents/learning/ros2_ws/install/cpp_pubsub/share/cpp_pubsub/local_setup.bash
[6.868s] -- Up-to-date: /home/samir/Documents/learning/ros2_ws/install/cpp_pubsub/share/cpp_pubsub/local_setup.sh
[6.868s] -- Up-to-date: /home/samir/Documents/learning/ros2_ws/install/cpp_pubsub/share/cpp_pubsub/local_setup.zsh
[6.868s] -- Installing: /home/samir/Documents/learning/ros2_ws/install/cpp_pubsub/share/cpp_pubsub/local_setup.dsv
[6.868s] -- Installing: /home/samir/Documents/learning/ros2_ws/install/cpp_pubsub/share/cpp_pubsub/package.dsv
[6.868s] -- Up-to-date: /home/samir/Documents/learning/ros2_ws/install/cpp_pubsub/share/ament_index/resource_index/packages/cpp_pubsub
[6.868s] -- Up-to-date: /home/samir/Documents/learning/ros2_ws/install/cpp_pubsub/share/cpp_pubsub/cmake/cpp_pubsubConfig.cmake
[6.868s] -- Up-to-date: /home/samir/Documents/learning/ros2_ws/install/cpp_pubsub/share/cpp_pubsub/cmake/cpp_pubsubConfig-version.cmake
[6.868s] -- Up-to-date: /home/samir/Documents/learning/ros2_ws/install/cpp_pubsub/share/cpp_pubsub/package.xml
[6.872s] Invoked command in '/home/samir/Documents/learning/ros2_ws/build/cpp_pubsub' returned '0': AMENT_PREFIX_PATH=/home/samir/Documents/learning/ros2_ws/install/tutorial_interfaces:${AMENT_PREFIX_PATH} CMAKE_PREFIX_PATH=/home/samir/Documents/learning/ros2_ws/install/tutorial_interfaces:/opt/ros/humble LD_LIBRARY_PATH=/home/samir/Documents/learning/ros2_ws/install/tutorial_interfaces/lib:${LD_LIBRARY_PATH} PYTHONPATH=/home/samir/Documents/learning/ros2_ws/install/tutorial_interfaces/local/lib/python3.10/dist-packages:${PYTHONPATH} /home/samir/.local/bin/cmake --install /home/samir/Documents/learning/ros2_ws/build/cpp_pubsub
