[1.823s] Invoking command in '/home/samir/Documents/learning/ros2_ws/build/turtlesim': CMAKE_PREFIX_PATH=/opt/ros/humble /home/samir/.local/bin/cmake --build /home/samir/Documents/learning/ros2_ws/build/turtlesim -- -j16 -l16
[1.865s] [  1%] Built target turtlesim__cpp
[1.867s] [ 11%] Built target turtlesim__rosidl_generator_c
[1.875s] [ 11%] Built target ament_cmake_python_copy_turtlesim
[1.881s] [ 22%] Built target turtlesim__rosidl_typesupport_cpp
[1.882s] [ 31%] Built target turtlesim__rosidl_typesupport_fastrtps_cpp
[1.883s] [ 41%] Built target turtlesim__rosidl_typesupport_introspection_cpp
[1.883s] [ 51%] Built target turtlesim__rosidl_typesupport_introspection_c
[1.885s] [ 61%] Built target turtlesim__rosidl_typesupport_c
[1.887s] [ 71%] Built target turtlesim__rosidl_typesupport_fastrtps_c
[1.897s] [ 71%] Built target turtlesim
[1.900s] [ 74%] Built target turtle_teleop_key
[1.900s] [ 75%] Built target draw_square
[1.900s] [ 77%] Built target mimic
[1.907s] [ 78%] Built target turtlesim__py
[1.907s] [ 84%] Built target turtlesim_node
[1.922s] [ 93%] Built target turtlesim__rosidl_generator_py
[1.934s] [ 95%] Built target turtlesim__rosidl_typesupport_introspection_c__pyext
[1.934s] [ 97%] Built target turtlesim__rosidl_typesupport_c__pyext
[1.934s] [100%] Built target turtlesim__rosidl_typesupport_fastrtps_c__pyext
[2.161s] running egg_info
[2.162s] writing turtlesim.egg-info/PKG-INFO
[2.162s] writing dependency_links to turtlesim.egg-info/dependency_links.txt
[2.162s] writing top-level names to turtlesim.egg-info/top_level.txt
[2.165s] reading manifest file 'turtlesim.egg-info/SOURCES.txt'
[2.166s] writing manifest file 'turtlesim.egg-info/SOURCES.txt'
[2.195s] [100%] Built target ament_cmake_python_build_turtlesim_egg
[2.206s] Invoked command in '/home/samir/Documents/learning/ros2_ws/build/turtlesim' returned '0': CMAKE_PREFIX_PATH=/opt/ros/humble /home/samir/.local/bin/cmake --build /home/samir/Documents/learning/ros2_ws/build/turtlesim -- -j16 -l16
[2.379s] Invoking command in '/home/samir/Documents/learning/ros2_ws/build/turtlesim': CMAKE_PREFIX_PATH=/opt/ros/humble /home/samir/.local/bin/cmake --install /home/samir/Documents/learning/ros2_ws/build/turtlesim
[2.404s] -- Install configuration: ""
[2.404s] -- Up-to-date: /home/samir/Documents/learning/ros2_ws/install/turtlesim/share/ament_index/resource_index/rosidl_interfaces/turtlesim
[2.405s] -- Up-to-date: /home/samir/Documents/learning/ros2_ws/install/turtlesim/include/turtlesim/turtlesim
[2.405s] -- Up-to-date: /home/samir/Documents/learning/ros2_ws/install/turtlesim/include/turtlesim/turtlesim/srv
[2.405s] -- Up-to-date: /home/samir/Documents/learning/ros2_ws/install/turtlesim/include/turtlesim/turtlesim/srv/set_pen.h
[2.405s] -- Up-to-date: /home/samir/Documents/learning/ros2_ws/install/turtlesim/include/turtlesim/turtlesim/srv/teleport_relative.h
[2.405s] -- Up-to-date: /home/samir/Documents/learning/ros2_ws/install/turtlesim/include/turtlesim/turtlesim/srv/spawn.h
[2.406s] -- Up-to-date: /home/samir/Documents/learning/ros2_ws/install/turtlesim/include/turtlesim/turtlesim/srv/kill.h
[2.406s] -- Up-to-date: /home/samir/Documents/learning/ros2_ws/install/turtlesim/include/turtlesim/turtlesim/srv/detail
[2.406s] -- Up-to-date: /home/samir/Documents/learning/ros2_ws/install/turtlesim/include/turtlesim/turtlesim/srv/detail/teleport_absolute__functions.c
[2.406s] -- Up-to-date: /home/samir/Documents/learning/ros2_ws/install/turtlesim/include/turtlesim/turtlesim/srv/detail/teleport_relative__functions.c
[2.407s] -- Up-to-date: /home/samir/Documents/learning/ros2_ws/install/turtlesim/include/turtlesim/turtlesim/srv/detail/kill__functions.h
[2.407s] -- Up-to-date: /home/samir/Documents/learning/ros2_ws/install/turtlesim/include/turtlesim/turtlesim/srv/detail/spawn__struct.h
[2.408s] -- Up-to-date: /home/samir/Documents/learning/ros2_ws/install/turtlesim/include/turtlesim/turtlesim/srv/detail/spawn__type_support.h
[2.408s] -- Up-to-date: /home/samir/Documents/learning/ros2_ws/install/turtlesim/include/turtlesim/turtlesim/srv/detail/spawn__functions.c
[2.409s] -- Up-to-date: /home/samir/Documents/learning/ros2_ws/install/turtlesim/include/turtlesim/turtlesim/srv/detail/set_pen__functions.h
[2.409s] -- Up-to-date: /home/samir/Documents/learning/ros2_ws/install/turtlesim/include/turtlesim/turtlesim/srv/detail/teleport_absolute__functions.h
[2.409s] -- Up-to-date: /home/samir/Documents/learning/ros2_ws/install/turtlesim/include/turtlesim/turtlesim/srv/detail/kill__functions.c
[2.409s] -- Up-to-date: /home/samir/Documents/learning/ros2_ws/install/turtlesim/include/turtlesim/turtlesim/srv/detail/spawn__functions.h
[2.409s] -- Up-to-date: /home/samir/Documents/learning/ros2_ws/install/turtlesim/include/turtlesim/turtlesim/srv/detail/set_pen__struct.h
[2.409s] -- Up-to-date: /home/samir/Documents/learning/ros2_ws/install/turtlesim/include/turtlesim/turtlesim/srv/detail/set_pen__type_support.h
[2.410s] -- Up-to-date: /home/samir/Documents/learning/ros2_ws/install/turtlesim/include/turtlesim/turtlesim/srv/detail/teleport_relative__type_support.h
[2.410s] -- Up-to-date: /home/samir/Documents/learning/ros2_ws/install/turtlesim/include/turtlesim/turtlesim/srv/detail/teleport_absolute__struct.h
[2.410s] -- Up-to-date: /home/samir/Documents/learning/ros2_ws/install/turtlesim/include/turtlesim/turtlesim/srv/detail/kill__struct.h
[2.410s] -- Up-to-date: /home/samir/Documents/learning/ros2_ws/install/turtlesim/include/turtlesim/turtlesim/srv/detail/teleport_relative__struct.h
[2.410s] -- Up-to-date: /home/samir/Documents/learning/ros2_ws/install/turtlesim/include/turtlesim/turtlesim/srv/detail/teleport_absolute__type_support.h
[2.411s] -- Up-to-date: /home/samir/Documents/learning/ros2_ws/install/turtlesim/include/turtlesim/turtlesim/srv/detail/teleport_relative__functions.h
[2.411s] -- Up-to-date: /home/samir/Documents/learning/ros2_ws/install/turtlesim/include/turtlesim/turtlesim/srv/detail/set_pen__functions.c
[2.411s] -- Up-to-date: /home/samir/Documents/learning/ros2_ws/install/turtlesim/include/turtlesim/turtlesim/srv/detail/kill__type_support.h
[2.411s] -- Up-to-date: /home/samir/Documents/learning/ros2_ws/install/turtlesim/include/turtlesim/turtlesim/srv/teleport_absolute.h
[2.412s] -- Up-to-date: /home/samir/Documents/learning/ros2_ws/install/turtlesim/include/turtlesim/turtlesim/action
[2.412s] -- Up-to-date: /home/samir/Documents/learning/ros2_ws/install/turtlesim/include/turtlesim/turtlesim/action/detail
[2.412s] -- Up-to-date: /home/samir/Documents/learning/ros2_ws/install/turtlesim/include/turtlesim/turtlesim/action/detail/rotate_absolute__functions.c
[2.412s] -- Up-to-date: /home/samir/Documents/learning/ros2_ws/install/turtlesim/include/turtlesim/turtlesim/action/detail/rotate_absolute__struct.h
[2.413s] -- Up-to-date: /home/samir/Documents/learning/ros2_ws/install/turtlesim/include/turtlesim/turtlesim/action/detail/rotate_absolute__functions.h
[2.413s] -- Up-to-date: /home/samir/Documents/learning/ros2_ws/install/turtlesim/include/turtlesim/turtlesim/action/detail/rotate_absolute__type_support.h
[2.413s] -- Up-to-date: /home/samir/Documents/learning/ros2_ws/install/turtlesim/include/turtlesim/turtlesim/action/rotate_absolute.h
[2.413s] -- Up-to-date: /home/samir/Documents/learning/ros2_ws/install/turtlesim/include/turtlesim/turtlesim/msg
[2.413s] -- Up-to-date: /home/samir/Documents/learning/ros2_ws/install/turtlesim/include/turtlesim/turtlesim/msg/rosidl_generator_c__visibility_control.h
[2.413s] -- Up-to-date: /home/samir/Documents/learning/ros2_ws/install/turtlesim/include/turtlesim/turtlesim/msg/pose.h
[2.414s] -- Up-to-date: /home/samir/Documents/learning/ros2_ws/install/turtlesim/include/turtlesim/turtlesim/msg/color.h
[2.414s] -- Up-to-date: /home/samir/Documents/learning/ros2_ws/install/turtlesim/include/turtlesim/turtlesim/msg/detail
[2.414s] -- Up-to-date: /home/samir/Documents/learning/ros2_ws/install/turtlesim/include/turtlesim/turtlesim/msg/detail/color__type_support.h
[2.414s] -- Up-to-date: /home/samir/Documents/learning/ros2_ws/install/turtlesim/include/turtlesim/turtlesim/msg/detail/pose__functions.c
[2.414s] -- Up-to-date: /home/samir/Documents/learning/ros2_ws/install/turtlesim/include/turtlesim/turtlesim/msg/detail/color__struct.h
[2.414s] -- Up-to-date: /home/samir/Documents/learning/ros2_ws/install/turtlesim/include/turtlesim/turtlesim/msg/detail/color__functions.h
[2.415s] -- Up-to-date: /home/samir/Documents/learning/ros2_ws/install/turtlesim/include/turtlesim/turtlesim/msg/detail/pose__struct.h
[2.415s] -- Up-to-date: /home/samir/Documents/learning/ros2_ws/install/turtlesim/include/turtlesim/turtlesim/msg/detail/color__functions.c
[2.415s] -- Up-to-date: /home/samir/Documents/learning/ros2_ws/install/turtlesim/include/turtlesim/turtlesim/msg/detail/pose__type_support.h
[2.415s] -- Up-to-date: /home/samir/Documents/learning/ros2_ws/install/turtlesim/include/turtlesim/turtlesim/msg/detail/pose__functions.h
[2.415s] -- Up-to-date: /home/samir/Documents/learning/ros2_ws/install/turtlesim/share/turtlesim/environment/library_path.sh
[2.415s] -- Up-to-date: /home/samir/Documents/learning/ros2_ws/install/turtlesim/share/turtlesim/environment/library_path.dsv
[2.415s] -- Up-to-date: /home/samir/Documents/learning/ros2_ws/install/turtlesim/lib/libturtlesim__rosidl_generator_c.so
[2.416s] -- Up-to-date: /home/samir/Documents/learning/ros2_ws/install/turtlesim/include/turtlesim/turtlesim
[2.416s] -- Up-to-date: /home/samir/Documents/learning/ros2_ws/install/turtlesim/include/turtlesim/turtlesim/srv
[2.416s] -- Up-to-date: /home/samir/Documents/learning/ros2_ws/install/turtlesim/include/turtlesim/turtlesim/srv/detail
[2.416s] -- Up-to-date: /home/samir/Documents/learning/ros2_ws/install/turtlesim/include/turtlesim/turtlesim/srv/detail/set_pen__rosidl_typesupport_fastrtps_c.h
[2.416s] -- Up-to-date: /home/samir/Documents/learning/ros2_ws/install/turtlesim/include/turtlesim/turtlesim/srv/detail/kill__rosidl_typesupport_fastrtps_c.h
[2.416s] -- Up-to-date: /home/samir/Documents/learning/ros2_ws/install/turtlesim/include/turtlesim/turtlesim/srv/detail/teleport_absolute__rosidl_typesupport_fastrtps_c.h
[2.417s] -- Up-to-date: /home/samir/Documents/learning/ros2_ws/install/turtlesim/include/turtlesim/turtlesim/srv/detail/spawn__rosidl_typesupport_fastrtps_c.h
[2.417s] -- Up-to-date: /home/samir/Documents/learning/ros2_ws/install/turtlesim/include/turtlesim/turtlesim/srv/detail/teleport_relative__rosidl_typesupport_fastrtps_c.h
[2.417s] -- Up-to-date: /home/samir/Documents/learning/ros2_ws/install/turtlesim/include/turtlesim/turtlesim/action
[2.417s] -- Up-to-date: /home/samir/Documents/learning/ros2_ws/install/turtlesim/include/turtlesim/turtlesim/action/detail
[2.418s] -- Up-to-date: /home/samir/Documents/learning/ros2_ws/install/turtlesim/include/turtlesim/turtlesim/action/detail/rotate_absolute__rosidl_typesupport_fastrtps_c.h
[2.418s] -- Up-to-date: /home/samir/Documents/learning/ros2_ws/install/turtlesim/include/turtlesim/turtlesim/msg
[2.418s] -- Up-to-date: /home/samir/Documents/learning/ros2_ws/install/turtlesim/include/turtlesim/turtlesim/msg/rosidl_typesupport_fastrtps_c__visibility_control.h
[2.418s] -- Up-to-date: /home/samir/Documents/learning/ros2_ws/install/turtlesim/include/turtlesim/turtlesim/msg/detail
[2.419s] -- Up-to-date: /home/samir/Documents/learning/ros2_ws/install/turtlesim/include/turtlesim/turtlesim/msg/detail/color__rosidl_typesupport_fastrtps_c.h
[2.419s] -- Up-to-date: /home/samir/Documents/learning/ros2_ws/install/turtlesim/include/turtlesim/turtlesim/msg/detail/pose__rosidl_typesupport_fastrtps_c.h
[2.419s] -- Up-to-date: /home/samir/Documents/learning/ros2_ws/install/turtlesim/lib/libturtlesim__rosidl_typesupport_fastrtps_c.so
[2.419s] -- Up-to-date: /home/samir/Documents/learning/ros2_ws/install/turtlesim/include/turtlesim/turtlesim
[2.420s] -- Up-to-date: /home/samir/Documents/learning/ros2_ws/install/turtlesim/include/turtlesim/turtlesim/srv
[2.420s] -- Up-to-date: /home/samir/Documents/learning/ros2_ws/install/turtlesim/include/turtlesim/turtlesim/srv/teleport_absolute.hpp
[2.420s] -- Up-to-date: /home/samir/Documents/learning/ros2_ws/install/turtlesim/include/turtlesim/turtlesim/srv/set_pen.hpp
[2.420s] -- Up-to-date: /home/samir/Documents/learning/ros2_ws/install/turtlesim/include/turtlesim/turtlesim/srv/kill.hpp
[2.420s] -- Up-to-date: /home/samir/Documents/learning/ros2_ws/install/turtlesim/include/turtlesim/turtlesim/srv/spawn.hpp
[2.420s] -- Up-to-date: /home/samir/Documents/learning/ros2_ws/install/turtlesim/include/turtlesim/turtlesim/srv/detail
[2.420s] -- Up-to-date: /home/samir/Documents/learning/ros2_ws/install/turtlesim/include/turtlesim/turtlesim/srv/detail/teleport_relative__builder.hpp
[2.420s] -- Up-to-date: /home/samir/Documents/learning/ros2_ws/install/turtlesim/include/turtlesim/turtlesim/srv/detail/teleport_absolute__struct.hpp
[2.420s] -- Up-to-date: /home/samir/Documents/learning/ros2_ws/install/turtlesim/include/turtlesim/turtlesim/srv/detail/set_pen__struct.hpp
[2.420s] -- Up-to-date: /home/samir/Documents/learning/ros2_ws/install/turtlesim/include/turtlesim/turtlesim/srv/detail/spawn__struct.hpp
[2.420s] -- Up-to-date: /home/samir/Documents/learning/ros2_ws/install/turtlesim/include/turtlesim/turtlesim/srv/detail/spawn__traits.hpp
[2.421s] -- Up-to-date: /home/samir/Documents/learning/ros2_ws/install/turtlesim/include/turtlesim/turtlesim/srv/detail/teleport_relative__traits.hpp
[2.421s] -- Up-to-date: /home/samir/Documents/learning/ros2_ws/install/turtlesim/include/turtlesim/turtlesim/srv/detail/kill__builder.hpp
[2.421s] -- Up-to-date: /home/samir/Documents/learning/ros2_ws/install/turtlesim/include/turtlesim/turtlesim/srv/detail/set_pen__builder.hpp
[2.421s] -- Up-to-date: /home/samir/Documents/learning/ros2_ws/install/turtlesim/include/turtlesim/turtlesim/srv/detail/teleport_relative__struct.hpp
[2.421s] -- Up-to-date: /home/samir/Documents/learning/ros2_ws/install/turtlesim/include/turtlesim/turtlesim/srv/detail/spawn__builder.hpp
[2.421s] -- Up-to-date: /home/samir/Documents/learning/ros2_ws/install/turtlesim/include/turtlesim/turtlesim/srv/detail/teleport_absolute__builder.hpp
[2.422s] -- Up-to-date: /home/samir/Documents/learning/ros2_ws/install/turtlesim/include/turtlesim/turtlesim/srv/detail/kill__traits.hpp
[2.422s] -- Up-to-date: /home/samir/Documents/learning/ros2_ws/install/turtlesim/include/turtlesim/turtlesim/srv/detail/teleport_absolute__traits.hpp
[2.422s] -- Up-to-date: /home/samir/Documents/learning/ros2_ws/install/turtlesim/include/turtlesim/turtlesim/srv/detail/kill__struct.hpp
[2.422s] -- Up-to-date: /home/samir/Documents/learning/ros2_ws/install/turtlesim/include/turtlesim/turtlesim/srv/detail/set_pen__traits.hpp
[2.422s] -- Up-to-date: /home/samir/Documents/learning/ros2_ws/install/turtlesim/include/turtlesim/turtlesim/srv/teleport_relative.hpp
[2.422s] -- Up-to-date: /home/samir/Documents/learning/ros2_ws/install/turtlesim/include/turtlesim/turtlesim/action
[2.422s] -- Up-to-date: /home/samir/Documents/learning/ros2_ws/install/turtlesim/include/turtlesim/turtlesim/action/rotate_absolute.hpp
[2.423s] -- Up-to-date: /home/samir/Documents/learning/ros2_ws/install/turtlesim/include/turtlesim/turtlesim/action/detail
[2.423s] -- Up-to-date: /home/samir/Documents/learning/ros2_ws/install/turtlesim/include/turtlesim/turtlesim/action/detail/rotate_absolute__builder.hpp
[2.423s] -- Up-to-date: /home/samir/Documents/learning/ros2_ws/install/turtlesim/include/turtlesim/turtlesim/action/detail/rotate_absolute__traits.hpp
[2.423s] -- Up-to-date: /home/samir/Documents/learning/ros2_ws/install/turtlesim/include/turtlesim/turtlesim/action/detail/rotate_absolute__struct.hpp
[2.423s] -- Up-to-date: /home/samir/Documents/learning/ros2_ws/install/turtlesim/include/turtlesim/turtlesim/msg
[2.423s] -- Up-to-date: /home/samir/Documents/learning/ros2_ws/install/turtlesim/include/turtlesim/turtlesim/msg/color.hpp
[2.423s] -- Up-to-date: /home/samir/Documents/learning/ros2_ws/install/turtlesim/include/turtlesim/turtlesim/msg/pose.hpp
[2.423s] -- Up-to-date: /home/samir/Documents/learning/ros2_ws/install/turtlesim/include/turtlesim/turtlesim/msg/detail
[2.424s] -- Up-to-date: /home/samir/Documents/learning/ros2_ws/install/turtlesim/include/turtlesim/turtlesim/msg/detail/color__builder.hpp
[2.424s] -- Up-to-date: /home/samir/Documents/learning/ros2_ws/install/turtlesim/include/turtlesim/turtlesim/msg/detail/color__struct.hpp
[2.424s] -- Up-to-date: /home/samir/Documents/learning/ros2_ws/install/turtlesim/include/turtlesim/turtlesim/msg/detail/pose__builder.hpp
[2.424s] -- Up-to-date: /home/samir/Documents/learning/ros2_ws/install/turtlesim/include/turtlesim/turtlesim/msg/detail/pose__traits.hpp
[2.424s] -- Up-to-date: /home/samir/Documents/learning/ros2_ws/install/turtlesim/include/turtlesim/turtlesim/msg/detail/pose__struct.hpp
[2.424s] -- Up-to-date: /home/samir/Documents/learning/ros2_ws/install/turtlesim/include/turtlesim/turtlesim/msg/detail/color__traits.hpp
[2.424s] -- Up-to-date: /home/samir/Documents/learning/ros2_ws/install/turtlesim/include/turtlesim/turtlesim
[2.424s] -- Up-to-date: /home/samir/Documents/learning/ros2_ws/install/turtlesim/include/turtlesim/turtlesim/srv
[2.425s] -- Up-to-date: /home/samir/Documents/learning/ros2_ws/install/turtlesim/include/turtlesim/turtlesim/srv/detail
[2.425s] -- Up-to-date: /home/samir/Documents/learning/ros2_ws/install/turtlesim/include/turtlesim/turtlesim/srv/detail/set_pen__rosidl_typesupport_fastrtps_cpp.hpp
[2.425s] -- Up-to-date: /home/samir/Documents/learning/ros2_ws/install/turtlesim/include/turtlesim/turtlesim/srv/detail/teleport_relative__rosidl_typesupport_fastrtps_cpp.hpp
[2.425s] -- Up-to-date: /home/samir/Documents/learning/ros2_ws/install/turtlesim/include/turtlesim/turtlesim/srv/detail/dds_fastrtps
[2.425s] -- Up-to-date: /home/samir/Documents/learning/ros2_ws/install/turtlesim/include/turtlesim/turtlesim/srv/detail/teleport_absolute__rosidl_typesupport_fastrtps_cpp.hpp
[2.425s] -- Up-to-date: /home/samir/Documents/learning/ros2_ws/install/turtlesim/include/turtlesim/turtlesim/srv/detail/kill__rosidl_typesupport_fastrtps_cpp.hpp
[2.425s] -- Up-to-date: /home/samir/Documents/learning/ros2_ws/install/turtlesim/include/turtlesim/turtlesim/srv/detail/spawn__rosidl_typesupport_fastrtps_cpp.hpp
[2.426s] -- Up-to-date: /home/samir/Documents/learning/ros2_ws/install/turtlesim/include/turtlesim/turtlesim/action
[2.426s] -- Up-to-date: /home/samir/Documents/learning/ros2_ws/install/turtlesim/include/turtlesim/turtlesim/action/detail
[2.426s] -- Up-to-date: /home/samir/Documents/learning/ros2_ws/install/turtlesim/include/turtlesim/turtlesim/action/detail/rotate_absolute__rosidl_typesupport_fastrtps_cpp.hpp
[2.426s] -- Up-to-date: /home/samir/Documents/learning/ros2_ws/install/turtlesim/include/turtlesim/turtlesim/action/detail/dds_fastrtps
[2.426s] -- Up-to-date: /home/samir/Documents/learning/ros2_ws/install/turtlesim/include/turtlesim/turtlesim/msg
[2.426s] -- Up-to-date: /home/samir/Documents/learning/ros2_ws/install/turtlesim/include/turtlesim/turtlesim/msg/detail
[2.426s] -- Up-to-date: /home/samir/Documents/learning/ros2_ws/install/turtlesim/include/turtlesim/turtlesim/msg/detail/dds_fastrtps
[2.426s] -- Up-to-date: /home/samir/Documents/learning/ros2_ws/install/turtlesim/include/turtlesim/turtlesim/msg/detail/color__rosidl_typesupport_fastrtps_cpp.hpp
[2.427s] -- Up-to-date: /home/samir/Documents/learning/ros2_ws/install/turtlesim/include/turtlesim/turtlesim/msg/detail/pose__rosidl_typesupport_fastrtps_cpp.hpp
[2.427s] -- Up-to-date: /home/samir/Documents/learning/ros2_ws/install/turtlesim/include/turtlesim/turtlesim/msg/rosidl_typesupport_fastrtps_cpp__visibility_control.h
[2.427s] -- Up-to-date: /home/samir/Documents/learning/ros2_ws/install/turtlesim/lib/libturtlesim__rosidl_typesupport_fastrtps_cpp.so
[2.427s] -- Up-to-date: /home/samir/Documents/learning/ros2_ws/install/turtlesim/include/turtlesim/turtlesim
[2.427s] -- Up-to-date: /home/samir/Documents/learning/ros2_ws/install/turtlesim/include/turtlesim/turtlesim/srv
[2.427s] -- Up-to-date: /home/samir/Documents/learning/ros2_ws/install/turtlesim/include/turtlesim/turtlesim/srv/detail
[2.427s] -- Up-to-date: /home/samir/Documents/learning/ros2_ws/install/turtlesim/include/turtlesim/turtlesim/srv/detail/set_pen__type_support.c
[2.427s] -- Up-to-date: /home/samir/Documents/learning/ros2_ws/install/turtlesim/include/turtlesim/turtlesim/srv/detail/teleport_absolute__rosidl_typesupport_introspection_c.h
[2.428s] -- Up-to-date: /home/samir/Documents/learning/ros2_ws/install/turtlesim/include/turtlesim/turtlesim/srv/detail/spawn__rosidl_typesupport_introspection_c.h
[2.428s] -- Up-to-date: /home/samir/Documents/learning/ros2_ws/install/turtlesim/include/turtlesim/turtlesim/srv/detail/teleport_relative__rosidl_typesupport_introspection_c.h
[2.428s] -- Up-to-date: /home/samir/Documents/learning/ros2_ws/install/turtlesim/include/turtlesim/turtlesim/srv/detail/kill__type_support.c
[2.428s] -- Up-to-date: /home/samir/Documents/learning/ros2_ws/install/turtlesim/include/turtlesim/turtlesim/srv/detail/teleport_relative__type_support.c
[2.428s] -- Up-to-date: /home/samir/Documents/learning/ros2_ws/install/turtlesim/include/turtlesim/turtlesim/srv/detail/set_pen__rosidl_typesupport_introspection_c.h
[2.428s] -- Up-to-date: /home/samir/Documents/learning/ros2_ws/install/turtlesim/include/turtlesim/turtlesim/srv/detail/spawn__type_support.c
[2.429s] -- Up-to-date: /home/samir/Documents/learning/ros2_ws/install/turtlesim/include/turtlesim/turtlesim/srv/detail/teleport_absolute__type_support.c
[2.429s] -- Up-to-date: /home/samir/Documents/learning/ros2_ws/install/turtlesim/include/turtlesim/turtlesim/srv/detail/kill__rosidl_typesupport_introspection_c.h
[2.429s] -- Up-to-date: /home/samir/Documents/learning/ros2_ws/install/turtlesim/include/turtlesim/turtlesim/action
[2.429s] -- Up-to-date: /home/samir/Documents/learning/ros2_ws/install/turtlesim/include/turtlesim/turtlesim/action/detail
[2.429s] -- Up-to-date: /home/samir/Documents/learning/ros2_ws/install/turtlesim/include/turtlesim/turtlesim/action/detail/rotate_absolute__rosidl_typesupport_introspection_c.h
[2.429s] -- Up-to-date: /home/samir/Documents/learning/ros2_ws/install/turtlesim/include/turtlesim/turtlesim/action/detail/rotate_absolute__type_support.c
[2.429s] -- Up-to-date: /home/samir/Documents/learning/ros2_ws/install/turtlesim/include/turtlesim/turtlesim/msg
[2.429s] -- Up-to-date: /home/samir/Documents/learning/ros2_ws/install/turtlesim/include/turtlesim/turtlesim/msg/rosidl_typesupport_introspection_c__visibility_control.h
[2.430s] -- Up-to-date: /home/samir/Documents/learning/ros2_ws/install/turtlesim/include/turtlesim/turtlesim/msg/detail
[2.430s] -- Up-to-date: /home/samir/Documents/learning/ros2_ws/install/turtlesim/include/turtlesim/turtlesim/msg/detail/color__type_support.c
[2.430s] -- Up-to-date: /home/samir/Documents/learning/ros2_ws/install/turtlesim/include/turtlesim/turtlesim/msg/detail/color__rosidl_typesupport_introspection_c.h
[2.430s] -- Up-to-date: /home/samir/Documents/learning/ros2_ws/install/turtlesim/include/turtlesim/turtlesim/msg/detail/pose__rosidl_typesupport_introspection_c.h
[2.430s] -- Up-to-date: /home/samir/Documents/learning/ros2_ws/install/turtlesim/include/turtlesim/turtlesim/msg/detail/pose__type_support.c
[2.430s] -- Up-to-date: /home/samir/Documents/learning/ros2_ws/install/turtlesim/lib/libturtlesim__rosidl_typesupport_introspection_c.so
[2.430s] -- Up-to-date: /home/samir/Documents/learning/ros2_ws/install/turtlesim/lib/libturtlesim__rosidl_typesupport_c.so
[2.431s] -- Up-to-date: /home/samir/Documents/learning/ros2_ws/install/turtlesim/include/turtlesim/turtlesim
[2.431s] -- Up-to-date: /home/samir/Documents/learning/ros2_ws/install/turtlesim/include/turtlesim/turtlesim/srv
[2.431s] -- Up-to-date: /home/samir/Documents/learning/ros2_ws/install/turtlesim/include/turtlesim/turtlesim/srv/detail
[2.431s] -- Up-to-date: /home/samir/Documents/learning/ros2_ws/install/turtlesim/include/turtlesim/turtlesim/srv/detail/teleport_absolute__type_support.cpp
[2.431s] -- Up-to-date: /home/samir/Documents/learning/ros2_ws/install/turtlesim/include/turtlesim/turtlesim/srv/detail/kill__type_support.cpp
[2.431s] -- Up-to-date: /home/samir/Documents/learning/ros2_ws/install/turtlesim/include/turtlesim/turtlesim/srv/detail/set_pen__type_support.cpp
[2.431s] -- Up-to-date: /home/samir/Documents/learning/ros2_ws/install/turtlesim/include/turtlesim/turtlesim/srv/detail/spawn__rosidl_typesupport_introspection_cpp.hpp
[2.432s] -- Up-to-date: /home/samir/Documents/learning/ros2_ws/install/turtlesim/include/turtlesim/turtlesim/srv/detail/set_pen__rosidl_typesupport_introspection_cpp.hpp
[2.432s] -- Up-to-date: /home/samir/Documents/learning/ros2_ws/install/turtlesim/include/turtlesim/turtlesim/srv/detail/kill__rosidl_typesupport_introspection_cpp.hpp
[2.432s] -- Up-to-date: /home/samir/Documents/learning/ros2_ws/install/turtlesim/include/turtlesim/turtlesim/srv/detail/spawn__type_support.cpp
[2.432s] -- Up-to-date: /home/samir/Documents/learning/ros2_ws/install/turtlesim/include/turtlesim/turtlesim/srv/detail/teleport_relative__type_support.cpp
[2.432s] -- Up-to-date: /home/samir/Documents/learning/ros2_ws/install/turtlesim/include/turtlesim/turtlesim/srv/detail/teleport_absolute__rosidl_typesupport_introspection_cpp.hpp
[2.432s] -- Up-to-date: /home/samir/Documents/learning/ros2_ws/install/turtlesim/include/turtlesim/turtlesim/srv/detail/teleport_relative__rosidl_typesupport_introspection_cpp.hpp
[2.433s] -- Up-to-date: /home/samir/Documents/learning/ros2_ws/install/turtlesim/include/turtlesim/turtlesim/action
[2.433s] -- Up-to-date: /home/samir/Documents/learning/ros2_ws/install/turtlesim/include/turtlesim/turtlesim/action/detail
[2.433s] -- Up-to-date: /home/samir/Documents/learning/ros2_ws/install/turtlesim/include/turtlesim/turtlesim/action/detail/rotate_absolute__rosidl_typesupport_introspection_cpp.hpp
[2.433s] -- Up-to-date: /home/samir/Documents/learning/ros2_ws/install/turtlesim/include/turtlesim/turtlesim/action/detail/rotate_absolute__type_support.cpp
[2.433s] -- Up-to-date: /home/samir/Documents/learning/ros2_ws/install/turtlesim/include/turtlesim/turtlesim/msg
[2.433s] -- Up-to-date: /home/samir/Documents/learning/ros2_ws/install/turtlesim/include/turtlesim/turtlesim/msg/detail
[2.433s] -- Up-to-date: /home/samir/Documents/learning/ros2_ws/install/turtlesim/include/turtlesim/turtlesim/msg/detail/pose__rosidl_typesupport_introspection_cpp.hpp
[2.434s] -- Up-to-date: /home/samir/Documents/learning/ros2_ws/install/turtlesim/include/turtlesim/turtlesim/msg/detail/color__rosidl_typesupport_introspection_cpp.hpp
[2.434s] -- Up-to-date: /home/samir/Documents/learning/ros2_ws/install/turtlesim/include/turtlesim/turtlesim/msg/detail/color__type_support.cpp
[2.434s] -- Up-to-date: /home/samir/Documents/learning/ros2_ws/install/turtlesim/include/turtlesim/turtlesim/msg/detail/pose__type_support.cpp
[2.434s] -- Up-to-date: /home/samir/Documents/learning/ros2_ws/install/turtlesim/lib/libturtlesim__rosidl_typesupport_introspection_cpp.so
[2.435s] -- Up-to-date: /home/samir/Documents/learning/ros2_ws/install/turtlesim/lib/libturtlesim__rosidl_typesupport_cpp.so
[2.435s] -- Up-to-date: /home/samir/Documents/learning/ros2_ws/install/turtlesim/share/turtlesim/environment/pythonpath.sh
[2.435s] -- Up-to-date: /home/samir/Documents/learning/ros2_ws/install/turtlesim/share/turtlesim/environment/pythonpath.dsv
[2.436s] -- Up-to-date: /home/samir/Documents/learning/ros2_ws/install/turtlesim/local/lib/python3.10/dist-packages/turtlesim-1.4.2-py3.10.egg-info
[2.436s] -- Installing: /home/samir/Documents/learning/ros2_ws/install/turtlesim/local/lib/python3.10/dist-packages/turtlesim-1.4.2-py3.10.egg-info/PKG-INFO
[2.437s] -- Installing: /home/samir/Documents/learning/ros2_ws/install/turtlesim/local/lib/python3.10/dist-packages/turtlesim-1.4.2-py3.10.egg-info/top_level.txt
[2.437s] -- Installing: /home/samir/Documents/learning/ros2_ws/install/turtlesim/local/lib/python3.10/dist-packages/turtlesim-1.4.2-py3.10.egg-info/dependency_links.txt
[2.437s] -- Installing: /home/samir/Documents/learning/ros2_ws/install/turtlesim/local/lib/python3.10/dist-packages/turtlesim-1.4.2-py3.10.egg-info/SOURCES.txt
[2.438s] -- Up-to-date: /home/samir/Documents/learning/ros2_ws/install/turtlesim/local/lib/python3.10/dist-packages/turtlesim
[2.438s] -- Up-to-date: /home/samir/Documents/learning/ros2_ws/install/turtlesim/local/lib/python3.10/dist-packages/turtlesim/_turtlesim_s.ep.rosidl_typesupport_c.c
[2.439s] -- Up-to-date: /home/samir/Documents/learning/ros2_ws/install/turtlesim/local/lib/python3.10/dist-packages/turtlesim/__init__.py
[2.439s] -- Up-to-date: /home/samir/Documents/learning/ros2_ws/install/turtlesim/local/lib/python3.10/dist-packages/turtlesim/srv
[2.440s] -- Up-to-date: /home/samir/Documents/learning/ros2_ws/install/turtlesim/local/lib/python3.10/dist-packages/turtlesim/srv/_set_pen_s.c
[2.440s] -- Up-to-date: /home/samir/Documents/learning/ros2_ws/install/turtlesim/local/lib/python3.10/dist-packages/turtlesim/srv/_teleport_absolute_s.c
[2.440s] -- Up-to-date: /home/samir/Documents/learning/ros2_ws/install/turtlesim/local/lib/python3.10/dist-packages/turtlesim/srv/_set_pen.py
[2.440s] -- Up-to-date: /home/samir/Documents/learning/ros2_ws/install/turtlesim/local/lib/python3.10/dist-packages/turtlesim/srv/_spawn_s.c
[2.441s] -- Up-to-date: /home/samir/Documents/learning/ros2_ws/install/turtlesim/local/lib/python3.10/dist-packages/turtlesim/srv/__init__.py
[2.441s] -- Up-to-date: /home/samir/Documents/learning/ros2_ws/install/turtlesim/local/lib/python3.10/dist-packages/turtlesim/srv/_teleport_absolute.py
[2.441s] -- Up-to-date: /home/samir/Documents/learning/ros2_ws/install/turtlesim/local/lib/python3.10/dist-packages/turtlesim/srv/_kill.py
[2.441s] -- Up-to-date: /home/samir/Documents/learning/ros2_ws/install/turtlesim/local/lib/python3.10/dist-packages/turtlesim/srv/_kill_s.c
[2.441s] -- Up-to-date: /home/samir/Documents/learning/ros2_ws/install/turtlesim/local/lib/python3.10/dist-packages/turtlesim/srv/_teleport_relative_s.c
[2.442s] -- Up-to-date: /home/samir/Documents/learning/ros2_ws/install/turtlesim/local/lib/python3.10/dist-packages/turtlesim/srv/_spawn.py
[2.442s] -- Up-to-date: /home/samir/Documents/learning/ros2_ws/install/turtlesim/local/lib/python3.10/dist-packages/turtlesim/srv/_teleport_relative.py
[2.442s] -- Up-to-date: /home/samir/Documents/learning/ros2_ws/install/turtlesim/local/lib/python3.10/dist-packages/turtlesim/turtlesim_s__rosidl_typesupport_fastrtps_c.cpython-310-x86_64-linux-gnu.so
[2.442s] -- Up-to-date: /home/samir/Documents/learning/ros2_ws/install/turtlesim/local/lib/python3.10/dist-packages/turtlesim/_turtlesim_s.ep.rosidl_typesupport_fastrtps_c.c
[2.443s] -- Up-to-date: /home/samir/Documents/learning/ros2_ws/install/turtlesim/local/lib/python3.10/dist-packages/turtlesim/libturtlesim__rosidl_generator_py.so
[2.443s] -- Up-to-date: /home/samir/Documents/learning/ros2_ws/install/turtlesim/local/lib/python3.10/dist-packages/turtlesim/turtlesim_s__rosidl_typesupport_c.cpython-310-x86_64-linux-gnu.so
[2.443s] -- Up-to-date: /home/samir/Documents/learning/ros2_ws/install/turtlesim/local/lib/python3.10/dist-packages/turtlesim/_turtlesim_s.ep.rosidl_typesupport_introspection_c.c
[2.444s] -- Up-to-date: /home/samir/Documents/learning/ros2_ws/install/turtlesim/local/lib/python3.10/dist-packages/turtlesim/action
[2.445s] -- Up-to-date: /home/samir/Documents/learning/ros2_ws/install/turtlesim/local/lib/python3.10/dist-packages/turtlesim/action/_rotate_absolute.py
[2.445s] -- Up-to-date: /home/samir/Documents/learning/ros2_ws/install/turtlesim/local/lib/python3.10/dist-packages/turtlesim/action/__init__.py
[2.445s] -- Up-to-date: /home/samir/Documents/learning/ros2_ws/install/turtlesim/local/lib/python3.10/dist-packages/turtlesim/action/_rotate_absolute_s.c
[2.445s] -- Up-to-date: /home/samir/Documents/learning/ros2_ws/install/turtlesim/local/lib/python3.10/dist-packages/turtlesim/msg
[2.446s] -- Up-to-date: /home/samir/Documents/learning/ros2_ws/install/turtlesim/local/lib/python3.10/dist-packages/turtlesim/msg/_color.py
[2.446s] -- Up-to-date: /home/samir/Documents/learning/ros2_ws/install/turtlesim/local/lib/python3.10/dist-packages/turtlesim/msg/_color_s.c
[2.446s] -- Up-to-date: /home/samir/Documents/learning/ros2_ws/install/turtlesim/local/lib/python3.10/dist-packages/turtlesim/msg/__init__.py
[2.447s] -- Up-to-date: /home/samir/Documents/learning/ros2_ws/install/turtlesim/local/lib/python3.10/dist-packages/turtlesim/msg/_pose.py
[2.447s] -- Up-to-date: /home/samir/Documents/learning/ros2_ws/install/turtlesim/local/lib/python3.10/dist-packages/turtlesim/msg/_pose_s.c
[2.447s] -- Up-to-date: /home/samir/Documents/learning/ros2_ws/install/turtlesim/local/lib/python3.10/dist-packages/turtlesim/turtlesim_s__rosidl_typesupport_introspection_c.cpython-310-x86_64-linux-gnu.so
[2.451s] Listing '/home/samir/Documents/learning/ros2_ws/install/turtlesim/local/lib/python3.10/dist-packages/turtlesim'...
[2.451s] Listing '/home/samir/Documents/learning/ros2_ws/install/turtlesim/local/lib/python3.10/dist-packages/turtlesim/action'...
[2.451s] Listing '/home/samir/Documents/learning/ros2_ws/install/turtlesim/local/lib/python3.10/dist-packages/turtlesim/msg'...
[2.451s] Listing '/home/samir/Documents/learning/ros2_ws/install/turtlesim/local/lib/python3.10/dist-packages/turtlesim/srv'...
[2.453s] -- Up-to-date: /home/samir/Documents/learning/ros2_ws/install/turtlesim/local/lib/python3.10/dist-packages/turtlesim/turtlesim_s__rosidl_typesupport_fastrtps_c.cpython-310-x86_64-linux-gnu.so
[2.454s] -- Up-to-date: /home/samir/Documents/learning/ros2_ws/install/turtlesim/local/lib/python3.10/dist-packages/turtlesim/turtlesim_s__rosidl_typesupport_introspection_c.cpython-310-x86_64-linux-gnu.so
[2.454s] -- Up-to-date: /home/samir/Documents/learning/ros2_ws/install/turtlesim/local/lib/python3.10/dist-packages/turtlesim/turtlesim_s__rosidl_typesupport_c.cpython-310-x86_64-linux-gnu.so
[2.454s] -- Up-to-date: /home/samir/Documents/learning/ros2_ws/install/turtlesim/lib/libturtlesim__rosidl_generator_py.so
[2.454s] -- Up-to-date: /home/samir/Documents/learning/ros2_ws/install/turtlesim/share/turtlesim/action/RotateAbsolute.idl
[2.454s] -- Up-to-date: /home/samir/Documents/learning/ros2_ws/install/turtlesim/share/turtlesim/msg/Color.idl
[2.455s] -- Up-to-date: /home/samir/Documents/learning/ros2_ws/install/turtlesim/share/turtlesim/msg/Pose.idl
[2.455s] -- Up-to-date: /home/samir/Documents/learning/ros2_ws/install/turtlesim/share/turtlesim/srv/Kill.idl
[2.455s] -- Up-to-date: /home/samir/Documents/learning/ros2_ws/install/turtlesim/share/turtlesim/srv/SetPen.idl
[2.455s] -- Up-to-date: /home/samir/Documents/learning/ros2_ws/install/turtlesim/share/turtlesim/srv/Spawn.idl
[2.455s] -- Up-to-date: /home/samir/Documents/learning/ros2_ws/install/turtlesim/share/turtlesim/srv/TeleportAbsolute.idl
[2.456s] -- Up-to-date: /home/samir/Documents/learning/ros2_ws/install/turtlesim/share/turtlesim/srv/TeleportRelative.idl
[2.456s] -- Up-to-date: /home/samir/Documents/learning/ros2_ws/install/turtlesim/share/turtlesim/action/RotateAbsolute.action
[2.456s] -- Up-to-date: /home/samir/Documents/learning/ros2_ws/install/turtlesim/share/turtlesim/msg/Color.msg
[2.456s] -- Up-to-date: /home/samir/Documents/learning/ros2_ws/install/turtlesim/share/turtlesim/msg/Pose.msg
[2.456s] -- Up-to-date: /home/samir/Documents/learning/ros2_ws/install/turtlesim/share/turtlesim/srv/Kill.srv
[2.457s] -- Up-to-date: /home/samir/Documents/learning/ros2_ws/install/turtlesim/share/turtlesim/srv/Kill_Request.msg
[2.457s] -- Up-to-date: /home/samir/Documents/learning/ros2_ws/install/turtlesim/share/turtlesim/srv/Kill_Response.msg
[2.457s] -- Up-to-date: /home/samir/Documents/learning/ros2_ws/install/turtlesim/share/turtlesim/srv/SetPen.srv
[2.457s] -- Up-to-date: /home/samir/Documents/learning/ros2_ws/install/turtlesim/share/turtlesim/srv/SetPen_Request.msg
[2.457s] -- Up-to-date: /home/samir/Documents/learning/ros2_ws/install/turtlesim/share/turtlesim/srv/SetPen_Response.msg
[2.458s] -- Up-to-date: /home/samir/Documents/learning/ros2_ws/install/turtlesim/share/turtlesim/srv/Spawn.srv
[2.458s] -- Up-to-date: /home/samir/Documents/learning/ros2_ws/install/turtlesim/share/turtlesim/srv/Spawn_Request.msg
[2.458s] -- Up-to-date: /home/samir/Documents/learning/ros2_ws/install/turtlesim/share/turtlesim/srv/Spawn_Response.msg
[2.458s] -- Up-to-date: /home/samir/Documents/learning/ros2_ws/install/turtlesim/share/turtlesim/srv/TeleportAbsolute.srv
[2.458s] -- Up-to-date: /home/samir/Documents/learning/ros2_ws/install/turtlesim/share/turtlesim/srv/TeleportAbsolute_Request.msg
[2.459s] -- Up-to-date: /home/samir/Documents/learning/ros2_ws/install/turtlesim/share/turtlesim/srv/TeleportAbsolute_Response.msg
[2.459s] -- Up-to-date: /home/samir/Documents/learning/ros2_ws/install/turtlesim/share/turtlesim/srv/TeleportRelative.srv
[2.459s] -- Up-to-date: /home/samir/Documents/learning/ros2_ws/install/turtlesim/share/turtlesim/srv/TeleportRelative_Request.msg
[2.459s] -- Up-to-date: /home/samir/Documents/learning/ros2_ws/install/turtlesim/share/turtlesim/srv/TeleportRelative_Response.msg
[2.460s] -- Up-to-date: /home/samir/Documents/learning/ros2_ws/install/turtlesim/lib/turtlesim/turtlesim_node
[2.460s] -- Up-to-date: /home/samir/Documents/learning/ros2_ws/install/turtlesim/lib/turtlesim/turtle_teleop_key
[2.460s] -- Up-to-date: /home/samir/Documents/learning/ros2_ws/install/turtlesim/lib/turtlesim/draw_square
[2.460s] -- Up-to-date: /home/samir/Documents/learning/ros2_ws/install/turtlesim/lib/turtlesim/mimic
[2.460s] -- Up-to-date: /home/samir/Documents/learning/ros2_ws/install/turtlesim/share/turtlesim/images
[2.460s] -- Up-to-date: /home/samir/Documents/learning/ros2_ws/install/turtlesim/share/turtlesim/images/rolling.png
[2.460s] -- Up-to-date: /home/samir/Documents/learning/ros2_ws/install/turtlesim/share/turtlesim/images/humble.png
[2.461s] -- Up-to-date: /home/samir/Documents/learning/ros2_ws/install/turtlesim/share/turtlesim/images/crystal.png
[2.461s] -- Up-to-date: /home/samir/Documents/learning/ros2_ws/install/turtlesim/share/turtlesim/images/galactic.png
[2.461s] -- Up-to-date: /home/samir/Documents/learning/ros2_ws/install/turtlesim/share/turtlesim/images/ardent.png
[2.461s] -- Up-to-date: /home/samir/Documents/learning/ros2_ws/install/turtlesim/share/turtlesim/images/dashing.png
[2.462s] -- Up-to-date: /home/samir/Documents/learning/ros2_ws/install/turtlesim/share/turtlesim/images/bouncy.png
[2.462s] -- Up-to-date: /home/samir/Documents/learning/ros2_ws/install/turtlesim/share/turtlesim/images/eloquent.png
[2.462s] -- Up-to-date: /home/samir/Documents/learning/ros2_ws/install/turtlesim/share/turtlesim/images/foxy.png
[2.462s] -- Up-to-date: /home/samir/Documents/learning/ros2_ws/install/turtlesim/share/turtlesim/launch
[2.462s] -- Up-to-date: /home/samir/Documents/learning/ros2_ws/install/turtlesim/share/turtlesim/launch/multisim.launch.py
[2.462s] -- Up-to-date: /home/samir/Documents/learning/ros2_ws/install/turtlesim/share/ament_index/resource_index/package_run_dependencies/turtlesim
[2.462s] -- Up-to-date: /home/samir/Documents/learning/ros2_ws/install/turtlesim/share/ament_index/resource_index/parent_prefix_path/turtlesim
[2.463s] -- Up-to-date: /home/samir/Documents/learning/ros2_ws/install/turtlesim/share/turtlesim/environment/ament_prefix_path.sh
[2.463s] -- Up-to-date: /home/samir/Documents/learning/ros2_ws/install/turtlesim/share/turtlesim/environment/ament_prefix_path.dsv
[2.463s] -- Up-to-date: /home/samir/Documents/learning/ros2_ws/install/turtlesim/share/turtlesim/environment/path.sh
[2.463s] -- Up-to-date: /home/samir/Documents/learning/ros2_ws/install/turtlesim/share/turtlesim/environment/path.dsv
[2.464s] -- Up-to-date: /home/samir/Documents/learning/ros2_ws/install/turtlesim/share/turtlesim/local_setup.bash
[2.464s] -- Up-to-date: /home/samir/Documents/learning/ros2_ws/install/turtlesim/share/turtlesim/local_setup.sh
[2.464s] -- Up-to-date: /home/samir/Documents/learning/ros2_ws/install/turtlesim/share/turtlesim/local_setup.zsh
[2.464s] -- Up-to-date: /home/samir/Documents/learning/ros2_ws/install/turtlesim/share/turtlesim/local_setup.dsv
[2.465s] -- Installing: /home/samir/Documents/learning/ros2_ws/install/turtlesim/share/turtlesim/package.dsv
[2.465s] -- Up-to-date: /home/samir/Documents/learning/ros2_ws/install/turtlesim/share/ament_index/resource_index/packages/turtlesim
[2.465s] -- Up-to-date: /home/samir/Documents/learning/ros2_ws/install/turtlesim/share/turtlesim/cmake/export_turtlesim__rosidl_generator_cExport.cmake
[2.465s] -- Up-to-date: /home/samir/Documents/learning/ros2_ws/install/turtlesim/share/turtlesim/cmake/export_turtlesim__rosidl_generator_cExport-noconfig.cmake
[2.466s] -- Up-to-date: /home/samir/Documents/learning/ros2_ws/install/turtlesim/share/turtlesim/cmake/export_turtlesim__rosidl_typesupport_fastrtps_cExport.cmake
[2.466s] -- Up-to-date: /home/samir/Documents/learning/ros2_ws/install/turtlesim/share/turtlesim/cmake/export_turtlesim__rosidl_typesupport_fastrtps_cExport-noconfig.cmake
[2.466s] -- Up-to-date: /home/samir/Documents/learning/ros2_ws/install/turtlesim/share/turtlesim/cmake/export_turtlesim__rosidl_generator_cppExport.cmake
[2.466s] -- Up-to-date: /home/samir/Documents/learning/ros2_ws/install/turtlesim/share/turtlesim/cmake/export_turtlesim__rosidl_typesupport_fastrtps_cppExport.cmake
[2.466s] -- Up-to-date: /home/samir/Documents/learning/ros2_ws/install/turtlesim/share/turtlesim/cmake/export_turtlesim__rosidl_typesupport_fastrtps_cppExport-noconfig.cmake
[2.466s] -- Up-to-date: /home/samir/Documents/learning/ros2_ws/install/turtlesim/share/turtlesim/cmake/turtlesim__rosidl_typesupport_introspection_cExport.cmake
[2.467s] -- Up-to-date: /home/samir/Documents/learning/ros2_ws/install/turtlesim/share/turtlesim/cmake/turtlesim__rosidl_typesupport_introspection_cExport-noconfig.cmake
[2.467s] -- Up-to-date: /home/samir/Documents/learning/ros2_ws/install/turtlesim/share/turtlesim/cmake/turtlesim__rosidl_typesupport_cExport.cmake
[2.467s] -- Up-to-date: /home/samir/Documents/learning/ros2_ws/install/turtlesim/share/turtlesim/cmake/turtlesim__rosidl_typesupport_cExport-noconfig.cmake
[2.469s] -- Up-to-date: /home/samir/Documents/learning/ros2_ws/install/turtlesim/share/turtlesim/cmake/turtlesim__rosidl_typesupport_introspection_cppExport.cmake
[2.469s] -- Up-to-date: /home/samir/Documents/learning/ros2_ws/install/turtlesim/share/turtlesim/cmake/turtlesim__rosidl_typesupport_introspection_cppExport-noconfig.cmake
[2.469s] -- Up-to-date: /home/samir/Documents/learning/ros2_ws/install/turtlesim/share/turtlesim/cmake/turtlesim__rosidl_typesupport_cppExport.cmake
[2.469s] -- Up-to-date: /home/samir/Documents/learning/ros2_ws/install/turtlesim/share/turtlesim/cmake/turtlesim__rosidl_typesupport_cppExport-noconfig.cmake
[2.469s] -- Up-to-date: /home/samir/Documents/learning/ros2_ws/install/turtlesim/share/turtlesim/cmake/export_turtlesim__rosidl_generator_pyExport.cmake
[2.469s] -- Up-to-date: /home/samir/Documents/learning/ros2_ws/install/turtlesim/share/turtlesim/cmake/export_turtlesim__rosidl_generator_pyExport-noconfig.cmake
[2.470s] -- Up-to-date: /home/samir/Documents/learning/ros2_ws/install/turtlesim/share/turtlesim/cmake/rosidl_cmake-extras.cmake
[2.470s] -- Up-to-date: /home/samir/Documents/learning/ros2_ws/install/turtlesim/share/turtlesim/cmake/ament_cmake_export_dependencies-extras.cmake
[2.470s] -- Up-to-date: /home/samir/Documents/learning/ros2_ws/install/turtlesim/share/turtlesim/cmake/ament_cmake_export_include_directories-extras.cmake
[2.470s] -- Up-to-date: /home/samir/Documents/learning/ros2_ws/install/turtlesim/share/turtlesim/cmake/ament_cmake_export_libraries-extras.cmake
[2.470s] -- Up-to-date: /home/samir/Documents/learning/ros2_ws/install/turtlesim/share/turtlesim/cmake/ament_cmake_export_targets-extras.cmake
[2.471s] -- Up-to-date: /home/samir/Documents/learning/ros2_ws/install/turtlesim/share/turtlesim/cmake/rosidl_cmake_export_typesupport_targets-extras.cmake
[2.471s] -- Up-to-date: /home/samir/Documents/learning/ros2_ws/install/turtlesim/share/turtlesim/cmake/rosidl_cmake_export_typesupport_libraries-extras.cmake
[2.471s] -- Up-to-date: /home/samir/Documents/learning/ros2_ws/install/turtlesim/share/turtlesim/cmake/turtlesimConfig.cmake
[2.471s] -- Up-to-date: /home/samir/Documents/learning/ros2_ws/install/turtlesim/share/turtlesim/cmake/turtlesimConfig-version.cmake
[2.471s] -- Up-to-date: /home/samir/Documents/learning/ros2_ws/install/turtlesim/share/turtlesim/package.xml
[2.690s] Invoked command in '/home/samir/Documents/learning/ros2_ws/build/turtlesim' returned '0': CMAKE_PREFIX_PATH=/opt/ros/humble /home/samir/.local/bin/cmake --install /home/samir/Documents/learning/ros2_ws/build/turtlesim
