[0.056s] Invoking command in '/home/samir/Documents/learning/ros2_ws/src/my_package/build/my_package': CMAKE_PREFIX_PATH=${CMAKE_PREFIX_PATH}:/home/samir/Documents/learning/ros2_ws/install/launch_testing_examples:/home/samir/Documents/learning/ros2_ws/install/examples_rclpy_pointcloud_publisher:/home/samir/Documents/learning/ros2_ws/install/examples_rclpy_minimal_subscriber:/home/samir/Documents/learning/ros2_ws/install/examples_rclpy_minimal_service:/home/samir/Documents/learning/ros2_ws/install/examples_rclpy_minimal_publisher:/home/samir/Documents/learning/ros2_ws/install/examples_rclpy_minimal_client:/home/samir/Documents/learning/ros2_ws/install/examples_rclpy_minimal_action_server:/home/samir/Documents/learning/ros2_ws/install/examples_rclpy_minimal_action_client:/home/samir/Documents/learning/ros2_ws/install/examples_rclpy_guard_conditions:/home/samir/Documents/learning/ros2_ws/install/examples_rclpy_executors:/opt/ros/humble /home/samir/.local/bin/cmake /home/samir/Documents/learning/ros2_ws/src/my_package -DCMAKE_INSTALL_PREFIX=/home/samir/Documents/learning/ros2_ws/src/my_package/install/my_package
[0.118s] -- The C compiler identification is GNU 11.4.0
[0.158s] -- The CXX compiler identification is GNU 11.4.0
[0.169s] -- Detecting C compiler ABI info
[0.211s] -- Detecting C compiler ABI info - done
[0.222s] -- Check for working C compiler: /usr/bin/cc - skipped
[0.222s] -- Detecting C compile features
[0.222s] -- Detecting C compile features - done
[0.230s] -- Detecting CXX compiler ABI info
[0.280s] -- Detecting CXX compiler ABI info - done
[0.290s] -- Check for working CXX compiler: /usr/bin/c++ - skipped
[0.290s] -- Detecting CXX compile features
[0.291s] -- Detecting CXX compile features - done
[0.294s] -- Found ament_cmake: 1.3.5 (/opt/ros/humble/share/ament_cmake/cmake)
[0.666s] -- Found Python3: /usr/bin/python3.10 (found version "3.10.12") found components: Interpreter 
[0.779s] -- Found ament_lint_auto: 0.12.8 (/opt/ros/humble/share/ament_lint_auto/cmake)
[0.850s] -- Added test 'cppcheck' to perform static code analysis on C / C++ code
[0.850s] -- Configured cppcheck include dirs: $<BUILD_INTERFACE:/home/samir/Documents/learning/ros2_ws/src/my_package/include>
[0.850s] -- Configured cppcheck exclude dirs and/or files: 
[0.852s] -- Added test 'lint_cmake' to check CMake code style
[0.856s] -- Added test 'uncrustify' to check C / C++ code style
[0.856s] -- Configured uncrustify additional arguments: 
[0.858s] -- Added test 'xmllint' to check XML markup files
[0.861s] -- Configuring done (0.8s)
[0.866s] -- Generating done (0.0s)
[0.866s] -- Build files have been written to: /home/samir/Documents/learning/ros2_ws/src/my_package/build/my_package
[0.873s] Invoked command in '/home/samir/Documents/learning/ros2_ws/src/my_package/build/my_package' returned '0': CMAKE_PREFIX_PATH=${CMAKE_PREFIX_PATH}:/home/samir/Documents/learning/ros2_ws/install/launch_testing_examples:/home/samir/Documents/learning/ros2_ws/install/examples_rclpy_pointcloud_publisher:/home/samir/Documents/learning/ros2_ws/install/examples_rclpy_minimal_subscriber:/home/samir/Documents/learning/ros2_ws/install/examples_rclpy_minimal_service:/home/samir/Documents/learning/ros2_ws/install/examples_rclpy_minimal_publisher:/home/samir/Documents/learning/ros2_ws/install/examples_rclpy_minimal_client:/home/samir/Documents/learning/ros2_ws/install/examples_rclpy_minimal_action_server:/home/samir/Documents/learning/ros2_ws/install/examples_rclpy_minimal_action_client:/home/samir/Documents/learning/ros2_ws/install/examples_rclpy_guard_conditions:/home/samir/Documents/learning/ros2_ws/install/examples_rclpy_executors:/opt/ros/humble /home/samir/.local/bin/cmake /home/samir/Documents/learning/ros2_ws/src/my_package -DCMAKE_INSTALL_PREFIX=/home/samir/Documents/learning/ros2_ws/src/my_package/install/my_package
[0.875s] Invoking command in '/home/samir/Documents/learning/ros2_ws/src/my_package/build/my_package': CMAKE_PREFIX_PATH=${CMAKE_PREFIX_PATH}:/home/samir/Documents/learning/ros2_ws/install/launch_testing_examples:/home/samir/Documents/learning/ros2_ws/install/examples_rclpy_pointcloud_publisher:/home/samir/Documents/learning/ros2_ws/install/examples_rclpy_minimal_subscriber:/home/samir/Documents/learning/ros2_ws/install/examples_rclpy_minimal_service:/home/samir/Documents/learning/ros2_ws/install/examples_rclpy_minimal_publisher:/home/samir/Documents/learning/ros2_ws/install/examples_rclpy_minimal_client:/home/samir/Documents/learning/ros2_ws/install/examples_rclpy_minimal_action_server:/home/samir/Documents/learning/ros2_ws/install/examples_rclpy_minimal_action_client:/home/samir/Documents/learning/ros2_ws/install/examples_rclpy_guard_conditions:/home/samir/Documents/learning/ros2_ws/install/examples_rclpy_executors:/opt/ros/humble /home/samir/.local/bin/cmake --build /home/samir/Documents/learning/ros2_ws/src/my_package/build/my_package -- -j16 -l16
[0.911s] [ 50%] [32mBuilding CXX object CMakeFiles/my_node.dir/src/my_node.cpp.o[0m
[0.928s] [100%] [32m[1mLinking CXX executable my_node[0m
[0.954s] [100%] Built target my_node
[0.960s] Invoked command in '/home/samir/Documents/learning/ros2_ws/src/my_package/build/my_package' returned '0': CMAKE_PREFIX_PATH=${CMAKE_PREFIX_PATH}:/home/samir/Documents/learning/ros2_ws/install/launch_testing_examples:/home/samir/Documents/learning/ros2_ws/install/examples_rclpy_pointcloud_publisher:/home/samir/Documents/learning/ros2_ws/install/examples_rclpy_minimal_subscriber:/home/samir/Documents/learning/ros2_ws/install/examples_rclpy_minimal_service:/home/samir/Documents/learning/ros2_ws/install/examples_rclpy_minimal_publisher:/home/samir/Documents/learning/ros2_ws/install/examples_rclpy_minimal_client:/home/samir/Documents/learning/ros2_ws/install/examples_rclpy_minimal_action_server:/home/samir/Documents/learning/ros2_ws/install/examples_rclpy_minimal_action_client:/home/samir/Documents/learning/ros2_ws/install/examples_rclpy_guard_conditions:/home/samir/Documents/learning/ros2_ws/install/examples_rclpy_executors:/opt/ros/humble /home/samir/.local/bin/cmake --build /home/samir/Documents/learning/ros2_ws/src/my_package/build/my_package -- -j16 -l16
[1.018s] Invoking command in '/home/samir/Documents/learning/ros2_ws/src/my_package/build/my_package': CMAKE_PREFIX_PATH=${CMAKE_PREFIX_PATH}:/home/samir/Documents/learning/ros2_ws/install/launch_testing_examples:/home/samir/Documents/learning/ros2_ws/install/examples_rclpy_pointcloud_publisher:/home/samir/Documents/learning/ros2_ws/install/examples_rclpy_minimal_subscriber:/home/samir/Documents/learning/ros2_ws/install/examples_rclpy_minimal_service:/home/samir/Documents/learning/ros2_ws/install/examples_rclpy_minimal_publisher:/home/samir/Documents/learning/ros2_ws/install/examples_rclpy_minimal_client:/home/samir/Documents/learning/ros2_ws/install/examples_rclpy_minimal_action_server:/home/samir/Documents/learning/ros2_ws/install/examples_rclpy_minimal_action_client:/home/samir/Documents/learning/ros2_ws/install/examples_rclpy_guard_conditions:/home/samir/Documents/learning/ros2_ws/install/examples_rclpy_executors:/opt/ros/humble /home/samir/.local/bin/cmake --install /home/samir/Documents/learning/ros2_ws/src/my_package/build/my_package
[1.038s] -- Install configuration: ""
[1.038s] -- Installing: /home/samir/Documents/learning/ros2_ws/src/my_package/install/my_package/lib/my_package/my_node
[1.038s] -- Installing: /home/samir/Documents/learning/ros2_ws/src/my_package/install/my_package/share/ament_index/resource_index/package_run_dependencies/my_package
[1.039s] -- Installing: /home/samir/Documents/learning/ros2_ws/src/my_package/install/my_package/share/ament_index/resource_index/parent_prefix_path/my_package
[1.039s] -- Installing: /home/samir/Documents/learning/ros2_ws/src/my_package/install/my_package/share/my_package/environment/ament_prefix_path.sh
[1.039s] -- Installing: /home/samir/Documents/learning/ros2_ws/src/my_package/install/my_package/share/my_package/environment/ament_prefix_path.dsv
[1.039s] -- Installing: /home/samir/Documents/learning/ros2_ws/src/my_package/install/my_package/share/my_package/environment/path.sh
[1.039s] -- Installing: /home/samir/Documents/learning/ros2_ws/src/my_package/install/my_package/share/my_package/environment/path.dsv
[1.039s] -- Installing: /home/samir/Documents/learning/ros2_ws/src/my_package/install/my_package/share/my_package/local_setup.bash
[1.039s] -- Installing: /home/samir/Documents/learning/ros2_ws/src/my_package/install/my_package/share/my_package/local_setup.sh
[1.039s] -- Installing: /home/samir/Documents/learning/ros2_ws/src/my_package/install/my_package/share/my_package/local_setup.zsh
[1.039s] -- Installing: /home/samir/Documents/learning/ros2_ws/src/my_package/install/my_package/share/my_package/local_setup.dsv
[1.039s] -- Installing: /home/samir/Documents/learning/ros2_ws/src/my_package/install/my_package/share/my_package/package.dsv
[1.040s] -- Installing: /home/samir/Documents/learning/ros2_ws/src/my_package/install/my_package/share/ament_index/resource_index/packages/my_package
[1.040s] -- Installing: /home/samir/Documents/learning/ros2_ws/src/my_package/install/my_package/share/my_package/cmake/my_packageConfig.cmake
[1.040s] -- Installing: /home/samir/Documents/learning/ros2_ws/src/my_package/install/my_package/share/my_package/cmake/my_packageConfig-version.cmake
[1.040s] -- Installing: /home/samir/Documents/learning/ros2_ws/src/my_package/install/my_package/share/my_package/package.xml
[1.043s] Invoked command in '/home/samir/Documents/learning/ros2_ws/src/my_package/build/my_package' returned '0': CMAKE_PREFIX_PATH=${CMAKE_PREFIX_PATH}:/home/samir/Documents/learning/ros2_ws/install/launch_testing_examples:/home/samir/Documents/learning/ros2_ws/install/examples_rclpy_pointcloud_publisher:/home/samir/Documents/learning/ros2_ws/install/examples_rclpy_minimal_subscriber:/home/samir/Documents/learning/ros2_ws/install/examples_rclpy_minimal_service:/home/samir/Documents/learning/ros2_ws/install/examples_rclpy_minimal_publisher:/home/samir/Documents/learning/ros2_ws/install/examples_rclpy_minimal_client:/home/samir/Documents/learning/ros2_ws/install/examples_rclpy_minimal_action_server:/home/samir/Documents/learning/ros2_ws/install/examples_rclpy_minimal_action_client:/home/samir/Documents/learning/ros2_ws/install/examples_rclpy_guard_conditions:/home/samir/Documents/learning/ros2_ws/install/examples_rclpy_executors:/opt/ros/humble /home/samir/.local/bin/cmake --install /home/samir/Documents/learning/ros2_ws/src/my_package/build/my_package
