[2.519s] Invoking command in '/home/samir/Documents/learning/ros2_ws/src/examples/rclpy/services/minimal_client': PYTHONPATH=/home/samir/Documents/learning/ros2_ws/build/examples_rclpy_minimal_client/prefix_override:/home/samir/Documents/learning/ros2_ws/install/examples_rclpy_minimal_client/lib/python3.10/site-packages:${PYTHONPATH} /usr/bin/python3 setup.py egg_info --egg-base ../../../../../build/examples_rclpy_minimal_client build --build-base /home/samir/Documents/learning/ros2_ws/build/examples_rclpy_minimal_client/build install --record /home/samir/Documents/learning/ros2_ws/build/examples_rclpy_minimal_client/install.log --single-version-externally-managed
[2.706s] running egg_info
[2.707s] writing ../../../../../build/examples_rclpy_minimal_client/examples_rclpy_minimal_client.egg-info/PKG-INFO
[2.707s] writing dependency_links to ../../../../../build/examples_rclpy_minimal_client/examples_rclpy_minimal_client.egg-info/dependency_links.txt
[2.708s] writing entry points to ../../../../../build/examples_rclpy_minimal_client/examples_rclpy_minimal_client.egg-info/entry_points.txt
[2.708s] writing requirements to ../../../../../build/examples_rclpy_minimal_client/examples_rclpy_minimal_client.egg-info/requires.txt
[2.708s] writing top-level names to ../../../../../build/examples_rclpy_minimal_client/examples_rclpy_minimal_client.egg-info/top_level.txt
[2.711s] reading manifest file '../../../../../build/examples_rclpy_minimal_client/examples_rclpy_minimal_client.egg-info/SOURCES.txt'
[2.716s] writing manifest file '../../../../../build/examples_rclpy_minimal_client/examples_rclpy_minimal_client.egg-info/SOURCES.txt'
[2.718s] running build
[2.718s] running build_py
[2.720s] running install
[2.721s] /usr/lib/python3/dist-packages/setuptools/command/install.py:34: SetuptoolsDeprecationWarning: setup.py install is deprecated. Use build and pip and other standards-based tools.
[2.721s]   warnings.warn(
[2.721s] running install_lib
[2.726s] running install_data
[2.728s] running install_egg_info
[2.732s] removing '/home/samir/Documents/learning/ros2_ws/install/examples_rclpy_minimal_client/lib/python3.10/site-packages/examples_rclpy_minimal_client-0.15.1-py3.10.egg-info' (and everything under it)
[2.732s] Copying ../../../../../build/examples_rclpy_minimal_client/examples_rclpy_minimal_client.egg-info to /home/samir/Documents/learning/ros2_ws/install/examples_rclpy_minimal_client/lib/python3.10/site-packages/examples_rclpy_minimal_client-0.15.1-py3.10.egg-info
[2.734s] running install_scripts
[2.743s] Installing client script to /home/samir/Documents/learning/ros2_ws/install/examples_rclpy_minimal_client/lib/examples_rclpy_minimal_client
[2.743s] Installing client_async script to /home/samir/Documents/learning/ros2_ws/install/examples_rclpy_minimal_client/lib/examples_rclpy_minimal_client
[2.743s] Installing client_async_callback script to /home/samir/Documents/learning/ros2_ws/install/examples_rclpy_minimal_client/lib/examples_rclpy_minimal_client
[2.743s] Installing client_async_member_function script to /home/samir/Documents/learning/ros2_ws/install/examples_rclpy_minimal_client/lib/examples_rclpy_minimal_client
[2.743s] writing list of installed files to '/home/samir/Documents/learning/ros2_ws/build/examples_rclpy_minimal_client/install.log'
[2.996s] Invoked command in '/home/samir/Documents/learning/ros2_ws/src/examples/rclpy/services/minimal_client' returned '0': PYTHONPATH=/home/samir/Documents/learning/ros2_ws/build/examples_rclpy_minimal_client/prefix_override:/home/samir/Documents/learning/ros2_ws/install/examples_rclpy_minimal_client/lib/python3.10/site-packages:${PYTHONPATH} /usr/bin/python3 setup.py egg_info --egg-base ../../../../../build/examples_rclpy_minimal_client build --build-base /home/samir/Documents/learning/ros2_ws/build/examples_rclpy_minimal_client/build install --record /home/samir/Documents/learning/ros2_ws/build/examples_rclpy_minimal_client/install.log --single-version-externally-managed
