[2.560s] Invoking command in '/home/samir/Documents/learning/ros2_ws/src/examples/rclpy/topics/pointcloud_publisher': PYTHONPATH=/home/samir/Documents/learning/ros2_ws/build/examples_rclpy_pointcloud_publisher/prefix_override:/home/samir/Documents/learning/ros2_ws/install/examples_rclpy_pointcloud_publisher/lib/python3.10/site-packages:${PYTHONPATH} /usr/bin/python3 setup.py egg_info --egg-base ../../../../../build/examples_rclpy_pointcloud_publisher build --build-base /home/samir/Documents/learning/ros2_ws/build/examples_rclpy_pointcloud_publisher/build install --record /home/samir/Documents/learning/ros2_ws/build/examples_rclpy_pointcloud_publisher/install.log --single-version-externally-managed
[2.781s] running egg_info
[2.781s] writing ../../../../../build/examples_rclpy_pointcloud_publisher/examples_rclpy_pointcloud_publisher.egg-info/PKG-INFO
[2.781s] writing dependency_links to ../../../../../build/examples_rclpy_pointcloud_publisher/examples_rclpy_pointcloud_publisher.egg-info/dependency_links.txt
[2.781s] writing entry points to ../../../../../build/examples_rclpy_pointcloud_publisher/examples_rclpy_pointcloud_publisher.egg-info/entry_points.txt
[2.782s] writing requirements to ../../../../../build/examples_rclpy_pointcloud_publisher/examples_rclpy_pointcloud_publisher.egg-info/requires.txt
[2.782s] writing top-level names to ../../../../../build/examples_rclpy_pointcloud_publisher/examples_rclpy_pointcloud_publisher.egg-info/top_level.txt
[2.784s] reading manifest file '../../../../../build/examples_rclpy_pointcloud_publisher/examples_rclpy_pointcloud_publisher.egg-info/SOURCES.txt'
[2.785s] writing manifest file '../../../../../build/examples_rclpy_pointcloud_publisher/examples_rclpy_pointcloud_publisher.egg-info/SOURCES.txt'
[2.785s] running build
[2.786s] running build_py
[2.786s] running install
[2.786s] /usr/lib/python3/dist-packages/setuptools/command/install.py:34: SetuptoolsDeprecationWarning: setup.py install is deprecated. Use build and pip and other standards-based tools.
[2.786s]   warnings.warn(
[2.787s] running install_lib
[2.787s] running install_data
[2.787s] running install_egg_info
[2.789s] removing '/home/samir/Documents/learning/ros2_ws/install/examples_rclpy_pointcloud_publisher/lib/python3.10/site-packages/examples_rclpy_pointcloud_publisher-0.15.1-py3.10.egg-info' (and everything under it)
[2.789s] Copying ../../../../../build/examples_rclpy_pointcloud_publisher/examples_rclpy_pointcloud_publisher.egg-info to /home/samir/Documents/learning/ros2_ws/install/examples_rclpy_pointcloud_publisher/lib/python3.10/site-packages/examples_rclpy_pointcloud_publisher-0.15.1-py3.10.egg-info
[2.789s] running install_scripts
[2.806s] Installing pointcloud_publisher script to /home/samir/Documents/learning/ros2_ws/install/examples_rclpy_pointcloud_publisher/lib/examples_rclpy_pointcloud_publisher
[2.806s] writing list of installed files to '/home/samir/Documents/learning/ros2_ws/build/examples_rclpy_pointcloud_publisher/install.log'
[2.963s] Invoked command in '/home/samir/Documents/learning/ros2_ws/src/examples/rclpy/topics/pointcloud_publisher' returned '0': PYTHONPATH=/home/samir/Documents/learning/ros2_ws/build/examples_rclpy_pointcloud_publisher/prefix_override:/home/samir/Documents/learning/ros2_ws/install/examples_rclpy_pointcloud_publisher/lib/python3.10/site-packages:${PYTHONPATH} /usr/bin/python3 setup.py egg_info --egg-base ../../../../../build/examples_rclpy_pointcloud_publisher build --build-base /home/samir/Documents/learning/ros2_ws/build/examples_rclpy_pointcloud_publisher/build install --record /home/samir/Documents/learning/ros2_ws/build/examples_rclpy_pointcloud_publisher/install.log --single-version-externally-managed
