[1.909s] Invoking command in '/home/samir/Documents/learning/ros2_ws/build/examples_rclpy_minimal_action_server': PYTHONPATH=/home/samir/Documents/learning/ros2_ws/build/examples_rclpy_minimal_action_server/prefix_override:/home/samir/Documents/learning/ros2_ws/install/examples_rclpy_minimal_action_server/lib/python3.10/site-packages:${PYTHONPATH} /usr/bin/python3 setup.py develop --editable --build-directory /home/samir/Documents/learning/ros2_ws/build/examples_rclpy_minimal_action_server/build --no-deps install_data
[2.276s] running develop
[2.276s] /usr/lib/python3/dist-packages/setuptools/command/easy_install.py:158: EasyInstallDeprecationWarning: easy_install command is deprecated. Use build and pip and other standards-based tools.
[2.276s]   warnings.warn(
[2.276s] /usr/lib/python3/dist-packages/setuptools/command/install.py:34: SetuptoolsDeprecationWarning: setup.py install is deprecated. Use build and pip and other standards-based tools.
[2.276s]   warnings.warn(
[2.408s] running egg_info
[2.408s] creating examples_rclpy_minimal_action_server.egg-info
[2.409s] writing examples_rclpy_minimal_action_server.egg-info/PKG-INFO
[2.409s] writing dependency_links to examples_rclpy_minimal_action_server.egg-info/dependency_links.txt
[2.409s] writing entry points to examples_rclpy_minimal_action_server.egg-info/entry_points.txt
[2.409s] writing requirements to examples_rclpy_minimal_action_server.egg-info/requires.txt
[2.409s] writing top-level names to examples_rclpy_minimal_action_server.egg-info/top_level.txt
[2.409s] writing manifest file 'examples_rclpy_minimal_action_server.egg-info/SOURCES.txt'
[2.413s] reading manifest file 'examples_rclpy_minimal_action_server.egg-info/SOURCES.txt'
[2.414s] writing manifest file 'examples_rclpy_minimal_action_server.egg-info/SOURCES.txt'
[2.415s] running build_ext
[2.415s] Creating /home/samir/Documents/learning/ros2_ws/install/examples_rclpy_minimal_action_server/lib/python3.10/site-packages/examples-rclpy-minimal-action-server.egg-link (link to .)
[2.416s] Installing server script to /home/samir/Documents/learning/ros2_ws/install/examples_rclpy_minimal_action_server/lib/examples_rclpy_minimal_action_server
[2.416s] Installing server_defer script to /home/samir/Documents/learning/ros2_ws/install/examples_rclpy_minimal_action_server/lib/examples_rclpy_minimal_action_server
[2.417s] Installing server_not_composable script to /home/samir/Documents/learning/ros2_ws/install/examples_rclpy_minimal_action_server/lib/examples_rclpy_minimal_action_server
[2.417s] Installing server_queue_goals script to /home/samir/Documents/learning/ros2_ws/install/examples_rclpy_minimal_action_server/lib/examples_rclpy_minimal_action_server
[2.417s] Installing server_single_goal script to /home/samir/Documents/learning/ros2_ws/install/examples_rclpy_minimal_action_server/lib/examples_rclpy_minimal_action_server
[2.417s] 
[2.417s] Installed /home/samir/Documents/learning/ros2_ws/build/examples_rclpy_minimal_action_server
[2.417s] running install_data
[2.417s] creating /home/samir/Documents/learning/ros2_ws/install/examples_rclpy_minimal_action_server/share/ament_index
[2.417s] creating /home/samir/Documents/learning/ros2_ws/install/examples_rclpy_minimal_action_server/share/ament_index/resource_index
[2.417s] creating /home/samir/Documents/learning/ros2_ws/install/examples_rclpy_minimal_action_server/share/ament_index/resource_index/packages
[2.418s] copying resource/examples_rclpy_minimal_action_server -> /home/samir/Documents/learning/ros2_ws/install/examples_rclpy_minimal_action_server/share/ament_index/resource_index/packages
[2.418s] copying package.xml -> /home/samir/Documents/learning/ros2_ws/install/examples_rclpy_minimal_action_server/share/examples_rclpy_minimal_action_server
[2.501s] Invoked command in '/home/samir/Documents/learning/ros2_ws/build/examples_rclpy_minimal_action_server' returned '0': PYTHONPATH=/home/samir/Documents/learning/ros2_ws/build/examples_rclpy_minimal_action_server/prefix_override:/home/samir/Documents/learning/ros2_ws/install/examples_rclpy_minimal_action_server/lib/python3.10/site-packages:${PYTHONPATH} /usr/bin/python3 setup.py develop --editable --build-directory /home/samir/Documents/learning/ros2_ws/build/examples_rclpy_minimal_action_server/build --no-deps install_data
