[1.682s] Invoking command in '/home/samir/Documents/learning/ros2_ws/src/examples/rclpy/executors': PYTHONPATH=/home/samir/Documents/learning/ros2_ws/build/examples_rclpy_executors/prefix_override:/home/samir/Documents/learning/ros2_ws/install/examples_rclpy_executors/lib/python3.10/site-packages:${PYTHONPATH} /usr/bin/python3 setup.py egg_info --egg-base ../../../../build/examples_rclpy_executors build --build-base /home/samir/Documents/learning/ros2_ws/build/examples_rclpy_executors/build install --record /home/samir/Documents/learning/ros2_ws/build/examples_rclpy_executors/install.log --single-version-externally-managed
[1.873s] running egg_info
[1.874s] writing ../../../../build/examples_rclpy_executors/examples_rclpy_executors.egg-info/PKG-INFO
[1.874s] writing dependency_links to ../../../../build/examples_rclpy_executors/examples_rclpy_executors.egg-info/dependency_links.txt
[1.875s] writing entry points to ../../../../build/examples_rclpy_executors/examples_rclpy_executors.egg-info/entry_points.txt
[1.875s] writing requirements to ../../../../build/examples_rclpy_executors/examples_rclpy_executors.egg-info/requires.txt
[1.876s] writing top-level names to ../../../../build/examples_rclpy_executors/examples_rclpy_executors.egg-info/top_level.txt
[1.877s] reading manifest file '../../../../build/examples_rclpy_executors/examples_rclpy_executors.egg-info/SOURCES.txt'
[1.878s] writing manifest file '../../../../build/examples_rclpy_executors/examples_rclpy_executors.egg-info/SOURCES.txt'
[1.878s] running build
[1.878s] running build_py
[1.878s] running install
[1.878s] /usr/lib/python3/dist-packages/setuptools/command/install.py:34: SetuptoolsDeprecationWarning: setup.py install is deprecated. Use build and pip and other standards-based tools.
[1.879s]   warnings.warn(
[1.879s] running install_lib
[1.879s] running install_data
[1.880s] running install_egg_info
[1.881s] removing '/home/samir/Documents/learning/ros2_ws/install/examples_rclpy_executors/lib/python3.10/site-packages/examples_rclpy_executors-0.15.1-py3.10.egg-info' (and everything under it)
[1.881s] Copying ../../../../build/examples_rclpy_executors/examples_rclpy_executors.egg-info to /home/samir/Documents/learning/ros2_ws/install/examples_rclpy_executors/lib/python3.10/site-packages/examples_rclpy_executors-0.15.1-py3.10.egg-info
[1.882s] running install_scripts
[1.897s] Installing callback_group script to /home/samir/Documents/learning/ros2_ws/install/examples_rclpy_executors/lib/examples_rclpy_executors
[1.897s] Installing composed script to /home/samir/Documents/learning/ros2_ws/install/examples_rclpy_executors/lib/examples_rclpy_executors
[1.897s] Installing custom_callback_group script to /home/samir/Documents/learning/ros2_ws/install/examples_rclpy_executors/lib/examples_rclpy_executors
[1.898s] Installing custom_executor script to /home/samir/Documents/learning/ros2_ws/install/examples_rclpy_executors/lib/examples_rclpy_executors
[1.898s] Installing listener script to /home/samir/Documents/learning/ros2_ws/install/examples_rclpy_executors/lib/examples_rclpy_executors
[1.898s] Installing talker script to /home/samir/Documents/learning/ros2_ws/install/examples_rclpy_executors/lib/examples_rclpy_executors
[1.898s] writing list of installed files to '/home/samir/Documents/learning/ros2_ws/build/examples_rclpy_executors/install.log'
[2.869s] Invoked command in '/home/samir/Documents/learning/ros2_ws/src/examples/rclpy/executors' returned '0': PYTHONPATH=/home/samir/Documents/learning/ros2_ws/build/examples_rclpy_executors/prefix_override:/home/samir/Documents/learning/ros2_ws/install/examples_rclpy_executors/lib/python3.10/site-packages:${PYTHONPATH} /usr/bin/python3 setup.py egg_info --egg-base ../../../../build/examples_rclpy_executors build --build-base /home/samir/Documents/learning/ros2_ws/build/examples_rclpy_executors/build install --record /home/samir/Documents/learning/ros2_ws/build/examples_rclpy_executors/install.log --single-version-externally-managed
