[7.607s] Invoking command in '/home/samir/Documents/learning/ros2_ws/build/examples_rclpy_minimal_publisher': PYTHONPATH=/home/samir/Documents/learning/ros2_ws/build/examples_rclpy_minimal_publisher/prefix_override:/home/samir/Documents/learning/ros2_ws/install/examples_rclpy_minimal_publisher/lib/python3.10/site-packages:${PYTHONPATH} /usr/bin/python3 setup.py develop --editable --build-directory /home/samir/Documents/learning/ros2_ws/build/examples_rclpy_minimal_publisher/build --no-deps install_data
[13.892s] running develop
[13.892s] running egg_info
[13.892s] creating examples_rclpy_minimal_publisher.egg-info
[13.892s] writing examples_rclpy_minimal_publisher.egg-info/PKG-INFO
[13.892s] writing dependency_links to examples_rclpy_minimal_publisher.egg-info/dependency_links.txt
[13.892s] writing entry points to examples_rclpy_minimal_publisher.egg-info/entry_points.txt
[13.892s] writing requirements to examples_rclpy_minimal_publisher.egg-info/requires.txt
[13.892s] writing top-level names to examples_rclpy_minimal_publisher.egg-info/top_level.txt
[13.892s] writing manifest file 'examples_rclpy_minimal_publisher.egg-info/SOURCES.txt'
[13.892s] reading manifest file 'examples_rclpy_minimal_publisher.egg-info/SOURCES.txt'
[13.892s] writing manifest file 'examples_rclpy_minimal_publisher.egg-info/SOURCES.txt'
[13.892s] running build_ext
[13.892s] Creating /home/samir/Documents/learning/ros2_ws/install/examples_rclpy_minimal_publisher/lib/python3.10/site-packages/examples-rclpy-minimal-publisher.egg-link (link to .)
[13.893s] Installing publisher_local_function script to /home/samir/Documents/learning/ros2_ws/install/examples_rclpy_minimal_publisher/lib/examples_rclpy_minimal_publisher
[13.893s] Installing publisher_member_function script to /home/samir/Documents/learning/ros2_ws/install/examples_rclpy_minimal_publisher/lib/examples_rclpy_minimal_publisher
[13.893s] Installing publisher_old_school script to /home/samir/Documents/learning/ros2_ws/install/examples_rclpy_minimal_publisher/lib/examples_rclpy_minimal_publisher
[13.893s] 
[13.893s] Installed /home/samir/Documents/learning/ros2_ws/build/examples_rclpy_minimal_publisher
[13.893s] running install_data
[13.893s] creating /home/samir/Documents/learning/ros2_ws/install/examples_rclpy_minimal_publisher/share/ament_index
[13.893s] creating /home/samir/Documents/learning/ros2_ws/install/examples_rclpy_minimal_publisher/share/ament_index/resource_index
[13.893s] creating /home/samir/Documents/learning/ros2_ws/install/examples_rclpy_minimal_publisher/share/ament_index/resource_index/packages
[13.893s] copying resource/examples_rclpy_minimal_publisher -> /home/samir/Documents/learning/ros2_ws/install/examples_rclpy_minimal_publisher/share/ament_index/resource_index/packages
[13.893s] copying package.xml -> /home/samir/Documents/learning/ros2_ws/install/examples_rclpy_minimal_publisher/share/examples_rclpy_minimal_publisher
[13.893s] /usr/lib/python3/dist-packages/setuptools/command/easy_install.py:158: EasyInstallDeprecationWarning: easy_install command is deprecated. Use build and pip and other standards-based tools.
[13.893s]   warnings.warn(
[13.893s] /usr/lib/python3/dist-packages/setuptools/command/install.py:34: SetuptoolsDeprecationWarning: setup.py install is deprecated. Use build and pip and other standards-based tools.
[13.894s]   warnings.warn(
[14.024s] Invoked command in '/home/samir/Documents/learning/ros2_ws/build/examples_rclpy_minimal_publisher' returned '0': PYTHONPATH=/home/samir/Documents/learning/ros2_ws/build/examples_rclpy_minimal_publisher/prefix_override:/home/samir/Documents/learning/ros2_ws/install/examples_rclpy_minimal_publisher/lib/python3.10/site-packages:${PYTHONPATH} /usr/bin/python3 setup.py develop --editable --build-directory /home/samir/Documents/learning/ros2_ws/build/examples_rclpy_minimal_publisher/build --no-deps install_data
