[3.899s] Invoking command in '/home/samir/Documents/learning/ros2_ws/build/examples_rclpy_pointcloud_publisher': PYTHONPATH=/home/samir/Documents/learning/ros2_ws/build/examples_rclpy_pointcloud_publisher/prefix_override:/home/samir/Documents/learning/ros2_ws/install/examples_rclpy_pointcloud_publisher/lib/python3.10/site-packages:${PYTHONPATH} /usr/bin/python3 setup.py develop --editable --build-directory /home/samir/Documents/learning/ros2_ws/build/examples_rclpy_pointcloud_publisher/build --no-deps install_data
[4.583s] running develop
[4.584s] /usr/lib/python3/dist-packages/setuptools/command/easy_install.py:158: EasyInstallDeprecationWarning: easy_install command is deprecated. Use build and pip and other standards-based tools.
[4.584s]   warnings.warn(
[4.587s] /usr/lib/python3/dist-packages/setuptools/command/install.py:34: SetuptoolsDeprecationWarning: setup.py install is deprecated. Use build and pip and other standards-based tools.
[4.587s]   warnings.warn(
[5.087s] running egg_info
[5.087s] creating examples_rclpy_pointcloud_publisher.egg-info
[5.088s] writing examples_rclpy_pointcloud_publisher.egg-info/PKG-INFO
[5.088s] writing dependency_links to examples_rclpy_pointcloud_publisher.egg-info/dependency_links.txt
[5.090s] writing entry points to examples_rclpy_pointcloud_publisher.egg-info/entry_points.txt
[5.090s] writing requirements to examples_rclpy_pointcloud_publisher.egg-info/requires.txt
[5.090s] writing top-level names to examples_rclpy_pointcloud_publisher.egg-info/top_level.txt
[5.090s] writing manifest file 'examples_rclpy_pointcloud_publisher.egg-info/SOURCES.txt'
[5.093s] reading manifest file 'examples_rclpy_pointcloud_publisher.egg-info/SOURCES.txt'
[5.099s] writing manifest file 'examples_rclpy_pointcloud_publisher.egg-info/SOURCES.txt'
[5.102s] running build_ext
[5.102s] Creating /home/samir/Documents/learning/ros2_ws/install/examples_rclpy_pointcloud_publisher/lib/python3.10/site-packages/examples-rclpy-pointcloud-publisher.egg-link (link to .)
[5.107s] Installing pointcloud_publisher script to /home/samir/Documents/learning/ros2_ws/install/examples_rclpy_pointcloud_publisher/lib/examples_rclpy_pointcloud_publisher
[5.108s] 
[5.108s] Installed /home/samir/Documents/learning/ros2_ws/build/examples_rclpy_pointcloud_publisher
[5.108s] running install_data
[5.108s] creating /home/samir/Documents/learning/ros2_ws/install/examples_rclpy_pointcloud_publisher/share/ament_index
[5.108s] creating /home/samir/Documents/learning/ros2_ws/install/examples_rclpy_pointcloud_publisher/share/ament_index/resource_index
[5.108s] creating /home/samir/Documents/learning/ros2_ws/install/examples_rclpy_pointcloud_publisher/share/ament_index/resource_index/packages
[5.108s] copying resource/examples_rclpy_pointcloud_publisher -> /home/samir/Documents/learning/ros2_ws/install/examples_rclpy_pointcloud_publisher/share/ament_index/resource_index/packages
[5.108s] copying package.xml -> /home/samir/Documents/learning/ros2_ws/install/examples_rclpy_pointcloud_publisher/share/examples_rclpy_pointcloud_publisher
[5.375s] Invoked command in '/home/samir/Documents/learning/ros2_ws/build/examples_rclpy_pointcloud_publisher' returned '0': PYTHONPATH=/home/samir/Documents/learning/ros2_ws/build/examples_rclpy_pointcloud_publisher/prefix_override:/home/samir/Documents/learning/ros2_ws/install/examples_rclpy_pointcloud_publisher/lib/python3.10/site-packages:${PYTHONPATH} /usr/bin/python3 setup.py develop --editable --build-directory /home/samir/Documents/learning/ros2_ws/build/examples_rclpy_pointcloud_publisher/build --no-deps install_data
