[2.778s] Invoking command in '/home/samir/Documents/learning/ros2_ws/src/examples/rclpy/services/minimal_client': PYTHONPATH=/home/samir/Documents/learning/ros2_ws/build/examples_rclpy_minimal_client/prefix_override:/home/samir/Documents/learning/ros2_ws/install/examples_rclpy_minimal_client/lib/python3.10/site-packages:${PYTHONPATH} /usr/bin/python3 setup.py egg_info --egg-base ../../../../../build/examples_rclpy_minimal_client build --build-base /home/samir/Documents/learning/ros2_ws/build/examples_rclpy_minimal_client/build install --record /home/samir/Documents/learning/ros2_ws/build/examples_rclpy_minimal_client/install.log --single-version-externally-managed
[3.050s] running egg_info
[3.051s] writing ../../../../../build/examples_rclpy_minimal_client/examples_rclpy_minimal_client.egg-info/PKG-INFO
[3.051s] writing dependency_links to ../../../../../build/examples_rclpy_minimal_client/examples_rclpy_minimal_client.egg-info/dependency_links.txt
[3.051s] writing entry points to ../../../../../build/examples_rclpy_minimal_client/examples_rclpy_minimal_client.egg-info/entry_points.txt
[3.051s] writing requirements to ../../../../../build/examples_rclpy_minimal_client/examples_rclpy_minimal_client.egg-info/requires.txt
[3.051s] writing top-level names to ../../../../../build/examples_rclpy_minimal_client/examples_rclpy_minimal_client.egg-info/top_level.txt
[3.052s] reading manifest file '../../../../../build/examples_rclpy_minimal_client/examples_rclpy_minimal_client.egg-info/SOURCES.txt'
[3.085s] /usr/lib/python3/dist-packages/setuptools/command/install.py:34: SetuptoolsDeprecationWarning: setup.py install is deprecated. Use build and pip and other standards-based tools.
[3.085s]   warnings.warn(
[3.085s] writing manifest file '../../../../../build/examples_rclpy_minimal_client/examples_rclpy_minimal_client.egg-info/SOURCES.txt'
[3.085s] running build
[3.086s] running build_py
[3.086s] running install
[3.086s] running install_lib
[3.089s] running install_data
[3.094s] running install_egg_info
[3.094s] removing '/home/samir/Documents/learning/ros2_ws/install/examples_rclpy_minimal_client/lib/python3.10/site-packages/examples_rclpy_minimal_client-0.15.1-py3.10.egg-info' (and everything under it)
[3.095s] Copying ../../../../../build/examples_rclpy_minimal_client/examples_rclpy_minimal_client.egg-info to /home/samir/Documents/learning/ros2_ws/install/examples_rclpy_minimal_client/lib/python3.10/site-packages/examples_rclpy_minimal_client-0.15.1-py3.10.egg-info
[3.095s] running install_scripts
[3.095s] Installing client script to /home/samir/Documents/learning/ros2_ws/install/examples_rclpy_minimal_client/lib/examples_rclpy_minimal_client
[3.095s] Installing client_async script to /home/samir/Documents/learning/ros2_ws/install/examples_rclpy_minimal_client/lib/examples_rclpy_minimal_client
[3.095s] Installing client_async_callback script to /home/samir/Documents/learning/ros2_ws/install/examples_rclpy_minimal_client/lib/examples_rclpy_minimal_client
[3.095s] Installing client_async_member_function script to /home/samir/Documents/learning/ros2_ws/install/examples_rclpy_minimal_client/lib/examples_rclpy_minimal_client
[3.097s] writing list of installed files to '/home/samir/Documents/learning/ros2_ws/build/examples_rclpy_minimal_client/install.log'
[3.372s] Invoked command in '/home/samir/Documents/learning/ros2_ws/src/examples/rclpy/services/minimal_client' returned '0': PYTHONPATH=/home/samir/Documents/learning/ros2_ws/build/examples_rclpy_minimal_client/prefix_override:/home/samir/Documents/learning/ros2_ws/install/examples_rclpy_minimal_client/lib/python3.10/site-packages:${PYTHONPATH} /usr/bin/python3 setup.py egg_info --egg-base ../../../../../build/examples_rclpy_minimal_client build --build-base /home/samir/Documents/learning/ros2_ws/build/examples_rclpy_minimal_client/build install --record /home/samir/Documents/learning/ros2_ws/build/examples_rclpy_minimal_client/install.log --single-version-externally-managed
